** Event #0   t=0   Elapsed: 1e-06s (0m 00s)
     Speed:     ev/sec=0   simsec/sec=0   ev/simsec=0
     Messages:  created: 9   present: 9   in FES: 3
** Event #11976960   t=4021.633765597126   Elapsed: 2.00001s (0m 02s)
     Speed:     ev/sec=5.98846e+06   simsec/sec=2010.81   ev/simsec=2978.13
     Messages:  created: 5746900   present: 10   in FES: 2
** Event #23805952   t=7994.731989749369   Elapsed: 4.00003s (0m 04s)
     Speed:     ev/sec=5.91442e+06   simsec/sec=1986.52   ev/simsec=2977.27
     Messages:  created: 11423081   present: 9   in FES: 2
** Event #35699200   t=11986.297977980146   Elapsed: 6.00005s (0m 06s)
     Speed:     ev/sec=5.94657e+06   simsec/sec=1995.76   ev/simsec=2979.59
     Messages:  created: 17130823   present: 10   in FES: 2
** Event #47586816   t=15966.821873260793   Elapsed: 8.00008s (0m 08s)
     Speed:     ev/sec=5.94372e+06   simsec/sec=1990.23   ev/simsec=2986.45
     Messages:  created: 22836671   present: 10   in FES: 2
** Event #59519232   t=19976.53058792474   Elapsed: 10.0001s (0m 10s)
     Speed:     ev/sec=5.96621e+06   simsec/sec=2004.85   ev/simsec=2975.88
     Messages:  created: 28562532   present: 10   in FES: 2
** Event #71430400   t=23974.210098459461   Elapsed: 12.0001s (0m 12s)
     Speed:     ev/sec=5.95547e+06   simsec/sec=1998.8   ev/simsec=2979.52
     Messages:  created: 34278477   present: 9   in FES: 2
** Event #83389184   t=27997.771072259672   Elapsed: 14.0002s (0m 14s)
     Speed:     ev/sec=5.97928e+06   simsec/sec=2011.74   ev/simsec=2972.19
     Messages:  created: 40016557   present: 9   in FES: 2
** Event #95422976   t=32044.134523331959   Elapsed: 16.0002s (0m 16s)
     Speed:     ev/sec=6.01687e+06   simsec/sec=2023.17   ev/simsec=2973.98
     Messages:  created: 45789733   present: 9   in FES: 2
** Event #107429888   t=36076.92151992963   Elapsed: 18.0002s (0m 18s)
     Speed:     ev/sec=6.00341e+06   simsec/sec=2016.38   ev/simsec=2977.32
     Messages:  created: 51550148   present: 10   in FES: 2
** Event #119455744   t=40114.786664172451   Elapsed: 20.0002s (0m 20s)
     Speed:     ev/sec=6.01285e+06   simsec/sec=2018.91   ev/simsec=2978.27
     Messages:  created: 57321001   present: 9   in FES: 2
** Event #131533824   t=44160.398692172019   Elapsed: 22.0002s (0m 22s)
     Speed:     ev/sec=6.03892e+06   simsec/sec=2022.76   ev/simsec=2985.48
     Messages:  created: 63117525   present: 9   in FES: 2
** Event #143646976   t=48236.092668799177   Elapsed: 24.0003s (0m 24s)
     Speed:     ev/sec=6.05648e+06   simsec/sec=2037.82   ev/simsec=2972.05
     Messages:  created: 68928373   present: 11   in FES: 2
** Event #155728384   t=52289.834069346925   Elapsed: 26.0003s (0m 26s)
     Speed:     ev/sec=6.04065e+06   simsec/sec=2026.85   ev/simsec=2980.31
     Messages:  created: 74726111   present: 10   in FES: 2
** Event #167774208   t=56330.972500705943   Elapsed: 28.0003s (0m 28s)
     Speed:     ev/sec=6.0228e+06   simsec/sec=2020.53   ev/simsec=2980.8
     Messages:  created: 80507132   present: 10   in FES: 2
** Event #179872512   t=60382.144411949972   Elapsed: 30.0003s (0m 30s)
     Speed:     ev/sec=6.04912e+06   simsec/sec=2025.58   ev/simsec=2986.37
     Messages:  created: 86314244   present: 10   in FES: 2
** Event #191910144   t=64429.82591500004   Elapsed: 32.0004s (0m 32s)
     Speed:     ev/sec=6.0187e+06   simsec/sec=2023.8   ev/simsec=2973.96
     Messages:  created: 92089031   present: 10   in FES: 2
** Event #204046080   t=68499.801005754968   Elapsed: 34.0004s (0m 34s)
     Speed:     ev/sec=6.06788e+06   simsec/sec=2034.96   ev/simsec=2981.82
     Messages:  created: 97912468   present: 10   in FES: 2
** Event #216258816   t=72605.000339570324   Elapsed: 36.0004s (0m 36s)
     Speed:     ev/sec=6.10629e+06   simsec/sec=2052.58   ev/simsec=2974.94
     Messages:  created: 103770985   present: 9   in FES: 2
** Event #228454400   t=76694.24546926601   Elapsed: 38.0004s (0m 38s)
     Speed:     ev/sec=6.09776e+06   simsec/sec=2044.61   ev/simsec=2982.36
     Messages:  created: 109624276   present: 10   in FES: 2
** Event #240564224   t=80750.720586228067   Elapsed: 40.0005s (0m 40s)
     Speed:     ev/sec=6.05481e+06   simsec/sec=2028.2   ev/simsec=2985.31
     Messages:  created: 115435293   present: 9   in FES: 2
** Event #252734464   t=84841.520433178764   Elapsed: 42.0005s (0m 42s)
     Speed:     ev/sec=6.0851e+06   simsec/sec=2045.39   ev/simsec=2975.03
     Messages:  created: 121274753   present: 9   in FES: 2
** Event #264986112   t=88954.315007479275   Elapsed: 44.0005s (0m 44s)
     Speed:     ev/sec=6.12571e+06   simsec/sec=2056.36   ev/simsec=2978.91
     Messages:  created: 127154209   present: 9   in FES: 2
** Event #277273088   t=93083.146446285594   Elapsed: 46.0005s (0m 46s)
     Speed:     ev/sec=6.14344e+06   simsec/sec=2064.4   ev/simsec=2975.9
     Messages:  created: 133049969   present: 9   in FES: 2
** Event #289413632   t=97153.829542747739   Elapsed: 48.0005s (0m 48s)
     Speed:     ev/sec=6.07026e+06   simsec/sec=2035.34   ev/simsec=2982.43
     Messages:  created: 138875863   present: 10   in FES: 3
** Event #301623296   t=101241.975427853581   Elapsed: 50.0006s (0m 50s)
     Speed:     ev/sec=6.10477e+06   simsec/sec=2044.05   ev/simsec=2986.6
     Messages:  created: 144735289   present: 9   in FES: 2
** Event #313821696   t=105332.926247892289   Elapsed: 52.0006s (0m 52s)
     Speed:     ev/sec=6.09912e+06   simsec/sec=2045.45   ev/simsec=2981.8
     Messages:  created: 150589373   present: 9   in FES: 2
** Event #326050816   t=109438.250034354583   Elapsed: 54.0006s (0m 54s)
     Speed:     ev/sec=6.11451e+06   simsec/sec=2052.65   ev/simsec=2978.84
     Messages:  created: 156457367   present: 10   in FES: 2
** Event #338274816   t=113538.849450891778   Elapsed: 56.0006s (0m 56s)
     Speed:     ev/sec=6.11196e+06   simsec/sec=2050.29   ev/simsec=2981.03
     Messages:  created: 162323985   present: 9   in FES: 2
** Event #350422528   t=117618.246459420456   Elapsed: 58.0006s (0m 58s)
     Speed:     ev/sec=6.07385e+06   simsec/sec=2039.7   ev/simsec=2977.82
     Messages:  created: 168153193   present: 9   in FES: 2
** Event #362648320   t=121720.089657225604   Elapsed: 60.0006s (1m 00s)
     Speed:     ev/sec=6.11289e+06   simsec/sec=2050.92   ev/simsec=2980.56
     Messages:  created: 174020084   present: 10   in FES: 2
** Event #374807296   t=125795.219079676423   Elapsed: 62.0006s (1m 02s)
     Speed:     ev/sec=6.0794e+06   simsec/sec=2037.53   ev/simsec=2983.7
     Messages:  created: 179854935   present: 10   in FES: 2
** Event #386936832   t=129862.727248909934   Elapsed: 64.0007s (1m 04s)
     Speed:     ev/sec=6.06472e+06   simsec/sec=2033.74   ev/simsec=2982.06
     Messages:  created: 185676103   present: 10   in FES: 2
** Event #399000320   t=133911.831543177813   Elapsed: 66.0007s (1m 06s)
     Speed:     ev/sec=6.03171e+06   simsec/sec=2024.54   ev/simsec=2979.3
     Messages:  created: 191464249   present: 9   in FES: 2
** Event #411171584   t=137985.687070292779   Elapsed: 68.0007s (1m 08s)
     Speed:     ev/sec=6.08551e+06   simsec/sec=2036.89   ev/simsec=2987.65
     Messages:  created: 197305911   present: 10   in FES: 2
** Event #423358720   t=142082.608379834313   Elapsed: 70.0007s (1m 10s)
     Speed:     ev/sec=6.09346e+06   simsec/sec=2048.42   ev/simsec=2974.71
     Messages:  created: 203153603   present: 10   in FES: 2
** Event #435591168   t=146191.55029972976   Elapsed: 72.0007s (1m 12s)
     Speed:     ev/sec=6.11621e+06   simsec/sec=2054.47   ev/simsec=2977.03
     Messages:  created: 209022383   present: 10   in FES: 2
** Event #447827968   t=150297.565774564897   Elapsed: 74.0008s (1m 14s)
     Speed:     ev/sec=6.11828e+06   simsec/sec=2052.97   ev/simsec=2980.21
     Messages:  created: 214893898   present: 11   in FES: 2
** Event #460028160   t=154394.315349476511   Elapsed: 76.0008s (1m 16s)
     Speed:     ev/sec=6.10008e+06   simsec/sec=2048.37   ev/simsec=2978.02
     Messages:  created: 220747901   present: 9   in FES: 2
** Event #472107264   t=158450.227065824858   Elapsed: 78.0008s (1m 18s)
     Speed:     ev/sec=6.03949e+06   simsec/sec=2027.93   ev/simsec=2978.15
     Messages:  created: 226543700   present: 10   in FES: 2
** Event #484318464   t=162543.654139607239   Elapsed: 80.0008s (1m 20s)
     Speed:     ev/sec=6.10552e+06   simsec/sec=2046.69   ev/simsec=2983.12
     Messages:  created: 232402175   present: 10   in FES: 2
** Event #496566272   t=166653.346629978067   Elapsed: 82.0009s (1m 22s)
     Speed:     ev/sec=6.12377e+06   simsec/sec=2054.8   ev/simsec=2980.22
     Messages:  created: 238279937   present: 9   in FES: 2
** Event #508768000   t=170747.393116375961   Elapsed: 84.0009s (1m 24s)
     Speed:     ev/sec=6.10081e+06   simsec/sec=2047   ev/simsec=2980.36
     Messages:  created: 244134948   present: 10   in FES: 2
** Event #520891136   t=174817.773111273278   Elapsed: 86.0009s (1m 26s)
     Speed:     ev/sec=6.06149e+06   simsec/sec=2035.16   ev/simsec=2978.38
     Messages:  created: 249951583   present: 10   in FES: 2
** Event #533111040   t=178915.808031074011   Elapsed: 88.0009s (1m 28s)
     Speed:     ev/sec=6.10992e+06   simsec/sec=2049.01   ev/simsec=2981.89
     Messages:  created: 255816551   present: 10   in FES: 2
** Event #545339904   t=183024.177510800941   Elapsed: 90.001s (1m 30s)
     Speed:     ev/sec=6.11436e+06   simsec/sec=2054.16   ev/simsec=2976.57
     Messages:  created: 261684143   present: 10   in FES: 2
** Event #557564928   t=187127.402833140018   Elapsed: 92.001s (1m 32s)
     Speed:     ev/sec=6.1125e+06   simsec/sec=2051.61   ev/simsec=2979.37
     Messages:  created: 267550364   present: 10   in FES: 2
** Event #569720832   t=191198.146066728437   Elapsed: 94.001s (1m 34s)
     Speed:     ev/sec=6.07794e+06   simsec/sec=2035.37   ev/simsec=2986.16
     Messages:  created: 273384836   present: 10   in FES: 2
** Event #581928960   t=195306.502164554457   Elapsed: 96.001s (1m 36s)
     Speed:     ev/sec=6.10401e+06   simsec/sec=2054.16   ev/simsec=2971.54
     Messages:  created: 279241164   present: 10   in FES: 2
** Event #594073344   t=199380.396746498845   Elapsed: 98.001s (1m 38s)
     Speed:     ev/sec=6.07217e+06   simsec/sec=2036.94   ev/simsec=2981.03
     Messages:  created: 285069089   present: 9   in FES: 2
** Event #606232832   t=203466.817480618737   Elapsed: 100.001s (1m 40s)
     Speed:     ev/sec=6.07973e+06   simsec/sec=2043.21   ev/simsec=2975.58
     Messages:  created: 290903029   present: 9   in FES: 2
** Event #618444544   t=207559.777285721043   Elapsed: 102.001s (1m 42s)
     Speed:     ev/sec=6.10583e+06   simsec/sec=2046.47   ev/simsec=2983.59
     Messages:  created: 296764353   present: 9   in FES: 2
** Event #630687488   t=211662.951370266641   Elapsed: 104.001s (1m 44s)
     Speed:     ev/sec=6.12137e+06   simsec/sec=2051.55   ev/simsec=2983.77
     Messages:  created: 302639673   present: 10   in FES: 2
** Event #642919936   t=215768.789348720026   Elapsed: 106.001s (1m 46s)
     Speed:     ev/sec=6.1161e+06   simsec/sec=2052.88   ev/simsec=2979.28
     Messages:  created: 308509577   present: 9   in FES: 2
** Event #655127296   t=219871.112185326061   Elapsed: 108.001s (1m 48s)
     Speed:     ev/sec=6.10358e+06   simsec/sec=2051.13   ev/simsec=2975.72
     Messages:  created: 314366020   present: 10   in FES: 2
** Event #667343360   t=223974.96284365163   Elapsed: 110.001s (1m 50s)
     Speed:     ev/sec=6.10797e+06   simsec/sec=2051.9   ev/simsec=2976.73
     Messages:  created: 320227799   present: 10   in FES: 2
** Event #679484416   t=228051.658750577889   Elapsed: 112.001s (1m 52s)
     Speed:     ev/sec=6.07043e+06   simsec/sec=2038.31   ev/simsec=2978.16
     Messages:  created: 326053628   present: 10   in FES: 2
** Event #691655680   t=232150.454974756945   Elapsed: 114.001s (1m 54s)
     Speed:     ev/sec=6.0856e+06   simsec/sec=2049.39   ev/simsec=2969.47
     Messages:  created: 331892641   present: 9   in FES: 2
** Event #703832320   t=236226.659239429997   Elapsed: 116.001s (1m 56s)
     Speed:     ev/sec=6.08829e+06   simsec/sec=2038.09   ev/simsec=2987.25
     Messages:  created: 337736095   present: 10   in FES: 2
** Event #716051200   t=240319.573872677427   Elapsed: 118.001s (1m 58s)
     Speed:     ev/sec=6.10935e+06   simsec/sec=2046.43   ev/simsec=2985.37
     Messages:  created: 343600129   present: 9   in FES: 2
** Event #728346880   t=244442.19863774571   Elapsed: 120.001s (2m 00s)
     Speed:     ev/sec=6.14776e+06   simsec/sec=2061.29   ev/simsec=2982.49
     Messages:  created: 349500621   present: 9   in FES: 2
** Event #740658688   t=248570.450792266168   Elapsed: 122.001s (2m 02s)
     Speed:     ev/sec=6.15578e+06   simsec/sec=2064.09   ev/simsec=2982.33
     Messages:  created: 355407772   present: 10   in FES: 2
** Event #752961280   t=252702.558557904095   Elapsed: 124.001s (2m 04s)
     Speed:     ev/sec=6.15117e+06   simsec/sec=2066.01   ev/simsec=2977.32
     Messages:  created: 361310197   present: 9   in FES: 2
** Event #765302528   t=256847.141049416726   Elapsed: 126.001s (2m 06s)
     Speed:     ev/sec=6.17061e+06   simsec/sec=2072.29   ev/simsec=2977.68
     Messages:  created: 367232309   present: 9   in FES: 2
** Event #777666304   t=261004.309253081486   Elapsed: 128.001s (2m 08s)
     Speed:     ev/sec=6.18187e+06   simsec/sec=2078.58   ev/simsec=2974.09
     Messages:  created: 373164639   present: 10   in FES: 2
** Event #790007296   t=265134.657856663924   Elapsed: 130.001s (2m 10s)
     Speed:     ev/sec=6.17043e+06   simsec/sec=2065.15   ev/simsec=2987.88
     Messages:  created: 379087655   present: 10   in FES: 2
** Event #802347520   t=269275.251981736583   Elapsed: 132.001s (2m 12s)
     Speed:     ev/sec=6.17011e+06   simsec/sec=2070.29   ev/simsec=2980.3
     Messages:  created: 385009465   present: 9   in FES: 2
** Event #814709504   t=273427.478213730111   Elapsed: 134.001s (2m 14s)
     Speed:     ev/sec=6.18095e+06   simsec/sec=2076.1   ev/simsec=2977.19
     Messages:  created: 390940269   present: 9   in FES: 2
** Event #827081216   t=277567.022123281379   Elapsed: 136.001s (2m 16s)
     Speed:     ev/sec=6.18578e+06   simsec/sec=2069.75   ev/simsec=2988.67
     Messages:  created: 396878876   present: 10   in FES: 2
** Event #839408128   t=281712.983151138057   Elapsed: 138.001s (2m 18s)
     Speed:     ev/sec=6.16335e+06   simsec/sec=2072.95   ev/simsec=2973.23
     Messages:  created: 402793380   present: 10   in FES: 2
** Event #851665664   t=285820.762962901681   Elapsed: 140.001s (2m 20s)
     Speed:     ev/sec=6.12875e+06   simsec/sec=2053.88   ev/simsec=2983.98
     Messages:  created: 408676052   present: 10   in FES: 2
** Event #864021504   t=289962.86123643058   Elapsed: 142.001s (2m 22s)
     Speed:     ev/sec=6.1779e+06   simsec/sec=2071.04   ev/simsec=2982.99
     Messages:  created: 414605607   present: 10   in FES: 2
** Event #873700713   t=293218.417643199495   Elapsed: 143.572s (2m 23s)
     Speed:     ev/sec=6.16236e+06   simsec/sec=2072.68   ev/simsec=2973.13
     Messages:  created: 419250344   present: 10   in FES: 3

<!> Simulation stopped with endSimulation() -- in module (Sink) CyclicGatedBatchPollingSystem.sink (id=7), at t=293218.417643199495s, event #873700713
undisposed object: (omnetpp::cMessage) CyclicGatedBatchPollingSystem.sink.packet -- check module destructor
