** Event #0   t=0   Elapsed: 2e-06s (0m 00s)
     Speed:     ev/sec=0   simsec/sec=0   ev/simsec=0
     Messages:  created: 9   present: 9   in FES: 3
** Event #10720256   t=5469.65432048534   Elapsed: 2.00004s (0m 02s)
     Speed:     ev/sec=5.36002e+06   simsec/sec=2734.77   ev/simsec=1959.95
     Messages:  created: 4704545   present: 9   in FES: 2
** Event #21483520   t=10944.418614685196   Elapsed: 4.00008s (0m 04s)
     Speed:     ev/sec=5.38153e+06   simsec/sec=2737.33   ev/simsec=1965.98
     Messages:  created: 9430509   present: 9   in FES: 2
** Event #32239872   t=16409.748994518426   Elapsed: 6.00012s (0m 06s)
     Speed:     ev/sec=5.37808e+06   simsec/sec=2732.62   ev/simsec=1968.11
     Messages:  created: 14152941   present: 16   in FES: 3
** Event #43032832   t=21934.152241754886   Elapsed: 8.00016s (0m 08s)
     Speed:     ev/sec=5.39637e+06   simsec/sec=2762.15   ev/simsec=1953.69
     Messages:  created: 18883588   present: 10   in FES: 2
** Event #53737984   t=27376.532744674914   Elapsed: 10.0002s (0m 10s)
     Speed:     ev/sec=5.35251e+06   simsec/sec=2721.15   ev/simsec=1967
     Messages:  created: 23583508   present: 10   in FES: 2
** Event #64499968   t=32887.776806721269   Elapsed: 12.0002s (0m 12s)
     Speed:     ev/sec=5.38089e+06   simsec/sec=2755.57   ev/simsec=1952.73
     Messages:  created: 28301087   present: 12   in FES: 2
** Event #75294464   t=38387.501251632214   Elapsed: 14.0002s (0m 14s)
     Speed:     ev/sec=5.3972e+06   simsec/sec=2749.84   ev/simsec=1962.73
     Messages:  created: 33038532   present: 10   in FES: 2
** Event #86066688   t=43888.1932211115   Elapsed: 16.0002s (0m 16s)
     Speed:     ev/sec=5.38609e+06   simsec/sec=2750.33   ev/simsec=1958.34
     Messages:  created: 37764865   present: 9   in FES: 2
** Event #96949248   t=49453.657363663591   Elapsed: 18.0003s (0m 18s)
     Speed:     ev/sec=5.44117e+06   simsec/sec=2782.68   ev/simsec=1955.37
     Messages:  created: 42538373   present: 11   in FES: 3
** Event #97421430   t=49691.723663729684   Elapsed: 18.0875s (0m 18s)
     Speed:     ev/sec=5.41585e+06   simsec/sec=2730.59   ev/simsec=1983.4
     Messages:  created: 42746114   present: 12   in FES: 3

<!> Simulation stopped with endSimulation() -- in module (Sink) CyclicGatedBatchPollingSystem.sink (id=7), at t=49691.723663729684s, event #97421430
undisposed object: (omnetpp::cMessage) CyclicGatedBatchPollingSystem.sink.packet -- check module destructor
