** Event #0   t=0   Elapsed: 2e-06s (0m 00s)
     Speed:     ev/sec=0   simsec/sec=0   ev/simsec=0
     Messages:  created: 9   present: 9   in FES: 3
** Event #9424128   t=7359.134969974854   Elapsed: 2.00001s (0m 02s)
     Speed:     ev/sec=4.71205e+06   simsec/sec=3679.55   ev/simsec=1280.6
     Messages:  created: 3533916   present: 10   in FES: 3
** Event #18881024   t=14699.225249599819   Elapsed: 4.00007s (0m 04s)
     Speed:     ev/sec=4.72829e+06   simsec/sec=3669.93   ev/simsec=1288.39
     Messages:  created: 7090277   present: 16   in FES: 2
** Event #28222208   t=22015.612023772407   Elapsed: 6.00012s (0m 06s)
     Speed:     ev/sec=4.67049e+06   simsec/sec=3658.11   ev/simsec=1276.75
     Messages:  created: 10591428   present: 10   in FES: 2
** Event #37716736   t=29424.836003943467   Elapsed: 8.00015s (0m 08s)
     Speed:     ev/sec=4.74717e+06   simsec/sec=3704.54   ev/simsec=1281.45
     Messages:  created: 14154789   present: 11   in FES: 2
** Event #47189760   t=36893.555488251865   Elapsed: 10.0002s (0m 10s)
     Speed:     ev/sec=4.73639e+06   simsec/sec=3734.26   ev/simsec=1268.36
     Messages:  created: 17695219   present: 17   in FES: 3
** Event #56619264   t=44320.471953014013   Elapsed: 12.0002s (0m 12s)
     Speed:     ev/sec=4.71467e+06   simsec/sec=3713.4   ev/simsec=1269.64
     Messages:  created: 21219652   present: 10   in FES: 2
** Event #66122496   t=51691.988209400576   Elapsed: 14.0003s (0m 14s)
     Speed:     ev/sec=4.75157e+06   simsec/sec=3685.72   ev/simsec=1289.18
     Messages:  created: 24792581   present: 11   in FES: 2
** Event #75643392   t=59131.496890594346   Elapsed: 16.0003s (0m 16s)
     Speed:     ev/sec=4.76037e+06   simsec/sec=3719.7   ev/simsec=1279.77
     Messages:  created: 28363324   present: 15   in FES: 3
** Event #77611480   t=60678.793368017257   Elapsed: 16.4073s (0m 16s)
     Speed:     ev/sec=4.83561e+06   simsec/sec=3801.72   ev/simsec=1271.95
     Messages:  created: 29099167   present: 15   in FES: 3

<!> Simulation stopped with endSimulation() -- in module (Sink) CyclicGatedBatchPollingSystem.sink (id=7), at t=60678.793368017257s, event #77611480
undisposed object: (omnetpp::cMessage) CyclicGatedBatchPollingSystem.sink.packet -- check module destructor
