** Event #0   t=0   Elapsed: 4e-06s (0m 00s)
     Speed:     ev/sec=0   simsec/sec=0   ev/simsec=0
     Messages:  created: 9   present: 9   in FES: 3
** Event #11430656   t=3753.90246561175   Elapsed: 2.00002s (0m 02s)
     Speed:     ev/sec=5.71527e+06   simsec/sec=1876.93   ev/simsec=3045.01
     Messages:  created: 5495761   present: 10   in FES: 3
** Event #22753536   t=7483.978562117242   Elapsed: 4.00009s (0m 04s)
     Speed:     ev/sec=5.66126e+06   simsec/sec=1864.98   ev/simsec=3035.56
     Messages:  created: 10939516   present: 9   in FES: 2
** Event #33944320   t=11167.497919384819   Elapsed: 6.00012s (0m 06s)
     Speed:     ev/sec=5.5953e+06   simsec/sec=1841.73   ev/simsec=3038.07
     Messages:  created: 16320261   present: 10   in FES: 2
** Event #45826048   t=15073.498577848335   Elapsed: 8.00014s (0m 08s)
     Speed:     ev/sec=5.94082e+06   simsec/sec=1952.98   ev/simsec=3041.92
     Messages:  created: 22031910   present: 10   in FES: 2
** Event #57474048   t=18908.010985634897   Elapsed: 10.0002s (0m 10s)
     Speed:     ev/sec=5.82391e+06   simsec/sec=1917.23   ev/simsec=3037.67
     Messages:  created: 27630899   present: 10   in FES: 2
** Event #69137920   t=22743.728596571213   Elapsed: 12.0002s (0m 12s)
     Speed:     ev/sec=5.83186e+06   simsec/sec=1917.83   ev/simsec=3040.86
     Messages:  created: 33238881   present: 10   in FES: 2
** Event #80956416   t=26632.968402646534   Elapsed: 14.0002s (0m 14s)
     Speed:     ev/sec=5.90916e+06   simsec/sec=1944.59   ev/simsec=3038.77
     Messages:  created: 38920326   present: 9   in FES: 2
** Event #92907264   t=30565.555116801013   Elapsed: 16.0002s (0m 16s)
     Speed:     ev/sec=5.97536e+06   simsec/sec=1966.27   ev/simsec=3038.93
     Messages:  created: 44666838   present: 10   in FES: 2
** Event #104900096   t=34501.749542850117   Elapsed: 18.0003s (0m 18s)
     Speed:     ev/sec=5.99632e+06   simsec/sec=1968.07   ev/simsec=3046.81
     Messages:  created: 50433807   present: 9   in FES: 2
** Event #116761344   t=38394.076872009955   Elapsed: 20.0003s (0m 20s)
     Speed:     ev/sec=5.93054e+06   simsec/sec=1946.13   ev/simsec=3047.34
     Messages:  created: 56136663   present: 10   in FES: 2
** Event #128674048   t=42300.875402601392   Elapsed: 22.0003s (0m 22s)
     Speed:     ev/sec=5.9563e+06   simsec/sec=1953.38   ev/simsec=3049.22
     Messages:  created: 61865581   present: 10   in FES: 2
** Event #140493568   t=46178.329564467576   Elapsed: 24.0003s (0m 24s)
     Speed:     ev/sec=5.90971e+06   simsec/sec=1938.71   ev/simsec=3048.27
     Messages:  created: 67549180   present: 10   in FES: 2
** Event #152493056   t=50128.650697091118   Elapsed: 26.0004s (0m 26s)
     Speed:     ev/sec=5.99961e+06   simsec/sec=1975.12   ev/simsec=3037.6
     Messages:  created: 73318459   present: 11   in FES: 2
** Event #164474880   t=54072.209729201375   Elapsed: 28.0004s (0m 28s)
     Speed:     ev/sec=5.99084e+06   simsec/sec=1971.75   ev/simsec=3038.33
     Messages:  created: 79078506   present: 10   in FES: 2
** Event #176340992   t=57974.108373716102   Elapsed: 30.0004s (0m 30s)
     Speed:     ev/sec=5.93305e+06   simsec/sec=1950.95   ev/simsec=3041.11
     Messages:  created: 84783820   present: 9   in FES: 2
** Event #188461312   t=61948.437126114199   Elapsed: 32.0004s (0m 32s)
     Speed:     ev/sec=6.06012e+06   simsec/sec=1987.15   ev/simsec=3049.65
     Messages:  created: 90613732   present: 9   in FES: 2
** Event #200359424   t=65865.582720987147   Elapsed: 34.0005s (0m 34s)
     Speed:     ev/sec=5.94895e+06   simsec/sec=1958.54   ev/simsec=3037.44
     Messages:  created: 96333753   present: 9   in FES: 2
** Event #212433408   t=69832.363234496588   Elapsed: 36.0005s (0m 36s)
     Speed:     ev/sec=6.03691e+06   simsec/sec=1983.36   ev/simsec=3043.77
     Messages:  created: 102140374   present: 10   in FES: 2
** Event #224495872   t=73807.187404295824   Elapsed: 38.0005s (0m 38s)
     Speed:     ev/sec=6.03111e+06   simsec/sec=1987.37   ev/simsec=3034.72
     Messages:  created: 107939046   present: 10   in FES: 2
** Event #236493056   t=77747.646207407259   Elapsed: 40.0006s (0m 40s)
     Speed:     ev/sec=5.99849e+06   simsec/sec=1970.19   ev/simsec=3044.62
     Messages:  created: 113707315   present: 9   in FES: 2
** Event #248492800   t=81681.790765034757   Elapsed: 42.0006s (0m 42s)
     Speed:     ev/sec=5.99978e+06   simsec/sec=1967.04   ev/simsec=3050.15
     Messages:  created: 119478668   present: 9   in FES: 2
** Event #260582912   t=85653.0751780305   Elapsed: 44.0006s (0m 44s)
     Speed:     ev/sec=6.04494e+06   simsec/sec=1985.6   ev/simsec=3044.38
     Messages:  created: 125292214   present: 9   in FES: 2
** Event #272610816   t=89608.62516928038   Elapsed: 46.0006s (0m 46s)
     Speed:     ev/sec=6.01395e+06   simsec/sec=1977.77   ev/simsec=3040.77
     Messages:  created: 131074471   present: 9   in FES: 2
** Event #284665088   t=93572.481186580617   Elapsed: 48.0006s (0m 48s)
     Speed:     ev/sec=6.02711e+06   simsec/sec=1981.92   ev/simsec=3041.05
     Messages:  created: 136870363   present: 10   in FES: 2
** Event #296737536   t=97540.337184011363   Elapsed: 50.0007s (0m 50s)
     Speed:     ev/sec=6.03617e+06   simsec/sec=1983.91   ev/simsec=3042.56
     Messages:  created: 142675060   present: 10   in FES: 2
** Event #308758272   t=101493.604678872511   Elapsed: 52.0007s (0m 52s)
     Speed:     ev/sec=6.01035e+06   simsec/sec=1976.63   ev/simsec=3040.71
     Messages:  created: 148453565   present: 10   in FES: 2
** Event #320790272   t=105446.030104811528   Elapsed: 54.0007s (0m 54s)
     Speed:     ev/sec=6.01591e+06   simsec/sec=1976.18   ev/simsec=3044.21
     Messages:  created: 154240083   present: 11   in FES: 3
** Event #332866304   t=109415.500526661088   Elapsed: 56.0007s (0m 56s)
     Speed:     ev/sec=6.0379e+06   simsec/sec=1984.7   ev/simsec=3042.23
     Messages:  created: 160046220   present: 10   in FES: 2
** Event #344782599   t=113330.975505374964   Elapsed: 57.9671s (0m 57s)
     Speed:     ev/sec=6.06013e+06   simsec/sec=1991.25   ev/simsec=3043.38
     Messages:  created: 165777081   present: 11   in FES: 4

<!> Simulation stopped with endSimulation() -- in module (Sink) CyclicExhaustiveBatchPollingSystem.sink (id=7), at t=113330.975505374964s, event #344782599
undisposed object: (omnetpp::cMessage) CyclicExhaustiveBatchPollingSystem.sink.packet -- check module destructor
