** Event #0   t=0   Elapsed: 4e-06s (0m 00s)
     Speed:     ev/sec=0   simsec/sec=0   ev/simsec=0
     Messages:  created: 9   present: 9   in FES: 3
** Event #10266624   t=4410.814614491404   Elapsed: 2.00001s (0m 02s)
     Speed:     ev/sec=5.13328e+06   simsec/sec=2205.4   ev/simsec=2327.6
     Messages:  created: 4647566   present: 10   in FES: 2
** Event #20860928   t=8953.908706575244   Elapsed: 4.00003s (0m 04s)
     Speed:     ev/sec=5.29711e+06   simsec/sec=2271.53   ev/simsec=2331.96
     Messages:  created: 9443961   present: 10   in FES: 2
** Event #31404544   t=13486.677101957151   Elapsed: 6.00003s (0m 06s)
     Speed:     ev/sec=5.2718e+06   simsec/sec=2266.38   ev/simsec=2326.09
     Messages:  created: 14216948   present: 9   in FES: 2
** Event #41652992   t=17874.766131638099   Elapsed: 8.00005s (0m 08s)
     Speed:     ev/sec=5.12417e+06   simsec/sec=2194.02   ev/simsec=2335.52
     Messages:  created: 18859257   present: 10   in FES: 2
** Event #52077056   t=22353.071232107678   Elapsed: 10.0001s (0m 10s)
     Speed:     ev/sec=5.21198e+06   simsec/sec=2239.13   ev/simsec=2327.68
     Messages:  created: 23577142   present: 9   in FES: 2
** Event #62412800   t=26789.532744960434   Elapsed: 12.0001s (0m 12s)
     Speed:     ev/sec=5.16786e+06   simsec/sec=2218.22   ev/simsec=2329.73
     Messages:  created: 28255475   present: 9   in FES: 2
** Event #72823552   t=31251.409990919575   Elapsed: 14.0001s (0m 14s)
     Speed:     ev/sec=5.20527e+06   simsec/sec=2230.89   ev/simsec=2333.27
     Messages:  created: 32968571   present: 9   in FES: 2
** Event #82159476   t=35266.969657197276   Elapsed: 15.7386s (0m 15s)
     Speed:     ev/sec=5.37017e+06   simsec/sec=2309.81   ev/simsec=2324.94
     Messages:  created: 37193518   present: 12   in FES: 3

<!> Simulation stopped with endSimulation() -- in module (Sink) CyclicExhaustiveBatchPollingSystem.sink (id=7), at t=35266.969657197276s, event #82159476
undisposed object: (omnetpp::cMessage) CyclicExhaustiveBatchPollingSystem.sink.packet -- check module destructor
undisposed object: (omnetpp::cMessage) CyclicExhaustiveBatchPollingSystem.cyclicExhaustiveBatchQueue.packet -- check module destructor
undisposed object: (omnetpp::cMessage) CyclicExhaustiveBatchPollingSystem.cyclicExhaustiveBatchQueue.packet -- check module destructor
