** Event #0   t=0   Elapsed: 2e-06s (0m 00s)
     Speed:     ev/sec=0   simsec/sec=0   ev/simsec=0
     Messages:  created: 9   present: 9   in FES: 3
** Event #9716992   t=4517.452482611062   Elapsed: 2.00002s (0m 02s)
     Speed:     ev/sec=4.85846e+06   simsec/sec=2258.71   ev/simsec=2150.99
     Messages:  created: 4289142   present: 10   in FES: 2
** Event #19676928   t=9172.799671397121   Elapsed: 4.00007s (0m 04s)
     Speed:     ev/sec=4.97984e+06   simsec/sec=2327.61   ev/simsec=2139.46
     Messages:  created: 8680451   present: 11   in FES: 2
** Event #29961472   t=13966.366295374591   Elapsed: 6.0001s (0m 06s)
     Speed:     ev/sec=5.14219e+06   simsec/sec=2396.75   ev/simsec=2145.49
     Messages:  created: 13217612   present: 9   in FES: 2
** Event #39848704   t=18570.989238767573   Elapsed: 8.00011s (0m 08s)
     Speed:     ev/sec=4.94359e+06   simsec/sec=2302.3   ev/simsec=2147.24
     Messages:  created: 17581108   present: 11   in FES: 2
** Event #50111232   t=23358.278081286448   Elapsed: 10.0002s (0m 10s)
     Speed:     ev/sec=5.13116e+06   simsec/sec=2393.59   ev/simsec=2143.7
     Messages:  created: 22109210   present: 9   in FES: 2
** Event #60430848   t=28164.675843123977   Elapsed: 12.0002s (0m 12s)
     Speed:     ev/sec=5.15979e+06   simsec/sec=2403.19   ev/simsec=2147.06
     Messages:  created: 26663967   present: 9   in FES: 2
** Event #70665984   t=32944.695824806542   Elapsed: 14.0002s (0m 14s)
     Speed:     ev/sec=5.11746e+06   simsec/sec=2389.96   ev/simsec=2141.23
     Messages:  created: 31179210   present: 10   in FES: 2
** Event #80983296   t=37745.952901490865   Elapsed: 16.0002s (0m 16s)
     Speed:     ev/sec=5.15862e+06   simsec/sec=2400.61   ev/simsec=2148.88
     Messages:  created: 35732398   present: 10   in FES: 2
** Event #91407360   t=42597.98681511851   Elapsed: 18.0002s (0m 18s)
     Speed:     ev/sec=5.21196e+06   simsec/sec=2425.98   ev/simsec=2148.39
     Messages:  created: 40332026   present: 10   in FES: 2
** Event #101951232   t=47509.032148044519   Elapsed: 20.0003s (0m 20s)
     Speed:     ev/sec=5.27191e+06   simsec/sec=2455.51   ev/simsec=2146.97
     Messages:  created: 44984442   present: 13   in FES: 5
** Event #112222208   t=52295.953392734544   Elapsed: 22.0003s (0m 22s)
     Speed:     ev/sec=5.13548e+06   simsec/sec=2393.46   ev/simsec=2145.63
     Messages:  created: 49516279   present: 10   in FES: 2
** Event #122727680   t=57190.226602914739   Elapsed: 24.0003s (0m 24s)
     Speed:     ev/sec=5.25272e+06   simsec/sec=2447.13   ev/simsec=2146.48
     Messages:  created: 54152576   present: 9   in FES: 2
** Event #133234944   t=62090.504002754988   Elapsed: 26.0003s (0m 26s)
     Speed:     ev/sec=5.25356e+06   simsec/sec=2450.11   ev/simsec=2144.22
     Messages:  created: 58787308   present: 10   in FES: 2
** Event #143788800   t=67014.07783761473   Elapsed: 28.0003s (0m 28s)
     Speed:     ev/sec=5.27683e+06   simsec/sec=2461.74   ev/simsec=2143.54
     Messages:  created: 63443262   present: 10   in FES: 2
** Event #154501632   t=71993.873159688814   Elapsed: 30.0004s (0m 30s)
     Speed:     ev/sec=5.35634e+06   simsec/sec=2489.86   ev/simsec=2151.26
     Messages:  created: 68172452   present: 10   in FES: 2
** Event #165017600   t=76884.040435844022   Elapsed: 32.0004s (0m 32s)
     Speed:     ev/sec=5.2579e+06   simsec/sec=2445.04   ev/simsec=2150.43
     Messages:  created: 72813846   present: 11   in FES: 3
** Event #175543808   t=81790.861803837889   Elapsed: 34.0004s (0m 34s)
     Speed:     ev/sec=5.26304e+06   simsec/sec=2453.38   ev/simsec=2145.22
     Messages:  created: 77456268   present: 10   in FES: 2
** Event #186194944   t=86767.860529772258   Elapsed: 36.0005s (0m 36s)
     Speed:     ev/sec=5.32546e+06   simsec/sec=2488.45   ev/simsec=2140.07
     Messages:  created: 82151873   present: 10   in FES: 2
** Event #192665351   t=89771.782063233767   Elapsed: 37.2055s (0m 37s)
     Speed:     ev/sec=5.36936e+06   simsec/sec=2492.75   ev/simsec=2153.99
     Messages:  created: 85008365   present: 10   in FES: 3

<!> Simulation stopped with endSimulation() -- in module (Sink) CyclicExhaustiveBatchPollingSystem.sink (id=7), at t=89771.782063233767s, event #192665351
undisposed object: (omnetpp::cMessage) CyclicExhaustiveBatchPollingSystem.sink.packet -- check module destructor
