** Event #0   t=0   Elapsed: 3e-06s (0m 00s)
     Speed:     ev/sec=0   simsec/sec=0   ev/simsec=0
     Messages:  created: 9   present: 9   in FES: 3
** Event #11224320   t=3064.80511947993   Elapsed: 2.00004s (0m 02s)
     Speed:     ev/sec=5.61207e+06   simsec/sec=1532.38   ev/simsec=3662.33
     Messages:  created: 5551503   present: 10   in FES: 2
** Event #22690048   t=6194.614979971222   Elapsed: 4.00009s (0m 04s)
     Speed:     ev/sec=5.73273e+06   simsec/sec=1564.87   ev/simsec=3663.39
     Messages:  created: 11221787   present: 9   in FES: 2
** Event #33940992   t=9263.115193595725   Elapsed: 6.00011s (0m 06s)
     Speed:     ev/sec=5.6254e+06   simsec/sec=1534.23   ev/simsec=3666.59
     Messages:  created: 16786342   present: 10   in FES: 2
** Event #45618688   t=12453.135848273532   Elapsed: 8.00011s (0m 08s)
     Speed:     ev/sec=5.83884e+06   simsec/sec=1595.01   ev/simsec=3660.7
     Messages:  created: 22561655   present: 9   in FES: 2
** Event #57027840   t=15567.630285727273   Elapsed: 10.0001s (0m 10s)
     Speed:     ev/sec=5.70457e+06   simsec/sec=1557.24   ev/simsec=3663.24
     Messages:  created: 28204120   present: 10   in FES: 2
** Event #68628224   t=18729.873336897806   Elapsed: 12.0001s (0m 12s)
     Speed:     ev/sec=5.80015e+06   simsec/sec=1581.11   ev/simsec=3668.4
     Messages:  created: 33941594   present: 10   in FES: 2
** Event #80154112   t=21879.387649002577   Elapsed: 14.0001s (0m 14s)
     Speed:     ev/sec=5.76292e+06   simsec/sec=1574.75   ev/simsec=3659.58
     Messages:  created: 39641479   present: 9   in FES: 2
** Event #92069632   t=25128.849422719963   Elapsed: 16.0002s (0m 16s)
     Speed:     ev/sec=5.95764e+06   simsec/sec=1624.7   ev/simsec=3666.92
     Messages:  created: 45534864   present: 9   in FES: 2
** Event #103908608   t=28358.538721790429   Elapsed: 18.0002s (0m 18s)
     Speed:     ev/sec=5.91939e+06   simsec/sec=1614.82   ev/simsec=3665.67
     Messages:  created: 51389608   present: 9   in FES: 2
** Event #116077824   t=31680.803489875438   Elapsed: 20.0002s (0m 20s)
     Speed:     ev/sec=6.0846e+06   simsec/sec=1661.13   ev/simsec=3662.93
     Messages:  created: 57408232   present: 10   in FES: 2
** Event #127989504   t=34932.89982750962   Elapsed: 22.0002s (0m 22s)
     Speed:     ev/sec=5.95583e+06   simsec/sec=1626.04   ev/simsec=3662.77
     Messages:  created: 63299525   present: 10   in FES: 2
** Event #139990528   t=38207.553010493751   Elapsed: 24.0002s (0m 24s)
     Speed:     ev/sec=6.00043e+06   simsec/sec=1637.3   ev/simsec=3664.82
     Messages:  created: 69234981   present: 10   in FES: 2
** Event #151855616   t=41448.343498176736   Elapsed: 26.0003s (0m 26s)
     Speed:     ev/sec=5.93251e+06   simsec/sec=1620.39   ev/simsec=3661.17
     Messages:  created: 75102973   present: 9   in FES: 2
** Event #164073472   t=44785.71261213607   Elapsed: 28.0003s (0m 28s)
     Speed:     ev/sec=6.10885e+06   simsec/sec=1668.66   ev/simsec=3660.92
     Messages:  created: 81145556   present: 9   in FES: 2
** Event #176159232   t=48083.854462304932   Elapsed: 30.0003s (0m 30s)
     Speed:     ev/sec=6.04282e+06   simsec/sec=1649.05   ev/simsec=3664.41
     Messages:  created: 87123168   present: 9   in FES: 2
** Event #188385792   t=51425.19116935605   Elapsed: 32.0003s (0m 32s)
     Speed:     ev/sec=6.11327e+06   simsec/sec=1670.67   ev/simsec=3659.18
     Messages:  created: 93170330   present: 10   in FES: 2
** Event #200654336   t=54772.032534725402   Elapsed: 34.0003s (0m 34s)
     Speed:     ev/sec=6.13423e+06   simsec/sec=1673.41   ev/simsec=3665.71
     Messages:  created: 99238421   present: 9   in FES: 2
** Event #212868864   t=58103.888275121463   Elapsed: 36.0004s (0m 36s)
     Speed:     ev/sec=6.10717e+06   simsec/sec=1665.9   ev/simsec=3665.98
     Messages:  created: 105279489   present: 10   in FES: 2
** Event #225093888   t=61444.701244830052   Elapsed: 38.0004s (0m 38s)
     Speed:     ev/sec=6.11244e+06   simsec/sec=1670.39   ev/simsec=3659.3
     Messages:  created: 111325085   present: 11   in FES: 2
** Event #237497344   t=64830.179865101257   Elapsed: 40.0004s (0m 40s)
     Speed:     ev/sec=6.20165e+06   simsec/sec=1692.72   ev/simsec=3663.72
     Messages:  created: 117459093   present: 10   in FES: 2
** Event #249883904   t=68208.142047848545   Elapsed: 42.0004s (0m 42s)
     Speed:     ev/sec=6.19326e+06   simsec/sec=1688.97   ev/simsec=3666.87
     Messages:  created: 123585447   present: 9   in FES: 2
** Event #262205952   t=71561.780999339373   Elapsed: 44.0004s (0m 44s)
     Speed:     ev/sec=6.16102e+06   simsec/sec=1676.82   ev/simsec=3674.23
     Messages:  created: 129680769   present: 9   in FES: 2
** Event #274470912   t=74911.337635160396   Elapsed: 46.0004s (0m 46s)
     Speed:     ev/sec=6.13244e+06   simsec/sec=1674.77   ev/simsec=3661.67
     Messages:  created: 135746519   present: 10   in FES: 2
** Event #286898688   t=78303.040202427994   Elapsed: 48.0004s (0m 48s)
     Speed:     ev/sec=6.21388e+06   simsec/sec=1695.85   ev/simsec=3664.17
     Messages:  created: 141892671   present: 10   in FES: 2
** Event #299283456   t=81674.076091208396   Elapsed: 50.0005s (0m 50s)
     Speed:     ev/sec=6.19227e+06   simsec/sec=1685.49   ev/simsec=3673.88
     Messages:  created: 148018378   present: 9   in FES: 2
** Event #311673344   t=85056.618996220822   Elapsed: 52.0005s (0m 52s)
     Speed:     ev/sec=6.19489e+06   simsec/sec=1691.26   ev/simsec=3662.89
     Messages:  created: 154146300   present: 10   in FES: 2
** Event #324081920   t=88437.95883919689   Elapsed: 54.0005s (0m 54s)
     Speed:     ev/sec=6.20418e+06   simsec/sec=1690.64   ev/simsec=3669.72
     Messages:  created: 160283450   present: 10   in FES: 2
** Event #336432896   t=91813.322700276547   Elapsed: 56.0005s (0m 56s)
     Speed:     ev/sec=6.1754e+06   simsec/sec=1687.66   ev/simsec=3659.15
     Messages:  created: 166391462   present: 10   in FES: 2
** Event #348786432   t=95180.588611994823   Elapsed: 58.0006s (0m 58s)
     Speed:     ev/sec=6.17669e+06   simsec/sec=1683.61   ev/simsec=3668.71
     Messages:  created: 172501252   present: 10   in FES: 2
** Event #361098240   t=98542.472245553908   Elapsed: 60.0006s (1m 00s)
     Speed:     ev/sec=6.15584e+06   simsec/sec=1680.92   ev/simsec=3662.18
     Messages:  created: 178590198   present: 9   in FES: 2
** Event #373415936   t=101901.004964614232   Elapsed: 62.0006s (1m 02s)
     Speed:     ev/sec=6.15877e+06   simsec/sec=1679.25   ev/simsec=3667.58
     Messages:  created: 184682088   present: 10   in FES: 2
** Event #385828608   t=105286.284232694976   Elapsed: 64.0006s (1m 04s)
     Speed:     ev/sec=6.20632e+06   simsec/sec=1692.64   ev/simsec=3666.66
     Messages:  created: 190821357   present: 9   in FES: 2
** Event #398120448   t=108637.195812929696   Elapsed: 66.0006s (1m 06s)
     Speed:     ev/sec=6.1459e+06   simsec/sec=1675.45   ev/simsec=3668.21
     Messages:  created: 196900872   present: 10   in FES: 2
** Event #410461696   t=112006.283249366479   Elapsed: 68.0007s (1m 08s)
     Speed:     ev/sec=6.17056e+06   simsec/sec=1684.53   ev/simsec=3663.08
     Messages:  created: 203004599   present: 10   in FES: 2
** Event #422823936   t=115382.416945927618   Elapsed: 70.0007s (1m 10s)
     Speed:     ev/sec=6.18104e+06   simsec/sec=1688.04   ev/simsec=3661.66
     Messages:  created: 209118267   present: 9   in FES: 2
** Event #435197696   t=118761.020229259429   Elapsed: 72.0007s (1m 12s)
     Speed:     ev/sec=6.18675e+06   simsec/sec=1689.27   ev/simsec=3662.39
     Messages:  created: 215238333   present: 10   in FES: 2
** Event #447582720   t=122143.003166233774   Elapsed: 74.0007s (1m 14s)
     Speed:     ev/sec=6.19242e+06   simsec/sec=1690.97   ev/simsec=3662.06
     Messages:  created: 221363493   present: 9   in FES: 2
** Event #459967488   t=125524.791938647907   Elapsed: 76.0008s (1m 16s)
     Speed:     ev/sec=6.19227e+06   simsec/sec=1690.86   ev/simsec=3662.19
     Messages:  created: 227488473   present: 10   in FES: 2
** Event #472347904   t=128903.323969403277   Elapsed: 78.0008s (1m 18s)
     Speed:     ev/sec=6.19013e+06   simsec/sec=1689.24   ev/simsec=3664.44
     Messages:  created: 233611194   present: 9   in FES: 2
** Event #484679168   t=132266.264097595739   Elapsed: 80.0008s (1m 20s)
     Speed:     ev/sec=6.16553e+06   simsec/sec=1681.44   ev/simsec=3666.81
     Messages:  created: 239709753   present: 10   in FES: 2
** Event #497093888   t=135650.898261894207   Elapsed: 82.0009s (1m 22s)
     Speed:     ev/sec=6.20727e+06   simsec/sec=1692.29   ev/simsec=3667.97
     Messages:  created: 245850239   present: 10   in FES: 2
** Event #509473536   t=139028.85057583009   Elapsed: 84.0009s (1m 24s)
     Speed:     ev/sec=6.18977e+06   simsec/sec=1688.96   ev/simsec=3664.84
     Messages:  created: 251972976   present: 10   in FES: 2
** Event #521899776   t=142421.813836681854   Elapsed: 86.0009s (1m 26s)
     Speed:     ev/sec=6.21302e+06   simsec/sec=1696.45   ev/simsec=3662.36
     Messages:  created: 258118487   present: 9   in FES: 2
** Event #534305024   t=145806.240644306436   Elapsed: 88.001s (1m 28s)
     Speed:     ev/sec=6.20251e+06   simsec/sec=1692.18   ev/simsec=3665.39
     Messages:  created: 264253973   present: 10   in FES: 2
** Event #546736896   t=149199.554526093244   Elapsed: 90.001s (1m 30s)
     Speed:     ev/sec=6.21584e+06   simsec/sec=1696.63   ev/simsec=3663.64
     Messages:  created: 270402394   present: 9   in FES: 2
** Event #559127040   t=152580.661292452286   Elapsed: 92.001s (1m 32s)
     Speed:     ev/sec=6.19502e+06   simsec/sec=1690.54   ev/simsec=3664.52
     Messages:  created: 276531122   present: 9   in FES: 2
** Event #571538944   t=155976.830895192092   Elapsed: 94.001s (1m 34s)
     Speed:     ev/sec=6.20593e+06   simsec/sec=1698.08   ev/simsec=3654.68
     Messages:  created: 282668794   present: 10   in FES: 2
** Event #583929088   t=159359.094213235998   Elapsed: 96.001s (1m 36s)
     Speed:     ev/sec=6.19503e+06   simsec/sec=1691.12   ev/simsec=3663.27
     Messages:  created: 288796345   present: 10   in FES: 2
** Event #596345856   t=162744.56133257703   Elapsed: 98.001s (1m 38s)
     Speed:     ev/sec=6.20838e+06   simsec/sec=1692.73   ev/simsec=3667.67
     Messages:  created: 294937433   present: 10   in FES: 2
** Event #608704768   t=166118.915765189889   Elapsed: 100.001s (1m 40s)
     Speed:     ev/sec=6.17934e+06   simsec/sec=1687.15   ev/simsec=3662.6
     Messages:  created: 301049935   present: 9   in FES: 2
** Event #621113856   t=169505.402644664439   Elapsed: 102.001s (1m 42s)
     Speed:     ev/sec=6.20441e+06   simsec/sec=1693.21   ev/simsec=3664.3
     Messages:  created: 307187081   present: 9   in FES: 2
** Event #633540864   t=172899.882907796784   Elapsed: 104.001s (1m 44s)
     Speed:     ev/sec=6.21342e+06   simsec/sec=1697.22   ev/simsec=3660.95
     Messages:  created: 313332813   present: 10   in FES: 2
** Event #645977856   t=176293.318287832021   Elapsed: 106.001s (1m 46s)
     Speed:     ev/sec=6.21845e+06   simsec/sec=1696.71   ev/simsec=3665.02
     Messages:  created: 319483819   present: 10   in FES: 2
** Event #658414336   t=179688.302076523343   Elapsed: 108.001s (1m 48s)
     Speed:     ev/sec=6.21823e+06   simsec/sec=1697.49   ev/simsec=3663.19
     Messages:  created: 325634304   present: 9   in FES: 2
** Event #670788352   t=183067.630107756576   Elapsed: 110.001s (1m 50s)
     Speed:     ev/sec=6.18691e+06   simsec/sec=1689.64   ev/simsec=3661.68
     Messages:  created: 331753891   present: 10   in FES: 2
** Event #683249152   t=186469.443442242503   Elapsed: 112.001s (1m 52s)
     Speed:     ev/sec=6.2303e+06   simsec/sec=1700.88   ev/simsec=3662.99
     Messages:  created: 337916714   present: 9   in FES: 2
** Event #695631104   t=189852.17473868391   Elapsed: 114.001s (1m 54s)
     Speed:     ev/sec=6.19098e+06   simsec/sec=1691.37   ev/simsec=3660.34
     Messages:  created: 344039900   present: 9   in FES: 2
** Event #708050176   t=193240.153246731587   Elapsed: 116.001s (1m 56s)
     Speed:     ev/sec=6.20945e+06   simsec/sec=1693.97   ev/simsec=3665.63
     Messages:  created: 350181721   present: 10   in FES: 2
** Event #720461312   t=196622.164874596684   Elapsed: 118.001s (1m 58s)
     Speed:     ev/sec=6.20544e+06   simsec/sec=1690.97   ev/simsec=3669.75
     Messages:  created: 356320106   present: 10   in FES: 2
** Event #732907008   t=200015.135567886631   Elapsed: 120.001s (2m 00s)
     Speed:     ev/sec=6.22282e+06   simsec/sec=1696.48   ev/simsec=3668.08
     Messages:  created: 362475425   present: 10   in FES: 2
** Event #745347072   t=203405.775274445905   Elapsed: 122.001s (2m 02s)
     Speed:     ev/sec=6.22e+06   simsec/sec=1695.31   ev/simsec=3668.94
     Messages:  created: 368628166   present: 10   in FES: 2
** Event #757718784   t=206782.234354527879   Elapsed: 124.001s (2m 04s)
     Speed:     ev/sec=6.1858e+06   simsec/sec=1688.21   ev/simsec=3664.11
     Messages:  created: 374746334   present: 10   in FES: 2
** Event #770162688   t=210176.783125703727   Elapsed: 126.001s (2m 06s)
     Speed:     ev/sec=6.22185e+06   simsec/sec=1697.25   ev/simsec=3665.85
     Messages:  created: 380901157   present: 10   in FES: 2
** Event #782552832   t=213562.360825324732   Elapsed: 128.001s (2m 08s)
     Speed:     ev/sec=6.19502e+06   simsec/sec=1692.77   ev/simsec=3659.68
     Messages:  created: 387028903   present: 9   in FES: 2
** Event #794956800   t=216947.883027968044   Elapsed: 130.001s (2m 10s)
     Speed:     ev/sec=6.20193e+06   simsec/sec=1692.75   ev/simsec=3663.83
     Messages:  created: 393163237   present: 10   in FES: 2
** Event #807326976   t=220326.623915491284   Elapsed: 132.001s (2m 12s)
     Speed:     ev/sec=6.185e+06   simsec/sec=1689.35   ev/simsec=3661.18
     Messages:  created: 399280883   present: 9   in FES: 2
** Event #819694080   t=223700.670070272156   Elapsed: 134.001s (2m 14s)
     Speed:     ev/sec=6.1835e+06   simsec/sec=1687.01   ev/simsec=3665.36
     Messages:  created: 405397127   present: 9   in FES: 2
** Event #832132864   t=227098.387194199101   Elapsed: 136.001s (2m 16s)
     Speed:     ev/sec=6.21928e+06   simsec/sec=1698.83   ev/simsec=3660.92
     Messages:  created: 411548804   present: 10   in FES: 2
** Event #844563712   t=230488.877184979173   Elapsed: 138.002s (2m 18s)
     Speed:     ev/sec=6.21531e+06   simsec/sec=1695.21   ev/simsec=3666.39
     Messages:  created: 417697158   present: 9   in FES: 2
** Event #857019136   t=233881.808650021931   Elapsed: 140.002s (2m 20s)
     Speed:     ev/sec=6.22762e+06   simsec/sec=1696.44   ev/simsec=3670.99
     Messages:  created: 423857999   present: 10   in FES: 2
** Event #869357568   t=237247.618008716381   Elapsed: 142.002s (2m 22s)
     Speed:     ev/sec=6.16909e+06   simsec/sec=1682.87   ev/simsec=3665.81
     Messages:  created: 429959958   present: 9   in FES: 2
** Event #881744128   t=240632.767721585998   Elapsed: 144.002s (2m 24s)
     Speed:     ev/sec=6.19321e+06   simsec/sec=1692.56   ev/simsec=3659.09
     Messages:  created: 436085733   present: 10   in FES: 2
** Event #894155776   t=244024.651918328865   Elapsed: 146.002s (2m 26s)
     Speed:     ev/sec=6.20576e+06   simsec/sec=1695.92   ev/simsec=3659.22
     Messages:  created: 442224318   present: 9   in FES: 2
** Event #906558208   t=247414.027284587419   Elapsed: 148.002s (2m 28s)
     Speed:     ev/sec=6.20117e+06   simsec/sec=1694.67   ev/simsec=3659.21
     Messages:  created: 448357569   present: 9   in FES: 2
** Event #918242409   t=250605.255688112367   Elapsed: 149.88s (2m 29s)
     Speed:     ev/sec=6.21918e+06   simsec/sec=1698.6   ev/simsec=3661.35
     Messages:  created: 454135738   present: 10   in FES: 3

<!> Simulation stopped with endSimulation() -- in module (Sink) CyclicExhaustiveBatchPollingSystem.sink (id=7), at t=250605.255688112367s, event #918242409
undisposed object: (omnetpp::cMessage) CyclicExhaustiveBatchPollingSystem.sink.packet -- check module destructor
