** Event #0   t=0   Elapsed: 2e-06s (0m 00s)
     Speed:     ev/sec=0   simsec/sec=0   ev/simsec=0
     Messages:  created: 9   present: 9   in FES: 3
** Event #12070400   t=3608.030009925593   Elapsed: 2.00002s (0m 02s)
     Speed:     ev/sec=6.03513e+06   simsec/sec=1803.99   ev/simsec=3345.43
     Messages:  created: 5893784   present: 9   in FES: 2
** Event #24163328   t=7220.993398797202   Elapsed: 4.00004s (0m 04s)
     Speed:     ev/sec=6.04642e+06   simsec/sec=1806.47   ev/simsec=3347.09
     Messages:  created: 11797940   present: 9   in FES: 2
** Event #36218880   t=10831.290864714975   Elapsed: 6.00007s (0m 06s)
     Speed:     ev/sec=6.02769e+06   simsec/sec=1805.12   ev/simsec=3339.21
     Messages:  created: 17683568   present: 10   in FES: 2
** Event #48228096   t=14419.469461836057   Elapsed: 8.0001s (0m 08s)
     Speed:     ev/sec=6.00452e+06   simsec/sec=1794.06   ev/simsec=3346.88
     Messages:  created: 23547295   present: 10   in FES: 2
** Event #59805184   t=17881.813943257263   Elapsed: 10.0001s (0m 10s)
     Speed:     ev/sec=5.78849e+06   simsec/sec=1731.16   ev/simsec=3343.71
     Messages:  created: 29200654   present: 9   in FES: 2
** Event #71648256   t=21413.074949567902   Elapsed: 12.0001s (0m 12s)
     Speed:     ev/sec=5.92149e+06   simsec/sec=1765.62   ev/simsec=3353.78
     Messages:  created: 34983495   present: 10   in FES: 2
** Event #83722496   t=25026.444883866811   Elapsed: 14.0002s (0m 14s)
     Speed:     ev/sec=6.037e+06   simsec/sec=1806.65   ev/simsec=3341.55
     Messages:  created: 40878490   present: 9   in FES: 2
** Event #95981056   t=28693.306325872768   Elapsed: 16.0002s (0m 16s)
     Speed:     ev/sec=6.12925e+06   simsec/sec=1833.42   ev/simsec=3343.07
     Messages:  created: 46863544   present: 10   in FES: 2
** Event #107766272   t=32220.92198169223   Elapsed: 18.0002s (0m 18s)
     Speed:     ev/sec=5.89254e+06   simsec/sec=1763.79   ev/simsec=3340.84
     Messages:  created: 52616894   present: 10   in FES: 2
** Event #119823872   t=35826.926731278311   Elapsed: 20.0002s (0m 20s)
     Speed:     ev/sec=6.02876e+06   simsec/sec=1802.99   ev/simsec=3343.76
     Messages:  created: 58503899   present: 10   in FES: 2
** Event #131840000   t=39419.10230524661   Elapsed: 22.0002s (0m 22s)
     Speed:     ev/sec=6.00801e+06   simsec/sec=1796.07   ev/simsec=3345.08
     Messages:  created: 64369745   present: 10   in FES: 2
** Event #143987200   t=43051.589623010841   Elapsed: 24.0003s (0m 24s)
     Speed:     ev/sec=6.07355e+06   simsec/sec=1816.23   ev/simsec=3344.04
     Messages:  created: 70300813   present: 10   in FES: 2
** Event #156248576   t=46721.249217255535   Elapsed: 26.0003s (0m 26s)
     Speed:     ev/sec=6.13064e+06   simsec/sec=1834.82   ev/simsec=3341.28
     Messages:  created: 76286992   present: 9   in FES: 2
** Event #168476160   t=50376.075968611741   Elapsed: 28.0003s (0m 28s)
     Speed:     ev/sec=6.11367e+06   simsec/sec=1827.38   ev/simsec=3345.6
     Messages:  created: 82257594   present: 9   in FES: 2
** Event #180141056   t=53864.432636368641   Elapsed: 30.0003s (0m 30s)
     Speed:     ev/sec=5.83241e+06   simsec/sec=1744.17   ev/simsec=3343.95
     Messages:  created: 87952860   present: 10   in FES: 2
** Event #192399104   t=57530.556351922302   Elapsed: 32.0003s (0m 32s)
     Speed:     ev/sec=6.12898e+06   simsec/sec=1833.05   ev/simsec=3343.6
     Messages:  created: 93937601   present: 10   in FES: 2
** Event #204531456   t=61156.565297371314   Elapsed: 34.0004s (0m 34s)
     Speed:     ev/sec=6.06605e+06   simsec/sec=1812.97   ev/simsec=3345.92
     Messages:  created: 99861146   present: 9   in FES: 2
** Event #216871680   t=64847.271143489085   Elapsed: 36.0004s (0m 36s)
     Speed:     ev/sec=6.17004e+06   simsec/sec=1845.33   ev/simsec=3343.59
     Messages:  created: 105885735   present: 9   in FES: 2
** Event #229112064   t=68511.069193754776   Elapsed: 38.0004s (0m 38s)
     Speed:     ev/sec=6.12016e+06   simsec/sec=1831.89   ev/simsec=3340.9
     Messages:  created: 111861862   present: 10   in FES: 3
** Event #241327104   t=72151.067375964974   Elapsed: 40.0004s (0m 40s)
     Speed:     ev/sec=6.10741e+06   simsec/sec=1819.97   ev/simsec=3355.78
     Messages:  created: 117826212   present: 9   in FES: 2
** Event #253692928   t=75842.954292153906   Elapsed: 42.0005s (0m 42s)
     Speed:     ev/sec=6.18286e+06   simsec/sec=1845.93   ev/simsec=3349.46
     Messages:  created: 123863931   present: 9   in FES: 2
** Event #266054144   t=79536.727649269398   Elapsed: 44.0005s (0m 44s)
     Speed:     ev/sec=6.18049e+06   simsec/sec=1846.85   ev/simsec=3346.5
     Messages:  created: 129899659   present: 10   in FES: 2
** Event #278472448   t=83257.282812570598   Elapsed: 46.0005s (0m 46s)
     Speed:     ev/sec=6.20908e+06   simsec/sec=1860.26   ev/simsec=3337.76
     Messages:  created: 135961371   present: 10   in FES: 2
** Event #290871808   t=86952.752205315009   Elapsed: 48.0006s (0m 48s)
     Speed:     ev/sec=6.19957e+06   simsec/sec=1847.7   ev/simsec=3355.29
     Messages:  created: 142016104   present: 9   in FES: 2
** Event #303293440   t=90662.317661848974   Elapsed: 50.0006s (0m 50s)
     Speed:     ev/sec=6.21081e+06   simsec/sec=1854.78   ev/simsec=3348.54
     Messages:  created: 148080854   present: 10   in FES: 2
** Event #315694080   t=94366.934480493775   Elapsed: 52.0006s (0m 52s)
     Speed:     ev/sec=6.20027e+06   simsec/sec=1852.29   ev/simsec=3347.35
     Messages:  created: 154135856   present: 9   in FES: 2
** Event #328144384   t=98091.254324834521   Elapsed: 54.0006s (0m 54s)
     Speed:     ev/sec=6.22512e+06   simsec/sec=1862.15   ev/simsec=3342.97
     Messages:  created: 160213427   present: 9   in FES: 2
** Event #340499200   t=101782.985374773717   Elapsed: 56.0006s (0m 56s)
     Speed:     ev/sec=6.17739e+06   simsec/sec=1845.86   ev/simsec=3346.62
     Messages:  created: 166245129   present: 9   in FES: 2
** Event #352904448   t=105488.620104733453   Elapsed: 58.0006s (0m 58s)
     Speed:     ev/sec=6.20258e+06   simsec/sec=1852.81   ev/simsec=3347.67
     Messages:  created: 172301899   present: 10   in FES: 2
** Event #365372160   t=109219.447819724903   Elapsed: 60.0006s (1m 00s)
     Speed:     ev/sec=6.23381e+06   simsec/sec=1865.4   ev/simsec=3341.81
     Messages:  created: 178387962   present: 9   in FES: 2
** Event #377841920   t=112946.72087209035   Elapsed: 62.0007s (1m 02s)
     Speed:     ev/sec=6.23476e+06   simsec/sec=1863.6   ev/simsec=3345.55
     Messages:  created: 184475592   present: 9   in FES: 2
** Event #390354432   t=116686.434074477089   Elapsed: 64.0007s (1m 04s)
     Speed:     ev/sec=6.25621e+06   simsec/sec=1869.84   ev/simsec=3345.85
     Messages:  created: 190584849   present: 9   in FES: 2
** Event #402838272   t=120416.299377456607   Elapsed: 66.0007s (1m 06s)
     Speed:     ev/sec=6.24189e+06   simsec/sec=1864.92   ev/simsec=3346.99
     Messages:  created: 196679416   present: 10   in FES: 2
** Event #415337728   t=124144.78772728045   Elapsed: 68.0007s (1m 08s)
     Speed:     ev/sec=6.24957e+06   simsec/sec=1864.2   ev/simsec=3352.42
     Messages:  created: 202783178   present: 9   in FES: 2
** Event #427899392   t=127903.430769191546   Elapsed: 70.0008s (1m 10s)
     Speed:     ev/sec=6.28075e+06   simsec/sec=1879.3   ev/simsec=3342.07
     Messages:  created: 208917075   present: 9   in FES: 2
** Event #440450560   t=131659.876081417155   Elapsed: 72.0008s (1m 12s)
     Speed:     ev/sec=6.27555e+06   simsec/sec=1878.21   ev/simsec=3341.24
     Messages:  created: 215044277   present: 10   in FES: 2
** Event #453009664   t=135410.571009157544   Elapsed: 74.0008s (1m 14s)
     Speed:     ev/sec=6.27944e+06   simsec/sec=1875.31   ev/simsec=3348.47
     Messages:  created: 221176502   present: 9   in FES: 2
** Event #465469696   t=139134.397883073377   Elapsed: 76.0008s (1m 16s)
     Speed:     ev/sec=6.22995e+06   simsec/sec=1861.89   ev/simsec=3346.03
     Messages:  created: 227260776   present: 10   in FES: 2
** Event #478028288   t=142893.963287079948   Elapsed: 78.0009s (1m 18s)
     Speed:     ev/sec=6.2792e+06   simsec/sec=1879.75   ev/simsec=3340.44
     Messages:  created: 233391258   present: 10   in FES: 2
** Event #490556160   t=146636.944335873813   Elapsed: 80.0009s (1m 20s)
     Speed:     ev/sec=6.26393e+06   simsec/sec=1871.49   ev/simsec=3347.03
     Messages:  created: 239507873   present: 10   in FES: 2
** Event #503003648   t=150355.831907519102   Elapsed: 82.0009s (1m 22s)
     Speed:     ev/sec=6.22362e+06   simsec/sec=1859.41   ev/simsec=3347.1
     Messages:  created: 245586056   present: 10   in FES: 2
** Event #515542272   t=154107.926172643073   Elapsed: 84.0009s (1m 24s)
     Speed:     ev/sec=6.26926e+06   simsec/sec=1876.03   ev/simsec=3341.77
     Messages:  created: 251707272   present: 9   in FES: 2
** Event #528073216   t=157858.953154201423   Elapsed: 86.0009s (1m 26s)
     Speed:     ev/sec=6.26546e+06   simsec/sec=1875.51   ev/simsec=3340.67
     Messages:  created: 257824735   present: 9   in FES: 2
** Event #540534784   t=161588.439198542692   Elapsed: 88.001s (1m 28s)
     Speed:     ev/sec=6.23066e+06   simsec/sec=1864.71   ev/simsec=3341.36
     Messages:  created: 263908889   present: 9   in FES: 2
** Event #553068288   t=165347.8940770518   Elapsed: 90.001s (1m 30s)
     Speed:     ev/sec=6.26671e+06   simsec/sec=1879.72   ev/simsec=3333.86
     Messages:  created: 270027235   present: 10   in FES: 2
** Event #565542656   t=169089.056111633585   Elapsed: 92.001s (1m 32s)
     Speed:     ev/sec=6.23714e+06   simsec/sec=1870.57   ev/simsec=3334.36
     Messages:  created: 276115753   present: 9   in FES: 2
** Event #578176000   t=172862.094845123251   Elapsed: 94.001s (1m 34s)
     Speed:     ev/sec=6.31662e+06   simsec/sec=1886.5   ev/simsec=3348.32
     Messages:  created: 282284513   present: 9   in FES: 2
** Event #590783232   t=176626.69522931305   Elapsed: 96.001s (1m 36s)
     Speed:     ev/sec=6.30361e+06   simsec/sec=1882.3   ev/simsec=3348.89
     Messages:  created: 288440578   present: 10   in FES: 2
** Event #603391488   t=180403.220431505977   Elapsed: 98.001s (1m 38s)
     Speed:     ev/sec=6.30407e+06   simsec/sec=1888.25   ev/simsec=3338.59
     Messages:  created: 294595591   present: 9   in FES: 2
** Event #616036864   t=184184.860671170257   Elapsed: 100.001s (1m 40s)
     Speed:     ev/sec=6.32262e+06   simsec/sec=1890.8   ev/simsec=3343.89
     Messages:  created: 300769820   present: 9   in FES: 2
** Event #628698368   t=187967.515961151324   Elapsed: 102.001s (1m 42s)
     Speed:     ev/sec=6.33064e+06   simsec/sec=1891.29   ev/simsec=3347.25
     Messages:  created: 306951235   present: 9   in FES: 2
** Event #641289472   t=191732.633698609527   Elapsed: 104.001s (1m 44s)
     Speed:     ev/sec=6.29543e+06   simsec/sec=1882.52   ev/simsec=3344.15
     Messages:  created: 313098581   present: 9   in FES: 2
** Event #653913600   t=195501.010045129619   Elapsed: 106.001s (1m 46s)
     Speed:     ev/sec=6.31201e+06   simsec/sec=1884.17   ev/simsec=3350.02
     Messages:  created: 319262976   present: 10   in FES: 2
** Event #666508032   t=199269.469680245509   Elapsed: 108.001s (1m 48s)
     Speed:     ev/sec=6.29714e+06   simsec/sec=1884.21   ev/simsec=3342.06
     Messages:  created: 325412007   present: 9   in FES: 2
** Event #679151360   t=203055.55656461424   Elapsed: 110.001s (1m 50s)
     Speed:     ev/sec=6.32165e+06   simsec/sec=1893.04   ev/simsec=3339.42
     Messages:  created: 331584283   present: 10   in FES: 2
** Event #691794944   t=206838.48606318161   Elapsed: 112.001s (1m 52s)
     Speed:     ev/sec=6.32179e+06   simsec/sec=1891.46   ev/simsec=3342.27
     Messages:  created: 337757126   present: 10   in FES: 2
** Event #704480000   t=210626.698901928544   Elapsed: 114.001s (1m 54s)
     Speed:     ev/sec=6.34244e+06   simsec/sec=1894.08   ev/simsec=3348.56
     Messages:  created: 343951623   present: 10   in FES: 2
** Event #717176576   t=214421.246990909299   Elapsed: 116.001s (1m 56s)
     Speed:     ev/sec=6.34821e+06   simsec/sec=1897.25   ev/simsec=3346
     Messages:  created: 350150434   present: 9   in FES: 2
** Event #729866496   t=218210.64781918056   Elapsed: 118.001s (1m 58s)
     Speed:     ev/sec=6.34485e+06   simsec/sec=1894.67   ev/simsec=3348.79
     Messages:  created: 356346476   present: 9   in FES: 2
** Event #742534912   t=221992.597081121853   Elapsed: 120.001s (2m 00s)
     Speed:     ev/sec=6.33408e+06   simsec/sec=1890.94   ev/simsec=3349.71
     Messages:  created: 362532314   present: 10   in FES: 2
** Event #754679536   t=225623.002126433754   Elapsed: 121.916s (2m 01s)
     Speed:     ev/sec=6.34184e+06   simsec/sec=1895.77   ev/simsec=3345.25
     Messages:  created: 368461753   present: 10   in FES: 3

<!> Simulation stopped with endSimulation() -- in module (Sink) CyclicGatedBatchPollingSystem.sink (id=7), at t=225623.002126433754s, event #754679536
undisposed object: (omnetpp::cMessage) CyclicGatedBatchPollingSystem.sink.packet -- check module destructor
