** Event #0   t=0   Elapsed: 4e-06s (0m 00s)
     Speed:     ev/sec=0   simsec/sec=0   ev/simsec=0
     Messages:  created: 13   present: 13   in FES: 3
** Event #11548928   t=2234.296737017037   Elapsed: 2.00002s (0m 02s)
     Speed:     ev/sec=5.7744e+06   simsec/sec=1117.14   ev/simsec=5168.93
     Messages:  created: 4422017   present: 15   in FES: 3
** Event #22987776   t=4458.484229784287   Elapsed: 4.00007s (0m 04s)
     Speed:     ev/sec=5.7193e+06   simsec/sec=1112.07   ev/simsec=5142.93
     Messages:  created: 8799420   present: 13   in FES: 3
** Event #34503424   t=6712.467262006993   Elapsed: 6.00011s (0m 06s)
     Speed:     ev/sec=5.7577e+06   simsec/sec=1126.97   ev/simsec=5109.02
     Messages:  created: 13206636   present: 13   in FES: 2
** Event #46020096   t=8954.591420929928   Elapsed: 8.00012s (0m 08s)
     Speed:     ev/sec=5.75832e+06   simsec/sec=1121.06   ev/simsec=5136.5
     Messages:  created: 17615841   present: 15   in FES: 4
** Event #57552896   t=11187.436422113748   Elapsed: 10.0002s (0m 10s)
     Speed:     ev/sec=5.76629e+06   simsec/sec=1116.4   ev/simsec=5165.07
     Messages:  created: 22030977   present: 13   in FES: 2
** Event #69111808   t=13438.01302619167   Elapsed: 12.0002s (0m 12s)
     Speed:     ev/sec=5.77933e+06   simsec/sec=1125.26   ev/simsec=5135.98
     Messages:  created: 26456441   present: 14   in FES: 3
** Event #80540160   t=15660.153431136177   Elapsed: 14.0002s (0m 14s)
     Speed:     ev/sec=5.71408e+06   simsec/sec=1111.05   ev/simsec=5142.95
     Messages:  created: 30830991   present: 14   in FES: 4
** Event #92033024   t=17909.411254497219   Elapsed: 16.0003s (0m 16s)
     Speed:     ev/sec=5.74633e+06   simsec/sec=1124.61   ev/simsec=5109.62
     Messages:  created: 35230494   present: 13   in FES: 3
** Event #103549184   t=20163.162889808826   Elapsed: 18.0003s (0m 18s)
     Speed:     ev/sec=5.75797e+06   simsec/sec=1126.85   ev/simsec=5109.77
     Messages:  created: 39638408   present: 13   in FES: 3
** Event #114997760   t=22387.317501635864   Elapsed: 20.0003s (0m 20s)
     Speed:     ev/sec=5.72425e+06   simsec/sec=1112.07   ev/simsec=5147.38
     Messages:  created: 44021814   present: 13   in FES: 2
** Event #126410240   t=24606.649800928653   Elapsed: 22.0003s (0m 22s)
     Speed:     ev/sec=5.70621e+06   simsec/sec=1109.66   ev/simsec=5142.3
     Messages:  created: 48389763   present: 14   in FES: 2
** Event #137776384   t=26819.644099110485   Elapsed: 24.0004s (0m 24s)
     Speed:     ev/sec=5.6829e+06   simsec/sec=1106.46   ev/simsec=5136.09
     Messages:  created: 52740486   present: 14   in FES: 2
** Event #149126912   t=29013.74969033656   Elapsed: 26.0004s (0m 26s)
     Speed:     ev/sec=5.67522e+06   simsec/sec=1097.04   ev/simsec=5173.19
     Messages:  created: 57087196   present: 13   in FES: 2
** Event #160668928   t=31254.905317135796   Elapsed: 28.0004s (0m 28s)
     Speed:     ev/sec=5.77096e+06   simsec/sec=1120.57   ev/simsec=5150.03
     Messages:  created: 61505068   present: 13   in FES: 2
** Event #172062464   t=33466.882701177613   Elapsed: 30.0004s (0m 30s)
     Speed:     ev/sec=5.69676e+06   simsec/sec=1105.99   ev/simsec=5150.84
     Messages:  created: 65866638   present: 14   in FES: 4
** Event #183469568   t=35685.107628234775   Elapsed: 32.0004s (0m 32s)
     Speed:     ev/sec=5.7035e+06   simsec/sec=1109.1   ev/simsec=5142.45
     Messages:  created: 70233493   present: 14   in FES: 3
** Event #194988032   t=37926.783781227435   Elapsed: 34.0005s (0m 34s)
     Speed:     ev/sec=5.75915e+06   simsec/sec=1120.82   ev/simsec=5138.33
     Messages:  created: 74642514   present: 13   in FES: 2
** Event #206253312   t=40131.657400910291   Elapsed: 36.0005s (0m 36s)
     Speed:     ev/sec=5.63252e+06   simsec/sec=1102.41   ev/simsec=5109.26
     Messages:  created: 78954339   present: 13   in FES: 2
** Event #217485056   t=42310.018244646047   Elapsed: 38.0005s (0m 38s)
     Speed:     ev/sec=5.61585e+06   simsec/sec=1089.18   ev/simsec=5156.05
     Messages:  created: 83253236   present: 14   in FES: 4
** Event #228890880   t=44536.703181353525   Elapsed: 40.0006s (0m 40s)
     Speed:     ev/sec=5.70277e+06   simsec/sec=1113.32   ev/simsec=5122.33
     Messages:  created: 87619966   present: 13   in FES: 3
** Event #240217088   t=46749.550979085737   Elapsed: 42.0006s (0m 42s)
     Speed:     ev/sec=5.66307e+06   simsec/sec=1106.42   ev/simsec=5118.39
     Messages:  created: 91954930   present: 14   in FES: 3
** Event #251692288   t=49000.223803704844   Elapsed: 44.0006s (0m 44s)
     Speed:     ev/sec=5.73755e+06   simsec/sec=1125.33   ev/simsec=5098.56
     Messages:  created: 96346268   present: 14   in FES: 4
** Event #263128832   t=51234.46561395286   Elapsed: 46.0006s (0m 46s)
     Speed:     ev/sec=5.71817e+06   simsec/sec=1117.1   ev/simsec=5118.76
     Messages:  created: 100723659   present: 13   in FES: 3
** Event #274566656   t=53453.187990299212   Elapsed: 48.0007s (0m 48s)
     Speed:     ev/sec=5.71884e+06   simsec/sec=1109.35   ev/simsec=5155.14
     Messages:  created: 105102891   present: 13   in FES: 2
** Event #286006016   t=55689.910893924253   Elapsed: 50.0007s (0m 50s)
     Speed:     ev/sec=5.71955e+06   simsec/sec=1118.34   ev/simsec=5114.34
     Messages:  created: 109480448   present: 13   in FES: 3
** Event #297438720   t=57920.075714064764   Elapsed: 52.0007s (0m 52s)
     Speed:     ev/sec=5.71627e+06   simsec/sec=1115.07   ev/simsec=5126.39
     Messages:  created: 113855676   present: 14   in FES: 2
** Event #308805632   t=60138.840701655314   Elapsed: 54.0008s (0m 54s)
     Speed:     ev/sec=5.68333e+06   simsec/sec=1109.36   ev/simsec=5123.08
     Messages:  created: 118206253   present: 13   in FES: 3
** Event #320086784   t=62354.102862000809   Elapsed: 56.0008s (0m 56s)
     Speed:     ev/sec=5.64053e+06   simsec/sec=1107.62   ev/simsec=5092.47
     Messages:  created: 122523542   present: 14   in FES: 2
** Event #331533824   t=64589.597365580791   Elapsed: 58.0008s (0m 58s)
     Speed:     ev/sec=5.72341e+06   simsec/sec=1117.73   ev/simsec=5120.59
     Messages:  created: 126905798   present: 14   in FES: 4
** Event #342697472   t=66766.282686628771   Elapsed: 60.0009s (1m 00s)
     Speed:     ev/sec=5.58168e+06   simsec/sec=1088.31   ev/simsec=5128.74
     Messages:  created: 131180166   present: 14   in FES: 3
** Event #354095616   t=68973.701899646623   Elapsed: 62.0009s (1m 02s)
     Speed:     ev/sec=5.69905e+06   simsec/sec=1103.71   ev/simsec=5163.56
     Messages:  created: 135543731   present: 14   in FES: 3
** Event #365539072   t=71209.16238606088   Elapsed: 64.0009s (1m 04s)
     Speed:     ev/sec=5.72168e+06   simsec/sec=1117.72   ev/simsec=5119.06
     Messages:  created: 139923409   present: 13   in FES: 3
** Event #377006848   t=73441.046978443296   Elapsed: 66.0009s (1m 06s)
     Speed:     ev/sec=5.73388e+06   simsec/sec=1115.94   ev/simsec=5138.16
     Messages:  created: 144312701   present: 14   in FES: 2
** Event #388435968   t=75675.117196054766   Elapsed: 68.0009s (1m 08s)
     Speed:     ev/sec=5.71453e+06   simsec/sec=1117.03   ev/simsec=5115.83
     Messages:  created: 148687601   present: 14   in FES: 4
** Event #399614976   t=77840.247577686269   Elapsed: 70.0009s (1m 10s)
     Speed:     ev/sec=5.58949e+06   simsec/sec=1082.56   ev/simsec=5163.2
     Messages:  created: 152967604   present: 14   in FES: 3
** Event #411022336   t=80069.403244049573   Elapsed: 72.0009s (1m 12s)
     Speed:     ev/sec=5.70361e+06   simsec/sec=1114.56   ev/simsec=5117.35
     Messages:  created: 157334073   present: 13   in FES: 2
** Event #422548480   t=82316.548357892732   Elapsed: 74.001s (1m 14s)
     Speed:     ev/sec=5.76302e+06   simsec/sec=1123.56   ev/simsec=5129.24
     Messages:  created: 161746393   present: 14   in FES: 2
** Event #434129920   t=84570.585520688849   Elapsed: 76.001s (1m 16s)
     Speed:     ev/sec=5.7906e+06   simsec/sec=1126.99   ev/simsec=5138.09
     Messages:  created: 166179703   present: 13   in FES: 2
** Event #445533696   t=86793.950807785222   Elapsed: 78.001s (1m 18s)
     Speed:     ev/sec=5.70187e+06   simsec/sec=1111.68   ev/simsec=5129.06
     Messages:  created: 170545305   present: 14   in FES: 3
** Event #457108992   t=89045.368375018069   Elapsed: 80.001s (1m 20s)
     Speed:     ev/sec=5.7876e+06   simsec/sec=1125.7   ev/simsec=5141.34
     Messages:  created: 174975844   present: 13   in FES: 3
** Event #468751360   t=91325.414763098416   Elapsed: 82.0011s (1m 22s)
     Speed:     ev/sec=5.82107e+06   simsec/sec=1140   ev/simsec=5106.2
     Messages:  created: 179432345   present: 14   in FES: 2
** Event #480441600   t=93599.292262662724   Elapsed: 84.0011s (1m 24s)
     Speed:     ev/sec=5.84511e+06   simsec/sec=1136.94   ev/simsec=5141.1
     Messages:  created: 183907274   present: 17   in FES: 3
** Event #492224768   t=95894.521867558571   Elapsed: 86.0011s (1m 26s)
     Speed:     ev/sec=5.8915e+06   simsec/sec=1147.6   ev/simsec=5133.76
     Messages:  created: 188418457   present: 13   in FES: 3
** Event #503988480   t=98183.426343959926   Elapsed: 88.0011s (1m 28s)
     Speed:     ev/sec=5.88177e+06   simsec/sec=1144.44   ev/simsec=5139.45
     Messages:  created: 192921518   present: 16   in FES: 3
** Event #515661056   t=100451.838169003029   Elapsed: 90.0011s (1m 30s)
     Speed:     ev/sec=5.83624e+06   simsec/sec=1134.2   ev/simsec=5145.7
     Messages:  created: 197391183   present: 13   in FES: 2
** Event #527472384   t=102746.471867962832   Elapsed: 92.0012s (1m 32s)
     Speed:     ev/sec=5.90562e+06   simsec/sec=1147.31   ev/simsec=5147.37
     Messages:  created: 201913018   present: 14   in FES: 3
** Event #539248640   t=105044.14252098361   Elapsed: 94.0012s (1m 34s)
     Speed:     ev/sec=5.88812e+06   simsec/sec=1148.83   ev/simsec=5125.3
     Messages:  created: 206421286   present: 14   in FES: 3
** Event #551109632   t=107360.353465937369   Elapsed: 96.0012s (1m 36s)
     Speed:     ev/sec=5.93041e+06   simsec/sec=1158.09   ev/simsec=5120.86
     Messages:  created: 210960414   present: 15   in FES: 2
** Event #562842112   t=109659.063238133557   Elapsed: 98.0012s (1m 38s)
     Speed:     ev/sec=5.86617e+06   simsec/sec=1149.34   ev/simsec=5103.94
     Messages:  created: 215451341   present: 14   in FES: 2
** Event #574723840   t=111982.619975917987   Elapsed: 100.001s (1m 40s)
     Speed:     ev/sec=5.94075e+06   simsec/sec=1161.76   ev/simsec=5113.59
     Messages:  created: 219998701   present: 13   in FES: 2
** Event #586324992   t=114245.495242159919   Elapsed: 102.001s (1m 42s)
     Speed:     ev/sec=5.80054e+06   simsec/sec=1131.43   ev/simsec=5126.73
     Messages:  created: 224440023   present: 14   in FES: 4
** Event #597928704   t=116500.783253936659   Elapsed: 104.001s (1m 44s)
     Speed:     ev/sec=5.80173e+06   simsec/sec=1127.62   ev/simsec=5145.11
     Messages:  created: 228881867   present: 13   in FES: 2
** Event #609824000   t=118810.332446295971   Elapsed: 106.001s (1m 46s)
     Speed:     ev/sec=5.94752e+06   simsec/sec=1154.75   ev/simsec=5150.48
     Messages:  created: 233435640   present: 15   in FES: 2
** Event #621733120   t=121122.39482251158   Elapsed: 108.001s (1m 48s)
     Speed:     ev/sec=5.95453e+06   simsec/sec=1156.02   ev/simsec=5150.86
     Messages:  created: 237994483   present: 13   in FES: 2
** Event #633585408   t=123428.204464892384   Elapsed: 110.001s (1m 50s)
     Speed:     ev/sec=5.9261e+06   simsec/sec=1152.9   ev/simsec=5140.18
     Messages:  created: 242530931   present: 13   in FES: 2
** Event #634669160   t=123637.266695076375   Elapsed: 110.188s (1m 50s)
     Speed:     ev/sec=5.79493e+06   simsec/sec=1117.88   ev/simsec=5183.87
     Messages:  created: 242945678   present: 18   in FES: 4

<!> Simulation stopped with endSimulation() -- in module (Sink) DynamicExhausedPollingSystem.sink (id=7), at t=123637.266695076375s, event #634669160
undisposed object: (omnetpp::cMessage) DynamicExhausedPollingSystem.sink.packet -- check module destructor
