** Event #0   t=0   Elapsed: 2e-06s (0m 00s)
     Speed:     ev/sec=0   simsec/sec=0   ev/simsec=0
     Messages:  created: 9   present: 9   in FES: 3
** Event #10433536   t=4463.403691876318   Elapsed: 2.00002s (0m 02s)
     Speed:     ev/sec=5.21673e+06   simsec/sec=2231.69   ev/simsec=2337.57
     Messages:  created: 4725645   present: 10   in FES: 2
** Event #20658944   t=8833.762767165577   Elapsed: 4.00008s (0m 04s)
     Speed:     ev/sec=5.11255e+06   simsec/sec=2185.12   ev/simsec=2339.72
     Messages:  created: 9357487   present: 9   in FES: 2
** Event #31202816   t=13326.014599960058   Elapsed: 6.00008s (0m 06s)
     Speed:     ev/sec=5.27193e+06   simsec/sec=2246.12   ev/simsec=2347.12
     Messages:  created: 14136338   present: 10   in FES: 2
** Event #41430016   t=17690.338011718583   Elapsed: 8.0001s (0m 08s)
     Speed:     ev/sec=5.11354e+06   simsec/sec=2182.14   ev/simsec=2343.36
     Messages:  created: 18771561   present: 10   in FES: 2
** Event #51994624   t=22192.276864492261   Elapsed: 10.0001s (0m 10s)
     Speed:     ev/sec=5.28219e+06   simsec/sec=2250.92   ev/simsec=2346.68
     Messages:  created: 23559076   present: 10   in FES: 3
** Event #62789376   t=26793.493609267672   Elapsed: 12.0002s (0m 12s)
     Speed:     ev/sec=5.39727e+06   simsec/sec=2300.56   ev/simsec=2346.06
     Messages:  created: 28451149   present: 9   in FES: 2
** Event #73555200   t=31387.425135369552   Elapsed: 14.0002s (0m 14s)
     Speed:     ev/sec=5.38282e+06   simsec/sec=2296.92   ev/simsec=2343.49
     Messages:  created: 33329204   present: 10   in FES: 2
** Event #84263680   t=35966.249609906944   Elapsed: 16.0002s (0m 16s)
     Speed:     ev/sec=5.35418e+06   simsec/sec=2289.39   ev/simsec=2338.7
     Messages:  created: 38178723   present: 9   in FES: 2
** Event #94896128   t=40514.558720136056   Elapsed: 18.0002s (0m 18s)
     Speed:     ev/sec=5.3162e+06   simsec/sec=2274.15   ev/simsec=2337.67
     Messages:  created: 42994020   present: 10   in FES: 2
** Event #105753600   t=45155.564304685693   Elapsed: 20.0003s (0m 20s)
     Speed:     ev/sec=5.42868e+06   simsec/sec=2320.48   ev/simsec=2339.47
     Messages:  created: 47913159   present: 10   in FES: 2
** Event #116633856   t=49803.576645019469   Elapsed: 22.0003s (0m 22s)
     Speed:     ev/sec=5.44009e+06   simsec/sec=2323.99   ev/simsec=2340.84
     Messages:  created: 52841910   present: 10   in FES: 2
** Event #127512064   t=54456.369751849815   Elapsed: 24.0003s (0m 24s)
     Speed:     ev/sec=5.43905e+06   simsec/sec=2326.37   ev/simsec=2338
     Messages:  created: 57769118   present: 9   in FES: 2
** Event #138224128   t=59018.709669346371   Elapsed: 26.0003s (0m 26s)
     Speed:     ev/sec=5.35598e+06   simsec/sec=2281.15   ev/simsec=2347.93
     Messages:  created: 62622831   present: 10   in FES: 2
** Event #142945610   t=61035.2547280045   Elapsed: 26.8818s (0m 26s)
     Speed:     ev/sec=5.35651e+06   simsec/sec=2287.76   ev/simsec=2341.37
     Messages:  created: 64762392   present: 10   in FES: 3

<!> Simulation stopped with endSimulation() -- in module (Sink) CyclicExhaustiveBatchPollingSystem.sink (id=7), at t=61035.2547280045s, event #142945610
undisposed object: (omnetpp::cMessage) CyclicExhaustiveBatchPollingSystem.sink.packet -- check module destructor
