** Event #0   t=0   Elapsed: 2e-06s (0m 00s)
     Speed:     ev/sec=0   simsec/sec=0   ev/simsec=0
     Messages:  created: 9   present: 9   in FES: 3
** Event #10233344   t=4743.767077649376   Elapsed: 2.00001s (0m 02s)
     Speed:     ev/sec=5.11665e+06   simsec/sec=2371.88   ev/simsec=2157.22
     Messages:  created: 4520370   present: 10   in FES: 2
** Event #20246528   t=9383.514190907537   Elapsed: 4.00003s (0m 04s)
     Speed:     ev/sec=5.00653e+06   simsec/sec=2319.84   ev/simsec=2158.13
     Messages:  created: 8943396   present: 10   in FES: 2
** Event #30458368   t=14108.650442979636   Elapsed: 6.00004s (0m 06s)
     Speed:     ev/sec=5.1059e+06   simsec/sec=2362.56   ev/simsec=2161.17
     Messages:  created: 13456430   present: 9   in FES: 2
** Event #40481280   t=18734.428978548027   Elapsed: 8.00006s (0m 08s)
     Speed:     ev/sec=5.01141e+06   simsec/sec=2312.87   ev/simsec=2166.75
     Messages:  created: 17886592   present: 16   in FES: 5
** Event #50894592   t=23537.191722432231   Elapsed: 10.0001s (0m 10s)
     Speed:     ev/sec=5.20662e+06   simsec/sec=2401.37   ev/simsec=2168.19
     Messages:  created: 22489278   present: 10   in FES: 2
** Event #61420544   t=28405.090531026702   Elapsed: 12.0001s (0m 12s)
     Speed:     ev/sec=5.26294e+06   simsec/sec=2433.93   ev/simsec=2162.32
     Messages:  created: 27141163   present: 11   in FES: 2
** Event #72064000   t=33302.744082795852   Elapsed: 14.0001s (0m 14s)
     Speed:     ev/sec=5.32165e+06   simsec/sec=2448.79   ev/simsec=2173.17
     Messages:  created: 31848371   present: 11   in FES: 2
** Event #82600448   t=38181.542507472519   Elapsed: 16.0002s (0m 16s)
     Speed:     ev/sec=5.26812e+06   simsec/sec=2439.35   ev/simsec=2159.64
     Messages:  created: 36503489   present: 9   in FES: 2
** Event #93143808   t=43046.953461167979   Elapsed: 18.0002s (0m 18s)
     Speed:     ev/sec=5.27161e+06   simsec/sec=2432.67   ev/simsec=2167
     Messages:  created: 41164846   present: 10   in FES: 2
** Event #103690752   t=47931.749204700183   Elapsed: 20.0003s (0m 20s)
     Speed:     ev/sec=5.27323e+06   simsec/sec=2442.28   ev/simsec=2159.14
     Messages:  created: 45822443   present: 10   in FES: 2
** Event #114356736   t=52869.583132401452   Elapsed: 22.0003s (0m 22s)
     Speed:     ev/sec=5.33294e+06   simsec/sec=2468.89   ev/simsec=2160.05
     Messages:  created: 50536264   present: 10   in FES: 2
** Event #124793600   t=57706.071731254767   Elapsed: 24.0003s (0m 24s)
     Speed:     ev/sec=5.21834e+06   simsec/sec=2418.2   ev/simsec=2157.94
     Messages:  created: 55145946   present: 15   in FES: 7
** Event #135260160   t=62519.138493337896   Elapsed: 26.0004s (0m 26s)
     Speed:     ev/sec=5.23322e+06   simsec/sec=2406.51   ev/simsec=2174.61
     Messages:  created: 59775335   present: 10   in FES: 3
** Event #145914880   t=67442.511923954275   Elapsed: 28.0004s (0m 28s)
     Speed:     ev/sec=5.32736e+06   simsec/sec=2461.69   ev/simsec=2164.11
     Messages:  created: 64483365   present: 10   in FES: 2
** Event #156676352   t=72413.079437503634   Elapsed: 30.0004s (0m 30s)
     Speed:     ev/sec=5.38059e+06   simsec/sec=2485.22   ev/simsec=2165.04
     Messages:  created: 69238703   present: 9   in FES: 2
** Event #167411456   t=77375.299108897129   Elapsed: 32.0004s (0m 32s)
     Speed:     ev/sec=5.36753e+06   simsec/sec=2481.1   ev/simsec=2163.37
     Messages:  created: 73982682   present: 9   in FES: 2
** Event #178113280   t=82322.734359378816   Elapsed: 34.0005s (0m 34s)
     Speed:     ev/sec=5.35078e+06   simsec/sec=2473.66   ev/simsec=2163.11
     Messages:  created: 78710914   present: 10   in FES: 2
** Event #188898560   t=87307.351426118168   Elapsed: 36.0005s (0m 36s)
     Speed:     ev/sec=5.39255e+06   simsec/sec=2492.26   ev/simsec=2163.71
     Messages:  created: 83476983   present: 9   in FES: 2
** Event #199653376   t=92271.654548583589   Elapsed: 38.0005s (0m 38s)
     Speed:     ev/sec=5.37733e+06   simsec/sec=2482.12   ev/simsec=2166.43
     Messages:  created: 88229510   present: 10   in FES: 2
** Event #210507264   t=97278.515077277309   Elapsed: 40.0006s (0m 40s)
     Speed:     ev/sec=5.42682e+06   simsec/sec=2503.37   ev/simsec=2167.8
     Messages:  created: 93027930   present: 11   in FES: 3
** Event #221089024   t=102163.921573007182   Elapsed: 42.0006s (0m 42s)
     Speed:     ev/sec=5.29079e+06   simsec/sec=2442.66   ev/simsec=2165.99
     Messages:  created: 97706077   present: 11   in FES: 2
** Event #231924480   t=107186.394405054045   Elapsed: 44.0006s (0m 44s)
     Speed:     ev/sec=5.41763e+06   simsec/sec=2511.19   ev/simsec=2157.39
     Messages:  created: 102492413   present: 10   in FES: 2
** Event #242665984   t=112161.218260605169   Elapsed: 46.0007s (0m 46s)
     Speed:     ev/sec=5.37068e+06   simsec/sec=2487.38   ev/simsec=2159.17
     Messages:  created: 107237801   present: 9   in FES: 2
** Event #253453568   t=117144.122697585442   Elapsed: 48.0007s (0m 48s)
     Speed:     ev/sec=5.39369e+06   simsec/sec=2491.41   ev/simsec=2164.92
     Messages:  created: 112004809   present: 10   in FES: 2
** Event #264326400   t=122176.949852387497   Elapsed: 50.0007s (0m 50s)
     Speed:     ev/sec=5.43637e+06   simsec/sec=2516.39   ev/simsec=2160.38
     Messages:  created: 116808934   present: 11   in FES: 3
** Event #275069440   t=127155.522764364384   Elapsed: 52.0007s (0m 52s)
     Speed:     ev/sec=5.37148e+06   simsec/sec=2489.27   ev/simsec=2157.86
     Messages:  created: 121555137   present: 12   in FES: 3
** Event #285927424   t=132165.640525002769   Elapsed: 54.0008s (0m 54s)
     Speed:     ev/sec=5.42892e+06   simsec/sec=2505.03   ev/simsec=2167.21
     Messages:  created: 126354883   present: 10   in FES: 2
** Event #289340574   t=133737.537431154064   Elapsed: 54.6377s (0m 54s)
     Speed:     ev/sec=5.35872e+06   simsec/sec=2467.91   ev/simsec=2171.36
     Messages:  created: 127863630   present: 10   in FES: 3

<!> Simulation stopped with endSimulation() -- in module (Sink) CyclicExhaustiveBatchPollingSystem.sink (id=7), at t=133737.537431154064s, event #289340574
undisposed object: (omnetpp::cMessage) CyclicExhaustiveBatchPollingSystem.sink.packet -- check module destructor
