** Event #0   t=0   Elapsed: 3e-06s (0m 00s)
     Speed:     ev/sec=0   simsec/sec=0   ev/simsec=0
     Messages:  created: 9   present: 9   in FES: 3
** Event #7496960   t=7947.413792435783   Elapsed: 2.00006s (0m 02s)
     Speed:     ev/sec=3.74837e+06   simsec/sec=3973.59   ev/simsec=943.321
     Messages:  created: 2318732   present: 29   in FES: 2
** Event #14767872   t=15665.669663850883   Elapsed: 4.0001s (0m 04s)
     Speed:     ev/sec=3.63539e+06   simsec/sec=3859.06   ev/simsec=942.041
     Messages:  created: 4565779   present: 36   in FES: 3
** Event #22637824   t=24028.560189003731   Elapsed: 6.00014s (0m 06s)
     Speed:     ev/sec=3.93489e+06   simsec/sec=4181.35   ev/simsec=941.056
     Messages:  created: 6994820   present: 10   in FES: 2
** Event #30294016   t=32149.015884929263   Elapsed: 8.00017s (0m 08s)
     Speed:     ev/sec=3.82805e+06   simsec/sec=4060.18   ev/simsec=942.828
     Messages:  created: 9362653   present: 9   in FES: 2
** Event #37780736   t=40075.545339454039   Elapsed: 10.0002s (0m 10s)
     Speed:     ev/sec=3.74332e+06   simsec/sec=3963.22   ev/simsec=944.514
     Messages:  created: 11680203   present: 22   in FES: 3
** Event #46099712   t=48856.09436729401   Elapsed: 12.0002s (0m 12s)
     Speed:     ev/sec=4.15947e+06   simsec/sec=4390.26   ev/simsec=947.432
     Messages:  created: 14261295   present: 10   in FES: 2
** Event #54529024   t=57840.549079048885   Elapsed: 14.0002s (0m 14s)
     Speed:     ev/sec=4.21462e+06   simsec/sec=4492.19   ev/simsec=938.211
     Messages:  created: 16858380   present: 10   in FES: 2
** Event #62985728   t=66860.163549422113   Elapsed: 16.0002s (0m 16s)
     Speed:     ev/sec=4.22829e+06   simsec/sec=4509.74   ev/simsec=937.59
     Messages:  created: 19464897   present: 14   in FES: 3
** Event #71482624   t=75885.03628931284   Elapsed: 18.0003s (0m 18s)
     Speed:     ev/sec=4.24834e+06   simsec/sec=4512.32   ev/simsec=941.498
     Messages:  created: 22090831   present: 22   in FES: 3
** Event #75340410   t=79921.985624274188   Elapsed: 18.9145s (0m 18s)
     Speed:     ev/sec=4.2196e+06   simsec/sec=4415.57   ev/simsec=955.619
     Messages:  created: 23293729   present: 43   in FES: 3

<!> Simulation stopped with endSimulation() -- in module (Sink) CyclicExhaustiveBatchPollingSystem.sink (id=7), at t=79921.985624274188s, event #75340410
undisposed object: (omnetpp::cMessage) CyclicExhaustiveBatchPollingSystem.sink.packet -- check module destructor
undisposed object: (omnetpp::cMessage) CyclicExhaustiveBatchPollingSystem.cyclicExhaustiveBatchQueue.packet -- check module destructor
