** Event #0   t=0   Elapsed: 3e-06s (0m 00s)
     Speed:     ev/sec=0   simsec/sec=0   ev/simsec=0
     Messages:  created: 9   present: 9   in FES: 3
** Event #9654784   t=4928.79883105606   Elapsed: 2.00004s (0m 02s)
     Speed:     ev/sec=4.8273e+06   simsec/sec=2464.35   ev/simsec=1958.85
     Messages:  created: 4235912   present: 11   in FES: 3
** Event #19263744   t=9828.367715091274   Elapsed: 4.00007s (0m 04s)
     Speed:     ev/sec=4.80441e+06   simsec/sec=2449.75   ev/simsec=1961.18
     Messages:  created: 8451472   present: 15   in FES: 2
** Event #29175040   t=14902.430674105769   Elapsed: 6.00011s (0m 06s)
     Speed:     ev/sec=4.95555e+06   simsec/sec=2536.98   ev/simsec=1953.33
     Messages:  created: 12797677   present: 9   in FES: 2
** Event #38447616   t=19629.455010010288   Elapsed: 8.00011s (0m 08s)
     Speed:     ev/sec=4.63627e+06   simsec/sec=2363.51   ev/simsec=1961.61
     Messages:  created: 16867644   present: 10   in FES: 2
** Event #47159573   t=24062.633671021338   Elapsed: 9.95701s (0m 09s)
     Speed:     ev/sec=4.45194e+06   simsec/sec=2265.42   ev/simsec=1965.17
     Messages:  created: 20692765   present: 12   in FES: 3

<!> Simulation stopped with endSimulation() -- in module (Sink) CyclicExhaustiveBatchPollingSystem.sink (id=7), at t=24062.633671021338s, event #47159573
undisposed object: (omnetpp::cMessage) CyclicExhaustiveBatchPollingSystem.sink.packet -- check module destructor
undisposed object: (omnetpp::cMessage) CyclicExhaustiveBatchPollingSystem.cyclicExhaustiveBatchQueue.packet -- check module destructor
