** Event #0   t=0   Elapsed: 3e-06s (0m 00s)
     Speed:     ev/sec=0   simsec/sec=0   ev/simsec=0
     Messages:  created: 9   present: 9   in FES: 3
** Event #10542080   t=3172.378048239485   Elapsed: 2.00003s (0m 02s)
     Speed:     ev/sec=5.27096e+06   simsec/sec=1586.16   ev/simsec=3323.08
     Messages:  created: 5143804   present: 10   in FES: 2
** Event #21062912   t=6347.808409279879   Elapsed: 4.00006s (0m 04s)
     Speed:     ev/sec=5.26035e+06   simsec/sec=1587.7   ev/simsec=3313.2
     Messages:  created: 10277581   present: 9   in FES: 2
** Event #32219648   t=9715.887746724983   Elapsed: 6.00009s (0m 06s)
     Speed:     ev/sec=5.57828e+06   simsec/sec=1684.01   ev/simsec=3312.49
     Messages:  created: 15720745   present: 9   in FES: 2
** Event #42872064   t=12927.572272605607   Elapsed: 8.00013s (0m 08s)
     Speed:     ev/sec=5.32609e+06   simsec/sec=1605.81   ev/simsec=3316.77
     Messages:  created: 20917737   present: 9   in FES: 2
** Event #53047296   t=15993.680853977202   Elapsed: 10.0002s (0m 10s)
     Speed:     ev/sec=5.08751e+06   simsec/sec=1533.02   ev/simsec=3318.61
     Messages:  created: 25883589   present: 9   in FES: 2
** Event #64872192   t=19554.071221786792   Elapsed: 12.0002s (0m 12s)
     Speed:     ev/sec=5.91234e+06   simsec/sec=1780.16   ev/simsec=3321.24
     Messages:  created: 31653212   present: 10   in FES: 2
** Event #77028608   t=23214.110678410216   Elapsed: 14.0002s (0m 14s)
     Speed:     ev/sec=6.07816e+06   simsec/sec=1830.01   ev/simsec=3321.39
     Messages:  created: 37584881   present: 9   in FES: 2
** Event #89050368   t=26833.149470196485   Elapsed: 16.0002s (0m 16s)
     Speed:     ev/sec=6.0108e+06   simsec/sec=1809.5   ev/simsec=3321.81
     Messages:  created: 43450721   present: 9   in FES: 2
** Event #101243136   t=30505.845817797406   Elapsed: 18.0003s (0m 18s)
     Speed:     ev/sec=6.09627e+06   simsec/sec=1836.32   ev/simsec=3319.84
     Messages:  created: 49399903   present: 10   in FES: 2
** Event #113420544   t=34170.527038786125   Elapsed: 20.0003s (0m 20s)
     Speed:     ev/sec=6.08863e+06   simsec/sec=1832.32   ev/simsec=3322.91
     Messages:  created: 55342345   present: 9   in FES: 2
** Event #125601536   t=37835.786464542013   Elapsed: 22.0003s (0m 22s)
     Speed:     ev/sec=6.09049e+06   simsec/sec=1832.63   ev/simsec=3323.36
     Messages:  created: 61286207   present: 10   in FES: 2
** Event #137637376   t=41472.733529299304   Elapsed: 24.0003s (0m 24s)
     Speed:     ev/sec=6.01792e+06   simsec/sec=1818.47   ev/simsec=3309.33
     Messages:  created: 67156777   present: 9   in FES: 2
** Event #149685504   t=45092.945720892096   Elapsed: 26.0003s (0m 26s)
     Speed:     ev/sec=6.02402e+06   simsec/sec=1810.09   ev/simsec=3328.02
     Messages:  created: 73036173   present: 9   in FES: 2
** Event #161890816   t=48770.667192659514   Elapsed: 28.0003s (0m 28s)
     Speed:     ev/sec=6.10262e+06   simsec/sec=1838.85   ev/simsec=3318.72
     Messages:  created: 78992156   present: 10   in FES: 2
** Event #174044160   t=52430.817971048913   Elapsed: 30.0004s (0m 30s)
     Speed:     ev/sec=6.07656e+06   simsec/sec=1830.04   ev/simsec=3320.45
     Messages:  created: 84922575   present: 10   in FES: 2
** Event #186128128   t=56074.342265700814   Elapsed: 32.0004s (0m 32s)
     Speed:     ev/sec=6.04197e+06   simsec/sec=1821.76   ev/simsec=3316.56
     Messages:  created: 90818489   present: 9   in FES: 2
** Event #198257920   t=59728.862951893797   Elapsed: 34.0004s (0m 34s)
     Speed:     ev/sec=6.06489e+06   simsec/sec=1827.26   ev/simsec=3319.12
     Messages:  created: 96736652   present: 10   in FES: 3
** Event #210409216   t=63390.359567746325   Elapsed: 36.0004s (0m 36s)
     Speed:     ev/sec=6.07555e+06   simsec/sec=1830.72   ev/simsec=3318.67
     Messages:  created: 102665700   present: 10   in FES: 2
** Event #222482432   t=67028.525993519237   Elapsed: 38.0004s (0m 38s)
     Speed:     ev/sec=6.03658e+06   simsec/sec=1819.08   ev/simsec=3318.49
     Messages:  created: 108557780   present: 10   in FES: 2
** Event #234638336   t=70691.356391741278   Elapsed: 40.0004s (0m 40s)
     Speed:     ev/sec=6.07785e+06   simsec/sec=1831.39   ev/simsec=3318.72
     Messages:  created: 114489017   present: 9   in FES: 2
** Event #246829824   t=74371.448111663198   Elapsed: 42.0005s (0m 42s)
     Speed:     ev/sec=6.09569e+06   simsec/sec=1840.03   ev/simsec=3312.82
     Messages:  created: 120437109   present: 9   in FES: 2
** Event #259077888   t=78064.628803066371   Elapsed: 44.0005s (0m 44s)
     Speed:     ev/sec=6.12391e+06   simsec/sec=1846.55   ev/simsec=3316.4
     Messages:  created: 126412700   present: 10   in FES: 2
** Event #271267328   t=81737.26577049235   Elapsed: 46.0005s (0m 46s)
     Speed:     ev/sec=6.09471e+06   simsec/sec=1836.32   ev/simsec=3318.99
     Messages:  created: 132360013   present: 9   in FES: 2
** Event #283466240   t=85416.120773095466   Elapsed: 48.0005s (0m 48s)
     Speed:     ev/sec=6.09941e+06   simsec/sec=1839.41   ev/simsec=3315.95
     Messages:  created: 138311865   present: 9   in FES: 2
** Event #295600896   t=89071.424863731117   Elapsed: 50.0005s (0m 50s)
     Speed:     ev/sec=6.06729e+06   simsec/sec=1827.64   ev/simsec=3319.74
     Messages:  created: 144232853   present: 9   in FES: 2
** Event #307717120   t=92714.393379260102   Elapsed: 52.0006s (0m 52s)
     Speed:     ev/sec=6.05799e+06   simsec/sec=1821.45   ev/simsec=3325.92
     Messages:  created: 150146191   present: 10   in FES: 2
** Event #319901184   t=96381.420212617244   Elapsed: 54.0006s (0m 54s)
     Speed:     ev/sec=6.092e+06   simsec/sec=1833.5   ev/simsec=3322.6
     Messages:  created: 156091869   present: 9   in FES: 2
** Event #332059904   t=100044.316254865809   Elapsed: 56.0006s (0m 56s)
     Speed:     ev/sec=6.07934e+06   simsec/sec=1831.44   ev/simsec=3319.43
     Messages:  created: 162025404   present: 10   in FES: 2
** Event #344268288   t=103720.264761992808   Elapsed: 58.0006s (0m 58s)
     Speed:     ev/sec=6.10413e+06   simsec/sec=1837.96   ev/simsec=3321.15
     Messages:  created: 167982117   present: 9   in FES: 2
** Event #356408320   t=107367.02734316869   Elapsed: 60.0006s (1m 00s)
     Speed:     ev/sec=6.06993e+06   simsec/sec=1823.36   ev/simsec=3328.99
     Messages:  created: 173906865   present: 9   in FES: 2
** Event #368519424   t=111014.144662103924   Elapsed: 62.0007s (1m 02s)
     Speed:     ev/sec=6.05546e+06   simsec/sec=1823.53   ev/simsec=3320.73
     Messages:  created: 179817420   present: 10   in FES: 2
** Event #380698112   t=114679.402435751713   Elapsed: 64.0007s (1m 04s)
     Speed:     ev/sec=6.0893e+06   simsec/sec=1832.62   ev/simsec=3322.74
     Messages:  created: 185760964   present: 10   in FES: 2
** Event #392883968   t=118343.18634533665   Elapsed: 66.0007s (1m 06s)
     Speed:     ev/sec=6.09292e+06   simsec/sec=1831.89   ev/simsec=3326.03
     Messages:  created: 191707857   present: 9   in FES: 2
** Event #405104640   t=122013.772577794967   Elapsed: 68.0007s (1m 08s)
     Speed:     ev/sec=6.11027e+06   simsec/sec=1835.27   ev/simsec=3329.35
     Messages:  created: 197672197   present: 9   in FES: 2
** Event #417303808   t=125681.450687435279   Elapsed: 70.0007s (1m 10s)
     Speed:     ev/sec=6.09956e+06   simsec/sec=1833.83   ev/simsec=3326.13
     Messages:  created: 203625935   present: 10   in FES: 2
** Event #429532160   t=129359.848492223841   Elapsed: 72.0007s (1m 12s)
     Speed:     ev/sec=6.11408e+06   simsec/sec=1839.17   ev/simsec=3324.37
     Messages:  created: 209592609   present: 9   in FES: 2
** Event #441792256   t=133047.970974820514   Elapsed: 74.0008s (1m 14s)
     Speed:     ev/sec=6.12995e+06   simsec/sec=1844.03   ev/simsec=3324.21
     Messages:  created: 215575881   present: 9   in FES: 2
** Event #453957888   t=136718.30878074953   Elapsed: 76.0008s (1m 16s)
     Speed:     ev/sec=6.08281e+06   simsec/sec=1835.17   ev/simsec=3314.58
     Messages:  created: 221511639   present: 10   in FES: 2
** Event #466202880   t=140402.961751494301   Elapsed: 78.0008s (1m 18s)
     Speed:     ev/sec=6.12249e+06   simsec/sec=1842.32   ev/simsec=3323.24
     Messages:  created: 227487633   present: 9   in FES: 2
** Event #478434816   t=144093.134218791628   Elapsed: 80.0008s (1m 20s)
     Speed:     ev/sec=6.11591e+06   simsec/sec=1845.07   ev/simsec=3314.73
     Messages:  created: 233455989   present: 9   in FES: 2
** Event #490665472   t=147781.018213135069   Elapsed: 82.0008s (1m 22s)
     Speed:     ev/sec=6.11532e+06   simsec/sec=1843.94   ev/simsec=3316.44
     Messages:  created: 239423660   present: 10   in FES: 2
** Event #502855168   t=151447.520492446903   Elapsed: 84.0008s (1m 24s)
     Speed:     ev/sec=6.09478e+06   simsec/sec=1833.23   ev/simsec=3324.61
     Messages:  created: 245372455   present: 10   in FES: 2
** Event #515024640   t=155107.624748354397   Elapsed: 86.0008s (1m 26s)
     Speed:     ev/sec=6.08465e+06   simsec/sec=1830.03   ev/simsec=3324.9
     Messages:  created: 251310805   present: 9   in FES: 2
** Event #527277824   t=158802.986122522078   Elapsed: 88.0009s (1m 28s)
     Speed:     ev/sec=6.1265e+06   simsec/sec=1847.65   ev/simsec=3315.83
     Messages:  created: 257289561   present: 9   in FES: 2
** Event #539478016   t=162479.228574307292   Elapsed: 90.0009s (1m 30s)
     Speed:     ev/sec=6.10004e+06   simsec/sec=1838.11   ev/simsec=3318.66
     Messages:  created: 263242377   present: 9   in FES: 2
** Event #551720192   t=166163.842970168835   Elapsed: 92.0009s (1m 32s)
     Speed:     ev/sec=6.12107e+06   simsec/sec=1842.3   ev/simsec=3322.51
     Messages:  created: 269216029   present: 9   in FES: 2
** Event #563928320   t=169850.194907026749   Elapsed: 94.0009s (1m 34s)
     Speed:     ev/sec=6.10394e+06   simsec/sec=1843.14   ev/simsec=3311.71
     Messages:  created: 275171829   present: 9   in FES: 2
** Event #576110336   t=173520.580086941713   Elapsed: 96.001s (1m 36s)
     Speed:     ev/sec=6.09089e+06   simsec/sec=1835.16   ev/simsec=3319
     Messages:  created: 281115279   present: 10   in FES: 2
** Event #588296704   t=177184.353586183025   Elapsed: 98.001s (1m 38s)
     Speed:     ev/sec=6.0931e+06   simsec/sec=1831.86   ev/simsec=3326.18
     Messages:  created: 287062687   present: 10   in FES: 2
** Event #600539392   t=180878.401671615744   Elapsed: 100.001s (1m 40s)
     Speed:     ev/sec=6.12133e+06   simsec/sec=1847.02   ev/simsec=3314.17
     Messages:  created: 293036251   present: 10   in FES: 2
** Event #612775936   t=184567.889900987799   Elapsed: 102.001s (1m 42s)
     Speed:     ev/sec=6.11826e+06   simsec/sec=1844.74   ev/simsec=3316.6
     Messages:  created: 299006615   present: 10   in FES: 2
** Event #624980992   t=188246.554495886637   Elapsed: 104.001s (1m 44s)
     Speed:     ev/sec=6.10247e+06   simsec/sec=1839.31   ev/simsec=3317.8
     Messages:  created: 304961861   present: 9   in FES: 2
** Event #637202944   t=191923.427543347559   Elapsed: 106.001s (1m 46s)
     Speed:     ev/sec=6.11085e+06   simsec/sec=1838.4   ev/simsec=3324.01
     Messages:  created: 310925953   present: 9   in FES: 2
** Event #649511680   t=195624.001724431336   Elapsed: 108.001s (1m 48s)
     Speed:     ev/sec=6.15433e+06   simsec/sec=1850.28   ev/simsec=3326.17
     Messages:  created: 316933180   present: 10   in FES: 2
** Event #661809664   t=199337.177209372491   Elapsed: 110.001s (1m 50s)
     Speed:     ev/sec=6.14898e+06   simsec/sec=1856.58   ev/simsec=3311.99
     Messages:  created: 322932697   present: 9   in FES: 2
** Event #674096384   t=203040.874454662841   Elapsed: 112.001s (1m 52s)
     Speed:     ev/sec=6.14325e+06   simsec/sec=1851.81   ev/simsec=3317.42
     Messages:  created: 328927009   present: 9   in FES: 2
** Event #686426112   t=206756.472270681073   Elapsed: 114.001s (1m 54s)
     Speed:     ev/sec=6.16474e+06   simsec/sec=1857.76   ev/simsec=3318.37
     Messages:  created: 334942879   present: 10   in FES: 2
** Event #698753536   t=210465.381439595265   Elapsed: 116.001s (1m 56s)
     Speed:     ev/sec=6.16366e+06   simsec/sec=1854.44   ev/simsec=3323.73
     Messages:  created: 340958623   present: 10   in FES: 2
** Event #711023104   t=214161.236780028023   Elapsed: 118.001s (1m 58s)
     Speed:     ev/sec=6.13476e+06   simsec/sec=1847.92   ev/simsec=3319.82
     Messages:  created: 346945439   present: 10   in FES: 2
** Event #723349248   t=217877.445964630798   Elapsed: 120.001s (2m 00s)
     Speed:     ev/sec=6.16304e+06   simsec/sec=1858.1   ev/simsec=3316.86
     Messages:  created: 352959535   present: 10   in FES: 2
** Event #735686912   t=221596.242908225798   Elapsed: 122.001s (2m 02s)
     Speed:     ev/sec=6.16876e+06   simsec/sec=1859.38   ev/simsec=3317.65
     Messages:  created: 358979388   present: 10   in FES: 2
** Event #747941376   t=225285.049037191669   Elapsed: 124.001s (2m 04s)
     Speed:     ev/sec=6.12717e+06   simsec/sec=1844.38   ev/simsec=3322.07
     Messages:  created: 364958975   present: 10   in FES: 2
** Event #760246528   t=228998.477533184816   Elapsed: 126.001s (2m 06s)
     Speed:     ev/sec=6.15247e+06   simsec/sec=1856.68   ev/simsec=3313.69
     Messages:  created: 370962879   present: 10   in FES: 2
** Event #772499968   t=232691.504872166641   Elapsed: 128.001s (2m 08s)
     Speed:     ev/sec=6.12659e+06   simsec/sec=1846.48   ev/simsec=3317.99
     Messages:  created: 376941180   present: 10   in FES: 2
** Event #784804608   t=236396.256990592958   Elapsed: 130.001s (2m 10s)
     Speed:     ev/sec=6.15224e+06   simsec/sec=1852.35   ev/simsec=3321.31
     Messages:  created: 382946247   present: 10   in FES: 2
** Event #797136640   t=240110.64895428338   Elapsed: 132.001s (2m 12s)
     Speed:     ev/sec=6.166e+06   simsec/sec=1857.19   ev/simsec=3320.07
     Messages:  created: 388963916   present: 10   in FES: 2
** Event #809447424   t=243821.409311132812   Elapsed: 134.001s (2m 14s)
     Speed:     ev/sec=6.15533e+06   simsec/sec=1855.36   ev/simsec=3317.59
     Messages:  created: 394969780   present: 10   in FES: 2
** Event #821809152   t=247543.718285037044   Elapsed: 136.001s (2m 16s)
     Speed:     ev/sec=6.18081e+06   simsec/sec=1861.14   ev/simsec=3320.98
     Messages:  created: 401001831   present: 10   in FES: 2
** Event #834065408   t=251236.986282890493   Elapsed: 138.001s (2m 18s)
     Speed:     ev/sec=6.12807e+06   simsec/sec=1846.62   ev/simsec=3318.54
     Messages:  created: 406981868   present: 10   in FES: 2
** Event #843280482   t=254013.776715015947   Elapsed: 139.499s (2m 19s)
     Speed:     ev/sec=6.15319e+06   simsec/sec=1854.15   ev/simsec=3318.61
     Messages:  created: 411478440   present: 10   in FES: 3

<!> Simulation stopped with endSimulation() -- in module (Sink) CyclicExhaustiveBatchPollingSystem.sink (id=7), at t=254013.776715015947s, event #843280482
undisposed object: (omnetpp::cMessage) CyclicExhaustiveBatchPollingSystem.sink.packet -- check module destructor
