** Event #0   t=0   Elapsed: 2e-06s (0m 00s)
     Speed:     ev/sec=0   simsec/sec=0   ev/simsec=0
     Messages:  created: 13   present: 13   in FES: 3
** Event #11653376   t=1539.808046809045   Elapsed: 2.00004s (0m 02s)
     Speed:     ev/sec=5.82659e+06   simsec/sec=769.891   ev/simsec=7568.07
     Messages:  created: 4540943   present: 13   in FES: 2
** Event #23188480   t=3052.110569927377   Elapsed: 4.00006s (0m 04s)
     Speed:     ev/sec=5.76749e+06   simsec/sec=756.143   ev/simsec=7627.51
     Messages:  created: 9034562   present: 14   in FES: 3
** Event #34647296   t=4563.468540933421   Elapsed: 6.00009s (0m 06s)
     Speed:     ev/sec=5.72932e+06   simsec/sec=755.667   ev/simsec=7581.8
     Messages:  created: 13499490   present: 14   in FES: 3
** Event #46147072   t=6080.310448360473   Elapsed: 8.00012s (0m 08s)
     Speed:     ev/sec=5.74981e+06   simsec/sec=758.411   ev/simsec=7581.39
     Messages:  created: 17981908   present: 13   in FES: 2
** Event #57651968   t=7599.757642205764   Elapsed: 10.0001s (0m 10s)
     Speed:     ev/sec=5.75244e+06   simsec/sec=759.722   ev/simsec=7571.76
     Messages:  created: 22464573   present: 14   in FES: 2
** Event #68925184   t=9079.532425660697   Elapsed: 12.0001s (0m 12s)
     Speed:     ev/sec=5.63657e+06   simsec/sec=739.882   ev/simsec=7618.2
     Messages:  created: 26856737   present: 14   in FES: 2
** Event #80583424   t=10612.277372343924   Elapsed: 14.0002s (0m 14s)
     Speed:     ev/sec=5.82906e+06   simsec/sec=766.364   ev/simsec=7606.12
     Messages:  created: 31399928   present: 14   in FES: 2
** Event #92158976   t=12132.143348817404   Elapsed: 16.0002s (0m 16s)
     Speed:     ev/sec=5.78768e+06   simsec/sec=759.92   ev/simsec=7616.17
     Messages:  created: 35909778   present: 14   in FES: 2
** Event #103727616   t=13657.020741129044   Elapsed: 18.0002s (0m 18s)
     Speed:     ev/sec=5.78424e+06   simsec/sec=762.428   ev/simsec=7586.6
     Messages:  created: 40417259   present: 13   in FES: 3
** Event #115390464   t=15186.556337335835   Elapsed: 20.0002s (0m 20s)
     Speed:     ev/sec=5.83139e+06   simsec/sec=764.763   ev/simsec=7625.09
     Messages:  created: 44961071   present: 14   in FES: 2
** Event #126986752   t=16715.154549973048   Elapsed: 22.0003s (0m 22s)
     Speed:     ev/sec=5.79803e+06   simsec/sec=764.284   ev/simsec=7586.22
     Messages:  created: 49480292   present: 14   in FES: 3
** Event #138635008   t=18245.495453762861   Elapsed: 24.0003s (0m 24s)
     Speed:     ev/sec=5.82411e+06   simsec/sec=765.168   ev/simsec=7611.54
     Messages:  created: 54019115   present: 14   in FES: 3
** Event #150474752   t=19804.964373710268   Elapsed: 26.0003s (0m 26s)
     Speed:     ev/sec=5.91982e+06   simsec/sec=779.728   ev/simsec=7592.16
     Messages:  created: 58632105   present: 13   in FES: 3
** Event #162185472   t=21342.615822081803   Elapsed: 28.0003s (0m 28s)
     Speed:     ev/sec=5.85525e+06   simsec/sec=768.812   ev/simsec=7615.98
     Messages:  created: 63195881   present: 14   in FES: 2
** Event #172817408   t=22751.617060272082   Elapsed: 30.0004s (0m 30s)
     Speed:     ev/sec=5.31591e+06   simsec/sec=704.493   ev/simsec=7545.73
     Messages:  created: 67339911   present: 13   in FES: 3
** Event #184410880   t=24269.098560577719   Elapsed: 32.0004s (0m 32s)
     Speed:     ev/sec=5.79665e+06   simsec/sec=758.73   ev/simsec=7639.94
     Messages:  created: 71856051   present: 13   in FES: 3
** Event #195967488   t=25797.024360336143   Elapsed: 34.0004s (0m 34s)
     Speed:     ev/sec=5.77819e+06   simsec/sec=763.948   ev/simsec=7563.59
     Messages:  created: 76358519   present: 13   in FES: 2
** Event #207473408   t=27310.312071812713   Elapsed: 36.0004s (0m 36s)
     Speed:     ev/sec=5.7529e+06   simsec/sec=756.636   ev/simsec=7603.26
     Messages:  created: 80841179   present: 14   in FES: 3
** Event #219113984   t=28838.916477558251   Elapsed: 38.0005s (0m 38s)
     Speed:     ev/sec=5.82023e+06   simsec/sec=764.294   ev/simsec=7615.17
     Messages:  created: 85376097   present: 13   in FES: 3
** Event #230855936   t=30395.168919807918   Elapsed: 40.0005s (0m 40s)
     Speed:     ev/sec=5.8709e+06   simsec/sec=778.116   ev/simsec=7545.02
     Messages:  created: 89951207   present: 13   in FES: 2
** Event #242710784   t=31964.675211489579   Elapsed: 42.0005s (0m 42s)
     Speed:     ev/sec=5.92734e+06   simsec/sec=784.743   ev/simsec=7553.23
     Messages:  created: 94570631   present: 13   in FES: 3
** Event #254621440   t=33528.536499947916   Elapsed: 44.0005s (0m 44s)
     Speed:     ev/sec=5.9553e+06   simsec/sec=781.926   ev/simsec=7616.18
     Messages:  created: 99210939   present: 13   in FES: 3
** Event #266327296   t=35075.015616015893   Elapsed: 46.0005s (0m 46s)
     Speed:     ev/sec=5.85292e+06   simsec/sec=773.238   ev/simsec=7569.36
     Messages:  created: 103773562   present: 13   in FES: 2
** Event #278012672   t=36615.117730193264   Elapsed: 48.0005s (0m 48s)
     Speed:     ev/sec=5.84264e+06   simsec/sec=770.044   ev/simsec=7587.4
     Messages:  created: 108327474   present: 14   in FES: 3
** Event #289885952   t=38176.793522321848   Elapsed: 50.0006s (0m 50s)
     Speed:     ev/sec=5.93658e+06   simsec/sec=780.83   ev/simsec=7602.91
     Messages:  created: 112952443   present: 14   in FES: 3
** Event #301738752   t=39731.512936685441   Elapsed: 52.0006s (0m 52s)
     Speed:     ev/sec=5.92636e+06   simsec/sec=777.354   ev/simsec=7623.76
     Messages:  created: 117569735   present: 14   in FES: 3
** Event #313508096   t=41278.673499182612   Elapsed: 54.0006s (0m 54s)
     Speed:     ev/sec=5.88467e+06   simsec/sec=773.58   ev/simsec=7607.06
     Messages:  created: 122154727   present: 13   in FES: 2
** Event #325112064   t=42807.172741114663   Elapsed: 56.0006s (0m 56s)
     Speed:     ev/sec=5.80188e+06   simsec/sec=764.236   ev/simsec=7591.74
     Messages:  created: 126675458   present: 13   in FES: 3
** Event #336714752   t=44338.536743183128   Elapsed: 58.0007s (0m 58s)
     Speed:     ev/sec=5.80123e+06   simsec/sec=765.667   ev/simsec=7576.7
     Messages:  created: 131195320   present: 13   in FES: 3
** Event #348370688   t=45877.764517586682   Elapsed: 60.0007s (1m 00s)
     Speed:     ev/sec=5.82789e+06   simsec/sec=769.603   ev/simsec=7572.59
     Messages:  created: 135738459   present: 13   in FES: 3
** Event #360292608   t=47443.358431198638   Elapsed: 62.0007s (1m 02s)
     Speed:     ev/sec=5.96088e+06   simsec/sec=782.786   ev/simsec=7614.95
     Messages:  created: 140382899   present: 13   in FES: 3
** Event #372055552   t=48995.28146113979   Elapsed: 64.0007s (1m 04s)
     Speed:     ev/sec=5.8814e+06   simsec/sec=775.951   ev/simsec=7579.59
     Messages:  created: 144966831   present: 14   in FES: 3
** Event #383902976   t=50550.225361035924   Elapsed: 66.0008s (1m 06s)
     Speed:     ev/sec=5.92361e+06   simsec/sec=777.459   ev/simsec=7619.2
     Messages:  created: 149581580   present: 13   in FES: 3
** Event #395659008   t=52097.334974173295   Elapsed: 68.0008s (1m 08s)
     Speed:     ev/sec=5.87801e+06   simsec/sec=773.554   ev/simsec=7598.71
     Messages:  created: 154162600   present: 13   in FES: 2
** Event #407410688   t=53649.23954198439   Elapsed: 70.0008s (1m 10s)
     Speed:     ev/sec=5.8758e+06   simsec/sec=775.948   ev/simsec=7572.42
     Messages:  created: 158741162   present: 14   in FES: 4
** Event #419350528   t=55234.509361898867   Elapsed: 72.0008s (1m 12s)
     Speed:     ev/sec=5.96982e+06   simsec/sec=792.621   ev/simsec=7531.74
     Messages:  created: 163394377   present: 13   in FES: 2
** Event #431373056   t=56816.652818871591   Elapsed: 74.0008s (1m 14s)
     Speed:     ev/sec=6.0112e+06   simsec/sec=791.063   ev/simsec=7598.89
     Messages:  created: 168078894   present: 14   in FES: 3
** Event #443040256   t=58346.564292092317   Elapsed: 76.0009s (1m 16s)
     Speed:     ev/sec=5.83349e+06   simsec/sec=764.942   ev/simsec=7626.06
     Messages:  created: 172624771   present: 14   in FES: 4
** Event #455034368   t=59929.11457125304   Elapsed: 78.0009s (1m 18s)
     Speed:     ev/sec=5.99702e+06   simsec/sec=791.27   ev/simsec=7578.98
     Messages:  created: 177298350   present: 14   in FES: 3
** Event #466932224   t=61499.603299018208   Elapsed: 80.0009s (1m 20s)
     Speed:     ev/sec=5.94881e+06   simsec/sec=785.228   ev/simsec=7575.89
     Messages:  created: 181934740   present: 14   in FES: 3
** Event #478652416   t=63047.616666943702   Elapsed: 82.001s (1m 22s)
     Speed:     ev/sec=5.85999e+06   simsec/sec=773.992   ev/simsec=7571.12
     Messages:  created: 186501073   present: 14   in FES: 2
** Event #490517248   t=64608.928242533141   Elapsed: 84.001s (1m 24s)
     Speed:     ev/sec=5.93236e+06   simsec/sec=780.648   ev/simsec=7599.27
     Messages:  created: 191123167   present: 13   in FES: 2
** Event #502073600   t=66135.825854916259   Elapsed: 86.001s (1m 26s)
     Speed:     ev/sec=5.77816e+06   simsec/sec=763.446   ev/simsec=7568.52
     Messages:  created: 195626337   present: 13   in FES: 2
** Event #513833728   t=67687.530825423585   Elapsed: 88.001s (1m 28s)
     Speed:     ev/sec=5.87998e+06   simsec/sec=775.841   ev/simsec=7578.84
     Messages:  created: 200209723   present: 13   in FES: 3
** Event #525789184   t=69263.0188219231   Elapsed: 90.0011s (1m 30s)
     Speed:     ev/sec=5.97766e+06   simsec/sec=787.735   ev/simsec=7588.41
     Messages:  created: 204868113   present: 13   in FES: 3
** Event #537611008   t=70820.156436555177   Elapsed: 92.0011s (1m 32s)
     Speed:     ev/sec=5.91084e+06   simsec/sec=778.559   ev/simsec=7592.02
     Messages:  created: 209474319   present: 14   in FES: 3
** Event #549417984   t=72368.791049753608   Elapsed: 94.0011s (1m 34s)
     Speed:     ev/sec=5.90339e+06   simsec/sec=774.305   ev/simsec=7624.12
     Messages:  created: 214074200   present: 14   in FES: 2
** Event #561437952   t=73948.723469563654   Elapsed: 96.0011s (1m 36s)
     Speed:     ev/sec=6.00997e+06   simsec/sec=789.965   ev/simsec=7607.9
     Messages:  created: 218754923   present: 13   in FES: 3
** Event #573413632   t=75525.73015273395   Elapsed: 98.0011s (1m 38s)
     Speed:     ev/sec=5.98777e+06   simsec/sec=788.494   ev/simsec=7593.93
     Messages:  created: 223419956   present: 14   in FES: 3
** Event #585409280   t=77105.559674983324   Elapsed: 100.001s (1m 40s)
     Speed:     ev/sec=5.99774e+06   simsec/sec=789.904   ev/simsec=7593
     Messages:  created: 228093980   present: 13   in FES: 2
** Event #597372416   t=78676.556936589061   Elapsed: 102.001s (1m 42s)
     Speed:     ev/sec=5.98145e+06   simsec/sec=785.484   ev/simsec=7614.99
     Messages:  created: 232755069   present: 14   in FES: 2
** Event #609332224   t=80246.495706732058   Elapsed: 104.001s (1m 44s)
     Speed:     ev/sec=5.97982e+06   simsec/sec=784.959   ev/simsec=7618.01
     Messages:  created: 237414691   present: 13   in FES: 3
** Event #621323776   t=81822.410194740538   Elapsed: 106.001s (1m 46s)
     Speed:     ev/sec=5.99577e+06   simsec/sec=787.956   ev/simsec=7609.27
     Messages:  created: 242087827   present: 14   in FES: 2
** Event #633368832   t=83411.899308112964   Elapsed: 108.001s (1m 48s)
     Speed:     ev/sec=6.02252e+06   simsec/sec=794.744   ev/simsec=7577.94
     Messages:  created: 246780722   present: 14   in FES: 3
** Event #645391872   t=85001.652610168396   Elapsed: 110.001s (1m 50s)
     Speed:     ev/sec=6.01141e+06   simsec/sec=794.862   ev/simsec=7562.83
     Messages:  created: 251464472   present: 14   in FES: 3
** Event #657352448   t=86580.025610726685   Elapsed: 112.001s (1m 52s)
     Speed:     ev/sec=5.98026e+06   simsec/sec=789.183   ev/simsec=7577.79
     Messages:  created: 256125599   present: 14   in FES: 2
** Event #669292032   t=88164.565752876163   Elapsed: 114.001s (1m 54s)
     Speed:     ev/sec=5.96978e+06   simsec/sec=792.269   ev/simsec=7535.05
     Messages:  created: 260778332   present: 14   in FES: 2
** Event #681288960   t=89740.265127499618   Elapsed: 116.001s (1m 56s)
     Speed:     ev/sec=5.99837e+06   simsec/sec=787.837   ev/simsec=7613.72
     Messages:  created: 265452083   present: 14   in FES: 2
** Event #693347840   t=91325.082538813975   Elapsed: 118.001s (1m 58s)
     Speed:     ev/sec=6.02931e+06   simsec/sec=792.392   ev/simsec=7609
     Messages:  created: 270149844   present: 13   in FES: 2
** Event #705220608   t=92894.061139263095   Elapsed: 120.001s (2m 00s)
     Speed:     ev/sec=5.93635e+06   simsec/sec=784.484   ev/simsec=7567.2
     Messages:  created: 274776408   present: 14   in FES: 2
** Event #717151232   t=94470.681056640293   Elapsed: 122.001s (2m 02s)
     Speed:     ev/sec=5.96519e+06   simsec/sec=788.294   ev/simsec=7567.22
     Messages:  created: 279425066   present: 13   in FES: 2
** Event #729150464   t=96057.969942895097   Elapsed: 124.001s (2m 04s)
     Speed:     ev/sec=5.99945e+06   simsec/sec=793.623   ev/simsec=7559.58
     Messages:  created: 284100590   present: 14   in FES: 3
** Event #741155840   t=97643.44997094353   Elapsed: 126.001s (2m 06s)
     Speed:     ev/sec=6.00268e+06   simsec/sec=792.739   ev/simsec=7572.08
     Messages:  created: 288780279   present: 14   in FES: 2
** Event #753157376   t=99223.425880862286   Elapsed: 128.001s (2m 08s)
     Speed:     ev/sec=6.00068e+06   simsec/sec=789.977   ev/simsec=7596.02
     Messages:  created: 293456991   present: 13   in FES: 3
** Event #765047040   t=100782.348774774771   Elapsed: 130.002s (2m 10s)
     Speed:     ev/sec=5.9448e+06   simsec/sec=779.458   ev/simsec=7626.85
     Messages:  created: 298089766   present: 14   in FES: 3
** Event #776967680   t=102358.773905969497   Elapsed: 132.002s (2m 12s)
     Speed:     ev/sec=5.96023e+06   simsec/sec=788.201   ev/simsec=7561.82
     Messages:  created: 302734256   present: 14   in FES: 3
** Event #788938496   t=103935.863175413745   Elapsed: 134.002s (2m 14s)
     Speed:     ev/sec=5.9853e+06   simsec/sec=788.53   ev/simsec=7590.45
     Messages:  created: 307398755   present: 13   in FES: 3
** Event #800936192   t=105521.203650274685   Elapsed: 136.002s (2m 16s)
     Speed:     ev/sec=5.99882e+06   simsec/sec=792.667   ev/simsec=7567.9
     Messages:  created: 312074822   present: 14   in FES: 3
** Event #812778752   t=107077.767388197213   Elapsed: 138.002s (2m 18s)
     Speed:     ev/sec=5.92127e+06   simsec/sec=778.281   ev/simsec=7608.14
     Messages:  created: 316689443   present: 13   in FES: 2
** Event #824623104   t=108637.112215358469   Elapsed: 140.002s (2m 20s)
     Speed:     ev/sec=5.92218e+06   simsec/sec=779.672   ev/simsec=7595.72
     Messages:  created: 321304890   present: 14   in FES: 4
** Event #836649216   t=110216.825155279772   Elapsed: 142.002s (2m 22s)
     Speed:     ev/sec=6.01293e+06   simsec/sec=789.839   ev/simsec=7612.85
     Messages:  created: 325989750   present: 13   in FES: 3
** Event #848666624   t=111793.617817422017   Elapsed: 144.002s (2m 24s)
     Speed:     ev/sec=6.00866e+06   simsec/sec=788.39   ev/simsec=7621.43
     Messages:  created: 330671874   present: 14   in FES: 3
** Event #860669696   t=113380.510006175789   Elapsed: 146.002s (2m 26s)
     Speed:     ev/sec=6.00144e+06   simsec/sec=793.434   ev/simsec=7563.89
     Messages:  created: 335349300   present: 14   in FES: 2
** Event #872643584   t=114949.52483009341   Elapsed: 148.002s (2m 28s)
     Speed:     ev/sec=5.98688e+06   simsec/sec=784.498   ev/simsec=7631.47
     Messages:  created: 340013717   present: 14   in FES: 3
** Event #884632832   t=116523.533756117503   Elapsed: 150.002s (2m 30s)
     Speed:     ev/sec=5.99462e+06   simsec/sec=787.003   ev/simsec=7617.01
     Messages:  created: 344684931   present: 13   in FES: 3
** Event #896577024   t=118083.904875758885   Elapsed: 152.002s (2m 32s)
     Speed:     ev/sec=5.97199e+06   simsec/sec=780.172   ev/simsec=7654.71
     Messages:  created: 349337269   present: 14   in FES: 4
** Event #908536320   t=119653.126258759561   Elapsed: 154.002s (2m 34s)
     Speed:     ev/sec=5.97961e+06   simsec/sec=784.606   ev/simsec=7621.17
     Messages:  created: 353997024   present: 13   in FES: 3
** Event #920521472   t=121231.157170446351   Elapsed: 156.002s (2m 36s)
     Speed:     ev/sec=5.99257e+06   simsec/sec=789.015   ev/simsec=7595
     Messages:  created: 358666350   present: 13   in FES: 2
** Event #932505856   t=122811.42325810653   Elapsed: 158.002s (2m 38s)
     Speed:     ev/sec=5.9921e+06   simsec/sec=790.121   ev/simsec=7583.78
     Messages:  created: 363336191   present: 13   in FES: 2
** Event #944406272   t=124379.58316687819   Elapsed: 160.002s (2m 40s)
     Speed:     ev/sec=5.95018e+06   simsec/sec=784.077   ev/simsec=7588.78
     Messages:  created: 367973317   present: 13   in FES: 3
** Event #956367616   t=125958.233850543148   Elapsed: 162.002s (2m 42s)
     Speed:     ev/sec=5.98063e+06   simsec/sec=789.32   ev/simsec=7576.94
     Messages:  created: 372634756   present: 14   in FES: 2
** Event #968202240   t=127515.111934468927   Elapsed: 164.002s (2m 44s)
     Speed:     ev/sec=5.91724e+06   simsec/sec=778.43   ev/simsec=7601.51
     Messages:  created: 377245742   present: 14   in FES: 3
** Event #980197376   t=129097.670570600675   Elapsed: 166.002s (2m 46s)
     Speed:     ev/sec=5.99748e+06   simsec/sec=791.268   ev/simsec=7579.58
     Messages:  created: 381919354   present: 13   in FES: 3
** Event #992153344   t=130672.77171261947   Elapsed: 168.002s (2m 48s)
     Speed:     ev/sec=5.97787e+06   simsec/sec=787.535   ev/simsec=7590.6
     Messages:  created: 386578282   present: 13   in FES: 2
** Event #1004183552   t=132257.668578788837   Elapsed: 170.002s (2m 50s)
     Speed:     ev/sec=6.0151e+06   simsec/sec=792.448   ev/simsec=7590.53
     Messages:  created: 391265865   present: 15   in FES: 2
** Event #1016098048   t=133828.789559775213   Elapsed: 172.002s (2m 52s)
     Speed:     ev/sec=5.95714e+06   simsec/sec=785.546   ev/simsec=7583.44
     Messages:  created: 395908367   present: 15   in FES: 4
** Event #1027964928   t=135389.689922423268   Elapsed: 174.002s (2m 54s)
     Speed:     ev/sec=5.93339e+06   simsec/sec=780.444   ev/simsec=7602.59
     Messages:  created: 400531264   present: 13   in FES: 2
** Event #1039832064   t=136947.584978926507   Elapsed: 176.002s (2m 56s)
     Speed:     ev/sec=5.93352e+06   simsec/sec=778.942   ev/simsec=7617.42
     Messages:  created: 405155155   present: 13   in FES: 3
** Event #1051919360   t=138546.203620764219   Elapsed: 178.002s (2m 58s)
     Speed:     ev/sec=6.04354e+06   simsec/sec=799.295   ev/simsec=7561.09
     Messages:  created: 409865653   present: 13   in FES: 3
** Event #1063919872   t=140122.250599205187   Elapsed: 180.002s (3m 00s)
     Speed:     ev/sec=6.00019e+06   simsec/sec=788.014   ev/simsec=7614.31
     Messages:  created: 414541034   present: 14   in FES: 3
** Event #1075806464   t=141687.549675988144   Elapsed: 182.002s (3m 02s)
     Speed:     ev/sec=5.94329e+06   simsec/sec=782.649   ev/simsec=7593.82
     Messages:  created: 419172030   present: 13   in FES: 3
** Event #1087723776   t=143254.574915111569   Elapsed: 184.002s (3m 04s)
     Speed:     ev/sec=5.95856e+06   simsec/sec=783.5   ev/simsec=7605.05
     Messages:  created: 423815838   present: 13   in FES: 3
** Event #1099739648   t=144844.947664832604   Elapsed: 186.002s (3m 06s)
     Speed:     ev/sec=6.00782e+06   simsec/sec=795.172   ev/simsec=7555.38
     Messages:  created: 428498544   present: 13   in FES: 3
** Event #1111784192   t=146426.388357991414   Elapsed: 188.002s (3m 08s)
     Speed:     ev/sec=6.02219e+06   simsec/sec=790.709   ev/simsec=7616.18
     Messages:  created: 433190942   present: 13   in FES: 3
** Event #1123742464   t=148000.743026148819   Elapsed: 190.002s (3m 10s)
     Speed:     ev/sec=5.97903e+06   simsec/sec=787.163   ev/simsec=7595.67
     Messages:  created: 437849775   present: 14   in FES: 2
** Event #1135713536   t=149577.228379724521   Elapsed: 192.002s (3m 12s)
     Speed:     ev/sec=5.98546e+06   simsec/sec=788.232   ev/simsec=7593.52
     Messages:  created: 442513425   present: 14   in FES: 4
** Event #1147725312   t=151157.679388451408   Elapsed: 194.002s (3m 14s)
     Speed:     ev/sec=6.00588e+06   simsec/sec=790.224   ev/simsec=7600.22
     Messages:  created: 447194112   present: 13   in FES: 2
** Event #1159736576   t=152732.009473174051   Elapsed: 196.002s (3m 16s)
     Speed:     ev/sec=6.00551e+06   simsec/sec=787.149   ev/simsec=7629.44
     Messages:  created: 451872893   present: 14   in FES: 2
** Event #1171692544   t=154302.547372746947   Elapsed: 198.002s (3m 18s)
     Speed:     ev/sec=5.97787e+06   simsec/sec=785.254   ev/simsec=7612.66
     Messages:  created: 456530897   present: 13   in FES: 2
** Event #1183618048   t=155871.912445066213   Elapsed: 200.002s (3m 20s)
     Speed:     ev/sec=5.96271e+06   simsec/sec=784.677   ev/simsec=7598.94
     Messages:  created: 461178321   present: 13   in FES: 3
** Event #1195612416   t=157449.842650461792   Elapsed: 202.002s (3m 22s)
     Speed:     ev/sec=5.99707e+06   simsec/sec=788.951   ev/simsec=7601.33
     Messages:  created: 465852034   present: 14   in FES: 3
** Event #1207632896   t=159032.27783217393   Elapsed: 204.002s (3m 24s)
     Speed:     ev/sec=6.01016e+06   simsec/sec=791.207   ev/simsec=7596.19
     Messages:  created: 470535699   present: 14   in FES: 3
** Event #1219737600   t=160621.090128685289   Elapsed: 206.002s (3m 26s)
     Speed:     ev/sec=6.05233e+06   simsec/sec=794.404   ev/simsec=7618.71
     Messages:  created: 475252205   present: 14   in FES: 2
** Event #1231898368   t=162211.289928354992   Elapsed: 208.002s (3m 28s)
     Speed:     ev/sec=6.08033e+06   simsec/sec=795.092   ev/simsec=7647.32
     Messages:  created: 479988773   present: 13   in FES: 3
** Event #1243874304   t=163793.935017636696   Elapsed: 210.002s (3m 30s)
     Speed:     ev/sec=5.98797e+06   simsec/sec=791.322   ev/simsec=7567.04
     Messages:  created: 484656398   present: 13   in FES: 3
** Event #1255932416   t=165379.619369643292   Elapsed: 212.002s (3m 32s)
     Speed:     ev/sec=6.02899e+06   simsec/sec=792.833   ev/simsec=7604.36
     Messages:  created: 489354130   present: 14   in FES: 3
** Event #1267929856   t=166960.998326480081   Elapsed: 214.002s (3m 34s)
     Speed:     ev/sec=5.99865e+06   simsec/sec=790.68   ev/simsec=7586.7
     Messages:  created: 494028285   present: 14   in FES: 2
** Event #1279971584   t=168544.240009305062   Elapsed: 216.002s (3m 36s)
     Speed:     ev/sec=6.02082e+06   simsec/sec=791.615   ev/simsec=7605.74
     Messages:  created: 498720244   present: 13   in FES: 3
** Event #1292101888   t=170138.971241142637   Elapsed: 218.002s (3m 38s)
     Speed:     ev/sec=6.06512e+06   simsec/sec=797.362   ev/simsec=7606.49
     Messages:  created: 503446226   present: 13   in FES: 2
** Event #1304289536   t=171742.791915090189   Elapsed: 220.002s (3m 40s)
     Speed:     ev/sec=6.09371e+06   simsec/sec=801.896   ev/simsec=7599.13
     Messages:  created: 508194574   present: 13   in FES: 3
** Event #1316379648   t=173333.112419133386   Elapsed: 222.002s (3m 42s)
     Speed:     ev/sec=6.045e+06   simsec/sec=795.153   ev/simsec=7602.31
     Messages:  created: 512905122   present: 14   in FES: 2
** Event #1328446464   t=174925.410535900811   Elapsed: 224.002s (3m 44s)
     Speed:     ev/sec=6.0334e+06   simsec/sec=796.148   ev/simsec=7578.24
     Messages:  created: 517606609   present: 13   in FES: 3
** Event #1340481792   t=176509.756926093882   Elapsed: 226.003s (3m 46s)
     Speed:     ev/sec=6.01762e+06   simsec/sec=792.168   ev/simsec=7596.4
     Messages:  created: 522295007   present: 13   in FES: 3
** Event #1352579584   t=178098.733516623553   Elapsed: 228.003s (3m 48s)
     Speed:     ev/sec=6.04883e+06   simsec/sec=794.48   ev/simsec=7613.57
     Messages:  created: 527007981   present: 14   in FES: 4
** Event #1364586496   t=179678.139127179224   Elapsed: 230.003s (3m 50s)
     Speed:     ev/sec=6.00337e+06   simsec/sec=789.691   ev/simsec=7602.17
     Messages:  created: 531685994   present: 13   in FES: 3
** Event #1376608256   t=181269.884844266516   Elapsed: 232.003s (3m 52s)
     Speed:     ev/sec=6.01079e+06   simsec/sec=795.861   ev/simsec=7552.56
     Messages:  created: 536369679   present: 13   in FES: 3
** Event #1388565760   t=182843.022765505988   Elapsed: 234.003s (3m 54s)
     Speed:     ev/sec=5.97868e+06   simsec/sec=786.559   ev/simsec=7601.05
     Messages:  created: 541028952   present: 13   in FES: 3
** Event #1400641536   t=184429.38106299296   Elapsed: 236.003s (3m 56s)
     Speed:     ev/sec=6.03782e+06   simsec/sec=793.17   ev/simsec=7612.26
     Messages:  created: 545733647   present: 14   in FES: 4
** Event #1412762880   t=186033.00141604342   Elapsed: 238.003s (3m 58s)
     Speed:     ev/sec=6.06067e+06   simsec/sec=801.81   ev/simsec=7558.74
     Messages:  created: 550457580   present: 13   in FES: 3
** Event #1424795392   t=187624.247813496488   Elapsed: 240.003s (4m 00s)
     Speed:     ev/sec=6.01621e+06   simsec/sec=795.617   ev/simsec=7561.69
     Messages:  created: 555145682   present: 14   in FES: 3
** Event #1436860160   t=189217.559108879503   Elapsed: 242.003s (4m 02s)
     Speed:     ev/sec=6.03231e+06   simsec/sec=796.646   ev/simsec=7572.13
     Messages:  created: 559846790   present: 13   in FES: 3
** Event #1448889600   t=190807.149141316232   Elapsed: 244.003s (4m 04s)
     Speed:     ev/sec=6.01461e+06   simsec/sec=794.781   ev/simsec=7567.64
     Messages:  created: 564534946   present: 13   in FES: 2
** Event #1460809216   t=192373.635445919154   Elapsed: 246.003s (4m 06s)
     Speed:     ev/sec=5.95978e+06   simsec/sec=783.24   ev/simsec=7609.14
     Messages:  created: 569178478   present: 14   in FES: 4
** Event #1472969216   t=193973.83756524115   Elapsed: 248.003s (4m 08s)
     Speed:     ev/sec=6.07995e+06   simsec/sec=800.095   ev/simsec=7599.04
     Messages:  created: 573916560   present: 13   in FES: 2
** Event #1485102336   t=195568.693059457115   Elapsed: 250.003s (4m 10s)
     Speed:     ev/sec=6.0665e+06   simsec/sec=797.42   ev/simsec=7607.66
     Messages:  created: 578644280   present: 14   in FES: 3
** Event #1497219072   t=197160.127095508895   Elapsed: 252.003s (4m 12s)
     Speed:     ev/sec=6.05826e+06   simsec/sec=795.703   ev/simsec=7613.72
     Messages:  created: 583364308   present: 13   in FES: 2
** Event #1509212672   t=198731.341212111689   Elapsed: 254.003s (4m 14s)
     Speed:     ev/sec=5.99672e+06   simsec/sec=785.597   ev/simsec=7633.33
     Messages:  created: 588038115   present: 13   in FES: 3
** Event #1521260800   t=200322.400612687091   Elapsed: 256.003s (4m 16s)
     Speed:     ev/sec=6.02405e+06   simsec/sec=795.528   ev/simsec=7572.39
     Messages:  created: 592731550   present: 14   in FES: 4
** Event #1533397504   t=201919.712274194827   Elapsed: 258.003s (4m 18s)
     Speed:     ev/sec=6.06834e+06   simsec/sec=798.654   ev/simsec=7598.21
     Messages:  created: 597460966   present: 13   in FES: 2
** Event #1545456640   t=203512.313897206346   Elapsed: 260.003s (4m 20s)
     Speed:     ev/sec=6.02954e+06   simsec/sec=796.297   ev/simsec=7571.97
     Messages:  created: 602158691   present: 14   in FES: 2
** Event #1557558784   t=205104.623330534675   Elapsed: 262.003s (4m 22s)
     Speed:     ev/sec=6.05105e+06   simsec/sec=796.152   ev/simsec=7600.37
     Messages:  created: 606874658   present: 14   in FES: 2
** Event #1569648384   t=206700.437714269736   Elapsed: 264.003s (4m 24s)
     Speed:     ev/sec=6.04469e+06   simsec/sec=797.892   ev/simsec=7575.82
     Messages:  created: 611585733   present: 14   in FES: 4
** Event #1581797632   t=208296.831222077549   Elapsed: 266.003s (4m 26s)
     Speed:     ev/sec=6.07454e+06   simsec/sec=798.186   ev/simsec=7610.43
     Messages:  created: 616320352   present: 13   in FES: 3
** Event #1593875456   t=209886.209469763433   Elapsed: 268.003s (4m 28s)
     Speed:     ev/sec=6.03886e+06   simsec/sec=794.682   ev/simsec=7599.09
     Messages:  created: 621025949   present: 13   in FES: 2
** Event #1598930364   t=210550.561708302596   Elapsed: 268.843s (4m 28s)
     Speed:     ev/sec=6.01948e+06   simsec/sec=791.123   ev/simsec=7608.78
     Messages:  created: 622994962   present: 15   in FES: 4

<!> Simulation stopped with endSimulation() -- in module (Sink) DynamicExhaustivePollingSystem.sink (id=7), at t=210550.561708302596s, event #1598930364
undisposed object: (omnetpp::cMessage) DynamicExhaustivePollingSystem.sink.packet -- check module destructor
