** Event #0   t=0   Elapsed: 3e-06s (0m 00s)
     Speed:     ev/sec=0   simsec/sec=0   ev/simsec=0
     Messages:  created: 13   present: 13   in FES: 3
** Event #10116864   t=2885.749729710566   Elapsed: 2.00002s (0m 02s)
     Speed:     ev/sec=5.05839e+06   simsec/sec=1442.86   ev/simsec=3505.8
     Messages:  created: 3768363   present: 13   in FES: 3
** Event #20222720   t=5756.979277440986   Elapsed: 4.00006s (0m 04s)
     Speed:     ev/sec=5.05282e+06   simsec/sec=1435.58   ev/simsec=3519.7
     Messages:  created: 7533622   present: 13   in FES: 3
** Event #30237952   t=8625.104350537258   Elapsed: 6.00007s (0m 06s)
     Speed:     ev/sec=5.00761e+06   simsec/sec=1434.06   ev/simsec=3491.91
     Messages:  created: 11263590   present: 13   in FES: 3
** Event #40502784   t=11522.905913720066   Elapsed: 8.00008s (0m 08s)
     Speed:     ev/sec=5.13239e+06   simsec/sec=1448.89   ev/simsec=3542.28
     Messages:  created: 15089385   present: 13   in FES: 2
** Event #50587392   t=14352.592512733321   Elapsed: 10.0001s (0m 10s)
     Speed:     ev/sec=5.04222e+06   simsec/sec=1414.82   ev/simsec=3563.86
     Messages:  created: 18848654   present: 14   in FES: 3
** Event #60941824   t=17298.257089191493   Elapsed: 12.0001s (0m 12s)
     Speed:     ev/sec=5.17716e+06   simsec/sec=1472.82   ev/simsec=3515.14
     Messages:  created: 22706522   present: 13   in FES: 3
** Event #71298560   t=20226.486787319843   Elapsed: 14.0001s (0m 14s)
     Speed:     ev/sec=5.17834e+06   simsec/sec=1464.11   ev/simsec=3536.86
     Messages:  created: 26565882   present: 14   in FES: 3
** Event #81540352   t=23099.21458550612   Elapsed: 16.0001s (0m 16s)
     Speed:     ev/sec=5.12089e+06   simsec/sec=1436.36   ev/simsec=3565.18
     Messages:  created: 30385341   present: 13   in FES: 3
** Event #92116480   t=26092.968352512887   Elapsed: 18.0002s (0m 18s)
     Speed:     ev/sec=5.28798e+06   simsec/sec=1496.85   ev/simsec=3532.73
     Messages:  created: 34327448   present: 14   in FES: 2
** Event #102305792   t=29019.810738436673   Elapsed: 20.0002s (0m 20s)
     Speed:     ev/sec=5.09453e+06   simsec/sec=1463.38   ev/simsec=3481.33
     Messages:  created: 38121705   present: 13   in FES: 3
** Event #112460800   t=31910.2741329686   Elapsed: 22.0003s (0m 22s)
     Speed:     ev/sec=5.0774e+06   simsec/sec=1445.2   ev/simsec=3513.28
     Messages:  created: 41904997   present: 13   in FES: 3
** Event #122819072   t=34846.389348731852   Elapsed: 24.0003s (0m 24s)
     Speed:     ev/sec=5.17906e+06   simsec/sec=1468.04   ev/simsec=3527.88
     Messages:  created: 45764357   present: 15   in FES: 4
** Event #133224448   t=37826.471229455739   Elapsed: 26.0003s (0m 26s)
     Speed:     ev/sec=5.20265e+06   simsec/sec=1490.03   ev/simsec=3491.64
     Messages:  created: 49639930   present: 13   in FES: 2
** Event #143627520   t=40795.621894639518   Elapsed: 28.0003s (0m 28s)
     Speed:     ev/sec=5.2015e+06   simsec/sec=1484.56   ev/simsec=3503.72
     Messages:  created: 53514873   present: 19   in FES: 4
** Event #152918528   t=43432.943543976723   Elapsed: 30.0003s (0m 30s)
     Speed:     ev/sec=4.64546e+06   simsec/sec=1318.65   ev/simsec=3522.9
     Messages:  created: 56975949   present: 14   in FES: 3
** Event #163291648   t=46387.737903124767   Elapsed: 32.0004s (0m 32s)
     Speed:     ev/sec=5.18647e+06   simsec/sec=1477.37   ev/simsec=3510.61
     Messages:  created: 60839682   present: 17   in FES: 3
** Event #173644544   t=49346.992860148998   Elapsed: 34.0004s (0m 34s)
     Speed:     ev/sec=5.17641e+06   simsec/sec=1479.62   ev/simsec=3498.48
     Messages:  created: 64695328   present: 13   in FES: 2
** Event #184011520   t=52310.231608010638   Elapsed: 36.0004s (0m 36s)
     Speed:     ev/sec=5.18348e+06   simsec/sec=1481.62   ev/simsec=3498.53
     Messages:  created: 68556481   present: 13   in FES: 3
** Event #194467328   t=55279.849449932483   Elapsed: 38.0004s (0m 38s)
     Speed:     ev/sec=5.22786e+06   simsec/sec=1484.8   ev/simsec=3520.93
     Messages:  created: 72451532   present: 14   in FES: 2
** Event #198951186   t=56557.603367527981   Elapsed: 38.8924s (0m 38s)
     Speed:     ev/sec=5.02664e+06   simsec/sec=1432.43   ev/simsec=3509.17
     Messages:  created: 74121795   present: 17   in FES: 4

<!> Simulation stopped with endSimulation() -- in module (Sink) DynamicExhaustivePollingSystem.sink (id=7), at t=56557.603367527981s, event #198951186
undisposed object: (omnetpp::cMessage) DynamicExhaustivePollingSystem.sink.packet -- check module destructor
