** Event #0   t=0   Elapsed: 4e-06s (0m 00s)
     Speed:     ev/sec=0   simsec/sec=0   ev/simsec=0
     Messages:  created: 13   present: 13   in FES: 3
** Event #11337728   t=1661.694878369788   Elapsed: 2.00001s (0m 02s)
     Speed:     ev/sec=5.66884e+06   simsec/sec=830.845   ev/simsec=6822.99
     Messages:  created: 4398584   present: 14   in FES: 2
** Event #22543872   t=3310.33688251862   Elapsed: 4.00003s (0m 04s)
     Speed:     ev/sec=5.60301e+06   simsec/sec=824.312   ev/simsec=6797.2
     Messages:  created: 8746590   present: 14   in FES: 3
** Event #33993472   t=5005.641181733874   Elapsed: 6.00003s (0m 06s)
     Speed:     ev/sec=5.72479e+06   simsec/sec=847.651   ev/simsec=6753.71
     Messages:  created: 13188979   present: 14   in FES: 3
** Event #45371904   t=6673.018046916974   Elapsed: 8.00007s (0m 08s)
     Speed:     ev/sec=5.68912e+06   simsec/sec=833.674   ev/simsec=6824.15
     Messages:  created: 17604143   present: 13   in FES: 3
** Event #56427008   t=8303.60254974881   Elapsed: 10.0001s (0m 10s)
     Speed:     ev/sec=5.52754e+06   simsec/sec=815.291   ev/simsec=6779.84
     Messages:  created: 21892560   present: 14   in FES: 2
** Event #68044032   t=10023.944559781065   Elapsed: 12.0001s (0m 12s)
     Speed:     ev/sec=5.80849e+06   simsec/sec=860.167   ev/simsec=6752.74
     Messages:  created: 26400037   present: 14   in FES: 4
** Event #79514368   t=11718.607354046668   Elapsed: 14.0001s (0m 14s)
     Speed:     ev/sec=5.73512e+06   simsec/sec=847.325   ev/simsec=6768.51
     Messages:  created: 30849521   present: 13   in FES: 3
** Event #90835712   t=13385.311222944212   Elapsed: 16.0001s (0m 16s)
     Speed:     ev/sec=5.66054e+06   simsec/sec=833.333   ev/simsec=6792.65
     Messages:  created: 35242317   present: 14   in FES: 3
** Event #102137344   t=15059.790271450513   Elapsed: 18.0002s (0m 18s)
     Speed:     ev/sec=5.65069e+06   simsec/sec=837.221   ev/simsec=6749.34
     Messages:  created: 39626076   present: 15   in FES: 4
** Event #113591808   t=16755.65463460775   Elapsed: 20.0002s (0m 20s)
     Speed:     ev/sec=5.72721e+06   simsec/sec=847.929   ev/simsec=6754.35
     Messages:  created: 44071313   present: 14   in FES: 4
** Event #125130752   t=18463.214277208318   Elapsed: 22.0002s (0m 22s)
     Speed:     ev/sec=5.76944e+06   simsec/sec=853.775   ev/simsec=6757.56
     Messages:  created: 48548806   present: 14   in FES: 3
** Event #136825344   t=20182.542319898954   Elapsed: 24.0002s (0m 24s)
     Speed:     ev/sec=5.84718e+06   simsec/sec=859.647   ev/simsec=6801.84
     Messages:  created: 53084686   present: 13   in FES: 2
** Event #148351744   t=21869.641265044986   Elapsed: 26.0003s (0m 26s)
     Speed:     ev/sec=5.76314e+06   simsec/sec=843.541   ev/simsec=6832.08
     Messages:  created: 57556559   present: 14   in FES: 3
** Event #159885568   t=23572.764608284094   Elapsed: 28.0003s (0m 28s)
     Speed:     ev/sec=5.76681e+06   simsec/sec=851.546   ev/simsec=6772.16
     Messages:  created: 62031078   present: 14   in FES: 3
** Event #170305280   t=25094.487968299721   Elapsed: 30.0003s (0m 30s)
     Speed:     ev/sec=5.20974e+06   simsec/sec=760.845   ev/simsec=6847.31
     Messages:  created: 66073134   present: 14   in FES: 2
** Event #181844480   t=26803.425921406047   Elapsed: 32.0004s (0m 32s)
     Speed:     ev/sec=5.76958e+06   simsec/sec=854.466   ev/simsec=6752.26
     Messages:  created: 70549682   present: 13   in FES: 2
** Event #193316096   t=28494.533945260998   Elapsed: 34.0004s (0m 34s)
     Speed:     ev/sec=5.73579e+06   simsec/sec=845.551   ev/simsec=6783.49
     Messages:  created: 74999776   present: 15   in FES: 4
** Event #204858880   t=30199.770029645777   Elapsed: 36.0004s (0m 36s)
     Speed:     ev/sec=5.77132e+06   simsec/sec=852.608   ev/simsec=6769.02
     Messages:  created: 79476995   present: 16   in FES: 4
** Event #216521472   t=31928.854144258438   Elapsed: 38.0004s (0m 38s)
     Speed:     ev/sec=5.83127e+06   simsec/sec=864.538   ev/simsec=6744.95
     Messages:  created: 84000660   present: 14   in FES: 3
** Event #228232192   t=33659.089358628266   Elapsed: 40.0004s (0m 40s)
     Speed:     ev/sec=5.85525e+06   simsec/sec=865.101   ev/simsec=6768.28
     Messages:  created: 88544732   present: 13   in FES: 3
** Event #239899904   t=35390.681536848611   Elapsed: 42.0005s (0m 42s)
     Speed:     ev/sec=5.83381e+06   simsec/sec=865.79   ev/simsec=6738.14
     Messages:  created: 93072203   present: 13   in FES: 2
** Event #251142656   t=37057.223600924961   Elapsed: 44.0005s (0m 44s)
     Speed:     ev/sec=5.62129e+06   simsec/sec=833.259   ev/simsec=6746.16
     Messages:  created: 97433751   present: 14   in FES: 3
** Event #262477568   t=38735.701600850647   Elapsed: 46.0005s (0m 46s)
     Speed:     ev/sec=5.66736e+06   simsec/sec=839.224   ev/simsec=6753.09
     Messages:  created: 101832022   present: 14   in FES: 3
** Event #273954560   t=40426.147602111407   Elapsed: 48.0006s (0m 48s)
     Speed:     ev/sec=5.73838e+06   simsec/sec=845.205   ev/simsec=6789.33
     Messages:  created: 106285381   present: 13   in FES: 3
** Event #285754112   t=42176.304011809728   Elapsed: 50.0006s (0m 50s)
     Speed:     ev/sec=5.89967e+06   simsec/sec=875.062   ev/simsec=6742
     Messages:  created: 110863807   present: 14   in FES: 3
** Event #297396224   t=43897.158235760016   Elapsed: 52.0006s (0m 52s)
     Speed:     ev/sec=5.821e+06   simsec/sec=860.419   ev/simsec=6765.31
     Messages:  created: 115380939   present: 14   in FES: 3
** Event #309239040   t=45653.196306761599   Elapsed: 54.0007s (0m 54s)
     Speed:     ev/sec=5.92128e+06   simsec/sec=878   ev/simsec=6744.05
     Messages:  created: 119976929   present: 13   in FES: 3
** Event #321052928   t=47393.833055009947   Elapsed: 56.0007s (0m 56s)
     Speed:     ev/sec=5.90689e+06   simsec/sec=870.311   ev/simsec=6787.11
     Messages:  created: 124559941   present: 13   in FES: 2
** Event #332802048   t=49122.727279338638   Elapsed: 58.0007s (0m 58s)
     Speed:     ev/sec=5.87444e+06   simsec/sec=864.429   ev/simsec=6795.74
     Messages:  created: 129118584   present: 14   in FES: 3
** Event #344486656   t=50842.879950956829   Elapsed: 60.0007s (1m 00s)
     Speed:     ev/sec=5.84227e+06   simsec/sec=860.071   ev/simsec=6792.77
     Messages:  created: 133651070   present: 14   in FES: 4
** Event #356372224   t=52591.802976035942   Elapsed: 62.0007s (1m 02s)
     Speed:     ev/sec=5.94273e+06   simsec/sec=874.453   ev/simsec=6795.94
     Messages:  created: 138261326   present: 13   in FES: 2
** Event #368149248   t=54335.850569783665   Elapsed: 64.0008s (1m 04s)
     Speed:     ev/sec=5.88846e+06   simsec/sec=872.017   ev/simsec=6752.7
     Messages:  created: 142830019   present: 14   in FES: 2
** Event #379848704   t=56063.118641112041   Elapsed: 66.0008s (1m 06s)
     Speed:     ev/sec=5.84968e+06   simsec/sec=863.626   ev/simsec=6773.39
     Messages:  created: 147370119   present: 13   in FES: 2
** Event #391409408   t=57771.68551877142   Elapsed: 68.0008s (1m 08s)
     Speed:     ev/sec=5.78024e+06   simsec/sec=854.266   ev/simsec=6766.32
     Messages:  created: 151856210   present: 13   in FES: 3
** Event #403173376   t=59498.158675393863   Elapsed: 70.0009s (1m 10s)
     Speed:     ev/sec=5.88185e+06   simsec/sec=863.217   ev/simsec=6813.87
     Messages:  created: 156419962   present: 13   in FES: 3
** Event #414799104   t=61212.759709079821   Elapsed: 72.0009s (1m 12s)
     Speed:     ev/sec=5.81282e+06   simsec/sec=857.294   ev/simsec=6780.43
     Messages:  created: 160930210   present: 14   in FES: 3
** Event #426470656   t=62927.84152584151   Elapsed: 74.0009s (1m 14s)
     Speed:     ev/sec=5.83571e+06   simsec/sec=857.532   ev/simsec=6805.25
     Messages:  created: 165458337   present: 13   in FES: 2
** Event #438307072   t=64680.047001312155   Elapsed: 76.0009s (1m 16s)
     Speed:     ev/sec=5.91814e+06   simsec/sec=876.092   ev/simsec=6755.15
     Messages:  created: 170051006   present: 14   in FES: 4
** Event #449935104   t=66403.18846895715   Elapsed: 78.001s (1m 18s)
     Speed:     ev/sec=5.81388e+06   simsec/sec=861.55   ev/simsec=6748.16
     Messages:  created: 174562748   present: 13   in FES: 2
** Event #461706240   t=68143.762894839932   Elapsed: 80.001s (1m 20s)
     Speed:     ev/sec=5.88549e+06   simsec/sec=870.276   ev/simsec=6762.79
     Messages:  created: 179129178   present: 14   in FES: 3
** Event #473448960   t=69878.92792430918   Elapsed: 82.001s (1m 22s)
     Speed:     ev/sec=5.87122e+06   simsec/sec=867.562   ev/simsec=6767.49
     Messages:  created: 183685071   present: 13   in FES: 2
** Event #485125376   t=71593.545428328112   Elapsed: 84.0011s (1m 24s)
     Speed:     ev/sec=5.8381e+06   simsec/sec=857.292   ev/simsec=6809.92
     Messages:  created: 188215617   present: 14   in FES: 3
** Event #496826880   t=73320.187604913463   Elapsed: 86.0011s (1m 26s)
     Speed:     ev/sec=5.85068e+06   simsec/sec=863.311   ev/simsec=6777.03
     Messages:  created: 192756000   present: 13   in FES: 2
** Event #508391424   t=75021.049181494371   Elapsed: 88.0012s (1m 28s)
     Speed:     ev/sec=5.78214e+06   simsec/sec=850.412   ev/simsec=6799.23
     Messages:  created: 197241206   present: 14   in FES: 3
** Event #520222976   t=76769.384505092231   Elapsed: 90.0012s (1m 30s)
     Speed:     ev/sec=5.91573e+06   simsec/sec=874.161   ev/simsec=6767.32
     Messages:  created: 201832671   present: 13   in FES: 3
** Event #531925760   t=78496.97526086301   Elapsed: 92.0012s (1m 32s)
     Speed:     ev/sec=5.85135e+06   simsec/sec=863.788   ev/simsec=6774.05
     Messages:  created: 206373510   present: 13   in FES: 3
** Event #543593984   t=80221.805386064994   Elapsed: 94.0012s (1m 34s)
     Speed:     ev/sec=5.83405e+06   simsec/sec=862.406   ev/simsec=6764.85
     Messages:  created: 210900006   present: 13   in FES: 3
** Event #555373568   t=81954.857986137012   Elapsed: 96.0012s (1m 36s)
     Speed:     ev/sec=5.88975e+06   simsec/sec=866.52   ev/simsec=6797.01
     Messages:  created: 215470912   present: 14   in FES: 2
** Event #567243776   t=83701.535694159423   Elapsed: 98.0012s (1m 38s)
     Speed:     ev/sec=5.93505e+06   simsec/sec=873.331   ev/simsec=6795.88
     Messages:  created: 220075241   present: 13   in FES: 2
** Event #579129600   t=85454.388892424735   Elapsed: 100.001s (1m 40s)
     Speed:     ev/sec=5.94288e+06   simsec/sec=876.422   ev/simsec=6780.84
     Messages:  created: 224686210   present: 13   in FES: 3
** Event #590933504   t=87199.8897530288   Elapsed: 102.001s (1m 42s)
     Speed:     ev/sec=5.90188e+06   simsec/sec=872.739   ev/simsec=6762.47
     Messages:  created: 229264446   present: 13   in FES: 3
** Event #602810112   t=88958.162291928865   Elapsed: 104.001s (1m 44s)
     Speed:     ev/sec=5.93826e+06   simsec/sec=879.13   ev/simsec=6754.7
     Messages:  created: 233872606   present: 14   in FES: 3
** Event #614646272   t=90700.738554009257   Elapsed: 106.001s (1m 46s)
     Speed:     ev/sec=5.91807e+06   simsec/sec=871.286   ev/simsec=6792.33
     Messages:  created: 238464923   present: 13   in FES: 2
** Event #626493184   t=92460.154464818309   Elapsed: 108.001s (1m 48s)
     Speed:     ev/sec=5.92342e+06   simsec/sec=879.703   ev/simsec=6733.43
     Messages:  created: 243060533   present: 14   in FES: 2
** Event #638373120   t=94219.874249429909   Elapsed: 110.001s (1m 50s)
     Speed:     ev/sec=5.93989e+06   simsec/sec=879.849   ev/simsec=6751.04
     Messages:  created: 247668757   present: 13   in FES: 2
** Event #650209024   t=95970.312528529598   Elapsed: 112.001s (1m 52s)
     Speed:     ev/sec=5.9179e+06   simsec/sec=875.211   ev/simsec=6761.68
     Messages:  created: 252261429   present: 13   in FES: 3
** Event #662029568   t=97723.972572717957   Elapsed: 114.001s (1m 54s)
     Speed:     ev/sec=5.91018e+06   simsec/sec=876.816   ev/simsec=6740.5
     Messages:  created: 256847099   present: 13   in FES: 3
** Event #673779968   t=99454.973501840675   Elapsed: 116.001s (1m 56s)
     Speed:     ev/sec=5.87518e+06   simsec/sec=865.497   ev/simsec=6788.21
     Messages:  created: 261405348   present: 13   in FES: 2
** Event #685595648   t=101196.825453211996   Elapsed: 118.001s (1m 58s)
     Speed:     ev/sec=5.90781e+06   simsec/sec=870.922   ev/simsec=6783.4
     Messages:  created: 265989517   present: 13   in FES: 2
** Event #697464576   t=102948.25833680492   Elapsed: 120.001s (2m 00s)
     Speed:     ev/sec=5.93445e+06   simsec/sec=875.715   ev/simsec=6776.7
     Messages:  created: 270593799   present: 14   in FES: 3
** Event #709288192   t=104694.432216588107   Elapsed: 122.001s (2m 02s)
     Speed:     ev/sec=5.91175e+06   simsec/sec=873.078   ev/simsec=6771.16
     Messages:  created: 275181064   present: 13   in FES: 3
** Event #721115904   t=106432.89398076449   Elapsed: 124.001s (2m 04s)
     Speed:     ev/sec=5.91384e+06   simsec/sec=869.229   ev/simsec=6803.55
     Messages:  created: 279768681   present: 14   in FES: 3
** Event #732996352   t=108196.526506830376   Elapsed: 126.001s (2m 06s)
     Speed:     ev/sec=5.94021e+06   simsec/sec=881.814   ev/simsec=6736.35
     Messages:  created: 284377953   present: 14   in FES: 3
** Event #744813824   t=109939.724599143718   Elapsed: 128.001s (2m 08s)
     Speed:     ev/sec=5.90864e+06   simsec/sec=871.585   ev/simsec=6779.19
     Messages:  created: 288961921   present: 13   in FES: 3
** Event #756557312   t=111674.135158704085   Elapsed: 130.001s (2m 10s)
     Speed:     ev/sec=5.87164e+06   simsec/sec=867.191   ev/simsec=6770.88
     Messages:  created: 293518856   present: 14   in FES: 3
** Event #768440832   t=113427.306933663981   Elapsed: 132.002s (2m 12s)
     Speed:     ev/sec=5.94166e+06   simsec/sec=876.572   ev/simsec=6778.3
     Messages:  created: 298130599   present: 14   in FES: 2
** Event #780204032   t=115160.023336816651   Elapsed: 134.002s (2m 14s)
     Speed:     ev/sec=5.88152e+06   simsec/sec=866.347   ev/simsec=6788.88
     Messages:  created: 302695632   present: 14   in FES: 3
** Event #792021504   t=116909.269358325897   Elapsed: 136.002s (2m 16s)
     Speed:     ev/sec=5.90864e+06   simsec/sec=874.608   ev/simsec=6755.75
     Messages:  created: 307280488   present: 14   in FES: 2
** Event #803836416   t=118652.497453916437   Elapsed: 138.002s (2m 18s)
     Speed:     ev/sec=5.90735e+06   simsec/sec=871.598   ev/simsec=6777.61
     Messages:  created: 311864652   present: 13   in FES: 3
** Event #815605248   t=120385.862607276613   Elapsed: 140.002s (2m 20s)
     Speed:     ev/sec=5.8844e+06   simsec/sec=866.68   ev/simsec=6789.59
     Messages:  created: 316431194   present: 14   in FES: 2
** Event #827444736   t=122145.721031601337   Elapsed: 142.002s (2m 22s)
     Speed:     ev/sec=5.91965e+06   simsec/sec=879.915   ev/simsec=6727.52
     Messages:  created: 321025552   present: 13   in FES: 2
** Event #839214336   t=123886.353420494617   Elapsed: 144.002s (2m 24s)
     Speed:     ev/sec=5.88471e+06   simsec/sec=870.303   ev/simsec=6761.68
     Messages:  created: 325591584   present: 13   in FES: 3
** Event #851101696   t=125637.163267541483   Elapsed: 146.002s (2m 26s)
     Speed:     ev/sec=5.94361e+06   simsec/sec=875.394   ev/simsec=6789.64
     Messages:  created: 330203339   present: 13   in FES: 3
** Event #862932480   t=127382.043894294068   Elapsed: 148.002s (2m 28s)
     Speed:     ev/sec=5.91534e+06   simsec/sec=872.433   ev/simsec=6780.28
     Messages:  created: 334794132   present: 14   in FES: 3
** Event #874739712   t=129123.609196517874   Elapsed: 150.002s (2m 30s)
     Speed:     ev/sec=5.90349e+06   simsec/sec=870.763   ev/simsec=6779.67
     Messages:  created: 339374752   present: 15   in FES: 4
** Event #886588416   t=130869.986449120676   Elapsed: 152.002s (2m 32s)
     Speed:     ev/sec=5.92432e+06   simsec/sec=873.184   ev/simsec=6784.73
     Messages:  created: 343970890   present: 14   in FES: 3
** Event #898357504   t=132599.95804949136   Elapsed: 154.002s (2m 34s)
     Speed:     ev/sec=5.8844e+06   simsec/sec=864.965   ev/simsec=6803.05
     Messages:  created: 348536937   present: 13   in FES: 3
** Event #910265344   t=134355.285933163653   Elapsed: 156.002s (2m 36s)
     Speed:     ev/sec=5.95381e+06   simsec/sec=877.647   ev/simsec=6783.83
     Messages:  created: 353156783   present: 14   in FES: 2
** Event #922137856   t=136109.044424828694   Elapsed: 158.002s (2m 38s)
     Speed:     ev/sec=5.93625e+06   simsec/sec=876.878   ev/simsec=6769.75
     Messages:  created: 357762264   present: 16   in FES: 2
** Event #933927936   t=137848.145740542193   Elapsed: 160.002s (2m 40s)
     Speed:     ev/sec=5.89498e+06   simsec/sec=869.542   ev/simsec=6779.41
     Messages:  created: 362335369   present: 14   in FES: 3
** Event #945701888   t=139589.628274338545   Elapsed: 162.002s (2m 42s)
     Speed:     ev/sec=5.88691e+06   simsec/sec=870.731   ev/simsec=6760.88
     Messages:  created: 366902737   present: 13   in FES: 2
** Event #957518336   t=141323.029354956309   Elapsed: 164.002s (2m 44s)
     Speed:     ev/sec=5.90822e+06   simsec/sec=866.701   ev/simsec=6816.92
     Messages:  created: 371486802   present: 13   in FES: 3
** Event #969387776   t=143068.198736924792   Elapsed: 166.002s (2m 46s)
     Speed:     ev/sec=5.93463e+06   simsec/sec=872.572   ev/simsec=6801.31
     Messages:  created: 376091764   present: 14   in FES: 3
** Event #981169920   t=144810.168663929893   Elapsed: 168.002s (2m 48s)
     Speed:     ev/sec=5.89102e+06   simsec/sec=870.978   ev/simsec=6763.69
     Messages:  created: 380662022   present: 14   in FES: 3
** Event #993061120   t=146556.765572133121   Elapsed: 170.002s (2m 50s)
     Speed:     ev/sec=5.94553e+06   simsec/sec=873.288   ev/simsec=6808.21
     Messages:  created: 385274456   present: 14   in FES: 3
** Event #1004951040   t=148318.719449846725   Elapsed: 172.002s (2m 52s)
     Speed:     ev/sec=5.94494e+06   simsec/sec=880.973   ev/simsec=6748.14
     Messages:  created: 389885991   present: 14   in FES: 3
** Event #1016831488   t=150066.748534034832   Elapsed: 174.002s (2m 54s)
     Speed:     ev/sec=5.94016e+06   simsec/sec=874.005   ev/simsec=6796.48
     Messages:  created: 394495080   present: 13   in FES: 2
** Event #1028592128   t=151814.916390229645   Elapsed: 176.002s (2m 56s)
     Speed:     ev/sec=5.88025e+06   simsec/sec=874.073   ev/simsec=6727.41
     Messages:  created: 399057104   present: 13   in FES: 3
** Event #1040434176   t=153560.375484220525   Elapsed: 178.002s (2m 58s)
     Speed:     ev/sec=5.92101e+06   simsec/sec=872.728   ev/simsec=6784.49
     Messages:  created: 403651451   present: 14   in FES: 4
** Event #1052305408   t=155313.459699573064   Elapsed: 180.002s (3m 00s)
     Speed:     ev/sec=5.93548e+06   simsec/sec=876.522   ev/simsec=6771.63
     Messages:  created: 408256061   present: 15   in FES: 2
** Event #1064132096   t=157057.869369661963   Elapsed: 182.002s (3m 02s)
     Speed:     ev/sec=5.91325e+06   simsec/sec=872.191   ev/simsec=6779.77
     Messages:  created: 412844183   present: 14   in FES: 3
** Event #1076004864   t=158809.875596237636   Elapsed: 184.002s (3m 04s)
     Speed:     ev/sec=5.9363e+06   simsec/sec=875.991   ev/simsec=6776.67
     Messages:  created: 417450361   present: 13   in FES: 2
** Event #1087812352   t=160547.252961290958   Elapsed: 186.002s (3m 06s)
     Speed:     ev/sec=5.90365e+06   simsec/sec=868.674   ev/simsec=6796.16
     Messages:  created: 422031540   present: 14   in FES: 2
** Event #1099674112   t=162299.07858101966   Elapsed: 188.002s (3m 08s)
     Speed:     ev/sec=5.93086e+06   simsec/sec=875.91   ev/simsec=6771.08
     Messages:  created: 426633455   present: 13   in FES: 3
** Event #1111516928   t=164035.496849509003   Elapsed: 190.002s (3m 10s)
     Speed:     ev/sec=5.92139e+06   simsec/sec=868.206   ev/simsec=6820.26
     Messages:  created: 431228980   present: 14   in FES: 4
** Event #1123352064   t=165787.34935755784   Elapsed: 192.002s (3m 12s)
     Speed:     ev/sec=5.91751e+06   simsec/sec=875.918   ev/simsec=6755.78
     Messages:  created: 435820938   present: 13   in FES: 3
** Event #1135156224   t=167532.683192868108   Elapsed: 194.002s (3m 14s)
     Speed:     ev/sec=5.90207e+06   simsec/sec=872.666   ev/simsec=6763.27
     Messages:  created: 440401128   present: 13   in FES: 3
** Event #1147011584   t=169280.492436457798   Elapsed: 196.002s (3m 16s)
     Speed:     ev/sec=5.92763e+06   simsec/sec=873.898   ev/simsec=6782.98
     Messages:  created: 445000581   present: 14   in FES: 2
** Event #1158807040   t=171031.625081456357   Elapsed: 198.002s (3m 18s)
     Speed:     ev/sec=5.89765e+06   simsec/sec=875.555   ev/simsec=6735.9
     Messages:  created: 449576624   present: 14   in FES: 2
** Event #1170607104   t=172781.33213620543   Elapsed: 200.002s (3m 20s)
     Speed:     ev/sec=5.89997e+06   simsec/sec=874.845   ev/simsec=6744.02
     Messages:  created: 454155915   present: 13   in FES: 3
** Event #1182478592   t=174539.574663672704   Elapsed: 202.002s (3m 22s)
     Speed:     ev/sec=5.93565e+06   simsec/sec=879.108   ev/simsec=6751.91
     Messages:  created: 458762553   present: 14   in FES: 2
** Event #1184530935   t=174845.188399335658   Elapsed: 202.358s (3m 22s)
     Speed:     ev/sec=5.7743e+06   simsec/sec=859.85   ev/simsec=6715.48
     Messages:  created: 459558654   present: 15   in FES: 4

<!> Simulation stopped with endSimulation() -- in module (Sink) DynamicExhaustivePollingSystem.sink (id=7), at t=174845.188399335658s, event #1184530935
undisposed object: (omnetpp::cMessage) DynamicExhaustivePollingSystem.sink.packet -- check module destructor
