** Event #0   t=0   Elapsed: 4e-06s (0m 00s)
     Speed:     ev/sec=0   simsec/sec=0   ev/simsec=0
     Messages:  created: 13   present: 13   in FES: 3
** Event #10635008   t=1793.552498737003   Elapsed: 2.00004s (0m 02s)
     Speed:     ev/sec=5.31741e+06   simsec/sec=896.761   ev/simsec=5929.58
     Messages:  created: 4102473   present: 14   in FES: 2
** Event #21344768   t=3589.32754270517   Elapsed: 4.00006s (0m 04s)
     Speed:     ev/sec=5.35483e+06   simsec/sec=897.879   ev/simsec=5963.87
     Messages:  created: 8234057   present: 13   in FES: 2
** Event #31821312   t=5344.01918796192   Elapsed: 6.00007s (0m 06s)
     Speed:     ev/sec=5.23825e+06   simsec/sec=877.342   ev/simsec=5970.59
     Messages:  created: 12275238   present: 14   in FES: 4
** Event #42519296   t=7141.069302442596   Elapsed: 8.0001s (0m 08s)
     Speed:     ev/sec=5.34891e+06   simsec/sec=898.511   ev/simsec=5953.08
     Messages:  created: 16401530   present: 13   in FES: 2
** Event #53330176   t=8960.760007751637   Elapsed: 10.0002s (0m 10s)
     Speed:     ev/sec=5.40529e+06   simsec/sec=909.819   ev/simsec=5941.05
     Messages:  created: 20572298   present: 15   in FES: 4
** Event #63547392   t=10683.115157432941   Elapsed: 12.0002s (0m 12s)
     Speed:     ev/sec=5.10852e+06   simsec/sec=861.162   ev/simsec=5932.12
     Messages:  created: 24513868   present: 14   in FES: 2
** Event #74181888   t=12461.3918001447   Elapsed: 14.0002s (0m 14s)
     Speed:     ev/sec=5.3172e+06   simsec/sec=889.13   ev/simsec=5980.23
     Messages:  created: 28616690   present: 13   in FES: 3
** Event #84911360   t=14260.431164383655   Elapsed: 16.0002s (0m 16s)
     Speed:     ev/sec=5.36466e+06   simsec/sec=899.508   ev/simsec=5964
     Messages:  created: 32755503   present: 14   in FES: 2
** Event #95435264   t=16034.784282888044   Elapsed: 18.0002s (0m 18s)
     Speed:     ev/sec=5.26195e+06   simsec/sec=887.176   ev/simsec=5931.12
     Messages:  created: 36815249   present: 13   in FES: 3
** Event #97270137   t=16345.015261831127   Elapsed: 18.3451s (0m 18s)
     Speed:     ev/sec=5.32069e+06   simsec/sec=899.596   ev/simsec=5914.54
     Messages:  created: 37523087   present: 15   in FES: 4

<!> Simulation stopped with endSimulation() -- in module (Sink) DynamicExhaustivePollingSystem.sink (id=7), at t=16345.015261831127s, event #97270137
undisposed object: (omnetpp::cMessage) DynamicExhaustivePollingSystem.sink.packet -- check module destructor
