** Event #0   t=0   Elapsed: 3e-06s (0m 00s)
     Speed:     ev/sec=0   simsec/sec=0   ev/simsec=0
     Messages:  created: 13   present: 13   in FES: 3
** Event #11896576   t=1413.535302984632   Elapsed: 2.00002s (0m 02s)
     Speed:     ev/sec=5.94824e+06   simsec/sec=706.762   ev/simsec=8416.19
     Messages:  created: 4650697   present: 14   in FES: 2
** Event #23768832   t=2829.452884685543   Elapsed: 4.00003s (0m 04s)
     Speed:     ev/sec=5.9361e+06   simsec/sec=707.955   ev/simsec=8384.85
     Messages:  created: 9292876   present: 14   in FES: 2
** Event #35802112   t=4262.888208370033   Elapsed: 6.00004s (0m 06s)
     Speed:     ev/sec=6.0166e+06   simsec/sec=716.713   ev/simsec=8394.71
     Messages:  created: 13997346   present: 13   in FES: 3
** Event #47643392   t=5676.159501542889   Elapsed: 8.00005s (0m 08s)
     Speed:     ev/sec=5.9206e+06   simsec/sec=706.631   ev/simsec=8378.63
     Messages:  created: 18627574   present: 13   in FES: 2
** Event #59577856   t=7096.576989548957   Elapsed: 10.0001s (0m 10s)
     Speed:     ev/sec=5.9671e+06   simsec/sec=710.193   ev/simsec=8402.08
     Messages:  created: 23292900   present: 13   in FES: 2
** Event #71533312   t=8515.637874938039   Elapsed: 12.0001s (0m 12s)
     Speed:     ev/sec=5.97764e+06   simsec/sec=709.521   ev/simsec=8424.91
     Messages:  created: 27967849   present: 14   in FES: 3
** Event #83586048   t=9947.687414952491   Elapsed: 14.0002s (0m 14s)
     Speed:     ev/sec=6.02628e+06   simsec/sec=716.014   ev/simsec=8416.42
     Messages:  created: 32679103   present: 13   in FES: 2
** Event #95803904   t=11398.367257774707   Elapsed: 16.0002s (0m 16s)
     Speed:     ev/sec=6.10892e+06   simsec/sec=725.339   ev/simsec=8422.16
     Messages:  created: 37455808   present: 13   in FES: 2
** Event #107856128   t=12828.650749622114   Elapsed: 18.0002s (0m 18s)
     Speed:     ev/sec=6.02611e+06   simsec/sec=715.141   ev/simsec=8426.46
     Messages:  created: 42166837   present: 13   in FES: 3
** Event #120055808   t=14273.759535712565   Elapsed: 20.0002s (0m 20s)
     Speed:     ev/sec=6.09976e+06   simsec/sec=722.545   ev/simsec=8442.05
     Messages:  created: 46934259   present: 14   in FES: 2
** Event #132229120   t=15715.238364268673   Elapsed: 22.0002s (0m 22s)
     Speed:     ev/sec=6.0866e+06   simsec/sec=720.732   ev/simsec=8445.02
     Messages:  created: 51691580   present: 13   in FES: 3
** Event #144418560   t=17176.551602984468   Elapsed: 24.0002s (0m 24s)
     Speed:     ev/sec=6.09461e+06   simsec/sec=730.644   ev/simsec=8341.43
     Messages:  created: 56458011   present: 14   in FES: 3
** Event #156532736   t=18617.676118763989   Elapsed: 26.0003s (0m 26s)
     Speed:     ev/sec=6.05701e+06   simsec/sec=720.553   ev/simsec=8406.06
     Messages:  created: 61194924   present: 13   in FES: 2
** Event #168548096   t=20043.221450499708   Elapsed: 28.0003s (0m 28s)
     Speed:     ev/sec=6.00761e+06   simsec/sec=712.764   ev/simsec=8428.61
     Messages:  created: 65891238   present: 13   in FES: 3
** Event #179288832   t=21324.527125167842   Elapsed: 30.0004s (0m 30s)
     Speed:     ev/sec=5.3702e+06   simsec/sec=640.633   ev/simsec=8382.65
     Messages:  created: 70090959   present: 14   in FES: 2
** Event #191580672   t=22778.684905934069   Elapsed: 32.0004s (0m 32s)
     Speed:     ev/sec=6.14582e+06   simsec/sec=727.067   ev/simsec=8452.89
     Messages:  created: 74895406   present: 13   in FES: 2
** Event #203557888   t=24191.882292076519   Elapsed: 34.0004s (0m 34s)
     Speed:     ev/sec=5.98851e+06   simsec/sec=706.587   ev/simsec=8475.26
     Messages:  created: 79575897   present: 14   in FES: 3
** Event #215608320   t=25623.747357374492   Elapsed: 36.0005s (0m 36s)
     Speed:     ev/sec=6.0251e+06   simsec/sec=715.919   ev/simsec=8415.9
     Messages:  created: 84287057   present: 13   in FES: 3
** Event #227721216   t=27065.597923614358   Elapsed: 38.0005s (0m 38s)
     Speed:     ev/sec=6.05632e+06   simsec/sec=720.91   ev/simsec=8400.94
     Messages:  created: 89023062   present: 13   in FES: 2
** Event #240019712   t=28523.445346974166   Elapsed: 40.0005s (0m 40s)
     Speed:     ev/sec=6.14917e+06   simsec/sec=728.915   ev/simsec=8436.07
     Messages:  created: 93829398   present: 13   in FES: 3
** Event #252108032   t=29951.015103586296   Elapsed: 42.0005s (0m 42s)
     Speed:     ev/sec=6.04412e+06   simsec/sec=713.78   ev/simsec=8467.76
     Messages:  created: 98553958   present: 14   in FES: 2
** Event #264395776   t=31417.188435310393   Elapsed: 44.0005s (0m 44s)
     Speed:     ev/sec=6.14383e+06   simsec/sec=733.082   ev/simsec=8380.83
     Messages:  created: 103358720   present: 13   in FES: 2
** Event #276600576   t=32863.332214544745   Elapsed: 46.0006s (0m 46s)
     Speed:     ev/sec=6.10229e+06   simsec/sec=723.059   ev/simsec=8439.55
     Messages:  created: 108129447   present: 13   in FES: 2
** Event #288720128   t=34301.82717213209   Elapsed: 48.0006s (0m 48s)
     Speed:     ev/sec=6.05974e+06   simsec/sec=719.243   ev/simsec=8425.16
     Messages:  created: 112866822   present: 13   in FES: 3
** Event #300984576   t=35756.358515121137   Elapsed: 50.0006s (0m 50s)
     Speed:     ev/sec=6.13208e+06   simsec/sec=727.249   ev/simsec=8431.89
     Messages:  created: 117661530   present: 13   in FES: 2
** Event #313288704   t=37213.801002047991   Elapsed: 52.0007s (0m 52s)
     Speed:     ev/sec=6.15194e+06   simsec/sec=728.707   ev/simsec=8442.27
     Messages:  created: 122471503   present: 14   in FES: 2
** Event #325608960   t=38675.99250389571   Elapsed: 54.0007s (0m 54s)
     Speed:     ev/sec=6.16003e+06   simsec/sec=731.084   ev/simsec=8425.88
     Messages:  created: 127286389   present: 14   in FES: 3
** Event #337996032   t=40146.537344307141   Elapsed: 56.0007s (0m 56s)
     Speed:     ev/sec=6.19351e+06   simsec/sec=735.269   ev/simsec=8423.46
     Messages:  created: 132128593   present: 14   in FES: 3
** Event #350279168   t=41608.801720211352   Elapsed: 58.0008s (0m 58s)
     Speed:     ev/sec=6.14146e+06   simsec/sec=731.119   ev/simsec=8400.08
     Messages:  created: 136930609   present: 13   in FES: 2
** Event #362550272   t=43066.402663665676   Elapsed: 60.0008s (1m 00s)
     Speed:     ev/sec=6.13542e+06   simsec/sec=728.785   ev/simsec=8418.7
     Messages:  created: 141727371   present: 14   in FES: 2
** Event #374709760   t=44520.088376131794   Elapsed: 62.0009s (1m 02s)
     Speed:     ev/sec=6.0796e+06   simsec/sec=726.825   ev/simsec=8364.59
     Messages:  created: 146482379   present: 13   in FES: 3
** Event #386751488   t=45955.230943827677   Elapsed: 64.0009s (1m 04s)
     Speed:     ev/sec=6.02076e+06   simsec/sec=717.559   ev/simsec=8390.61
     Messages:  created: 151191905   present: 14   in FES: 3
** Event #398953216   t=47397.012460724667   Elapsed: 66.0009s (1m 06s)
     Speed:     ev/sec=6.10075e+06   simsec/sec=720.878   ev/simsec=8462.95
     Messages:  created: 155960905   present: 13   in FES: 3
** Event #411362560   t=48882.028189004471   Elapsed: 68.0009s (1m 08s)
     Speed:     ev/sec=6.2046e+06   simsec/sec=742.499   ev/simsec=8356.37
     Messages:  created: 160813291   present: 13   in FES: 3
** Event #423730432   t=50339.884407815204   Elapsed: 70.001s (1m 10s)
     Speed:     ev/sec=6.1838e+06   simsec/sec=728.912   ev/simsec=8483.6
     Messages:  created: 165645849   present: 13   in FES: 2
** Event #436128512   t=51815.202676962562   Elapsed: 72.001s (1m 12s)
     Speed:     ev/sec=6.19891e+06   simsec/sec=737.643   ev/simsec=8403.66
     Messages:  created: 170492372   present: 14   in FES: 2
** Event #448387840   t=53262.996344781826   Elapsed: 74.0011s (1m 14s)
     Speed:     ev/sec=6.1296e+06   simsec/sec=723.889   ev/simsec=8467.59
     Messages:  created: 175283401   present: 13   in FES: 2
** Event #460484864   t=54700.622893613986   Elapsed: 76.0011s (1m 16s)
     Speed:     ev/sec=6.04844e+06   simsec/sec=718.805   ev/simsec=8414.58
     Messages:  created: 180012312   present: 14   in FES: 3
** Event #472769536   t=56154.574203343621   Elapsed: 78.0011s (1m 18s)
     Speed:     ev/sec=6.14229e+06   simsec/sec=726.97   ev/simsec=8449.16
     Messages:  created: 184813427   present: 13   in FES: 3
** Event #484963584   t=57606.281387628418   Elapsed: 80.0011s (1m 20s)
     Speed:     ev/sec=6.09701e+06   simsec/sec=725.851   ev/simsec=8399.8
     Messages:  created: 189580806   present: 14   in FES: 3
** Event #497218048   t=59063.015160359331   Elapsed: 82.0011s (1m 22s)
     Speed:     ev/sec=6.12712e+06   simsec/sec=728.353   ev/simsec=8412.29
     Messages:  created: 194371156   present: 14   in FES: 2
** Event #509337856   t=60502.730461290836   Elapsed: 84.0012s (1m 24s)
     Speed:     ev/sec=6.05985e+06   simsec/sec=719.852   ev/simsec=8418.2
     Messages:  created: 199108752   present: 14   in FES: 3
** Event #521619200   t=61962.796318343244   Elapsed: 86.0012s (1m 26s)
     Speed:     ev/sec=6.14058e+06   simsec/sec=730.022   ev/simsec=8411.5
     Messages:  created: 203909994   present: 13   in FES: 2
** Event #533846016   t=63415.192037608446   Elapsed: 88.0012s (1m 28s)
     Speed:     ev/sec=6.11336e+06   simsec/sec=726.192   ev/simsec=8418.38
     Messages:  created: 208688860   present: 13   in FES: 2
** Event #546126080   t=64872.142528172249   Elapsed: 90.0012s (1m 30s)
     Speed:     ev/sec=6.13994e+06   simsec/sec=728.464   ev/simsec=8428.61
     Messages:  created: 213488636   present: 14   in FES: 2
** Event #558309376   t=66321.276922953095   Elapsed: 92.0012s (1m 32s)
     Speed:     ev/sec=6.09164e+06   simsec/sec=724.566   ev/simsec=8407.29
     Messages:  created: 218251355   present: 13   in FES: 2
** Event #570500096   t=67776.166090774456   Elapsed: 94.0013s (1m 34s)
     Speed:     ev/sec=6.09527e+06   simsec/sec=727.433   ev/simsec=8379.14
     Messages:  created: 223016834   present: 13   in FES: 3
** Event #582830592   t=69246.050107578966   Elapsed: 96.0013s (1m 36s)
     Speed:     ev/sec=6.16518e+06   simsec/sec=734.934   ev/simsec=8388.75
     Messages:  created: 227838255   present: 14   in FES: 2
** Event #595216640   t=70719.272924275516   Elapsed: 98.0013s (1m 38s)
     Speed:     ev/sec=6.19299e+06   simsec/sec=736.607   ev/simsec=8407.45
     Messages:  created: 232680185   present: 13   in FES: 2
** Event #607457792   t=72176.64648849253   Elapsed: 100.001s (1m 40s)
     Speed:     ev/sec=6.12056e+06   simsec/sec=728.685   ev/simsec=8399.46
     Messages:  created: 237465591   present: 14   in FES: 3
** Event #619797504   t=73630.190825840428   Elapsed: 102.001s (1m 42s)
     Speed:     ev/sec=6.1698e+06   simsec/sec=726.765   ev/simsec=8489.39
     Messages:  created: 242287375   present: 15   in FES: 3
** Event #632104704   t=75086.050129800143   Elapsed: 104.001s (1m 44s)
     Speed:     ev/sec=6.15357e+06   simsec/sec=727.926   ev/simsec=8453.56
     Messages:  created: 247097208   present: 13   in FES: 3
** Event #644443904   t=76554.03446177907   Elapsed: 106.001s (1m 46s)
     Speed:     ev/sec=6.16949e+06   simsec/sec=733.979   ev/simsec=8405.54
     Messages:  created: 251920770   present: 14   in FES: 3
** Event #656811008   t=78029.939246175448   Elapsed: 108.001s (1m 48s)
     Speed:     ev/sec=6.18345e+06   simsec/sec=737.941   ev/simsec=8379.34
     Messages:  created: 256756772   present: 13   in FES: 2
** Event #669233664   t=79498.873312173579   Elapsed: 110.001s (1m 50s)
     Speed:     ev/sec=6.21132e+06   simsec/sec=734.466   ev/simsec=8456.92
     Messages:  created: 261611814   present: 14   in FES: 4
** Event #681615104   t=80966.07119880024   Elapsed: 112.001s (1m 52s)
     Speed:     ev/sec=6.19064e+06   simsec/sec=733.589   ev/simsec=8438.83
     Messages:  created: 266452168   present: 14   in FES: 2
** Event #693970688   t=82436.811454639332   Elapsed: 114.001s (1m 54s)
     Speed:     ev/sec=6.17772e+06   simsec/sec=735.362   ev/simsec=8400.93
     Messages:  created: 271282603   present: 13   in FES: 2
** Event #706227968   t=83890.707203392481   Elapsed: 116.001s (1m 56s)
     Speed:     ev/sec=6.1286e+06   simsec/sec=726.944   ev/simsec=8430.65
     Messages:  created: 276073531   present: 13   in FES: 3
** Event #718543360   t=85346.484107616319   Elapsed: 118.001s (1m 58s)
     Speed:     ev/sec=6.15764e+06   simsec/sec=727.882   ev/simsec=8459.67
     Messages:  created: 280886434   present: 14   in FES: 4
** Event #730820608   t=86798.928965406863   Elapsed: 120.002s (2m 00s)
     Speed:     ev/sec=6.13856e+06   simsec/sec=726.215   ev/simsec=8452.82
     Messages:  created: 285684198   present: 13   in FES: 3
** Event #743094016   t=88248.829042917   Elapsed: 122.002s (2m 02s)
     Speed:     ev/sec=6.1366e+06   simsec/sec=724.938   ev/simsec=8465
     Messages:  created: 290479946   present: 14   in FES: 3
** Event #755399680   t=89704.044346926201   Elapsed: 124.002s (2m 04s)
     Speed:     ev/sec=6.1528e+06   simsec/sec=727.603   ev/simsec=8456.25
     Messages:  created: 295289496   present: 13   in FES: 3
** Event #767752448   t=91174.714481078367   Elapsed: 126.002s (2m 06s)
     Speed:     ev/sec=6.17634e+06   simsec/sec=735.33   ev/simsec=8399.41
     Messages:  created: 300118111   present: 14   in FES: 2
** Event #780102656   t=92643.779317820146   Elapsed: 128.002s (2m 08s)
     Speed:     ev/sec=6.17502e+06   simsec/sec=734.522   ev/simsec=8406.85
     Messages:  created: 304945663   present: 13   in FES: 3
** Event #792426240   t=94099.299019905706   Elapsed: 130.002s (2m 10s)
     Speed:     ev/sec=6.16168e+06   simsec/sec=727.747   ev/simsec=8466.79
     Messages:  created: 309763433   present: 13   in FES: 3
** Event #804697600   t=95556.078486900294   Elapsed: 132.002s (2m 12s)
     Speed:     ev/sec=6.13562e+06   simsec/sec=728.382   ev/simsec=8423.62
     Messages:  created: 314560412   present: 13   in FES: 3
** Event #816985344   t=97016.275663445088   Elapsed: 134.002s (2m 14s)
     Speed:     ev/sec=6.1438e+06   simsec/sec=730.09   ev/simsec=8415.13
     Messages:  created: 319363207   present: 14   in FES: 3
** Event #829289984   t=98482.207989511304   Elapsed: 136.002s (2m 16s)
     Speed:     ev/sec=6.15226e+06   simsec/sec=732.959   ev/simsec=8393.73
     Messages:  created: 324172925   present: 13   in FES: 3
** Event #841541376   t=99927.609805052405   Elapsed: 138.002s (2m 18s)
     Speed:     ev/sec=6.1256e+06   simsec/sec=722.69   ev/simsec=8476.11
     Messages:  created: 328960013   present: 14   in FES: 2
** Event #853777152   t=101376.071339009234   Elapsed: 140.002s (2m 20s)
     Speed:     ev/sec=6.11788e+06   simsec/sec=724.229   ev/simsec=8447.43
     Messages:  created: 333742094   present: 13   in FES: 2
** Event #866118912   t=102837.967602014062   Elapsed: 142.002s (2m 22s)
     Speed:     ev/sec=6.17086e+06   simsec/sec=730.945   ev/simsec=8442.3
     Messages:  created: 338565516   present: 13   in FES: 2
** Event #878393856   t=104291.123204040587   Elapsed: 144.002s (2m 24s)
     Speed:     ev/sec=6.13747e+06   simsec/sec=726.577   ev/simsec=8447.1
     Messages:  created: 343363386   present: 13   in FES: 2
** Event #890739200   t=105757.088745054852   Elapsed: 146.002s (2m 26s)
     Speed:     ev/sec=6.17264e+06   simsec/sec=732.979   ev/simsec=8421.31
     Messages:  created: 348188738   present: 14   in FES: 3
** Event #903068160   t=107222.581616579285   Elapsed: 148.002s (2m 28s)
     Speed:     ev/sec=6.16444e+06   simsec/sec=732.742   ev/simsec=8412.84
     Messages:  created: 353009747   present: 14   in FES: 3
** Event #915426304   t=108686.560051365403   Elapsed: 150.002s (2m 30s)
     Speed:     ev/sec=6.17899e+06   simsec/sec=731.979   ev/simsec=8441.48
     Messages:  created: 357840043   present: 13   in FES: 3
** Event #927658752   t=110131.714746933287   Elapsed: 152.002s (2m 32s)
     Speed:     ev/sec=6.11612e+06   simsec/sec=722.565   ev/simsec=8464.46
     Messages:  created: 362620112   present: 13   in FES: 3
** Event #939825920   t=111574.60611698677   Elapsed: 154.002s (2m 34s)
     Speed:     ev/sec=6.08349e+06   simsec/sec=721.434   ev/simsec=8432.49
     Messages:  created: 367376035   present: 13   in FES: 2
** Event #952183552   t=113038.144633747801   Elapsed: 156.002s (2m 36s)
     Speed:     ev/sec=6.17871e+06   simsec/sec=731.756   ev/simsec=8443.67
     Messages:  created: 372205774   present: 13   in FES: 2
** Event #964502528   t=114507.526272696605   Elapsed: 158.002s (2m 38s)
     Speed:     ev/sec=6.15946e+06   simsec/sec=734.688   ev/simsec=8383.78
     Messages:  created: 377022121   present: 14   in FES: 2
** Event #976813312   t=115973.838300220709   Elapsed: 160.002s (2m 40s)
     Speed:     ev/sec=6.15531e+06   simsec/sec=733.146   ev/simsec=8395.75
     Messages:  created: 381835486   present: 14   in FES: 3
** Event #989092608   t=117439.421370898387   Elapsed: 162.002s (2m 42s)
     Speed:     ev/sec=6.13959e+06   simsec/sec=732.784   ev/simsec=8378.44
     Messages:  created: 386636680   present: 13   in FES: 3
** Event #1001439232   t=118905.584929499115   Elapsed: 164.002s (2m 44s)
     Speed:     ev/sec=6.17327e+06   simsec/sec=733.077   ev/simsec=8421.04
     Messages:  created: 391463659   present: 14   in FES: 2
** Event #1013794560   t=120365.821067772826   Elapsed: 166.002s (2m 46s)
     Speed:     ev/sec=6.17764e+06   simsec/sec=730.115   ev/simsec=8461.18
     Messages:  created: 396292080   present: 13   in FES: 2
** Event #1026093312   t=121830.047936689212   Elapsed: 168.002s (2m 48s)
     Speed:     ev/sec=6.14928e+06   simsec/sec=732.102   ev/simsec=8399.49
     Messages:  created: 401100679   present: 13   in FES: 3
** Event #1038476800   t=123305.413427629238   Elapsed: 170.002s (2m 50s)
     Speed:     ev/sec=6.19164e+06   simsec/sec=737.671   ev/simsec=8393.51
     Messages:  created: 405941718   present: 14   in FES: 2
** Event #1050673408   t=124755.410569140486   Elapsed: 172.002s (2m 52s)
     Speed:     ev/sec=6.09826e+06   simsec/sec=724.993   ev/simsec=8411.47
     Messages:  created: 410709712   present: 13   in FES: 3
** Event #1062950912   t=126217.295063440588   Elapsed: 174.002s (2m 54s)
     Speed:     ev/sec=6.13869e+06   simsec/sec=730.935   ev/simsec=8398.41
     Messages:  created: 415509404   present: 14   in FES: 3
** Event #1075262976   t=127677.156836641403   Elapsed: 176.002s (2m 56s)
     Speed:     ev/sec=6.15595e+06   simsec/sec=729.921   ev/simsec=8433.72
     Messages:  created: 420321707   present: 14   in FES: 3
** Event #1087566592   t=129145.713996495335   Elapsed: 178.002s (2m 58s)
     Speed:     ev/sec=6.15172e+06   simsec/sec=734.268   ev/simsec=8378.03
     Messages:  created: 425132580   present: 13   in FES: 2
** Event #1099840768   t=130617.183595132964   Elapsed: 180.002s (3m 00s)
     Speed:     ev/sec=6.137e+06   simsec/sec=735.724   ev/simsec=8341.44
     Messages:  created: 429932739   present: 14   in FES: 4
** Event #1112149760   t=132078.124750168065   Elapsed: 182.002s (3m 02s)
     Speed:     ev/sec=6.15446e+06   simsec/sec=730.466   ev/simsec=8425.39
     Messages:  created: 434744430   present: 13   in FES: 3
** Event #1124417536   t=133535.123025258154   Elapsed: 184.002s (3m 04s)
     Speed:     ev/sec=6.13375e+06   simsec/sec=728.483   ev/simsec=8419.9
     Messages:  created: 439540257   present: 15   in FES: 3
** Event #1136805376   t=135003.02884837907   Elapsed: 186.002s (3m 06s)
     Speed:     ev/sec=6.19389e+06   simsec/sec=733.949   ev/simsec=8439.12
     Messages:  created: 444381639   present: 14   in FES: 3
** Event #1149118976   t=136463.960501858096   Elapsed: 188.002s (3m 08s)
     Speed:     ev/sec=6.15666e+06   simsec/sec=730.449   ev/simsec=8428.59
     Messages:  created: 449194793   present: 14   in FES: 2
** Event #1161439488   t=137932.371087227831   Elapsed: 190.002s (3m 10s)
     Speed:     ev/sec=6.16025e+06   simsec/sec=734.205   ev/simsec=8390.37
     Messages:  created: 454011703   present: 13   in FES: 2
** Event #1173731584   t=139390.753850624586   Elapsed: 192.002s (3m 12s)
     Speed:     ev/sec=6.14593e+06   simsec/sec=729.178   ev/simsec=8428.58
     Messages:  created: 458816215   present: 13   in FES: 2
** Event #1186116864   t=140868.076669424176   Elapsed: 194.002s (3m 14s)
     Speed:     ev/sec=6.19253e+06   simsec/sec=738.648   ev/simsec=8383.6
     Messages:  created: 463658953   present: 14   in FES: 2
** Event #1198518528   t=142346.131447989385   Elapsed: 196.002s (3m 16s)
     Speed:     ev/sec=6.20074e+06   simsec/sec=739.017   ev/simsec=8390.53
     Messages:  created: 468507616   present: 13   in FES: 3
** Event #1210769664   t=143805.150250922563   Elapsed: 198.002s (3m 18s)
     Speed:     ev/sec=6.12548e+06   simsec/sec=729.499   ev/simsec=8396.83
     Messages:  created: 473297718   present: 14   in FES: 2
** Event #1223068928   t=145262.390973095825   Elapsed: 200.002s (3m 20s)
     Speed:     ev/sec=6.14956e+06   simsec/sec=728.612   ev/simsec=8440.1
     Messages:  created: 478105045   present: 13   in FES: 2
** Event #1235440384   t=146726.33769808331   Elapsed: 202.002s (3m 22s)
     Speed:     ev/sec=6.18561e+06   simsec/sec=731.96   ev/simsec=8450.76
     Messages:  created: 482939021   present: 14   in FES: 2
** Event #1248001280   t=148211.714046653957   Elapsed: 204.002s (3m 24s)
     Speed:     ev/sec=6.28039e+06   simsec/sec=742.681   ev/simsec=8456.37
     Messages:  created: 487847982   present: 13   in FES: 3
** Event #1260619008   t=149714.006921669104   Elapsed: 206.002s (3m 26s)
     Speed:     ev/sec=6.30883e+06   simsec/sec=751.143   ev/simsec=8398.98
     Messages:  created: 492781307   present: 14   in FES: 2
** Event #1273110272   t=151204.683215140291   Elapsed: 208.003s (3m 28s)
     Speed:     ev/sec=6.24551e+06   simsec/sec=745.324   ev/simsec=8379.6
     Messages:  created: 497665126   present: 14   in FES: 4
** Event #1285529088   t=152686.076337840808   Elapsed: 210.003s (3m 30s)
     Speed:     ev/sec=6.20928e+06   simsec/sec=740.681   ev/simsec=8383.2
     Messages:  created: 502521834   present: 14   in FES: 3
** Event #1297986560   t=154157.170743352542   Elapsed: 212.003s (3m 32s)
     Speed:     ev/sec=6.22872e+06   simsec/sec=735.545   ev/simsec=8468.17
     Messages:  created: 507391062   present: 14   in FES: 3
** Event #1310391040   t=155636.979967307847   Elapsed: 214.003s (3m 34s)
     Speed:     ev/sec=6.20214e+06   simsec/sec=739.892   ev/simsec=8382.49
     Messages:  created: 512241250   present: 13   in FES: 3
** Event #1322708224   t=157109.278160085018   Elapsed: 216.003s (3m 36s)
     Speed:     ev/sec=6.1585e+06   simsec/sec=736.138   ev/simsec=8365.96
     Messages:  created: 517057250   present: 13   in FES: 3
** Event #1335157504   t=158595.113174548725   Elapsed: 218.003s (3m 38s)
     Speed:     ev/sec=6.22457e+06   simsec/sec=742.909   ev/simsec=8378.64
     Messages:  created: 521925234   present: 13   in FES: 3
** Event #1347594752   t=160066.621800714749   Elapsed: 220.003s (3m 40s)
     Speed:     ev/sec=6.21851e+06   simsec/sec=735.741   ev/simsec=8452.04
     Messages:  created: 526786441   present: 13   in FES: 3
** Event #1360044800   t=161551.1301164755   Elapsed: 222.003s (3m 42s)
     Speed:     ev/sec=6.22501e+06   simsec/sec=742.253   ev/simsec=8386.65
     Messages:  created: 531653365   present: 13   in FES: 2
** Event #1372387072   t=163029.475941835193   Elapsed: 224.003s (3m 44s)
     Speed:     ev/sec=6.17105e+06   simsec/sec=739.162   ev/simsec=8348.7
     Messages:  created: 536480900   present: 13   in FES: 2
** Event #1384979456   t=164519.817927901463   Elapsed: 226.003s (3m 46s)
     Speed:     ev/sec=6.29619e+06   simsec/sec=745.171   ev/simsec=8449.33
     Messages:  created: 541402426   present: 13   in FES: 2
** Event #1397490944   t=165997.629775963421   Elapsed: 228.003s (3m 48s)
     Speed:     ev/sec=6.25571e+06   simsec/sec=738.901   ev/simsec=8466.23
     Messages:  created: 546291469   present: 13   in FES: 2
** Event #1410002432   t=167483.682283119248   Elapsed: 230.003s (3m 50s)
     Speed:     ev/sec=6.25572e+06   simsec/sec=743.023   ev/simsec=8419.28
     Messages:  created: 551182376   present: 13   in FES: 3
** Event #1422442496   t=168960.524503662023   Elapsed: 232.003s (3m 52s)
     Speed:     ev/sec=6.21994e+06   simsec/sec=738.41   ev/simsec=8423.42
     Messages:  created: 556045759   present: 14   in FES: 3
** Event #1434867968   t=170441.323519798985   Elapsed: 234.003s (3m 54s)
     Speed:     ev/sec=6.21271e+06   simsec/sec=740.396   ev/simsec=8391.06
     Messages:  created: 560903416   present: 13   in FES: 3
** Event #1447374848   t=171925.31636799664   Elapsed: 236.003s (3m 56s)
     Speed:     ev/sec=6.25335e+06   simsec/sec=741.986   ev/simsec=8427.86
     Messages:  created: 565791955   present: 14   in FES: 2
** Event #1459911424   t=173409.735647093391   Elapsed: 238.003s (3m 58s)
     Speed:     ev/sec=6.26819e+06   simsec/sec=742.198   ev/simsec=8445.44
     Messages:  created: 570691884   present: 14   in FES: 4
** Event #1472385792   t=174896.470391394975   Elapsed: 240.003s (4m 00s)
     Speed:     ev/sec=6.23712e+06   simsec/sec=743.36   ev/simsec=8390.45
     Messages:  created: 575568887   present: 14   in FES: 3
** Event #1485082624   t=176402.285833065712   Elapsed: 242.003s (4m 02s)
     Speed:     ev/sec=6.34835e+06   simsec/sec=752.9   ev/simsec=8431.86
     Messages:  created: 580530876   present: 13   in FES: 3
** Event #1497706752   t=177907.607199318858   Elapsed: 244.003s (4m 04s)
     Speed:     ev/sec=6.31201e+06   simsec/sec=752.655   ev/simsec=8386.33
     Messages:  created: 585466961   present: 13   in FES: 2
** Event #1510306304   t=179399.258368105182   Elapsed: 246.003s (4m 06s)
     Speed:     ev/sec=6.29966e+06   simsec/sec=745.812   ev/simsec=8446.71
     Messages:  created: 590390617   present: 14   in FES: 3
** Event #1522801664   t=180890.277131873816   Elapsed: 248.003s (4m 08s)
     Speed:     ev/sec=6.24759e+06   simsec/sec=745.499   ev/simsec=8380.42
     Messages:  created: 595275664   present: 14   in FES: 4
** Event #1535361024   t=182381.394970008369   Elapsed: 250.003s (4m 10s)
     Speed:     ev/sec=6.27966e+06   simsec/sec=745.557   ev/simsec=8422.78
     Messages:  created: 600185158   present: 14   in FES: 3
** Event #1547883776   t=183869.735292107011   Elapsed: 252.003s (4m 12s)
     Speed:     ev/sec=6.26135e+06   simsec/sec=744.167   ev/simsec=8413.9
     Messages:  created: 605081070   present: 13   in FES: 2
** Event #1560170496   t=185332.083204079054   Elapsed: 254.003s (4m 14s)
     Speed:     ev/sec=6.14327e+06   simsec/sec=731.164   ev/simsec=8402.05
     Messages:  created: 609884451   present: 14   in FES: 2
** Event #1572801024   t=186831.812097077105   Elapsed: 256.003s (4m 16s)
     Speed:     ev/sec=6.31514e+06   simsec/sec=749.85   ev/simsec=8421.87
     Messages:  created: 614822095   present: 14   in FES: 4
** Event #1585349632   t=188321.611742266553   Elapsed: 258.003s (4m 18s)
     Speed:     ev/sec=6.27426e+06   simsec/sec=744.894   ev/simsec=8423.02
     Messages:  created: 619726413   present: 14   in FES: 3
** Event #1597809152   t=189795.012757100905   Elapsed: 260.003s (4m 20s)
     Speed:     ev/sec=6.22969e+06   simsec/sec=736.692   ev/simsec=8456.3
     Messages:  created: 624595786   present: 13   in FES: 2
** Event #1610340608   t=191269.958097898705   Elapsed: 262.003s (4m 22s)
     Speed:     ev/sec=6.26561e+06   simsec/sec=737.458   ev/simsec=8496.22
     Messages:  created: 629492465   present: 13   in FES: 2
** Event #1622903808   t=192757.623522101261   Elapsed: 264.003s (4m 24s)
     Speed:     ev/sec=6.28156e+06   simsec/sec=743.828   ev/simsec=8444.91
     Messages:  created: 634402761   present: 13   in FES: 2
** Event #1635447552   t=194252.114069723081   Elapsed: 266.003s (4m 26s)
     Speed:     ev/sec=6.27182e+06   simsec/sec=747.239   ev/simsec=8393.32
     Messages:  created: 639305964   present: 13   in FES: 2
** Event #1647954944   t=195737.107757734607   Elapsed: 268.003s (4m 28s)
     Speed:     ev/sec=6.25367e+06   simsec/sec=742.494   ev/simsec=8422.52
     Messages:  created: 644195477   present: 14   in FES: 2
** Event #1660419584   t=197217.279538484074   Elapsed: 270.003s (4m 30s)
     Speed:     ev/sec=6.2323e+06   simsec/sec=740.084   ev/simsec=8421.08
     Messages:  created: 649068572   present: 13   in FES: 3
** Event #1673278720   t=198744.489090443702   Elapsed: 272.003s (4m 32s)
     Speed:     ev/sec=6.42945e+06   simsec/sec=763.591   ev/simsec=8420.02
     Messages:  created: 654095163   present: 14   in FES: 3
** Event #1686012928   t=200258.649591774168   Elapsed: 274.003s (4m 34s)
     Speed:     ev/sec=6.36701e+06   simsec/sec=757.069   ev/simsec=8410.08
     Messages:  created: 659072527   present: 13   in FES: 3
** Event #1698726400   t=201772.283089963223   Elapsed: 276.003s (4m 36s)
     Speed:     ev/sec=6.35662e+06   simsec/sec=756.804   ev/simsec=8399.31
     Messages:  created: 664042256   present: 13   in FES: 2
** Event #1711454464   t=203281.066001754554   Elapsed: 278.003s (4m 38s)
     Speed:     ev/sec=6.36394e+06   simsec/sec=754.38   ev/simsec=8435.98
     Messages:  created: 669017060   present: 13   in FES: 3
** Event #1724176128   t=204793.700025766216   Elapsed: 280.003s (4m 40s)
     Speed:     ev/sec=6.36072e+06   simsec/sec=756.304   ev/simsec=8410.27
     Messages:  created: 673991177   present: 14   in FES: 3
** Event #1736776704   t=206300.972309677731   Elapsed: 282.003s (4m 42s)
     Speed:     ev/sec=6.30022e+06   simsec/sec=753.628   ev/simsec=8359.85
     Messages:  created: 678917470   present: 14   in FES: 4
** Event #1749496576   t=207808.910323806551   Elapsed: 284.003s (4m 44s)
     Speed:     ev/sec=6.35983e+06   simsec/sec=753.957   ev/simsec=8435.28
     Messages:  created: 683889121   present: 13   in FES: 3
** Event #1762185472   t=209306.842127911961   Elapsed: 286.003s (4m 46s)
     Speed:     ev/sec=6.3444e+06   simsec/sec=748.96   ev/simsec=8470.94
     Messages:  created: 688847417   present: 13   in FES: 3
** Event #1774784768   t=210806.988405764094   Elapsed: 288.003s (4m 48s)
     Speed:     ev/sec=6.2996e+06   simsec/sec=750.068   ev/simsec=8398.71
     Messages:  created: 693773469   present: 14   in FES: 4
** Event #1787616000   t=212320.649134020074   Elapsed: 290.003s (4m 50s)
     Speed:     ev/sec=6.41547e+06   simsec/sec=756.813   ev/simsec=8476.95
     Messages:  created: 698787732   present: 14   in FES: 2
** Event #1800430848   t=213842.843317327959   Elapsed: 292.003s (4m 52s)
     Speed:     ev/sec=6.40734e+06   simsec/sec=761.088   ev/simsec=8418.67
     Messages:  created: 703796544   present: 14   in FES: 3
** Event #1813350400   t=215379.99393448367   Elapsed: 294.004s (4m 54s)
     Speed:     ev/sec=6.45969e+06   simsec/sec=768.565   ev/simsec=8404.87
     Messages:  created: 708846822   present: 13   in FES: 3
** Event #1825988096   t=216888.516604173741   Elapsed: 296.004s (4m 56s)
     Speed:     ev/sec=6.31874e+06   simsec/sec=754.248   ev/simsec=8377.53
     Messages:  created: 713787921   present: 13   in FES: 2
** Event #1838838528   t=218414.885633580128   Elapsed: 298.004s (4m 58s)
     Speed:     ev/sec=6.4251e+06   simsec/sec=763.17   ev/simsec=8418.95
     Messages:  created: 718811452   present: 13   in FES: 3
** Event #1851720448   t=219936.292364486717   Elapsed: 300.004s (5m 00s)
     Speed:     ev/sec=6.44087e+06   simsec/sec=760.692   ev/simsec=8467.11
     Messages:  created: 723845620   present: 13   in FES: 3
** Event #1864340480   t=221442.678279797073   Elapsed: 302.004s (5m 02s)
     Speed:     ev/sec=6.30992e+06   simsec/sec=753.182   ev/simsec=8377.69
     Messages:  created: 728781151   present: 13   in FES: 3
** Event #1876845056   t=222934.809222405185   Elapsed: 304.004s (5m 04s)
     Speed:     ev/sec=6.25219e+06   simsec/sec=746.054   ev/simsec=8380.35
     Messages:  created: 733669659   present: 13   in FES: 3
** Event #1889588992   t=224451.453613292218   Elapsed: 306.004s (5m 06s)
     Speed:     ev/sec=6.37191e+06   simsec/sec=758.316   ev/simsec=8402.72
     Messages:  created: 738651820   present: 13   in FES: 3
** Event #1902494976   t=225978.553417342039   Elapsed: 308.004s (5m 08s)
     Speed:     ev/sec=6.45297e+06   simsec/sec=763.547   ev/simsec=8451.3
     Messages:  created: 743695219   present: 13   in FES: 2
** Event #1915093248   t=227469.096209658175   Elapsed: 310.004s (5m 10s)
     Speed:     ev/sec=6.29912e+06   simsec/sec=745.269   ev/simsec=8452.14
     Messages:  created: 748619426   present: 13   in FES: 2
** Event #1927868416   t=228990.833099217688   Elapsed: 312.004s (5m 12s)
     Speed:     ev/sec=6.38748e+06   simsec/sec=760.856   ev/simsec=8395.12
     Messages:  created: 753614257   present: 14   in FES: 2
** Event #1940568832   t=230499.123571058609   Elapsed: 314.004s (5m 14s)
     Speed:     ev/sec=6.35016e+06   simsec/sec=754.14   ev/simsec=8420.4
     Messages:  created: 758578752   present: 13   in FES: 3
** Event #1953251072   t=232010.791538013937   Elapsed: 316.004s (5m 16s)
     Speed:     ev/sec=6.3411e+06   simsec/sec=755.832   ev/simsec=8389.57
     Messages:  created: 763538134   present: 13   in FES: 2
** Event #1966016512   t=233530.576001980118   Elapsed: 318.004s (5m 18s)
     Speed:     ev/sec=6.38261e+06   simsec/sec=759.879   ev/simsec=8399.51
     Messages:  created: 768529393   present: 13   in FES: 3
** Event #1978751488   t=235041.671041771427   Elapsed: 320.004s (5m 20s)
     Speed:     ev/sec=6.36746e+06   simsec/sec=755.544   ev/simsec=8427.65
     Messages:  created: 773508182   present: 13   in FES: 3
** Event #1991342080   t=236537.969099844359   Elapsed: 322.004s (5m 22s)
     Speed:     ev/sec=6.29523e+06   simsec/sec=748.141   ev/simsec=8414.49
     Messages:  created: 778430071   present: 14   in FES: 2
** Event #2003969536   t=238035.059052484742   Elapsed: 324.004s (5m 24s)
     Speed:     ev/sec=6.31368e+06   simsec/sec=748.539   ev/simsec=8434.67
     Messages:  created: 783365907   present: 14   in FES: 3
** Event #2016607744   t=239531.539589287303   Elapsed: 326.004s (5m 26s)
     Speed:     ev/sec=6.31903e+06   simsec/sec=748.232   ev/simsec=8445.29
     Messages:  created: 788305445   present: 14   in FES: 3
** Event #2029049856   t=241009.964555663011   Elapsed: 328.004s (5m 28s)
     Speed:     ev/sec=6.22104e+06   simsec/sec=739.211   ev/simsec=8415.79
     Messages:  created: 793169591   present: 13   in FES: 3
** Event #2041542656   t=242490.529371117906   Elapsed: 330.004s (5m 30s)
     Speed:     ev/sec=6.2464e+06   simsec/sec=740.282   ev/simsec=8437.86
     Messages:  created: 798051871   present: 14   in FES: 3
** Event #2054076416   t=243981.485819869143   Elapsed: 332.004s (5m 32s)
     Speed:     ev/sec=6.2668e+06   simsec/sec=745.469   ev/simsec=8406.52
     Messages:  created: 802952825   present: 14   in FES: 2
** Event #2066657280   t=245475.622896719867   Elapsed: 334.004s (5m 34s)
     Speed:     ev/sec=6.29033e+06   simsec/sec=747.056   ev/simsec=8420.15
     Messages:  created: 807870273   present: 13   in FES: 3
** Event #2079407360   t=246989.625834583656   Elapsed: 336.004s (5m 36s)
     Speed:     ev/sec=6.37493e+06   simsec/sec=756.989   ev/simsec=8421.44
     Messages:  created: 812853752   present: 14   in FES: 2
** Event #2092306688   t=248520.687331332083   Elapsed: 338.004s (5m 38s)
     Speed:     ev/sec=6.44962e+06   simsec/sec=765.525   ev/simsec=8425.09
     Messages:  created: 817895579   present: 13   in FES: 3
** Event #2105002240   t=250021.41212130864   Elapsed: 340.004s (5m 40s)
     Speed:     ev/sec=6.34776e+06   simsec/sec=750.361   ev/simsec=8459.61
     Messages:  created: 822857295   present: 14   in FES: 2
** Event #2117776640   t=251536.460243743063   Elapsed: 342.004s (5m 42s)
     Speed:     ev/sec=6.38711e+06   simsec/sec=757.513   ev/simsec=8431.68
     Messages:  created: 827850449   present: 13   in FES: 3
** Event #2130266368   t=253012.750427249757   Elapsed: 344.004s (5m 44s)
     Speed:     ev/sec=6.24482e+06   simsec/sec=738.14   ev/simsec=8460.21
     Messages:  created: 832730994   present: 13   in FES: 2
** Event #2142957312   t=254519.946260340059   Elapsed: 346.004s (5m 46s)
     Speed:     ev/sec=6.3454e+06   simsec/sec=753.589   ev/simsec=8420.24
     Messages:  created: 837692254   present: 13   in FES: 3
** Event #2155688704   t=256042.043572893877   Elapsed: 348.004s (5m 48s)
     Speed:     ev/sec=6.36559e+06   simsec/sec=761.036   ev/simsec=8364.37
     Messages:  created: 842671750   present: 13   in FES: 3
** Event #2168489728   t=257557.802231738029   Elapsed: 350.004s (5m 50s)
     Speed:     ev/sec=6.40048e+06   simsec/sec=757.876   ev/simsec=8445.29
     Messages:  created: 847675708   present: 13   in FES: 3
** Event #2181113344   t=259063.526304591367   Elapsed: 352.004s (5m 52s)
     Speed:     ev/sec=6.31167e+06   simsec/sec=752.845   ev/simsec=8383.75
     Messages:  created: 852611706   present: 13   in FES: 2
** Event #2193791488   t=260564.792076206432   Elapsed: 354.004s (5m 54s)
     Speed:     ev/sec=6.33905e+06   simsec/sec=750.631   ev/simsec=8444.97
     Messages:  created: 857566734   present: 13   in FES: 2
** Event #2206420992   t=262063.79091519974   Elapsed: 356.004s (5m 56s)
     Speed:     ev/sec=6.31469e+06   simsec/sec=749.492   ev/simsec=8425.29
     Messages:  created: 862503027   present: 13   in FES: 3
** Event #2219158272   t=263575.260192584511   Elapsed: 358.004s (5m 58s)
     Speed:     ev/sec=6.3686e+06   simsec/sec=755.73   ev/simsec=8427.08
     Messages:  created: 867482992   present: 13   in FES: 2
** Event #2231807488   t=265074.726938317291   Elapsed: 360.004s (6m 00s)
     Speed:     ev/sec=6.32454e+06   simsec/sec=749.725   ev/simsec=8435.81
     Messages:  created: 872427314   present: 14   in FES: 2
** Event #2244341760   t=266560.828241282148   Elapsed: 362.004s (6m 02s)
     Speed:     ev/sec=6.26708e+06   simsec/sec=743.044   ev/simsec=8434.33
     Messages:  created: 877327219   present: 13   in FES: 2
** Event #2256893696   t=268055.232462110152   Elapsed: 364.004s (6m 04s)
     Speed:     ev/sec=6.27587e+06   simsec/sec=747.191   ev/simsec=8399.29
     Messages:  created: 882233960   present: 13   in FES: 2
** Event #2269675264   t=269565.181712436423   Elapsed: 366.004s (6m 06s)
     Speed:     ev/sec=6.39074e+06   simsec/sec=754.969   ev/simsec=8464.9
     Messages:  created: 887228467   present: 14   in FES: 2
** Event #2282418688   t=271084.041463882021   Elapsed: 368.004s (6m 08s)
     Speed:     ev/sec=6.37169e+06   simsec/sec=759.428   ev/simsec=8390.13
     Messages:  created: 892209911   present: 14   in FES: 3
** Event #2295233280   t=272607.907583315479   Elapsed: 370.004s (6m 10s)
     Speed:     ev/sec=6.40724e+06   simsec/sec=761.927   ev/simsec=8409.26
     Messages:  created: 897220115   present: 13   in FES: 3
** Event #2307949056   t=274129.079551486732   Elapsed: 372.004s (6m 12s)
     Speed:     ev/sec=6.35787e+06   simsec/sec=760.584   ev/simsec=8359.2
     Messages:  created: 902192911   present: 14   in FES: 3
** Event #2320695808   t=275635.590337928876   Elapsed: 374.004s (6m 14s)
     Speed:     ev/sec=6.37329e+06   simsec/sec=753.245   ev/simsec=8461.11
     Messages:  created: 907174564   present: 14   in FES: 2
** Event #2333457152   t=277154.547529020825   Elapsed: 376.004s (6m 16s)
     Speed:     ev/sec=6.38062e+06   simsec/sec=759.472   ev/simsec=8401.38
     Messages:  created: 912163202   present: 13   in FES: 2
** Event #2346316288   t=278684.005945575401   Elapsed: 378.004s (6m 18s)
     Speed:     ev/sec=6.42952e+06   simsec/sec=764.724   ev/simsec=8407.64
     Messages:  created: 917189765   present: 13   in FES: 3
** Event #2358983168   t=280186.710405611392   Elapsed: 380.004s (6m 20s)
     Speed:     ev/sec=6.33342e+06   simsec/sec=751.35   ev/simsec=8429.39
     Messages:  created: 922141699   present: 14   in FES: 3
** Event #2371788288   t=281712.725116479761   Elapsed: 382.004s (6m 22s)
     Speed:     ev/sec=6.40245e+06   simsec/sec=762.994   ev/simsec=8391.22
     Messages:  created: 927148350   present: 13   in FES: 3
** Event #2384612096   t=283243.4037144149   Elapsed: 384.004s (6m 24s)
     Speed:     ev/sec=6.4118e+06   simsec/sec=765.327   ev/simsec=8377.86
     Messages:  created: 932162204   present: 14   in FES: 2
** Event #2397283072   t=284754.213859870606   Elapsed: 386.004s (6m 26s)
     Speed:     ev/sec=6.33547e+06   simsec/sec=755.402   ev/simsec=8386.88
     Messages:  created: 937116684   present: 14   in FES: 3
** Event #2410109696   t=286271.193185291418   Elapsed: 388.004s (6m 28s)
     Speed:     ev/sec=6.41327e+06   simsec/sec=758.485   ev/simsec=8455.37
     Messages:  created: 942129127   present: 13   in FES: 2
** Event #2422739712   t=287773.440844214623   Elapsed: 390.004s (6m 30s)
     Speed:     ev/sec=6.31496e+06   simsec/sec=751.118   ev/simsec=8407.41
     Messages:  created: 947066443   present: 13   in FES: 3
** Event #2435320832   t=289276.89179782184   Elapsed: 392.004s (6m 32s)
     Speed:     ev/sec=6.29049e+06   simsec/sec=751.717   ev/simsec=8368.16
     Messages:  created: 951985605   present: 13   in FES: 2
** Event #2448000000   t=290786.876757802551   Elapsed: 394.004s (6m 34s)
     Speed:     ev/sec=6.3395e+06   simsec/sec=754.983   ev/simsec=8396.88
     Messages:  created: 956943084   present: 13   in FES: 2
** Event #2460862720   t=292319.389353000602   Elapsed: 396.005s (6m 36s)
     Speed:     ev/sec=6.43131e+06   simsec/sec=766.25   ev/simsec=8393.22
     Messages:  created: 961971615   present: 13   in FES: 2
** Event #2473656064   t=293838.07651922131   Elapsed: 398.005s (6m 38s)
     Speed:     ev/sec=6.39665e+06   simsec/sec=759.341   ev/simsec=8423.95
     Messages:  created: 966971930   present: 13   in FES: 2
** Event #2486399488   t=295349.318348035534   Elapsed: 400.005s (6m 40s)
     Speed:     ev/sec=6.37171e+06   simsec/sec=755.62   ev/simsec=8432.42
     Messages:  created: 971952657   present: 13   in FES: 3
** Event #2499056640   t=296864.232149224406   Elapsed: 402.005s (6m 42s)
     Speed:     ev/sec=6.32846e+06   simsec/sec=757.443   ev/simsec=8355.03
     Messages:  created: 976902213   present: 14   in FES: 4
** Event #2511700480   t=298370.001101153737   Elapsed: 404.005s (6m 44s)
     Speed:     ev/sec=6.32191e+06   simsec/sec=752.883   ev/simsec=8396.93
     Messages:  created: 981845130   present: 14   in FES: 4
** Event #2524390656   t=299877.575923947795   Elapsed: 406.005s (6m 46s)
     Speed:     ev/sec=6.34498e+06   simsec/sec=753.775   ev/simsec=8417.61
     Messages:  created: 986806072   present: 13   in FES: 3
** Event #2537200896   t=301399.027057134328   Elapsed: 408.005s (6m 48s)
     Speed:     ev/sec=6.40503e+06   simsec/sec=760.715   ev/simsec=8419.75
     Messages:  created: 991814013   present: 14   in FES: 2
** Event #2549973248   t=302920.614167497346   Elapsed: 410.005s (6m 50s)
     Speed:     ev/sec=6.38617e+06   simsec/sec=760.793   ev/simsec=8394.1
     Messages:  created: 996807260   present: 14   in FES: 4
** Event #2562694144   t=304432.094094790267   Elapsed: 412.005s (6m 52s)
     Speed:     ev/sec=6.36044e+06   simsec/sec=755.74   ev/simsec=8416.19
     Messages:  created: 1001779775   present: 14   in FES: 2
** Event #2575362560   t=305929.506807372511   Elapsed: 414.005s (6m 54s)
     Speed:     ev/sec=6.33407e+06   simsec/sec=748.69   ev/simsec=8460.2
     Messages:  created: 1006729546   present: 13   in FES: 2
** Event #2588014848   t=307440.994106922893   Elapsed: 416.005s (6m 56s)
     Speed:     ev/sec=6.32611e+06   simsec/sec=755.739   ev/simsec=8370.75
     Messages:  created: 1011677508   present: 13   in FES: 3
** Event #2600756736   t=308945.270853967417   Elapsed: 418.005s (6m 58s)
     Speed:     ev/sec=6.37088e+06   simsec/sec=752.13   ev/simsec=8470.44
     Messages:  created: 1016656759   present: 13   in FES: 2
** Event #2613562880   t=310460.463875004131   Elapsed: 420.005s (7m 00s)
     Speed:     ev/sec=6.40296e+06   simsec/sec=757.583   ev/simsec=8451.82
     Messages:  created: 1021662063   present: 13   in FES: 3
** Event #2626311936   t=311977.931073889263   Elapsed: 422.005s (7m 02s)
     Speed:     ev/sec=6.37449e+06   simsec/sec=758.729   ev/simsec=8401.54
     Messages:  created: 1026646471   present: 13   in FES: 3
** Event #2639196672   t=313506.984615432201   Elapsed: 424.005s (7m 04s)
     Speed:     ev/sec=6.44228e+06   simsec/sec=764.516   ev/simsec=8426.61
     Messages:  created: 1031682842   present: 13   in FES: 3
** Event #2652040448   t=315034.179900923912   Elapsed: 426.005s (7m 06s)
     Speed:     ev/sec=6.42187e+06   simsec/sec=763.596   ev/simsec=8410.04
     Messages:  created: 1036703799   present: 13   in FES: 2
** Event #2664769280   t=316540.354543343843   Elapsed: 428.005s (7m 08s)
     Speed:     ev/sec=6.36434e+06   simsec/sec=753.079   ev/simsec=8451.1
     Messages:  created: 1041678215   present: 13   in FES: 2
** Event #2677589504   t=318067.073979359097   Elapsed: 430.005s (7m 10s)
     Speed:     ev/sec=6.41008e+06   simsec/sec=763.356   ev/simsec=8397.24
     Messages:  created: 1046690150   present: 13   in FES: 3
** Event #2690315520   t=319576.971842883486   Elapsed: 432.005s (7m 12s)
     Speed:     ev/sec=6.36297e+06   simsec/sec=754.945   ev/simsec=8428.4
     Messages:  created: 1051664771   present: 13   in FES: 2
** Event #2703112704   t=321088.832017063393   Elapsed: 434.005s (7m 14s)
     Speed:     ev/sec=6.39852e+06   simsec/sec=755.921   ev/simsec=8464.53
     Messages:  created: 1056665986   present: 14   in FES: 2
** Event #2715762432   t=322590.240883597807   Elapsed: 436.005s (7m 16s)
     Speed:     ev/sec=6.32485e+06   simsec/sec=750.702   ev/simsec=8425.24
     Messages:  created: 1061610805   present: 14   in FES: 3
** Event #2728508672   t=324104.522908171113   Elapsed: 438.005s (7m 18s)
     Speed:     ev/sec=6.37297e+06   simsec/sec=757.124   ev/simsec=8417.35
     Messages:  created: 1066593316   present: 13   in FES: 3
** Event #2741299712   t=325625.951068811395   Elapsed: 440.005s (7m 20s)
     Speed:     ev/sec=6.39544e+06   simsec/sec=760.704   ev/simsec=8407.26
     Messages:  created: 1071593431   present: 13   in FES: 3
** Event #2754023936   t=327136.007347023081   Elapsed: 442.005s (7m 22s)
     Speed:     ev/sec=6.36198e+06   simsec/sec=755.012   ev/simsec=8426.32
     Messages:  created: 1076567484   present: 14   in FES: 2
** Event #2766842880   t=328654.365464614835   Elapsed: 444.005s (7m 24s)
     Speed:     ev/sec=6.40935e+06   simsec/sec=759.165   ev/simsec=8442.64
     Messages:  created: 1081578037   present: 13   in FES: 2
** Event #2779752192   t=330190.09340037048   Elapsed: 446.005s (7m 26s)
     Speed:     ev/sec=6.45462e+06   simsec/sec=767.86   ev/simsec=8405.99
     Messages:  created: 1086624664   present: 13   in FES: 3
** Event #2792538368   t=331708.238449894674   Elapsed: 448.005s (7m 28s)
     Speed:     ev/sec=6.39308e+06   simsec/sec=759.071   ev/simsec=8422.24
     Messages:  created: 1091623139   present: 14   in FES: 3
** Event #2805345536   t=333224.939372718047   Elapsed: 450.005s (7m 30s)
     Speed:     ev/sec=6.40356e+06   simsec/sec=758.347   ev/simsec=8444.1
     Messages:  created: 1096628923   present: 13   in FES: 3
** Event #2818070784   t=334735.132396400194   Elapsed: 452.005s (7m 32s)
     Speed:     ev/sec=6.36259e+06   simsec/sec=755.092   ev/simsec=8426.24
     Messages:  created: 1101602240   present: 14   in FES: 2
** Event #2830775040   t=336246.445535320378   Elapsed: 454.005s (7m 34s)
     Speed:     ev/sec=6.35202e+06   simsec/sec=755.643   ev/simsec=8406.1
     Messages:  created: 1106567494   present: 13   in FES: 3
** Event #2843499264   t=337758.417822683955   Elapsed: 456.005s (7m 36s)
     Speed:     ev/sec=6.36202e+06   simsec/sec=755.975   ev/simsec=8415.65
     Messages:  created: 1111542046   present: 13   in FES: 3
** Event #2856277504   t=339275.628302879507   Elapsed: 458.005s (7m 38s)
     Speed:     ev/sec=6.38904e+06   simsec/sec=758.596   ev/simsec=8422.19
     Messages:  created: 1116536798   present: 13   in FES: 3
** Event #2869128448   t=340795.243215561581   Elapsed: 460.005s (7m 40s)
     Speed:     ev/sec=6.42543e+06   simsec/sec=759.802   ev/simsec=8456.71
     Messages:  created: 1121559204   present: 13   in FES: 3
** Event #2881875968   t=342315.194259559047   Elapsed: 462.005s (7m 42s)
     Speed:     ev/sec=6.37369e+06   simsec/sec=759.967   ev/simsec=8386.8
     Messages:  created: 1126543330   present: 13   in FES: 3
** Event #2894584064   t=343818.099508841366   Elapsed: 464.005s (7m 44s)
     Speed:     ev/sec=6.35401e+06   simsec/sec=751.448   ev/simsec=8455.69
     Messages:  created: 1131510281   present: 14   in FES: 3
** Event #2907304448   t=345337.612483212505   Elapsed: 466.005s (7m 46s)
     Speed:     ev/sec=6.36005e+06   simsec/sec=759.74   ev/simsec=8371.36
     Messages:  created: 1136484718   present: 14   in FES: 3
** Event #2920084992   t=346850.785661640899   Elapsed: 468.005s (7m 48s)
     Speed:     ev/sec=6.39025e+06   simsec/sec=756.584   ev/simsec=8446.19
     Messages:  created: 1141479490   present: 13   in FES: 2
** Event #2932925696   t=348370.390920644472   Elapsed: 470.005s (7m 50s)
     Speed:     ev/sec=6.42023e+06   simsec/sec=759.788   ev/simsec=8450.03
     Messages:  created: 1146498001   present: 13   in FES: 2
** Event #2945760000   t=349902.67713154471   Elapsed: 472.005s (7m 52s)
     Speed:     ev/sec=6.41709e+06   simsec/sec=766.136   ev/simsec=8375.92
     Messages:  created: 1151515619   present: 13   in FES: 2
** Event #2958573824   t=351429.62683589425   Elapsed: 474.005s (7m 54s)
     Speed:     ev/sec=6.40688e+06   simsec/sec=763.471   ev/simsec=8391.78
     Messages:  created: 1156526601   present: 14   in FES: 2
** Event #2971301376   t=352950.037364924244   Elapsed: 476.005s (7m 56s)
     Speed:     ev/sec=6.3637e+06   simsec/sec=760.196   ev/simsec=8371.13
     Messages:  created: 1161504056   present: 13   in FES: 3
** Event #2984104192   t=354476.305301116374   Elapsed: 478.005s (7m 58s)
     Speed:     ev/sec=6.40135e+06   simsec/sec=763.127   ev/simsec=8388.31
     Messages:  created: 1166509624   present: 13   in FES: 2
** Event #2996884224   t=355988.525954072133   Elapsed: 480.005s (8m 00s)
     Speed:     ev/sec=6.3899e+06   simsec/sec=756.097   ev/simsec=8451.17
     Messages:  created: 1171504956   present: 14   in FES: 2
** Event #3009471488   t=357489.083912674843   Elapsed: 482.005s (8m 02s)
     Speed:     ev/sec=6.29355e+06   simsec/sec=750.269   ev/simsec=8388.39
     Messages:  created: 1176427298   present: 13   in FES: 3
** Event #3022196992   t=358997.803093735319   Elapsed: 484.005s (8m 04s)
     Speed:     ev/sec=6.3627e+06   simsec/sec=754.354   ev/simsec=8434.64
     Messages:  created: 1181401263   present: 14   in FES: 2
** Event #3035032320   t=360530.054779299325   Elapsed: 486.005s (8m 06s)
     Speed:     ev/sec=6.41759e+06   simsec/sec=766.117   ev/simsec=8376.78
     Messages:  created: 1186420482   present: 13   in FES: 3
** Event #3047837696   t=362048.5125692692   Elapsed: 488.005s (8m 08s)
     Speed:     ev/sec=6.40263e+06   simsec/sec=759.222   ev/simsec=8433.15
     Messages:  created: 1191425790   present: 14   in FES: 3
** Event #3060506112   t=363553.122436652875   Elapsed: 490.005s (8m 10s)
     Speed:     ev/sec=6.33412e+06   simsec/sec=752.294   ev/simsec=8419.73
     Messages:  created: 1196377790   present: 14   in FES: 3
** Event #3073217792   t=365068.849829305219   Elapsed: 492.005s (8m 12s)
     Speed:     ev/sec=6.3558e+06   simsec/sec=757.859   ev/simsec=8386.52
     Messages:  created: 1201348024   present: 13   in FES: 2
** Event #3085974528   t=366585.225819674842   Elapsed: 494.006s (8m 14s)
     Speed:     ev/sec=6.37825e+06   simsec/sec=758.174   ev/simsec=8412.65
     Messages:  created: 1206334886   present: 14   in FES: 3
** Event #3098744576   t=368109.188508715007   Elapsed: 496.006s (8m 16s)
     Speed:     ev/sec=6.3849e+06   simsec/sec=761.966   ev/simsec=8379.5
     Messages:  created: 1211327847   present: 14   in FES: 3
** Event #3111406592   t=369612.264182215905   Elapsed: 498.006s (8m 18s)
     Speed:     ev/sec=6.33096e+06   simsec/sec=751.532   ev/simsec=8424.07
     Messages:  created: 1216277134   present: 14   in FES: 3
** Event #3124125184   t=371129.465634310401   Elapsed: 500.006s (8m 20s)
     Speed:     ev/sec=6.35918e+06   simsec/sec=758.587   ev/simsec=8382.93
     Messages:  created: 1221249825   present: 14   in FES: 2
** Event #3136841216   t=372637.449193011415   Elapsed: 502.006s (8m 22s)
     Speed:     ev/sec=6.35797e+06   simsec/sec=753.987   ev/simsec=8432.47
     Messages:  created: 1226219699   present: 14   in FES: 2
** Event #3149502720   t=374138.560940546828   Elapsed: 504.006s (8m 24s)
     Speed:     ev/sec=6.3307e+06   simsec/sec=750.549   ev/simsec=8434.75
     Messages:  created: 1231167918   present: 13   in FES: 2
** Event #3162398720   t=375663.85101598846   Elapsed: 506.006s (8m 26s)
     Speed:     ev/sec=6.44799e+06   simsec/sec=762.644   ev/simsec=8454.79
     Messages:  created: 1236207932   present: 13   in FES: 2
** Event #3175095296   t=377165.507659808567   Elapsed: 508.006s (8m 28s)
     Speed:     ev/sec=6.34821e+06   simsec/sec=750.819   ev/simsec=8455.05
     Messages:  created: 1241169823   present: 13   in FES: 2
** Event #3187657984   t=378654.488802318757   Elapsed: 510.006s (8m 30s)
     Speed:     ev/sec=6.2813e+06   simsec/sec=744.485   ev/simsec=8437.1
     Messages:  created: 1246080101   present: 13   in FES: 3
** Event #3200396544   t=380171.538097252884   Elapsed: 512.006s (8m 32s)
     Speed:     ev/sec=6.36925e+06   simsec/sec=758.521   ev/simsec=8396.93
     Messages:  created: 1251059788   present: 14   in FES: 2
** Event #3213152768   t=381679.224358111681   Elapsed: 514.006s (8m 34s)
     Speed:     ev/sec=6.378e+06   simsec/sec=753.83   ev/simsec=8460.79
     Messages:  created: 1256044874   present: 14   in FES: 3
** Event #3226020096   t=383215.159751989395   Elapsed: 516.006s (8m 36s)
     Speed:     ev/sec=6.43357e+06   simsec/sec=767.957   ev/simsec=8377.52
     Messages:  created: 1261076505   present: 13   in FES: 2
** Event #3238690048   t=384718.024741648594   Elapsed: 518.006s (8m 38s)
     Speed:     ev/sec=6.33491e+06   simsec/sec=751.424   ev/simsec=8430.53
     Messages:  created: 1266029003   present: 13   in FES: 3
** Event #3251474176   t=386221.948757041373   Elapsed: 520.006s (8m 40s)
     Speed:     ev/sec=6.39195e+06   simsec/sec=751.948   ev/simsec=8500.51
     Messages:  created: 1271023589   present: 13   in FES: 3
** Event #3264249856   t=387746.953890516139   Elapsed: 522.006s (8m 42s)
     Speed:     ev/sec=6.38771e+06   simsec/sec=762.487   ev/simsec=8377.47
     Messages:  created: 1276018530   present: 13   in FES: 3
** Event #3276818688   t=389245.59328923741   Elapsed: 524.006s (8m 44s)
     Speed:     ev/sec=6.28437e+06   simsec/sec=749.314   ev/simsec=8386.83
     Messages:  created: 1280933632   present: 14   in FES: 3
** Event #3289450496   t=390743.565895583801   Elapsed: 526.006s (8m 46s)
     Speed:     ev/sec=6.31585e+06   simsec/sec=748.98   ev/simsec=8432.6
     Messages:  created: 1285870540   present: 14   in FES: 3
** Event #3302083072   t=392246.040318695503   Elapsed: 528.006s (8m 48s)
     Speed:     ev/sec=6.31629e+06   simsec/sec=751.237   ev/simsec=8407.85
     Messages:  created: 1290808472   present: 13   in FES: 3
** Event #3314776832   t=393747.628381510373   Elapsed: 530.006s (8m 50s)
     Speed:     ev/sec=6.34685e+06   simsec/sec=750.791   ev/simsec=8453.56
     Messages:  created: 1295769581   present: 13   in FES: 2
** Event #3327456512   t=395245.125537299336   Elapsed: 532.006s (8m 52s)
     Speed:     ev/sec=6.33971e+06   simsec/sec=748.733   ev/simsec=8467.25
     Messages:  created: 1300725106   present: 14   in FES: 3
** Event #3340171776   t=396759.869179955704   Elapsed: 534.006s (8m 54s)
     Speed:     ev/sec=6.35759e+06   simsec/sec=757.367   ev/simsec=8394.33
     Messages:  created: 1305696532   present: 13   in FES: 2
** Event #3352670720   t=398240.667508131427   Elapsed: 536.006s (8m 56s)
     Speed:     ev/sec=6.24936e+06   simsec/sec=740.385   ev/simsec=8440.68
     Messages:  created: 1310582889   present: 13   in FES: 3
** Event #3365480448   t=399753.239243148352   Elapsed: 538.006s (8m 58s)
     Speed:     ev/sec=6.40476e+06   simsec/sec=756.273   ev/simsec=8468.84
     Messages:  created: 1315588681   present: 13   in FES: 3
** Event #3378207744   t=401268.013138704654   Elapsed: 540.006s (9m 00s)
     Speed:     ev/sec=6.36354e+06   simsec/sec=757.374   ev/simsec=8402.11
     Messages:  created: 1320564407   present: 14   in FES: 3
** Event #3391090432   t=402801.847262183927   Elapsed: 542.006s (9m 02s)
     Speed:     ev/sec=6.44121e+06   simsec/sec=766.901   ev/simsec=8399.01
     Messages:  created: 1325600998   present: 14   in FES: 4
** Event #3403787264   t=404313.510068567548   Elapsed: 544.006s (9m 04s)
     Speed:     ev/sec=6.34828e+06   simsec/sec=755.816   ev/simsec=8399.25
     Messages:  created: 1330565399   present: 13   in FES: 3
** Event #3416242176   t=405798.533469579271   Elapsed: 546.006s (9m 06s)
     Speed:     ev/sec=6.2274e+06   simsec/sec=742.505   ev/simsec=8387.01
     Messages:  created: 1335435127   present: 14   in FES: 2
** Event #3428812288   t=407292.064009989621   Elapsed: 548.006s (9m 08s)
     Speed:     ev/sec=6.28495e+06   simsec/sec=746.753   ev/simsec=8416.37
     Messages:  created: 1340349314   present: 14   in FES: 3
** Event #3441727744   t=408813.161196514572   Elapsed: 550.006s (9m 10s)
     Speed:     ev/sec=6.45768e+06   simsec/sec=760.543   ev/simsec=8490.88
     Messages:  created: 1345395360   present: 13   in FES: 3
** Event #3454504960   t=410338.37944944196   Elapsed: 552.006s (9m 12s)
     Speed:     ev/sec=6.38856e+06   simsec/sec=762.603   ev/simsec=8377.3
     Messages:  created: 1350391200   present: 13   in FES: 3
** Event #3467274240   t=411852.589110855821   Elapsed: 554.006s (9m 14s)
     Speed:     ev/sec=6.38456e+06   simsec/sec=757.095   ev/simsec=8432.97
     Messages:  created: 1355382454   present: 13   in FES: 3
** Event #3480162560   t=413380.537026722757   Elapsed: 556.006s (9m 16s)
     Speed:     ev/sec=6.44404e+06   simsec/sec=763.96   ev/simsec=8435.05
     Messages:  created: 1360419820   present: 13   in FES: 3
** Event #3492996608   t=414908.449186202323   Elapsed: 558.006s (9m 18s)
     Speed:     ev/sec=6.41699e+06   simsec/sec=763.952   ev/simsec=8399.73
     Messages:  created: 1365437239   present: 13   in FES: 3
** Event #3505841664   t=416437.204482140264   Elapsed: 560.006s (9m 20s)
     Speed:     ev/sec=6.42243e+06   simsec/sec=764.367   ev/simsec=8402.3
     Messages:  created: 1370459415   present: 13   in FES: 3
** Event #3518718720   t=417963.867930622053   Elapsed: 562.006s (9m 22s)
     Speed:     ev/sec=6.43849e+06   simsec/sec=763.327   ev/simsec=8434.77
     Messages:  created: 1375492481   present: 14   in FES: 3
** Event #3531478272   t=419473.08836480367   Elapsed: 564.006s (9m 24s)
     Speed:     ev/sec=6.37976e+06   simsec/sec=754.608   ev/simsec=8454.4
     Messages:  created: 1380479032   present: 13   in FES: 3
** Event #3544142336   t=420971.434605451097   Elapsed: 566.006s (9m 26s)
     Speed:     ev/sec=6.33197e+06   simsec/sec=749.166   ev/simsec=8452.03
     Messages:  created: 1385428487   present: 13   in FES: 3
** Event #3556908288   t=422485.802093350922   Elapsed: 568.006s (9m 28s)
     Speed:     ev/sec=6.38285e+06   simsec/sec=757.169   ev/simsec=8429.89
     Messages:  created: 1390418298   present: 13   in FES: 2
** Event #3569625600   t=423992.316251875976   Elapsed: 570.006s (9m 30s)
     Speed:     ev/sec=6.35858e+06   simsec/sec=753.248   ev/simsec=8441.55
     Messages:  created: 1395388883   present: 14   in FES: 2
** Event #3582373888   t=425502.98795847958   Elapsed: 572.006s (9m 32s)
     Speed:     ev/sec=6.374e+06   simsec/sec=755.319   ev/simsec=8438.82
     Messages:  created: 1400371529   present: 14   in FES: 3
** Event #3595112704   t=427021.800068650631   Elapsed: 574.006s (9m 34s)
     Speed:     ev/sec=6.36939e+06   simsec/sec=759.403   ev/simsec=8387.35
     Messages:  created: 1405351760   present: 13   in FES: 3
** Event #3607940608   t=428538.682520170802   Elapsed: 576.006s (9m 36s)
     Speed:     ev/sec=6.4139e+06   simsec/sec=758.436   ev/simsec=8456.76
     Messages:  created: 1410364691   present: 13   in FES: 2
** Event #3620623872   t=430041.595353938977   Elapsed: 578.007s (9m 38s)
     Speed:     ev/sec=6.34161e+06   simsec/sec=751.454   ev/simsec=8439.12
     Messages:  created: 1415321320   present: 14   in FES: 3
** Event #3633403392   t=431563.470123313906   Elapsed: 580.007s (9m 40s)
     Speed:     ev/sec=6.38965e+06   simsec/sec=760.924   ev/simsec=8397.22
     Messages:  created: 1420317082   present: 14   in FES: 3
** Event #3646177792   t=433093.723847609622   Elapsed: 582.007s (9m 42s)
     Speed:     ev/sec=6.38713e+06   simsec/sec=765.118   ev/simsec=8347.9
     Messages:  created: 1425312917   present: 15   in FES: 2
** Event #3658919168   t=434609.467827794891   Elapsed: 584.007s (9m 44s)
     Speed:     ev/sec=6.37054e+06   simsec/sec=757.855   ev/simsec=8406.02
     Messages:  created: 1430294601   present: 13   in FES: 3
** Event #3671645952   t=436121.111134913422   Elapsed: 586.007s (9m 46s)
     Speed:     ev/sec=6.3633e+06   simsec/sec=755.811   ev/simsec=8419.17
     Messages:  created: 1435269999   present: 13   in FES: 2
** Event #3684413696   t=437655.34042624775   Elapsed: 588.007s (9m 48s)
     Speed:     ev/sec=6.38378e+06   simsec/sec=767.104   ev/simsec=8321.93
     Messages:  created: 1440264077   present: 14   in FES: 4
** Event #3697240064   t=439185.354547334964   Elapsed: 590.007s (9m 50s)
     Speed:     ev/sec=6.41314e+06   simsec/sec=765.002   ev/simsec=8383.17
     Messages:  created: 1445280355   present: 13   in FES: 3
** Event #3710059264   t=440712.869031306732   Elapsed: 592.007s (9m 52s)
     Speed:     ev/sec=6.40954e+06   simsec/sec=763.75   ev/simsec=8392.2
     Messages:  created: 1450292999   present: 13   in FES: 3
** Event #3722793216   t=442222.633785754021   Elapsed: 594.007s (9m 54s)
     Speed:     ev/sec=6.36696e+06   simsec/sec=754.881   ev/simsec=8434.39
     Messages:  created: 1455270209   present: 13   in FES: 3
** Event #3735571456   t=443732.890781324651   Elapsed: 596.007s (9m 56s)
     Speed:     ev/sec=6.38908e+06   simsec/sec=755.124   ev/simsec=8460.97
     Messages:  created: 1460264402   present: 14   in FES: 3
** Event #3748395520   t=445254.290398259654   Elapsed: 598.007s (9m 58s)
     Speed:     ev/sec=6.41203e+06   simsec/sec=760.699   ev/simsec=8429.12
     Messages:  created: 1465276495   present: 15   in FES: 4
** Event #3761133312   t=446773.740905127651   Elapsed: 600.007s (10m 00s)
     Speed:     ev/sec=6.36882e+06   simsec/sec=759.717   ev/simsec=8383.16
     Messages:  created: 1470256051   present: 13   in FES: 3
** Event #3774034688   t=448303.179234222194   Elapsed: 602.007s (10m 02s)
     Speed:     ev/sec=6.45057e+06   simsec/sec=764.705   ev/simsec=8435.37
     Messages:  created: 1475298436   present: 14   in FES: 2
** Event #3786752512   t=449815.20559154604   Elapsed: 604.007s (10m 04s)
     Speed:     ev/sec=6.3589e+06   simsec/sec=756.012   ev/simsec=8411.11
     Messages:  created: 1480270927   present: 13   in FES: 3
** Event #3799548928   t=451323.934257686588   Elapsed: 606.007s (10m 06s)
     Speed:     ev/sec=6.3981e+06   simsec/sec=754.352   ev/simsec=8481.59
     Messages:  created: 1485271733   present: 14   in FES: 3
** Event #3812410112   t=452853.853643346136   Elapsed: 608.007s (10m 08s)
     Speed:     ev/sec=6.43052e+06   simsec/sec=764.951   ev/simsec=8406.45
     Messages:  created: 1490299282   present: 13   in FES: 2
** Event #3825248512   t=454378.136383025477   Elapsed: 610.007s (10m 10s)
     Speed:     ev/sec=6.41918e+06   simsec/sec=762.139   ev/simsec=8422.58
     Messages:  created: 1495317012   present: 14   in FES: 2
** Event #3838040576   t=455887.994977438242   Elapsed: 612.007s (10m 12s)
     Speed:     ev/sec=6.39593e+06   simsec/sec=754.918   ev/simsec=8472.36
     Messages:  created: 1500316006   present: 13   in FES: 2
** Event #3850758912   t=457395.463649905652   Elapsed: 614.007s (10m 14s)
     Speed:     ev/sec=6.35914e+06   simsec/sec=753.731   ev/simsec=8436.88
     Messages:  created: 1505287523   present: 14   in FES: 2
** Event #3863465728   t=458915.290878355266   Elapsed: 616.007s (10m 16s)
     Speed:     ev/sec=6.3534e+06   simsec/sec=759.913   ev/simsec=8360.7
     Messages:  created: 1510256339   present: 14   in FES: 2
** Event #3876155648   t=460421.131709650336   Elapsed: 618.007s (10m 18s)
     Speed:     ev/sec=6.34488e+06   simsec/sec=752.911   ev/simsec=8427.13
     Messages:  created: 1515216317   present: 13   in FES: 2
** Event #3889068800   t=461960.894977492952   Elapsed: 620.007s (10m 20s)
     Speed:     ev/sec=6.45653e+06   simsec/sec=769.876   ev/simsec=8386.45
     Messages:  created: 1520265085   present: 14   in FES: 3
** Event #3901866240   t=463486.571206872367   Elapsed: 622.007s (10m 22s)
     Speed:     ev/sec=6.3986e+06   simsec/sec=762.824   ev/simsec=8388.04
     Messages:  created: 1525267796   present: 13   in FES: 3
** Event #3914699520   t=465011.650163898625   Elapsed: 624.007s (10m 24s)
     Speed:     ev/sec=6.41657e+06   simsec/sec=762.531   ev/simsec=8414.83
     Messages:  created: 1530285668   present: 14   in FES: 3
** Event #3927357952   t=466528.638225003026   Elapsed: 626.007s (10m 26s)
     Speed:     ev/sec=6.32919e+06   simsec/sec=758.491   ev/simsec=8344.45
     Messages:  created: 1535236722   present: 14   in FES: 3
** Event #3940133632   t=468048.21786229598   Elapsed: 628.007s (10m 28s)
     Speed:     ev/sec=6.38777e+06   simsec/sec=759.782   ev/simsec=8407.38
     Messages:  created: 1540231465   present: 14   in FES: 2
** Event #3952927232   t=469565.941016052888   Elapsed: 630.007s (10m 30s)
     Speed:     ev/sec=6.39671e+06   simsec/sec=758.851   ev/simsec=8429.47
     Messages:  created: 1545233173   present: 13   in FES: 2
** Event #3965693440   t=471078.315422453802   Elapsed: 632.007s (10m 32s)
     Speed:     ev/sec=6.38307e+06   simsec/sec=756.183   ev/simsec=8441.17
     Messages:  created: 1550222772   present: 14   in FES: 3
** Event #3978537472   t=472602.443664089751   Elapsed: 634.007s (10m 34s)
     Speed:     ev/sec=6.42195e+06   simsec/sec=762.057   ev/simsec=8427.13
     Messages:  created: 1555244272   present: 14   in FES: 2
** Event #3991335680   t=474121.559531370942   Elapsed: 636.007s (10m 36s)
     Speed:     ev/sec=6.39904e+06   simsec/sec=759.55   ev/simsec=8424.77
     Messages:  created: 1560246420   present: 13   in FES: 2
** Event #4004220416   t=475656.031165525823   Elapsed: 638.007s (10m 38s)
     Speed:     ev/sec=6.44227e+06   simsec/sec=767.224   ev/simsec=8396.86
     Messages:  created: 1565283169   present: 13   in FES: 2
** Event #4016929024   t=477173.427143432164   Elapsed: 640.007s (10m 40s)
     Speed:     ev/sec=6.35423e+06   simsec/sec=758.689   ev/simsec=8375.27
     Messages:  created: 1570253571   present: 13   in FES: 2
** Event #4029586688   t=478666.712181982831   Elapsed: 642.007s (10m 42s)
     Speed:     ev/sec=6.32872e+06   simsec/sec=746.63   ev/simsec=8476.39
     Messages:  created: 1575199332   present: 13   in FES: 3
** Event #4042441472   t=480185.831541404702   Elapsed: 644.007s (10m 44s)
     Speed:     ev/sec=6.42735e+06   simsec/sec=759.555   ev/simsec=8462
     Messages:  created: 1580223402   present: 14   in FES: 3
** Event #4055262976   t=481708.472484314334   Elapsed: 646.007s (10m 46s)
     Speed:     ev/sec=6.41074e+06   simsec/sec=761.319   ev/simsec=8420.57
     Messages:  created: 1585234737   present: 13   in FES: 3
** Event #4068061696   t=483228.75974524964   Elapsed: 648.007s (10m 48s)
     Speed:     ev/sec=6.39923e+06   simsec/sec=760.128   ev/simsec=8418.62
     Messages:  created: 1590237471   present: 13   in FES: 2
** Event #4080736512   t=484729.862746799197   Elapsed: 650.007s (10m 50s)
     Speed:     ev/sec=6.33736e+06   simsec/sec=750.546   ev/simsec=8443.67
     Messages:  created: 1595191425   present: 13   in FES: 3
** Event #4093484544   t=486247.621035356344   Elapsed: 652.007s (10m 52s)
     Speed:     ev/sec=6.37401e+06   simsec/sec=758.878   ev/simsec=8399.25
     Messages:  created: 1600176432   present: 13   in FES: 3
** Event #4106255104   t=487763.528964010375   Elapsed: 654.007s (10m 54s)
     Speed:     ev/sec=6.38526e+06   simsec/sec=757.952   ev/simsec=8424.36
     Messages:  created: 1605168037   present: 14   in FES: 2
** Event #4119045376   t=489269.98234280999   Elapsed: 656.007s (10m 56s)
     Speed:     ev/sec=6.39502e+06   simsec/sec=753.213   ev/simsec=8490.32
     Messages:  created: 1610165177   present: 14   in FES: 4
** Event #4131859712   t=490790.815407152654   Elapsed: 658.007s (10m 58s)
     Speed:     ev/sec=6.4071e+06   simsec/sec=760.409   ev/simsec=8425.87
     Messages:  created: 1615173994   present: 14   in FES: 3
** Event #4144755456   t=492327.978481996629   Elapsed: 660.007s (11m 00s)
     Speed:     ev/sec=6.44778e+06   simsec/sec=768.57   ev/simsec=8389.31
     Messages:  created: 1620216361   present: 14   in FES: 3
** Event #4157488128   t=493840.763816509171   Elapsed: 662.007s (11m 02s)
     Speed:     ev/sec=6.36624e+06   simsec/sec=756.382   ev/simsec=8416.71
     Messages:  created: 1625193905   present: 13   in FES: 3
** Event #4170189568   t=495350.356315029655   Elapsed: 664.007s (11m 04s)
     Speed:     ev/sec=6.35063e+06   simsec/sec=754.785   ev/simsec=8413.82
     Messages:  created: 1630159771   present: 13   in FES: 3
** Event #4182911232   t=496851.834283374463   Elapsed: 666.007s (11m 06s)
     Speed:     ev/sec=6.36079e+06   simsec/sec=750.734   ev/simsec=8472.76
     Messages:  created: 1635131207   present: 14   in FES: 3
** Event #4195603712   t=498356.450558929551   Elapsed: 668.007s (11m 08s)
     Speed:     ev/sec=6.3462e+06   simsec/sec=752.303   ev/simsec=8435.69
     Messages:  created: 1640092883   present: 13   in FES: 3
** Event #4208265728   t=499856.48806374122   Elapsed: 670.007s (11m 10s)
     Speed:     ev/sec=6.33097e+06   simsec/sec=750.014   ev/simsec=8441.13
     Messages:  created: 1645041254   present: 13   in FES: 3
** Event #4221131520   t=501382.013584440999   Elapsed: 672.007s (11m 12s)
     Speed:     ev/sec=6.43284e+06   simsec/sec=762.756   ev/simsec=8433.68
     Messages:  created: 1650069730   present: 14   in FES: 2
** Event #4233996544   t=502915.761377490037   Elapsed: 674.007s (11m 14s)
     Speed:     ev/sec=6.43246e+06   simsec/sec=766.868   ev/simsec=8387.97
     Messages:  created: 1655099744   present: 14   in FES: 2
** Event #4246816256   t=504430.60269464921   Elapsed: 676.007s (11m 16s)
     Speed:     ev/sec=6.4098e+06   simsec/sec=757.414   ev/simsec=8462.74
     Messages:  created: 1660110220   present: 15   in FES: 2
** Event #4259639040   t=505954.024451013086   Elapsed: 678.008s (11m 18s)
     Speed:     ev/sec=6.41128e+06   simsec/sec=761.698   ev/simsec=8417.09
     Messages:  created: 1665123206   present: 13   in FES: 3
** Event #4272306176   t=507467.029382445803   Elapsed: 680.008s (11m 20s)
     Speed:     ev/sec=6.33351e+06   simsec/sec=756.495   ev/simsec=8372.17
     Messages:  created: 1670075861   present: 14   in FES: 4
** Event #4284996096   t=508978.348893048461   Elapsed: 682.008s (11m 22s)
     Speed:     ev/sec=6.34489e+06   simsec/sec=755.651   ev/simsec=8396.58
     Messages:  created: 1675037158   present: 14   in FES: 3
** Event #4297754880   t=510494.554203439985   Elapsed: 684.008s (11m 24s)
     Speed:     ev/sec=6.37927e+06   simsec/sec=758.088   ev/simsec=8414.94
     Messages:  created: 1680025271   present: 14   in FES: 2
** Event #4310491136   t=512013.641640104026   Elapsed: 686.008s (11m 26s)
     Speed:     ev/sec=6.36812e+06   simsec/sec=759.543   ev/simsec=8384.15
     Messages:  created: 1685006078   present: 13   in FES: 3
** Event #4323322368   t=513537.346156237632   Elapsed: 688.008s (11m 28s)
     Speed:     ev/sec=6.41561e+06   simsec/sec=761.852   ev/simsec=8421.08
     Messages:  created: 1690021833   present: 14   in FES: 3
** Event #4336186368   t=515073.177831623216   Elapsed: 690.008s (11m 30s)
     Speed:     ev/sec=6.43195e+06   simsec/sec=767.91   ev/simsec=8375.92
     Messages:  created: 1695052370   present: 14   in FES: 3
** Event #4348949760   t=516587.79047317397   Elapsed: 692.008s (11m 32s)
     Speed:     ev/sec=6.38164e+06   simsec/sec=757.299   ev/simsec=8426.84
     Messages:  created: 1700041287   present: 14   in FES: 3
** Event #4361783808   t=518114.9970145518   Elapsed: 694.008s (11m 34s)
     Speed:     ev/sec=6.41699e+06   simsec/sec=763.599   ev/simsec=8403.61
     Messages:  created: 1705059576   present: 13   in FES: 2
** Event #4374408704   t=519612.737408975774   Elapsed: 696.008s (11m 36s)
     Speed:     ev/sec=6.31231e+06   simsec/sec=748.854   ev/simsec=8429.3
     Messages:  created: 1709994542   present: 13   in FES: 3
** Event #4386973184   t=521102.496950396131   Elapsed: 698.008s (11m 38s)
     Speed:     ev/sec=6.28217e+06   simsec/sec=744.872   ev/simsec=8433.9
     Messages:  created: 1714905408   present: 13   in FES: 2
** Event #4399870464   t=522631.61282419076   Elapsed: 700.008s (11m 40s)
     Speed:     ev/sec=6.44853e+06   simsec/sec=764.545   ev/simsec=8434.47
     Messages:  created: 1719946434   present: 13   in FES: 3
** Event #4412539904   t=524137.990542431906   Elapsed: 702.008s (11m 42s)
     Speed:     ev/sec=6.33461e+06   simsec/sec=753.176   ev/simsec=8410.53
     Messages:  created: 1724900530   present: 13   in FES: 2
** Event #4425252096   t=525645.744151966396   Elapsed: 704.008s (11m 44s)
     Speed:     ev/sec=6.35595e+06   simsec/sec=753.86   ev/simsec=8431.21
     Messages:  created: 1729868762   present: 14   in FES: 2
** Event #4438021376   t=527170.260448290921   Elapsed: 706.008s (11m 46s)
     Speed:     ev/sec=6.38462e+06   simsec/sec=762.256   ev/simsec=8375.96
     Messages:  created: 1734862247   present: 14   in FES: 3
** Event #4450883840   t=528697.631677326818   Elapsed: 708.008s (11m 48s)
     Speed:     ev/sec=6.43121e+06   simsec/sec=763.683   ev/simsec=8421.31
     Messages:  created: 1739889994   present: 13   in FES: 3
** Event #4463635712   t=530204.329272829747   Elapsed: 710.008s (11m 50s)
     Speed:     ev/sec=6.37583e+06   simsec/sec=753.336   ev/simsec=8463.46
     Messages:  created: 1744873374   present: 13   in FES: 2
** Event #4476505856   t=531725.373556277339   Elapsed: 712.008s (11m 52s)
     Speed:     ev/sec=6.43504e+06   simsec/sec=760.519   ev/simsec=8461.39
     Messages:  created: 1749902731   present: 14   in FES: 4
** Event #4489177344   t=533239.713675816121   Elapsed: 714.008s (11m 54s)
     Speed:     ev/sec=6.33564e+06   simsec/sec=757.158   ev/simsec=8367.66
     Messages:  created: 1754857213   present: 14   in FES: 2
** Event #4501943552   t=534756.552650069507   Elapsed: 716.008s (11m 56s)
     Speed:     ev/sec=6.38301e+06   simsec/sec=758.408   ev/simsec=8416.32
     Messages:  created: 1759847861   present: 13   in FES: 3
** Event #4514682624   t=536265.041963658556   Elapsed: 718.008s (11m 58s)
     Speed:     ev/sec=6.36943e+06   simsec/sec=754.233   ev/simsec=8444.92
     Messages:  created: 1764826488   present: 13   in FES: 2
** Event #4527638784   t=537805.497981931334   Elapsed: 720.008s (12m 00s)
     Speed:     ev/sec=6.47808e+06   simsec/sec=770.228   ev/simsec=8410.6
     Messages:  created: 1769891682   present: 14   in FES: 3
** Event #4540397312   t=539323.936680301374   Elapsed: 722.008s (12m 02s)
     Speed:     ev/sec=6.37919e+06   simsec/sec=759.211   ev/simsec=8402.4
     Messages:  created: 1774879219   present: 14   in FES: 2
** Event #4552992512   t=540826.80513130754   Elapsed: 724.008s (12m 04s)
     Speed:     ev/sec=6.29756e+06   simsec/sec=751.429   ev/simsec=8380.77
     Messages:  created: 1779804709   present: 14   in FES: 2
** Event #4565569280   t=542328.100056988272   Elapsed: 726.008s (12m 06s)
     Speed:     ev/sec=6.28836e+06   simsec/sec=750.644   ev/simsec=8377.28
     Messages:  created: 1784722881   present: 13   in FES: 2
** Event #4578372608   t=543843.27298170228   Elapsed: 728.008s (12m 08s)
     Speed:     ev/sec=6.40157e+06   simsec/sec=757.575   ev/simsec=8450.08
     Messages:  created: 1789726907   present: 13   in FES: 3
** Event #4591040512   t=545355.888654882921   Elapsed: 730.008s (12m 10s)
     Speed:     ev/sec=6.33382e+06   simsec/sec=756.292   ev/simsec=8374.83
     Messages:  created: 1794680314   present: 13   in FES: 2
** Event #4603848704   t=546879.529497098407   Elapsed: 732.008s (12m 12s)
     Speed:     ev/sec=6.40405e+06   simsec/sec=761.815   ev/simsec=8406.31
     Messages:  created: 1799687123   present: 13   in FES: 3
** Event #4616536576   t=548392.405687643292   Elapsed: 734.008s (12m 14s)
     Speed:     ev/sec=6.3439e+06   simsec/sec=756.434   ev/simsec=8386.59
     Messages:  created: 1804648450   present: 13   in FES: 3
** Event #4629177088   t=549893.704150015828   Elapsed: 736.008s (12m 16s)
     Speed:     ev/sec=6.32023e+06   simsec/sec=750.646   ev/simsec=8419.72
     Messages:  created: 1809589469   present: 14   in FES: 2
** Event #4642109952   t=551433.536150496229   Elapsed: 738.008s (12m 18s)
     Speed:     ev/sec=6.46638e+06   simsec/sec=769.91   ev/simsec=8398.88
     Messages:  created: 1814643973   present: 13   in FES: 2
** Event #4654837248   t=552948.455930025243   Elapsed: 740.008s (12m 20s)
     Speed:     ev/sec=6.36354e+06   simsec/sec=757.447   ev/simsec=8401.3
     Messages:  created: 1819619814   present: 13   in FES: 3
** Event #4662084732   t=553807.485295806339   Elapsed: 741.147s (12m 21s)
     Speed:     ev/sec=6.365e+06   simsec/sec=754.431   ev/simsec=8436.83
     Messages:  created: 1822452468   present: 15   in FES: 4

<!> Simulation stopped with endSimulation() -- in module (Sink) DynamicExhaustivePollingSystem.sink (id=7), at t=553807.485295806339s, event #4662084732
undisposed object: (omnetpp::cMessage) DynamicExhaustivePollingSystem.sink.packet -- check module destructor
