** Event #0   t=0   Elapsed: 4e-06s (0m 00s)
     Speed:     ev/sec=0   simsec/sec=0   ev/simsec=0
     Messages:  created: 13   present: 13   in FES: 3
** Event #13208832   t=1216.784496052888   Elapsed: 2.00003s (0m 02s)
     Speed:     ev/sec=6.60432e+06   simsec/sec=608.384   ev/simsec=10855.5
     Messages:  created: 5217816   present: 13   in FES: 3
** Event #26360064   t=2427.538885987489   Elapsed: 4.00007s (0m 04s)
     Speed:     ev/sec=6.5755e+06   simsec/sec=605.367   ev/simsec=10862
     Messages:  created: 10412804   present: 13   in FES: 3
** Event #39229696   t=3612.207178937797   Elapsed: 6.00008s (0m 06s)
     Speed:     ev/sec=6.43478e+06   simsec/sec=592.331   ev/simsec=10863.5
     Messages:  created: 15496092   present: 13   in FES: 3
** Event #52463616   t=4830.356610698193   Elapsed: 8.00009s (0m 08s)
     Speed:     ev/sec=6.61691e+06   simsec/sec=609.07   ev/simsec=10864
     Messages:  created: 20722365   present: 13   in FES: 3
** Event #65637120   t=6040.868749661668   Elapsed: 10.0001s (0m 10s)
     Speed:     ev/sec=6.58665e+06   simsec/sec=605.246   ev/simsec=10882.6
     Messages:  created: 25924046   present: 13   in FES: 2
** Event #78741504   t=7241.697271403463   Elapsed: 12.0001s (0m 12s)
     Speed:     ev/sec=6.55218e+06   simsec/sec=600.413   ev/simsec=10912.8
     Messages:  created: 31097816   present: 14   in FES: 2
** Event #92093440   t=8465.678016578515   Elapsed: 14.0001s (0m 14s)
     Speed:     ev/sec=6.67595e+06   simsec/sec=611.989   ev/simsec=10908.6
     Messages:  created: 36370762   present: 13   in FES: 2
** Event #105394944   t=9683.679424514232   Elapsed: 16.0001s (0m 16s)
     Speed:     ev/sec=6.65075e+06   simsec/sec=609   ev/simsec=10920.8
     Messages:  created: 41624019   present: 14   in FES: 3
** Event #118441728   t=10884.907551982262   Elapsed: 18.0002s (0m 18s)
     Speed:     ev/sec=6.52331e+06   simsec/sec=600.607   ev/simsec=10861.2
     Messages:  created: 46776515   present: 13   in FES: 2
** Event #131631872   t=12093.137551899053   Elapsed: 20.0002s (0m 20s)
     Speed:     ev/sec=6.59492e+06   simsec/sec=604.101   ev/simsec=10916.9
     Messages:  created: 51984467   present: 13   in FES: 2
** Event #144608768   t=13285.557763964335   Elapsed: 22.0002s (0m 22s)
     Speed:     ev/sec=6.48844e+06   simsec/sec=596.21   ev/simsec=10882.8
     Messages:  created: 57109963   present: 13   in FES: 3
** Event #157875456   t=14503.408931850855   Elapsed: 24.0002s (0m 24s)
     Speed:     ev/sec=6.63324e+06   simsec/sec=608.916   ev/simsec=10893.5
     Messages:  created: 62348508   present: 14   in FES: 4
** Event #171012352   t=15711.395380306831   Elapsed: 26.0003s (0m 26s)
     Speed:     ev/sec=6.56835e+06   simsec/sec=603.984   ev/simsec=10875
     Messages:  created: 67534267   present: 13   in FES: 2
** Event #184105216   t=16909.922829899229   Elapsed: 28.0003s (0m 28s)
     Speed:     ev/sec=6.54639e+06   simsec/sec=599.26   ev/simsec=10924.1
     Messages:  created: 72706408   present: 14   in FES: 3
** Event #197332992   t=18123.461490305544   Elapsed: 30.0003s (0m 30s)
     Speed:     ev/sec=6.61377e+06   simsec/sec=606.759   ev/simsec=10900.2
     Messages:  created: 77930304   present: 14   in FES: 2
** Event #210578176   t=19340.755870377137   Elapsed: 32.0003s (0m 32s)
     Speed:     ev/sec=6.62256e+06   simsec/sec=608.644   ev/simsec=10880.8
     Messages:  created: 83159565   present: 13   in FES: 3
** Event #223711744   t=20550.005286754801   Elapsed: 34.0003s (0m 34s)
     Speed:     ev/sec=6.56678e+06   simsec/sec=604.624   ev/simsec=10860.9
     Messages:  created: 88348614   present: 14   in FES: 3
** Event #237015808   t=21770.850351984744   Elapsed: 36.0004s (0m 36s)
     Speed:     ev/sec=6.65192e+06   simsec/sec=610.412   ev/simsec=10897.4
     Messages:  created: 93603081   present: 13   in FES: 3
** Event #250109184   t=22971.838564394269   Elapsed: 38.0004s (0m 38s)
     Speed:     ev/sec=6.54667e+06   simsec/sec=600.492   ev/simsec=10902.2
     Messages:  created: 98775220   present: 13   in FES: 3
** Event #263491840   t=24201.579335190702   Elapsed: 40.0004s (0m 40s)
     Speed:     ev/sec=6.69125e+06   simsec/sec=614.863   ev/simsec=10882.5
     Messages:  created: 104060356   present: 13   in FES: 3
** Event #276656128   t=25411.058645302512   Elapsed: 42.0004s (0m 42s)
     Speed:     ev/sec=6.58205e+06   simsec/sec=604.731   ev/simsec=10884.3
     Messages:  created: 109260500   present: 13   in FES: 2
** Event #289659136   t=26608.204463290021   Elapsed: 44.0004s (0m 44s)
     Speed:     ev/sec=6.50143e+06   simsec/sec=598.566   ev/simsec=10861.7
     Messages:  created: 114395865   present: 14   in FES: 2
** Event #302889472   t=27823.839346942987   Elapsed: 46.0005s (0m 46s)
     Speed:     ev/sec=6.61515e+06   simsec/sec=607.816   ev/simsec=10883.5
     Messages:  created: 119620358   present: 13   in FES: 3
** Event #316201472   t=29045.616821052145   Elapsed: 48.0005s (0m 48s)
     Speed:     ev/sec=6.65592e+06   simsec/sec=610.881   ev/simsec=10895.6
     Messages:  created: 124877614   present: 13   in FES: 2
** Event #329412096   t=30257.58480377391   Elapsed: 50.0005s (0m 50s)
     Speed:     ev/sec=6.60519e+06   simsec/sec=605.972   ev/simsec=10900.1
     Messages:  created: 130093380   present: 14   in FES: 3
** Event #342638080   t=31471.116207553775   Elapsed: 52.0005s (0m 52s)
     Speed:     ev/sec=6.61287e+06   simsec/sec=606.754   ev/simsec=10898.8
     Messages:  created: 135315330   present: 13   in FES: 2
** Event #356000000   t=32693.354368995989   Elapsed: 54.0006s (0m 54s)
     Speed:     ev/sec=6.68093e+06   simsec/sec=611.117   ev/simsec=10932.3
     Messages:  created: 140592126   present: 14   in FES: 2
** Event #369363968   t=33918.518633697437   Elapsed: 56.0006s (0m 56s)
     Speed:     ev/sec=6.68198e+06   simsec/sec=612.582   ev/simsec=10907.9
     Messages:  created: 145867662   present: 14   in FES: 4
** Event #382800640   t=35153.2199669342   Elapsed: 58.0006s (0m 58s)
     Speed:     ev/sec=6.71831e+06   simsec/sec=617.348   ev/simsec=10882.5
     Messages:  created: 151172562   present: 13   in FES: 3
** Event #396157696   t=36379.334836164113   Elapsed: 60.0006s (1m 00s)
     Speed:     ev/sec=6.6784e+06   simsec/sec=613.046   ev/simsec=10893.8
     Messages:  created: 156450314   present: 14   in FES: 3
** Event #409631232   t=37619.311217892091   Elapsed: 62.0006s (1m 02s)
     Speed:     ev/sec=6.73665e+06   simsec/sec=619.978   ev/simsec=10866
     Messages:  created: 161772685   present: 13   in FES: 3
** Event #423023104   t=38846.478181581768   Elapsed: 64.0007s (1m 04s)
     Speed:     ev/sec=6.69584e+06   simsec/sec=613.575   ev/simsec=10912.8
     Messages:  created: 167058671   present: 14   in FES: 3
** Event #436462336   t=40077.519149769759   Elapsed: 66.0007s (1m 06s)
     Speed:     ev/sec=6.71955e+06   simsec/sec=615.514   ev/simsec=10917
     Messages:  created: 172365328   present: 13   in FES: 3
** Event #450022400   t=41322.95054139614   Elapsed: 68.0007s (1m 08s)
     Speed:     ev/sec=6.7799e+06   simsec/sec=622.704   ev/simsec=10887.8
     Messages:  created: 177723101   present: 14   in FES: 2
** Event #463488512   t=42560.297222093833   Elapsed: 70.0007s (1m 10s)
     Speed:     ev/sec=6.73302e+06   simsec/sec=618.67   ev/simsec=10883.1
     Messages:  created: 183040637   present: 14   in FES: 3
** Event #476953856   t=43799.807673131278   Elapsed: 72.0007s (1m 12s)
     Speed:     ev/sec=6.73265e+06   simsec/sec=619.753   ev/simsec=10863.4
     Messages:  created: 188356690   present: 14   in FES: 3
** Event #490403584   t=45037.420723793815   Elapsed: 74.0008s (1m 14s)
     Speed:     ev/sec=6.72477e+06   simsec/sec=618.798   ev/simsec=10867.5
     Messages:  created: 193668900   present: 13   in FES: 3
** Event #503818752   t=46269.343177221589   Elapsed: 76.0008s (1m 16s)
     Speed:     ev/sec=6.70753e+06   simsec/sec=615.957   ev/simsec=10889.6
     Messages:  created: 198967895   present: 14   in FES: 4
** Event #517215232   t=47499.336562928443   Elapsed: 78.0008s (1m 18s)
     Speed:     ev/sec=6.69816e+06   simsec/sec=614.989   ev/simsec=10891.5
     Messages:  created: 204255596   present: 14   in FES: 3
** Event #530685184   t=48734.737735208165   Elapsed: 80.0008s (1m 20s)
     Speed:     ev/sec=6.73496e+06   simsec/sec=617.699   ev/simsec=10903.3
     Messages:  created: 209572903   present: 14   in FES: 3
** Event #544184576   t=49977.563888626928   Elapsed: 82.0009s (1m 22s)
     Speed:     ev/sec=6.74956e+06   simsec/sec=621.401   ev/simsec=10861.9
     Messages:  created: 214904372   present: 14   in FES: 2
** Event #557779968   t=51226.558124957526   Elapsed: 84.0009s (1m 24s)
     Speed:     ev/sec=6.79766e+06   simsec/sec=624.493   ev/simsec=10885.1
     Messages:  created: 220270872   present: 13   in FES: 3
** Event #571286272   t=52467.801138761012   Elapsed: 86.0009s (1m 26s)
     Speed:     ev/sec=6.75314e+06   simsec/sec=620.62   ev/simsec=10881.3
     Messages:  created: 225603649   present: 14   in FES: 4
** Event #584760320   t=53704.973746710208   Elapsed: 88.0009s (1m 28s)
     Speed:     ev/sec=6.73697e+06   simsec/sec=618.581   ev/simsec=10891
     Messages:  created: 230926584   present: 14   in FES: 2
** Event #598200576   t=54938.930749146741   Elapsed: 90.0009s (1m 30s)
     Speed:     ev/sec=6.72001e+06   simsec/sec=616.967   ev/simsec=10892
     Messages:  created: 236230863   present: 13   in FES: 3
** Event #611761152   t=56188.082219379681   Elapsed: 92.001s (1m 32s)
     Speed:     ev/sec=6.7802e+06   simsec/sec=624.568   ev/simsec=10855.8
     Messages:  created: 241587096   present: 13   in FES: 2
** Event #625207808   t=57421.089652118468   Elapsed: 94.001s (1m 34s)
     Speed:     ev/sec=6.72329e+06   simsec/sec=616.5   ev/simsec=10905.6
     Messages:  created: 246896960   present: 13   in FES: 2
** Event #638654208   t=58652.11431991606   Elapsed: 96.001s (1m 36s)
     Speed:     ev/sec=6.72312e+06   simsec/sec=615.505   ev/simsec=10922.9
     Messages:  created: 252203817   present: 14   in FES: 4
** Event #652073216   t=59883.954823565475   Elapsed: 98.001s (1m 38s)
     Speed:     ev/sec=6.70945e+06   simsec/sec=615.916   ev/simsec=10893.5
     Messages:  created: 257503686   present: 14   in FES: 3
** Event #665313280   t=61101.20962799854   Elapsed: 100.001s (1m 40s)
     Speed:     ev/sec=6.61993e+06   simsec/sec=608.618   ev/simsec=10877
     Messages:  created: 262733333   present: 14   in FES: 3
** Event #678717952   t=62332.418825561792   Elapsed: 102.001s (1m 42s)
     Speed:     ev/sec=6.70229e+06   simsec/sec=615.6   ev/simsec=10887.4
     Messages:  created: 268025796   present: 14   in FES: 4
** Event #691947008   t=63547.681251201354   Elapsed: 104.001s (1m 44s)
     Speed:     ev/sec=6.61441e+06   simsec/sec=607.62   ev/simsec=10885.8
     Messages:  created: 273250396   present: 14   in FES: 3
** Event #705138176   t=64761.380481161718   Elapsed: 106.001s (1m 46s)
     Speed:     ev/sec=6.59547e+06   simsec/sec=606.839   ev/simsec=10868.6
     Messages:  created: 278461412   present: 14   in FES: 2
** Event #718407936   t=65980.094839173466   Elapsed: 108.001s (1m 48s)
     Speed:     ev/sec=6.63478e+06   simsec/sec=609.348   ev/simsec=10888.3
     Messages:  created: 283703364   present: 14   in FES: 3
** Event #731796736   t=67208.65138902294   Elapsed: 110.001s (1m 50s)
     Speed:     ev/sec=6.69432e+06   simsec/sec=614.271   ev/simsec=10898
     Messages:  created: 288990386   present: 13   in FES: 3
** Event #745205504   t=68441.296908735729   Elapsed: 112.001s (1m 52s)
     Speed:     ev/sec=6.70426e+06   simsec/sec=616.312   ev/simsec=10878
     Messages:  created: 294283835   present: 14   in FES: 3
** Event #758702080   t=69681.932346694781   Elapsed: 114.001s (1m 54s)
     Speed:     ev/sec=6.74817e+06   simsec/sec=620.307   ev/simsec=10878.8
     Messages:  created: 299614433   present: 13   in FES: 3
** Event #772274688   t=70929.405669305757   Elapsed: 116.001s (1m 56s)
     Speed:     ev/sec=6.78628e+06   simsec/sec=623.735   ev/simsec=10880.1
     Messages:  created: 304976008   present: 14   in FES: 3
** Event #785677312   t=72164.637395953485   Elapsed: 118.001s (1m 58s)
     Speed:     ev/sec=6.70126e+06   simsec/sec=617.611   ev/simsec=10850.3
     Messages:  created: 310266532   present: 13   in FES: 2
** Event #799060736   t=73392.609224934637   Elapsed: 120.001s (2m 00s)
     Speed:     ev/sec=6.69165e+06   simsec/sec=613.98   ev/simsec=10898.8
     Messages:  created: 315554125   present: 13   in FES: 3
** Event #812428288   t=74619.310635620541   Elapsed: 122.001s (2m 02s)
     Speed:     ev/sec=6.68368e+06   simsec/sec=613.342   ev/simsec=10897.2
     Messages:  created: 320830970   present: 14   in FES: 3
** Event #825803008   t=75851.105708338216   Elapsed: 124.001s (2m 04s)
     Speed:     ev/sec=6.68729e+06   simsec/sec=615.891   ev/simsec=10857.9
     Messages:  created: 326113195   present: 13   in FES: 2
** Event #839191808   t=77082.839222004035   Elapsed: 126.001s (2m 06s)
     Speed:     ev/sec=6.69437e+06   simsec/sec=615.864   ev/simsec=10869.9
     Messages:  created: 331401098   present: 13   in FES: 3
** Event #852794624   t=78335.237719584916   Elapsed: 128.001s (2m 08s)
     Speed:     ev/sec=6.80128e+06   simsec/sec=626.187   ev/simsec=10861.4
     Messages:  created: 336773416   present: 14   in FES: 3
** Event #866239744   t=79568.023773540351   Elapsed: 130.001s (2m 10s)
     Speed:     ev/sec=6.72251e+06   simsec/sec=616.389   ev/simsec=10906.3
     Messages:  created: 342081740   present: 13   in FES: 2
** Event #879674880   t=80798.543966306328   Elapsed: 132.001s (2m 12s)
     Speed:     ev/sec=6.71754e+06   simsec/sec=615.258   ev/simsec=10918.3
     Messages:  created: 347385128   present: 14   in FES: 3
** Event #893134080   t=82034.166992356849   Elapsed: 134.001s (2m 14s)
     Speed:     ev/sec=6.72951e+06   simsec/sec=617.803   ev/simsec=10892.6
     Messages:  created: 352700815   present: 13   in FES: 3
** Event #906712320   t=83277.764459551672   Elapsed: 136.001s (2m 16s)
     Speed:     ev/sec=6.78908e+06   simsec/sec=621.795   ev/simsec=10918.5
     Messages:  created: 358064319   present: 13   in FES: 2
** Event #920212480   t=84520.748780991194   Elapsed: 138.001s (2m 18s)
     Speed:     ev/sec=6.75005e+06   simsec/sec=621.49   ev/simsec=10861.1
     Messages:  created: 363395247   present: 13   in FES: 2
** Event #933751040   t=85768.628124541556   Elapsed: 140.001s (2m 20s)
     Speed:     ev/sec=6.76925e+06   simsec/sec=623.937   ev/simsec=10849.3
     Messages:  created: 368741291   present: 13   in FES: 3
** Event #947188992   t=87005.650602853009   Elapsed: 142.001s (2m 22s)
     Speed:     ev/sec=6.71892e+06   simsec/sec=618.506   ev/simsec=10863.1
     Messages:  created: 374047061   present: 14   in FES: 2
** Event #960667392   t=88244.064566951161   Elapsed: 144.002s (2m 24s)
     Speed:     ev/sec=6.7391e+06   simsec/sec=619.198   ev/simsec=10883.6
     Messages:  created: 379370520   present: 14   in FES: 2
** Event #973896704   t=89458.14770955623   Elapsed: 146.002s (2m 26s)
     Speed:     ev/sec=6.61464e+06   simsec/sec=607.04   ev/simsec=10896.5
     Messages:  created: 384594748   present: 14   in FES: 3
** Event #987513856   t=90708.807113759546   Elapsed: 148.002s (2m 28s)
     Speed:     ev/sec=6.80849e+06   simsec/sec=625.322   ev/simsec=10888
     Messages:  created: 389971946   present: 13   in FES: 3
** Event #1000902912   t=91936.462433238793   Elapsed: 150.002s (2m 30s)
     Speed:     ev/sec=6.69449e+06   simsec/sec=613.824   ev/simsec=10906.2
     Messages:  created: 395258036   present: 13   in FES: 3
** Event #1014380032   t=93176.677253457386   Elapsed: 152.002s (2m 32s)
     Speed:     ev/sec=6.73846e+06   simsec/sec=620.098   ev/simsec=10866.8
     Messages:  created: 400581730   present: 13   in FES: 2
** Event #1027795200   t=94407.407881013085   Elapsed: 154.002s (2m 34s)
     Speed:     ev/sec=6.70757e+06   simsec/sec=615.364   ev/simsec=10900.2
     Messages:  created: 405876821   present: 14   in FES: 2
** Event #1041332992   t=95652.327551958129   Elapsed: 156.002s (2m 36s)
     Speed:     ev/sec=6.76887e+06   simsec/sec=622.457   ev/simsec=10874.4
     Messages:  created: 411223660   present: 14   in FES: 3
** Event #1054784000   t=96888.85485963466   Elapsed: 158.002s (2m 38s)
     Speed:     ev/sec=6.7254e+06   simsec/sec=618.254   ev/simsec=10878.1
     Messages:  created: 416535377   present: 14   in FES: 2
** Event #1068264448   t=98129.632982741042   Elapsed: 160.002s (2m 40s)
     Speed:     ev/sec=6.74015e+06   simsec/sec=620.383   ev/simsec=10864.5
     Messages:  created: 421862354   present: 14   in FES: 3
** Event #1082033152   t=99396.729688723022   Elapsed: 162.002s (2m 42s)
     Speed:     ev/sec=6.88426e+06   simsec/sec=633.539   ev/simsec=10866.3
     Messages:  created: 427300117   present: 14   in FES: 3
** Event #1095717376   t=100654.562483663716   Elapsed: 164.002s (2m 44s)
     Speed:     ev/sec=6.84208e+06   simsec/sec=628.913   ev/simsec=10879.2
     Messages:  created: 432703224   present: 13   in FES: 3
** Event #1109172992   t=101893.407602933106   Elapsed: 166.002s (2m 46s)
     Speed:     ev/sec=6.72768e+06   simsec/sec=619.411   ev/simsec=10861.4
     Messages:  created: 438018278   present: 14   in FES: 3
** Event #1122618624   t=103124.625945201689   Elapsed: 168.002s (2m 48s)
     Speed:     ev/sec=6.7227e+06   simsec/sec=615.598   ev/simsec=10920.6
     Messages:  created: 443326701   present: 13   in FES: 3
** Event #1136005632   t=104354.059284292484   Elapsed: 170.002s (2m 50s)
     Speed:     ev/sec=6.6935e+06   simsec/sec=614.716   ev/simsec=10888.8
     Messages:  created: 448614094   present: 13   in FES: 3
** Event #1149890816   t=105631.155909766348   Elapsed: 172.002s (2m 52s)
     Speed:     ev/sec=6.94253e+06   simsec/sec=638.542   ev/simsec=10872.5
     Messages:  created: 454098034   present: 13   in FES: 3
** Event #1163607552   t=106888.545024438706   Elapsed: 174.002s (2m 54s)
     Speed:     ev/sec=6.85834e+06   simsec/sec=628.692   ev/simsec=10908.9
     Messages:  created: 459515372   present: 13   in FES: 2
** Event #1177185536   t=108133.427229055655   Elapsed: 176.002s (2m 56s)
     Speed:     ev/sec=6.78899e+06   simsec/sec=622.441   ev/simsec=10907
     Messages:  created: 464874610   present: 14   in FES: 3
** Event #1190808064   t=109386.447839786372   Elapsed: 178.002s (2m 58s)
     Speed:     ev/sec=6.8112e+06   simsec/sec=626.505   ev/simsec=10871.8
     Messages:  created: 470254482   present: 13   in FES: 3
** Event #1204438528   t=110635.825657427797   Elapsed: 180.002s (3m 00s)
     Speed:     ev/sec=6.81523e+06   simsec/sec=624.688   ev/simsec=10909.8
     Messages:  created: 475640658   present: 13   in FES: 3
** Event #1218046720   t=111886.136178476651   Elapsed: 182.002s (3m 02s)
     Speed:     ev/sec=6.80401e+06   simsec/sec=625.148   ev/simsec=10883.8
     Messages:  created: 481014458   present: 14   in FES: 2
** Event #1231774976   t=113147.615137813059   Elapsed: 184.002s (3m 04s)
     Speed:     ev/sec=6.86405e+06   simsec/sec=630.733   ev/simsec=10882.7
     Messages:  created: 486437114   present: 13   in FES: 3
** Event #1245573376   t=114415.65752576705   Elapsed: 186.002s (3m 06s)
     Speed:     ev/sec=6.89908e+06   simsec/sec=634.01   ev/simsec=10881.7
     Messages:  created: 491885362   present: 13   in FES: 2
** Event #1259226624   t=115667.512879994306   Elapsed: 188.002s (3m 08s)
     Speed:     ev/sec=6.82656e+06   simsec/sec=625.921   ev/simsec=10906.4
     Messages:  created: 497276068   present: 13   in FES: 2
** Event #1272851712   t=116917.848932133622   Elapsed: 190.002s (3m 10s)
     Speed:     ev/sec=6.8125e+06   simsec/sec=625.164   ev/simsec=10897.1
     Messages:  created: 502657142   present: 13   in FES: 3
** Event #1286463744   t=118168.998242444306   Elapsed: 192.002s (3m 12s)
     Speed:     ev/sec=6.80595e+06   simsec/sec=625.569   ev/simsec=10879.6
     Messages:  created: 508031793   present: 14   in FES: 3
** Event #1300144128   t=119422.318763494643   Elapsed: 194.002s (3m 14s)
     Speed:     ev/sec=6.84016e+06   simsec/sec=626.657   ev/simsec=10915.3
     Messages:  created: 513433699   present: 14   in FES: 3
** Event #1313878272   t=120681.429449908997   Elapsed: 196.002s (3m 16s)
     Speed:     ev/sec=6.86696e+06   simsec/sec=629.545   ev/simsec=10907.8
     Messages:  created: 518855489   present: 14   in FES: 3
** Event #1327532800   t=121937.803715407354   Elapsed: 198.002s (3m 18s)
     Speed:     ev/sec=6.82717e+06   simsec/sec=628.179   ev/simsec=10868.2
     Messages:  created: 524249418   present: 14   in FES: 3
** Event #1341210368   t=123196.067509039741   Elapsed: 200.002s (3m 20s)
     Speed:     ev/sec=6.83862e+06   simsec/sec=629.117   ev/simsec=10870.2
     Messages:  created: 529654343   present: 14   in FES: 3
** Event #1354792192   t=124443.980292017113   Elapsed: 202.002s (3m 22s)
     Speed:     ev/sec=6.79085e+06   simsec/sec=623.951   ev/simsec=10883.6
     Messages:  created: 535019236   present: 13   in FES: 2
** Event #1368410112   t=125693.975912885599   Elapsed: 204.002s (3m 24s)
     Speed:     ev/sec=6.80893e+06   simsec/sec=624.995   ev/simsec=10894.4
     Messages:  created: 540397776   present: 13   in FES: 3
** Event #1381997824   t=126939.448583142078   Elapsed: 206.002s (3m 26s)
     Speed:     ev/sec=6.79375e+06   simsec/sec=622.727   ev/simsec=10909.7
     Messages:  created: 545761719   present: 14   in FES: 3
** Event #1395714560   t=128202.13715685705   Elapsed: 208.002s (3m 28s)
     Speed:     ev/sec=6.85832e+06   simsec/sec=631.34   ev/simsec=10863.1
     Messages:  created: 551178360   present: 13   in FES: 2
** Event #1409495296   t=129473.285765262514   Elapsed: 210.002s (3m 30s)
     Speed:     ev/sec=6.89036e+06   simsec/sec=635.574   ev/simsec=10841.2
     Messages:  created: 556622791   present: 14   in FES: 2
** Event #1423460864   t=130757.224029575328   Elapsed: 212.002s (3m 32s)
     Speed:     ev/sec=6.98271e+06   simsec/sec=641.963   ev/simsec=10877.1
     Messages:  created: 562137876   present: 13   in FES: 2
** Event #1437303040   t=132029.050068246637   Elapsed: 214.002s (3m 34s)
     Speed:     ev/sec=6.92104e+06   simsec/sec=635.909   ev/simsec=10883.7
     Messages:  created: 567604658   present: 14   in FES: 2
** Event #1451049984   t=133294.921018135646   Elapsed: 216.002s (3m 36s)
     Speed:     ev/sec=6.87346e+06   simsec/sec=632.934   ev/simsec=10859.7
     Messages:  created: 573033980   present: 13   in FES: 2
** Event #1464564480   t=134533.185352644288   Elapsed: 218.002s (3m 38s)
     Speed:     ev/sec=6.75722e+06   simsec/sec=619.13   ev/simsec=10914.1
     Messages:  created: 578371706   present: 14   in FES: 2
** Event #1478439424   t=135806.508602351243   Elapsed: 220.002s (3m 40s)
     Speed:     ev/sec=6.93744e+06   simsec/sec=636.658   ev/simsec=10896.6
     Messages:  created: 583852490   present: 13   in FES: 2
** Event #1492071680   t=137061.512513679836   Elapsed: 222.002s (3m 42s)
     Speed:     ev/sec=6.81604e+06   simsec/sec=627.494   ev/simsec=10862.3
     Messages:  created: 589236259   present: 14   in FES: 4
** Event #1505825792   t=138322.08922299776   Elapsed: 224.002s (3m 44s)
     Speed:     ev/sec=6.87703e+06   simsec/sec=630.286   ev/simsec=10911
     Messages:  created: 594666150   present: 14   in FES: 3
** Event #1519803136   t=139606.552914302376   Elapsed: 226.002s (3m 46s)
     Speed:     ev/sec=6.98864e+06   simsec/sec=642.229   ev/simsec=10881.9
     Messages:  created: 600185355   present: 13   in FES: 2
** Event #1533638144   t=140879.873007632235   Elapsed: 228.002s (3m 48s)
     Speed:     ev/sec=6.91745e+06   simsec/sec=636.655   ev/simsec=10865.3
     Messages:  created: 605649454   present: 13   in FES: 2
** Event #1547220224   t=142126.133943230567   Elapsed: 230.002s (3m 50s)
     Speed:     ev/sec=6.79097e+06   simsec/sec=623.124   ev/simsec=10898.3
     Messages:  created: 611013294   present: 13   in FES: 2
** Event #1561139200   t=143399.934795719958   Elapsed: 232.002s (3m 52s)
     Speed:     ev/sec=6.95948e+06   simsec/sec=636.9   ev/simsec=10927.1
     Messages:  created: 616508609   present: 14   in FES: 2
** Event #1574972160   t=144671.600452258253   Elapsed: 234.002s (3m 54s)
     Speed:     ev/sec=6.91639e+06   simsec/sec=635.825   ev/simsec=10877.8
     Messages:  created: 621971111   present: 13   in FES: 3
** Event #1588750848   t=145940.918530184169   Elapsed: 236.002s (3m 56s)
     Speed:     ev/sec=6.88929e+06   simsec/sec=634.654   ev/simsec=10855.2
     Messages:  created: 627412965   present: 13   in FES: 2
** Event #1600875348   t=147056.341465598446   Elapsed: 237.766s (3m 57s)
     Speed:     ev/sec=6.87563e+06   simsec/sec=632.541   ev/simsec=10869.9
     Messages:  created: 632200652   present: 15   in FES: 4

<!> Simulation stopped with endSimulation() -- in module (Sink) DynamicExhaustivePollingSystem.sink (id=7), at t=147056.341465598446s, event #1600875348
undisposed object: (omnetpp::cMessage) DynamicExhaustivePollingSystem.sink.packet -- check module destructor
