** Event #0   t=0   Elapsed: 3e-06s (0m 00s)
     Speed:     ev/sec=0   simsec/sec=0   ev/simsec=0
     Messages:  created: 13   present: 13   in FES: 3
** Event #13191936   t=1517.547562525224   Elapsed: 2.00001s (0m 02s)
     Speed:     ev/sec=6.59592e+06   simsec/sec=758.768   ev/simsec=8692.93
     Messages:  created: 5175866   present: 13   in FES: 3
** Event #26147072   t=3008.225639051574   Elapsed: 4.00005s (0m 04s)
     Speed:     ev/sec=6.47746e+06   simsec/sec=745.327   ev/simsec=8690.77
     Messages:  created: 10256730   present: 14   in FES: 2
** Event #39103488   t=4506.708863059247   Elapsed: 6.00009s (0m 06s)
     Speed:     ev/sec=6.47808e+06   simsec/sec=749.227   ev/simsec=8646.35
     Messages:  created: 15339501   present: 13   in FES: 3
** Event #52106496   t=6007.679075112878   Elapsed: 8.0001s (0m 08s)
     Speed:     ev/sec=6.50147e+06   simsec/sec=750.482   ev/simsec=8663.07
     Messages:  created: 20440176   present: 13   in FES: 3
** Event #65068288   t=7503.454879391899   Elapsed: 10.0001s (0m 10s)
     Speed:     ev/sec=6.48081e+06   simsec/sec=747.879   ev/simsec=8665.6
     Messages:  created: 25525385   present: 14   in FES: 3
** Event #77929216   t=8988.089268157545   Elapsed: 12.0001s (0m 12s)
     Speed:     ev/sec=6.4304e+06   simsec/sec=742.31   ev/simsec=8662.69
     Messages:  created: 30570059   present: 14   in FES: 3
** Event #90773248   t=10464.723707835107   Elapsed: 14.0002s (0m 14s)
     Speed:     ev/sec=6.42191e+06   simsec/sec=738.305   ev/simsec=8698.18
     Messages:  created: 35608580   present: 14   in FES: 3
** Event #103709952   t=11957.19886282203   Elapsed: 16.0003s (0m 16s)
     Speed:     ev/sec=6.46792e+06   simsec/sec=746.187   ev/simsec=8667.95
     Messages:  created: 40682070   present: 13   in FES: 2
** Event #116461056   t=13422.135953294741   Elapsed: 18.0003s (0m 18s)
     Speed:     ev/sec=6.37554e+06   simsec/sec=732.467   ev/simsec=8704.2
     Messages:  created: 45687301   present: 13   in FES: 3
** Event #129180672   t=14886.356358328116   Elapsed: 20.0003s (0m 20s)
     Speed:     ev/sec=6.35973e+06   simsec/sec=732.101   ev/simsec=8686.95
     Messages:  created: 50678051   present: 14   in FES: 3
** Event #142085888   t=16372.766860719023   Elapsed: 22.0004s (0m 22s)
     Speed:     ev/sec=6.4525e+06   simsec/sec=743.193   ev/simsec=8682.13
     Messages:  created: 55739306   present: 14   in FES: 2
** Event #154883584   t=17843.044107349334   Elapsed: 24.0004s (0m 24s)
     Speed:     ev/sec=6.3988e+06   simsec/sec=735.133   ev/simsec=8704.27
     Messages:  created: 60757806   present: 14   in FES: 2
** Event #167703296   t=19317.743989379682   Elapsed: 26.0004s (0m 26s)
     Speed:     ev/sec=6.40969e+06   simsec/sec=737.331   ev/simsec=8693.1
     Messages:  created: 65786219   present: 13   in FES: 2
** Event #180419072   t=20783.689277467624   Elapsed: 28.0005s (0m 28s)
     Speed:     ev/sec=6.35779e+06   simsec/sec=732.962   ev/simsec=8674.11
     Messages:  created: 70773319   present: 14   in FES: 4
** Event #193272320   t=22256.950660242752   Elapsed: 30.0005s (0m 30s)
     Speed:     ev/sec=6.42651e+06   simsec/sec=736.617   ev/simsec=8724.35
     Messages:  created: 75816332   present: 14   in FES: 3
** Event #206336256   t=23756.994298441327   Elapsed: 32.0005s (0m 32s)
     Speed:     ev/sec=6.53195e+06   simsec/sec=750.02   ev/simsec=8709.04
     Messages:  created: 80941816   present: 13   in FES: 2
** Event #219456768   t=25268.800993471371   Elapsed: 34.0005s (0m 34s)
     Speed:     ev/sec=6.56017e+06   simsec/sec=755.894   ev/simsec=8678.7
     Messages:  created: 86090081   present: 14   in FES: 2
** Event #232221440   t=26744.163209389057   Elapsed: 36.0005s (0m 36s)
     Speed:     ev/sec=6.38232e+06   simsec/sec=737.679   ev/simsec=8651.89
     Messages:  created: 91098733   present: 14   in FES: 3
** Event #245021952   t=28224.272941459792   Elapsed: 38.0006s (0m 38s)
     Speed:     ev/sec=6.40015e+06   simsec/sec=740.043   ev/simsec=8648.35
     Messages:  created: 96119871   present: 13   in FES: 3
** Event #257947136   t=29719.494176021516   Elapsed: 40.0006s (0m 40s)
     Speed:     ev/sec=6.46257e+06   simsec/sec=747.608   ev/simsec=8644.33
     Messages:  created: 101189158   present: 14   in FES: 3
** Event #270785024   t=31195.168639829608   Elapsed: 42.0006s (0m 42s)
     Speed:     ev/sec=6.41893e+06   simsec/sec=737.836   ev/simsec=8699.67
     Messages:  created: 106222705   present: 13   in FES: 3
** Event #283370752   t=32647.104253450997   Elapsed: 44.0006s (0m 44s)
     Speed:     ev/sec=6.29274e+06   simsec/sec=725.954   ev/simsec=8668.24
     Messages:  created: 111159857   present: 14   in FES: 2
** Event #296347392   t=34141.33223379056   Elapsed: 46.0007s (0m 46s)
     Speed:     ev/sec=6.48824e+06   simsec/sec=747.105   ev/simsec=8684.51
     Messages:  created: 116249822   present: 14   in FES: 3
** Event #309397248   t=35646.301989886597   Elapsed: 48.0007s (0m 48s)
     Speed:     ev/sec=6.52491e+06   simsec/sec=752.483   ev/simsec=8671.17
     Messages:  created: 121369194   present: 14   in FES: 3
** Event #322198272   t=37132.410506011491   Elapsed: 50.0007s (0m 50s)
     Speed:     ev/sec=6.40039e+06   simsec/sec=743.04   ev/simsec=8613.79
     Messages:  created: 126388863   present: 14   in FES: 3
** Event #335181568   t=38636.364827119579   Elapsed: 52.0007s (0m 52s)
     Speed:     ev/sec=6.49155e+06   simsec/sec=751.966   ev/simsec=8632.77
     Messages:  created: 131481335   present: 13   in FES: 2
** Event #348073216   t=40120.163977042363   Elapsed: 54.0007s (0m 54s)
     Speed:     ev/sec=6.44577e+06   simsec/sec=741.893   ev/simsec=8688.27
     Messages:  created: 136539221   present: 14   in FES: 4
** Event #361125632   t=41632.345853818792   Elapsed: 56.0008s (0m 56s)
     Speed:     ev/sec=6.52617e+06   simsec/sec=756.086   ev/simsec=8631.51
     Messages:  created: 141658177   present: 13   in FES: 3
** Event #374181632   t=43133.274842037643   Elapsed: 58.0008s (0m 58s)
     Speed:     ev/sec=6.52799e+06   simsec/sec=750.463   ev/simsec=8698.61
     Messages:  created: 146780660   present: 14   in FES: 4
** Event #387395584   t=44656.53526954669   Elapsed: 60.0008s (1m 00s)
     Speed:     ev/sec=6.60695e+06   simsec/sec=761.627   ev/simsec=8674.78
     Messages:  created: 151964021   present: 13   in FES: 2
** Event #400458752   t=46160.354435531123   Elapsed: 62.0008s (1m 02s)
     Speed:     ev/sec=6.53151e+06   simsec/sec=751.901   ev/simsec=8686.66
     Messages:  created: 157088269   present: 14   in FES: 2
** Event #413587968   t=47679.857432883184   Elapsed: 64.0008s (1m 04s)
     Speed:     ev/sec=6.56453e+06   simsec/sec=759.743   ev/simsec=8640.47
     Messages:  created: 162238153   present: 13   in FES: 3
** Event #426637824   t=49188.676581923699   Elapsed: 66.0008s (1m 06s)
     Speed:     ev/sec=6.52491e+06   simsec/sec=754.407   ev/simsec=8649.05
     Messages:  created: 167354458   present: 13   in FES: 3
** Event #439869696   t=50726.949796197903   Elapsed: 68.0008s (1m 08s)
     Speed:     ev/sec=6.6159e+06   simsec/sec=769.133   ev/simsec=8601.77
     Messages:  created: 172545227   present: 13   in FES: 3
** Event #452969472   t=52237.761247123086   Elapsed: 70.0008s (1m 10s)
     Speed:     ev/sec=6.54987e+06   simsec/sec=755.403   ev/simsec=8670.69
     Messages:  created: 177683446   present: 13   in FES: 2
** Event #466091776   t=53754.584927067648   Elapsed: 72.0008s (1m 12s)
     Speed:     ev/sec=6.56114e+06   simsec/sec=758.41   ev/simsec=8651.17
     Messages:  created: 182828715   present: 13   in FES: 2
** Event #479188992   t=55265.953541187286   Elapsed: 74.0009s (1m 14s)
     Speed:     ev/sec=6.54856e+06   simsec/sec=755.679   ev/simsec=8665.8
     Messages:  created: 187965806   present: 13   in FES: 2
** Event #492177920   t=56766.562304569663   Elapsed: 76.0009s (1m 16s)
     Speed:     ev/sec=6.49436e+06   simsec/sec=750.293   ev/simsec=8655.77
     Messages:  created: 193060290   present: 14   in FES: 3
** Event #505276160   t=58275.569072000843   Elapsed: 78.0009s (1m 18s)
     Speed:     ev/sec=6.54903e+06   simsec/sec=754.493   ev/simsec=8680.04
     Messages:  created: 198199327   present: 13   in FES: 2
** Event #518289664   t=59782.191486201051   Elapsed: 80.0009s (1m 20s)
     Speed:     ev/sec=6.50675e+06   simsec/sec=753.311   ev/simsec=8637.54
     Messages:  created: 203303946   present: 14   in FES: 2
** Event #531518464   t=61316.169727760793   Elapsed: 82.0009s (1m 22s)
     Speed:     ev/sec=6.6143e+06   simsec/sec=766.977   ev/simsec=8623.85
     Messages:  created: 208493423   present: 13   in FES: 3
** Event #544629248   t=62831.559441471132   Elapsed: 84.001s (1m 24s)
     Speed:     ev/sec=6.55535e+06   simsec/sec=757.69   ev/simsec=8651.76
     Messages:  created: 213637008   present: 13   in FES: 3
** Event #557799424   t=64357.279630762512   Elapsed: 86.001s (1m 26s)
     Speed:     ev/sec=6.58505e+06   simsec/sec=762.855   ev/simsec=8632.1
     Messages:  created: 218802315   present: 14   in FES: 4
** Event #570908160   t=65869.594901426939   Elapsed: 88.001s (1m 28s)
     Speed:     ev/sec=6.55431e+06   simsec/sec=756.151   ev/simsec=8667.99
     Messages:  created: 223943978   present: 14   in FES: 3
** Event #583969792   t=67375.892526700929   Elapsed: 90.001s (1m 30s)
     Speed:     ev/sec=6.5308e+06   simsec/sec=753.147   ev/simsec=8671.35
     Messages:  created: 229066855   present: 13   in FES: 2
** Event #597128960   t=68894.539756033547   Elapsed: 92.001s (1m 32s)
     Speed:     ev/sec=6.57954e+06   simsec/sec=759.318   ev/simsec=8665.06
     Messages:  created: 234226922   present: 13   in FES: 3
** Event #610187520   t=70406.493717995829   Elapsed: 94.001s (1m 34s)
     Speed:     ev/sec=6.52924e+06   simsec/sec=755.972   ev/simsec=8636.88
     Messages:  created: 239347531   present: 13   in FES: 3
** Event #623295232   t=71917.265783790798   Elapsed: 96.001s (1m 36s)
     Speed:     ev/sec=6.55382e+06   simsec/sec=755.382   ev/simsec=8676.17
     Messages:  created: 244490219   present: 13   in FES: 3
** Event #636490752   t=73433.827904814901   Elapsed: 98.0011s (1m 38s)
     Speed:     ev/sec=6.59768e+06   simsec/sec=758.272   ev/simsec=8700.94
     Messages:  created: 249666618   present: 13   in FES: 2
** Event #649564928   t=74935.932682357342   Elapsed: 100.001s (1m 40s)
     Speed:     ev/sec=6.53705e+06   simsec/sec=751.048   ev/simsec=8703.9
     Messages:  created: 254795645   present: 14   in FES: 4
** Event #662668800   t=76450.657915936985   Elapsed: 102.001s (1m 42s)
     Speed:     ev/sec=6.55192e+06   simsec/sec=757.361   ev/simsec=8650.99
     Messages:  created: 259935861   present: 13   in FES: 3
** Event #675656448   t=77945.358648770002   Elapsed: 104.001s (1m 44s)
     Speed:     ev/sec=6.49374e+06   simsec/sec=747.341   ev/simsec=8689.13
     Messages:  created: 265029476   present: 13   in FES: 3
** Event #688769792   t=79453.405960342599   Elapsed: 106.001s (1m 46s)
     Speed:     ev/sec=6.55667e+06   simsec/sec=754.023   ev/simsec=8695.58
     Messages:  created: 270173651   present: 14   in FES: 2
** Event #701825024   t=80965.361607949575   Elapsed: 108.001s (1m 48s)
     Speed:     ev/sec=6.52757e+06   simsec/sec=755.973   ev/simsec=8634.67
     Messages:  created: 275293116   present: 13   in FES: 2
** Event #714946816   t=82476.053339006605   Elapsed: 110.001s (1m 50s)
     Speed:     ev/sec=6.56082e+06   simsec/sec=755.337   ev/simsec=8685.95
     Messages:  created: 280441820   present: 13   in FES: 3
** Event #728001280   t=83986.015004835584   Elapsed: 112.001s (1m 52s)
     Speed:     ev/sec=6.52718e+06   simsec/sec=754.974   ev/simsec=8645.56
     Messages:  created: 285563723   present: 13   in FES: 2
** Event #741155328   t=85510.110983608156   Elapsed: 114.001s (1m 54s)
     Speed:     ev/sec=6.57696e+06   simsec/sec=762.04   ev/simsec=8630.72
     Messages:  created: 290723009   present: 14   in FES: 3
** Event #754244352   t=87011.072796850539   Elapsed: 116.001s (1m 56s)
     Speed:     ev/sec=6.54444e+06   simsec/sec=750.472   ev/simsec=8720.42
     Messages:  created: 295857691   present: 14   in FES: 3
** Event #767256320   t=88507.06429631333   Elapsed: 118.001s (1m 58s)
     Speed:     ev/sec=6.50586e+06   simsec/sec=747.982   ev/simsec=8697.89
     Messages:  created: 300961356   present: 13   in FES: 3
** Event #780348928   t=90019.134121045302   Elapsed: 120.001s (2m 00s)
     Speed:     ev/sec=6.54625e+06   simsec/sec=756.028   ev/simsec=8658.73
     Messages:  created: 306097783   present: 14   in FES: 3
** Event #793304576   t=91502.128217199226   Elapsed: 122.001s (2m 02s)
     Speed:     ev/sec=6.47773e+06   simsec/sec=741.486   ev/simsec=8736.14
     Messages:  created: 311179778   present: 13   in FES: 3
** Event #806321152   t=93004.823280429158   Elapsed: 124.001s (2m 04s)
     Speed:     ev/sec=6.5082e+06   simsec/sec=751.338   ev/simsec=8662.15
     Messages:  created: 316284353   present: 13   in FES: 3
** Event #819341056   t=94515.321166247805   Elapsed: 126.001s (2m 06s)
     Speed:     ev/sec=6.5099e+06   simsec/sec=755.243   ev/simsec=8619.61
     Messages:  created: 321391102   present: 14   in FES: 2
** Event #832400384   t=96021.515100214144   Elapsed: 128.001s (2m 08s)
     Speed:     ev/sec=6.52956e+06   simsec/sec=753.085   ev/simsec=8670.42
     Messages:  created: 326514545   present: 14   in FES: 2
** Event #845364224   t=97515.863011699752   Elapsed: 130.001s (2m 10s)
     Speed:     ev/sec=6.48189e+06   simsec/sec=747.171   ev/simsec=8675.25
     Messages:  created: 331600333   present: 13   in FES: 2
** Event #858525952   t=99033.291671140162   Elapsed: 132.001s (2m 12s)
     Speed:     ev/sec=6.5808e+06   simsec/sec=758.707   ev/simsec=8673.7
     Messages:  created: 336764103   present: 14   in FES: 2
** Event #871702016   t=100552.977393426164   Elapsed: 134.001s (2m 14s)
     Speed:     ev/sec=6.588e+06   simsec/sec=759.839   ev/simsec=8670.26
     Messages:  created: 341933091   present: 13   in FES: 3
** Event #884794368   t=102054.212584756755   Elapsed: 136.001s (2m 16s)
     Speed:     ev/sec=6.54617e+06   simsec/sec=750.617   ev/simsec=8721.05
     Messages:  created: 347069430   present: 13   in FES: 2
** Event #897887488   t=103565.714120604444   Elapsed: 138.001s (2m 18s)
     Speed:     ev/sec=6.54651e+06   simsec/sec=755.745   ev/simsec=8662.33
     Messages:  created: 352204272   present: 13   in FES: 2
** Event #910983168   t=105076.450905888958   Elapsed: 140.001s (2m 20s)
     Speed:     ev/sec=6.54778e+06   simsec/sec=755.362   ev/simsec=8668.41
     Messages:  created: 357340848   present: 14   in FES: 3
** Event #924108288   t=106581.718930718106   Elapsed: 142.001s (2m 22s)
     Speed:     ev/sec=6.56246e+06   simsec/sec=752.622   ev/simsec=8719.46
     Messages:  created: 362488917   present: 13   in FES: 2
** Event #937202688   t=108093.528793091798   Elapsed: 144.001s (2m 24s)
     Speed:     ev/sec=6.54717e+06   simsec/sec=755.901   ev/simsec=8661.41
     Messages:  created: 367623596   present: 14   in FES: 2
** Event #950276608   t=109606.979464382681   Elapsed: 146.001s (2m 26s)
     Speed:     ev/sec=6.53688e+06   simsec/sec=756.715   ev/simsec=8638.48
     Messages:  created: 372751716   present: 14   in FES: 3
** Event #963346432   t=111112.430250291382   Elapsed: 148.002s (2m 28s)
     Speed:     ev/sec=6.53485e+06   simsec/sec=752.719   ev/simsec=8681.67
     Messages:  created: 377879542   present: 14   in FES: 2
** Event #976513280   t=112632.413409889003   Elapsed: 150.002s (2m 30s)
     Speed:     ev/sec=6.58334e+06   simsec/sec=759.981   ev/simsec=8662.5
     Messages:  created: 383045124   present: 13   in FES: 2
** Event #989537792   t=114128.949032830557   Elapsed: 152.002s (2m 32s)
     Speed:     ev/sec=6.51215e+06   simsec/sec=748.255   ev/simsec=8703.11
     Messages:  created: 388155081   present: 14   in FES: 2
** Event #1002581504   t=115640.834466656584   Elapsed: 154.002s (2m 34s)
     Speed:     ev/sec=6.52176e+06   simsec/sec=755.932   ev/simsec=8627.45
     Messages:  created: 393271253   present: 14   in FES: 3
** Event #1015832064   t=117166.253910854356   Elapsed: 156.002s (2m 36s)
     Speed:     ev/sec=6.62518e+06   simsec/sec=762.698   ev/simsec=8686.5
     Messages:  created: 398469973   present: 13   in FES: 3
** Event #1028927488   t=118678.229136979149   Elapsed: 158.002s (2m 38s)
     Speed:     ev/sec=6.54761e+06   simsec/sec=755.976   ev/simsec=8661.14
     Messages:  created: 403605257   present: 13   in FES: 2
** Event #1041967104   t=120186.749868712914   Elapsed: 160.002s (2m 40s)
     Speed:     ev/sec=6.51974e+06   simsec/sec=754.253   ev/simsec=8643.98
     Messages:  created: 408719316   present: 14   in FES: 3
** Event #1055149056   t=121708.076871221762   Elapsed: 162.002s (2m 42s)
     Speed:     ev/sec=6.59087e+06   simsec/sec=760.651   ev/simsec=8664.77
     Messages:  created: 413890712   present: 14   in FES: 4
** Event #1068394752   t=123232.326913974002   Elapsed: 164.002s (2m 44s)
     Speed:     ev/sec=6.62275e+06   simsec/sec=762.114   ev/simsec=8689.98
     Messages:  created: 419085935   present: 14   in FES: 4
** Event #1081601280   t=124752.78018761373   Elapsed: 166.002s (2m 46s)
     Speed:     ev/sec=6.60317e+06   simsec/sec=760.216   ev/simsec=8685.92
     Messages:  created: 424263738   present: 14   in FES: 2
** Event #1094911488   t=126290.750064903006   Elapsed: 168.002s (2m 48s)
     Speed:     ev/sec=6.65501e+06   simsec/sec=768.974   ev/simsec=8654.4
     Messages:  created: 429483280   present: 13   in FES: 3
** Event #1108183808   t=127822.634819864216   Elapsed: 170.002s (2m 50s)
     Speed:     ev/sec=6.6361e+06   simsec/sec=765.936   ev/simsec=8664.05
     Messages:  created: 434688518   present: 13   in FES: 3
** Event #1121425664   t=129357.020025765071   Elapsed: 172.002s (2m 52s)
     Speed:     ev/sec=6.62081e+06   simsec/sec=767.179   ev/simsec=8630.07
     Messages:  created: 439884291   present: 13   in FES: 3
** Event #1134763008   t=130886.222589475349   Elapsed: 174.002s (2m 54s)
     Speed:     ev/sec=6.66865e+06   simsec/sec=764.599   ev/simsec=8721.76
     Messages:  created: 445115948   present: 13   in FES: 3
** Event #1148060160   t=132418.169664373187   Elapsed: 176.002s (2m 56s)
     Speed:     ev/sec=6.64855e+06   simsec/sec=765.971   ev/simsec=8679.9
     Messages:  created: 450331720   present: 13   in FES: 3
** Event #1161290496   t=133943.713902620143   Elapsed: 178.002s (2m 58s)
     Speed:     ev/sec=6.61516e+06   simsec/sec=762.771   ev/simsec=8672.54
     Messages:  created: 455521301   present: 13   in FES: 2
** Event #1174525696   t=135465.112858198192   Elapsed: 180.002s (3m 00s)
     Speed:     ev/sec=6.61754e+06   simsec/sec=760.692   ev/simsec=8699.36
     Messages:  created: 460714171   present: 13   in FES: 2
** Event #1187786240   t=136983.907578196718   Elapsed: 182.002s (3m 02s)
     Speed:     ev/sec=6.63017e+06   simsec/sec=759.385   ev/simsec=8730.97
     Messages:  created: 465916520   present: 14   in FES: 3
** Event #1201085184   t=138518.081916370487   Elapsed: 184.002s (3m 04s)
     Speed:     ev/sec=6.64935e+06   simsec/sec=767.073   ev/simsec=8668.47
     Messages:  created: 471132583   present: 14   in FES: 2
** Event #1214334464   t=140041.435729223811   Elapsed: 186.002s (3m 06s)
     Speed:     ev/sec=6.62459e+06   simsec/sec=761.672   ev/simsec=8697.44
     Messages:  created: 476330457   present: 14   in FES: 2
** Event #1227557120   t=141563.796359961856   Elapsed: 188.002s (3m 08s)
     Speed:     ev/sec=6.61122e+06   simsec/sec=761.168   ev/simsec=8685.63
     Messages:  created: 481517056   present: 13   in FES: 3
** Event #1240847360   t=143097.619024536902   Elapsed: 190.002s (3m 10s)
     Speed:     ev/sec=6.64499e+06   simsec/sec=766.897   ev/simsec=8664.78
     Messages:  created: 486729807   present: 13   in FES: 3
** Event #1254127104   t=144630.061352328776   Elapsed: 192.002s (3m 12s)
     Speed:     ev/sec=6.63986e+06   simsec/sec=766.22   ev/simsec=8665.74
     Messages:  created: 491938639   present: 14   in FES: 2
** Event #1267201792   t=146137.719609808513   Elapsed: 194.002s (3m 14s)
     Speed:     ev/sec=6.53727e+06   simsec/sec=753.821   ev/simsec=8672.18
     Messages:  created: 497065711   present: 13   in FES: 3
** Event #1280441600   t=147658.011072196067   Elapsed: 196.002s (3m 16s)
     Speed:     ev/sec=6.61982e+06   simsec/sec=760.136   ev/simsec=8708.73
     Messages:  created: 502260995   present: 13   in FES: 3
** Event #1293707776   t=149186.589175875292   Elapsed: 198.002s (3m 18s)
     Speed:     ev/sec=6.633e+06   simsec/sec=764.278   ev/simsec=8678.77
     Messages:  created: 507464287   present: 14   in FES: 3
** Event #1307024640   t=150722.173556076316   Elapsed: 200.002s (3m 20s)
     Speed:     ev/sec=6.65842e+06   simsec/sec=767.791   ev/simsec=8672.18
     Messages:  created: 512688551   present: 13   in FES: 3
** Event #1320266240   t=152250.788312095529   Elapsed: 202.002s (3m 22s)
     Speed:     ev/sec=6.62079e+06   simsec/sec=764.306   ev/simsec=8662.48
     Messages:  created: 517880111   present: 14   in FES: 3
** Event #1333609984   t=153781.365774679646   Elapsed: 204.002s (3m 24s)
     Speed:     ev/sec=6.67186e+06   simsec/sec=765.288   ev/simsec=8718.11
     Messages:  created: 523113330   present: 14   in FES: 3
** Event #1346975744   t=155332.285262935583   Elapsed: 206.002s (3m 26s)
     Speed:     ev/sec=6.68286e+06   simsec/sec=775.457   ev/simsec=8617.96
     Messages:  created: 528354963   present: 14   in FES: 2
** Event #1360283136   t=156864.207923371476   Elapsed: 208.002s (3m 28s)
     Speed:     ev/sec=6.65368e+06   simsec/sec=765.959   ev/simsec=8686.73
     Messages:  created: 533574941   present: 14   in FES: 4
** Event #1370358267   t=158024.840327054654   Elapsed: 209.52s (3m 29s)
     Speed:     ev/sec=6.63576e+06   simsec/sec=764.424   ev/simsec=8680.72
     Messages:  created: 537526858   present: 17   in FES: 4

<!> Simulation stopped with endSimulation() -- in module (Sink) DynamicExhaustivePollingSystem.sink (id=7), at t=158024.840327054654s, event #1370358267
undisposed object: (omnetpp::cMessage) DynamicExhaustivePollingSystem.sink.packet -- check module destructor
