** Event #0   t=0   Elapsed: 2e-06s (0m 00s)
     Speed:     ev/sec=0   simsec/sec=0   ev/simsec=0
     Messages:  created: 9   present: 9   in FES: 3
** Event #11602688   t=3813.154345910781   Elapsed: 2.00001s (0m 02s)
     Speed:     ev/sec=5.80133e+06   simsec/sec=1906.57   ev/simsec=3042.81
     Messages:  created: 5578539   present: 9   in FES: 2
** Event #23246848   t=7630.66389284409   Elapsed: 4.00003s (0m 04s)
     Speed:     ev/sec=5.82201e+06   simsec/sec=1908.73   ev/simsec=3050.2
     Messages:  created: 11178168   present: 10   in FES: 2
** Event #34836480   t=11427.214270759573   Elapsed: 6.00003s (0m 06s)
     Speed:     ev/sec=5.79481e+06   simsec/sec=1898.27   ev/simsec=3052.67
     Messages:  created: 16751603   present: 9   in FES: 2
** Event #46500096   t=15244.098299236249   Elapsed: 8.00008s (0m 08s)
     Speed:     ev/sec=5.83169e+06   simsec/sec=1908.4   ev/simsec=3055.8
     Messages:  created: 22363193   present: 10   in FES: 2
** Event #58150144   t=19073.057950183704   Elapsed: 10.0002s (0m 10s)
     Speed:     ev/sec=5.82476e+06   simsec/sec=1914.39   ev/simsec=3042.61
     Messages:  created: 27965024   present: 10   in FES: 2
** Event #69825280   t=22903.327371773759   Elapsed: 12.0002s (0m 12s)
     Speed:     ev/sec=5.83753e+06   simsec/sec=1915.12   ev/simsec=3048.12
     Messages:  created: 33579053   present: 9   in FES: 2
** Event #81469440   t=26719.726455017124   Elapsed: 14.0002s (0m 14s)
     Speed:     ev/sec=5.82205e+06   simsec/sec=1908.19   ev/simsec=3051.09
     Messages:  created: 39179629   present: 10   in FES: 2
** Event #93111040   t=30549.203421197032   Elapsed: 16.0002s (0m 16s)
     Speed:     ev/sec=5.82078e+06   simsec/sec=1914.73   ev/simsec=3040
     Messages:  created: 44776277   present: 10   in FES: 2
** Event #104771840   t=34365.661121534242   Elapsed: 18.0002s (0m 18s)
     Speed:     ev/sec=5.8303e+06   simsec/sec=1908.2   ev/simsec=3055.4
     Messages:  created: 50385414   present: 10   in FES: 2
** Event #116420608   t=38184.559654654091   Elapsed: 20.0003s (0m 20s)
     Speed:     ev/sec=5.82426e+06   simsec/sec=1909.41   ev/simsec=3050.3
     Messages:  created: 55988125   present: 9   in FES: 2
** Event #128094208   t=42012.163127989766   Elapsed: 22.0003s (0m 22s)
     Speed:     ev/sec=5.83675e+06   simsec/sec=1913.79   ev/simsec=3049.85
     Messages:  created: 61602739   present: 9   in FES: 2
** Event #139744512   t=45836.328366975963   Elapsed: 24.0003s (0m 24s)
     Speed:     ev/sec=5.82508e+06   simsec/sec=1912.06   ev/simsec=3046.5
     Messages:  created: 67205005   present: 10   in FES: 2
** Event #151395840   t=49666.832136998474   Elapsed: 26.0003s (0m 26s)
     Speed:     ev/sec=5.82565e+06   simsec/sec=1915.25   ev/simsec=3041.72
     Messages:  created: 72806825   present: 10   in FES: 2
** Event #163072256   t=53501.935976408182   Elapsed: 28.0003s (0m 28s)
     Speed:     ev/sec=5.83818e+06   simsec/sec=1917.54   ev/simsec=3044.62
     Messages:  created: 78422716   present: 9   in FES: 2
** Event #174720768   t=57329.352974194052   Elapsed: 30.0003s (0m 30s)
     Speed:     ev/sec=5.82424e+06   simsec/sec=1913.7   ev/simsec=3043.44
     Messages:  created: 84023320   present: 10   in FES: 2
** Event #186390272   t=61155.019147818013   Elapsed: 32.0004s (0m 32s)
     Speed:     ev/sec=5.83468e+06   simsec/sec=1912.81   ev/simsec=3050.32
     Messages:  created: 89636200   present: 10   in FES: 2
** Event #198052096   t=64971.424465746796   Elapsed: 34.0004s (0m 34s)
     Speed:     ev/sec=5.83087e+06   simsec/sec=1908.19   ev/simsec=3055.71
     Messages:  created: 95246550   present: 10   in FES: 2
** Event #209722624   t=68795.448041322836   Elapsed: 36.0004s (0m 36s)
     Speed:     ev/sec=5.83515e+06   simsec/sec=1911.97   ev/simsec=3051.9
     Messages:  created: 100859618   present: 9   in FES: 2
** Event #221386752   t=72626.587437706054   Elapsed: 38.0004s (0m 38s)
     Speed:     ev/sec=5.83204e+06   simsec/sec=1915.56   ev/simsec=3044.56
     Messages:  created: 106469291   present: 10   in FES: 2
** Event #233070336   t=76460.80583586874   Elapsed: 40.0004s (0m 40s)
     Speed:     ev/sec=5.84174e+06   simsec/sec=1917.09   ev/simsec=3047.19
     Messages:  created: 112087756   present: 9   in FES: 2
** Event #244729088   t=80285.684023320168   Elapsed: 42.0005s (0m 42s)
     Speed:     ev/sec=5.82928e+06   simsec/sec=1912.41   ev/simsec=3048.14
     Messages:  created: 117694467   present: 9   in FES: 2
** Event #256380416   t=84103.189707753932   Elapsed: 44.0005s (0m 44s)
     Speed:     ev/sec=5.82554e+06   simsec/sec=1908.71   ev/simsec=3052.08
     Messages:  created: 123297834   present: 10   in FES: 2
** Event #268043264   t=87925.177310483889   Elapsed: 46.0006s (0m 46s)
     Speed:     ev/sec=5.83131e+06   simsec/sec=1910.96   ev/simsec=3051.51
     Messages:  created: 128907282   present: 9   in FES: 2
** Event #279746816   t=91764.55997140354   Elapsed: 48.0006s (0m 48s)
     Speed:     ev/sec=5.85168e+06   simsec/sec=1919.66   ev/simsec=3048.29
     Messages:  created: 134535031   present: 9   in FES: 2
** Event #291430144   t=95596.527433741981   Elapsed: 50.0006s (0m 50s)
     Speed:     ev/sec=5.84163e+06   simsec/sec=1915.97   ev/simsec=3048.91
     Messages:  created: 140152972   present: 9   in FES: 2
** Event #303051520   t=99413.931740689002   Elapsed: 52.0006s (0m 52s)
     Speed:     ev/sec=5.81064e+06   simsec/sec=1908.68   ev/simsec=3044.31
     Messages:  created: 145740508   present: 9   in FES: 2
** Event #314704384   t=103242.174756087492   Elapsed: 54.0006s (0m 54s)
     Speed:     ev/sec=5.82634e+06   simsec/sec=1914.09   ev/simsec=3043.92
     Messages:  created: 151343257   present: 10   in FES: 2
** Event #326379520   t=107070.309233665155   Elapsed: 56.0007s (0m 56s)
     Speed:     ev/sec=5.83752e+06   simsec/sec=1914.05   ev/simsec=3049.82
     Messages:  created: 156958480   present: 11   in FES: 2
** Event #338018560   t=110892.746577438185   Elapsed: 58.0007s (0m 58s)
     Speed:     ev/sec=5.81946e+06   simsec/sec=1911.2   ev/simsec=3044.93
     Messages:  created: 162555126   present: 9   in FES: 2
** Event #349671680   t=114719.83217967112   Elapsed: 60.0007s (1m 00s)
     Speed:     ev/sec=5.82645e+06   simsec/sec=1913.51   ev/simsec=3044.91
     Messages:  created: 168157886   present: 9   in FES: 2
** Event #361271040   t=118524.756511739141   Elapsed: 62.0007s (1m 02s)
     Speed:     ev/sec=5.79962e+06   simsec/sec=1902.44   ev/simsec=3048.51
     Messages:  created: 173735548   present: 10   in FES: 2
** Event #372934144   t=122341.100653289329   Elapsed: 64.0008s (1m 04s)
     Speed:     ev/sec=5.83148e+06   simsec/sec=1908.15   ev/simsec=3056.09
     Messages:  created: 179345570   present: 10   in FES: 2
** Event #384580352   t=126178.754686644643   Elapsed: 66.0008s (1m 06s)
     Speed:     ev/sec=5.82309e+06   simsec/sec=1918.82   ev/simsec=3034.72
     Messages:  created: 184944750   present: 10   in FES: 2
** Event #396242176   t=130004.257817951634   Elapsed: 68.0008s (1m 08s)
     Speed:     ev/sec=5.8309e+06   simsec/sec=1912.75   ev/simsec=3048.44
     Messages:  created: 190552463   present: 10   in FES: 2
** Event #407880960   t=133822.898582008466   Elapsed: 70.0008s (1m 10s)
     Speed:     ev/sec=5.81937e+06   simsec/sec=1909.31   ev/simsec=3047.89
     Messages:  created: 196148140   present: 10   in FES: 2
** Event #419542528   t=137645.510344051439   Elapsed: 72.0008s (1m 12s)
     Speed:     ev/sec=5.83075e+06   simsec/sec=1911.29   ev/simsec=3050.68
     Messages:  created: 201756829   present: 9   in FES: 2
** Event #431211264   t=141474.887131151701   Elapsed: 74.0008s (1m 14s)
     Speed:     ev/sec=5.83425e+06   simsec/sec=1914.65   ev/simsec=3047.16
     Messages:  created: 207369034   present: 9   in FES: 2
** Event #442886656   t=145302.451137798143   Elapsed: 76.0009s (1m 16s)
     Speed:     ev/sec=5.83768e+06   simsec/sec=1913.78   ev/simsec=3050.35
     Messages:  created: 212984115   present: 10   in FES: 2
** Event #454508032   t=149120.781482719117   Elapsed: 78.0009s (1m 18s)
     Speed:     ev/sec=5.81064e+06   simsec/sec=1909.15   ev/simsec=3043.58
     Messages:  created: 218572583   present: 9   in FES: 2
** Event #466172416   t=152948.75121978664   Elapsed: 80.0009s (1m 20s)
     Speed:     ev/sec=5.83218e+06   simsec/sec=1913.98   ev/simsec=3047.15
     Messages:  created: 224181678   present: 9   in FES: 2
** Event #477776640   t=156761.069809519817   Elapsed: 82.0009s (1m 22s)
     Speed:     ev/sec=5.80199e+06   simsec/sec=1906.12   ev/simsec=3043.88
     Messages:  created: 229760128   present: 9   in FES: 2
** Event #489412096   t=160580.644016517539   Elapsed: 84.0009s (1m 24s)
     Speed:     ev/sec=5.81763e+06   simsec/sec=1909.75   ev/simsec=3046.27
     Messages:  created: 235355090   present: 9   in FES: 2
** Event #501100544   t=164411.897172620719   Elapsed: 86.001s (1m 26s)
     Speed:     ev/sec=5.84418e+06   simsec/sec=1915.61   ev/simsec=3050.82
     Messages:  created: 240977285   present: 10   in FES: 2
** Event #512708608   t=168219.707407070899   Elapsed: 88.001s (1m 28s)
     Speed:     ev/sec=5.80393e+06   simsec/sec=1903.87   ev/simsec=3048.49
     Messages:  created: 246559677   present: 10   in FES: 2
** Event #524329984   t=172030.672395294245   Elapsed: 90.001s (1m 30s)
     Speed:     ev/sec=5.81059e+06   simsec/sec=1905.45   ev/simsec=3049.46
     Messages:  created: 252148682   present: 9   in FES: 2
** Event #535955200   t=175848.079762314225   Elapsed: 92.0011s (1m 32s)
     Speed:     ev/sec=5.81251e+06   simsec/sec=1908.67   ev/simsec=3045.32
     Messages:  created: 257738511   present: 9   in FES: 2
** Event #547584768   t=179663.990889864618   Elapsed: 94.0011s (1m 34s)
     Speed:     ev/sec=5.81473e+06   simsec/sec=1907.94   ev/simsec=3047.65
     Messages:  created: 263331482   present: 10   in FES: 2
** Event #559246080   t=183486.186896029792   Elapsed: 96.0011s (1m 36s)
     Speed:     ev/sec=5.83059e+06   simsec/sec=1911.08   ev/simsec=3050.95
     Messages:  created: 268941001   present: 9   in FES: 2
** Event #570905344   t=187310.444954777344   Elapsed: 98.0011s (1m 38s)
     Speed:     ev/sec=5.8296e+06   simsec/sec=1912.12   ev/simsec=3048.76
     Messages:  created: 274548618   present: 9   in FES: 2
** Event #582555904   t=191124.993528694419   Elapsed: 100.001s (1m 40s)
     Speed:     ev/sec=5.82519e+06   simsec/sec=1907.25   ev/simsec=3054.24
     Messages:  created: 280151365   present: 10   in FES: 2
** Event #594215168   t=194948.687487930372   Elapsed: 102.001s (1m 42s)
     Speed:     ev/sec=5.82953e+06   simsec/sec=1911.81   ev/simsec=3049.21
     Messages:  created: 285758981   present: 9   in FES: 2
** Event #605847552   t=198769.215902674428   Elapsed: 104.001s (1m 44s)
     Speed:     ev/sec=5.81612e+06   simsec/sec=1910.24   ev/simsec=3044.71
     Messages:  created: 291352316   present: 9   in FES: 2
** Event #617518592   t=202605.279765449463   Elapsed: 106.001s (1m 46s)
     Speed:     ev/sec=5.83545e+06   simsec/sec=1918.01   ev/simsec=3042.45
     Messages:  created: 296964598   present: 10   in FES: 2
** Event #629202688   t=206436.285629597121   Elapsed: 108.001s (1m 48s)
     Speed:     ev/sec=5.84202e+06   simsec/sec=1915.49   ev/simsec=3049.88
     Messages:  created: 302583879   present: 9   in FES: 2
** Event #640876800   t=210270.922246154361   Elapsed: 110.001s (1m 50s)
     Speed:     ev/sec=5.83693e+06   simsec/sec=1917.28   ev/simsec=3044.39
     Messages:  created: 308198218   present: 9   in FES: 2
** Event #652556288   t=214093.294235562323   Elapsed: 112.001s (1m 52s)
     Speed:     ev/sec=5.83968e+06   simsec/sec=1911.17   ev/simsec=3055.56
     Messages:  created: 313816749   present: 10   in FES: 2
** Event #664213760   t=217919.491315462362   Elapsed: 114.001s (1m 54s)
     Speed:     ev/sec=5.82865e+06   simsec/sec=1913.07   ev/simsec=3046.75
     Messages:  created: 319422765   present: 10   in FES: 2
** Event #675909376   t=221765.524075546561   Elapsed: 116.001s (1m 56s)
     Speed:     ev/sec=5.84773e+06   simsec/sec=1922.99   ev/simsec=3040.96
     Messages:  created: 325045505   present: 11   in FES: 2
** Event #687571712   t=225599.751186282423   Elapsed: 118.001s (1m 58s)
     Speed:     ev/sec=5.83106e+06   simsec/sec=1917.08   ev/simsec=3041.64
     Messages:  created: 330653584   present: 10   in FES: 2
** Event #699229952   t=229420.568656729315   Elapsed: 120.001s (2m 00s)
     Speed:     ev/sec=5.82904e+06   simsec/sec=1910.38   ev/simsec=3051.24
     Messages:  created: 336260081   present: 10   in FES: 2
** Event #710854144   t=233234.305985128874   Elapsed: 122.001s (2m 02s)
     Speed:     ev/sec=5.81205e+06   simsec/sec=1906.85   ev/simsec=3047.98
     Messages:  created: 341850196   present: 9   in FES: 2
** Event #722496256   t=237064.287178631062   Elapsed: 124.001s (2m 04s)
     Speed:     ev/sec=5.82098e+06   simsec/sec=1914.97   ev/simsec=3039.73
     Messages:  created: 347447221   present: 11   in FES: 3
** Event #734144000   t=240879.201672298276   Elapsed: 126.002s (2m 06s)
     Speed:     ev/sec=5.82379e+06   simsec/sec=1907.43   ev/simsec=3053.21
     Messages:  created: 353049827   present: 10   in FES: 2
** Event #745815552   t=244698.960576756369   Elapsed: 128.002s (2m 08s)
     Speed:     ev/sec=5.83567e+06   simsec/sec=1909.85   ev/simsec=3055.57
     Messages:  created: 358663704   present: 9   in FES: 2
** Event #757468160   t=248518.169051024086   Elapsed: 130.002s (2m 10s)
     Speed:     ev/sec=5.82628e+06   simsec/sec=1909.6   ev/simsec=3051.05
     Messages:  created: 364268329   present: 10   in FES: 2
** Event #769158400   t=252344.703034559342   Elapsed: 132.002s (2m 12s)
     Speed:     ev/sec=5.84504e+06   simsec/sec=1913.24   ev/simsec=3055.05
     Messages:  created: 369891855   present: 10   in FES: 2
** Event #780830208   t=256182.991694784171   Elapsed: 134.002s (2m 14s)
     Speed:     ev/sec=5.83585e+06   simsec/sec=1919.13   ev/simsec=3040.89
     Messages:  created: 375503462   present: 9   in FES: 2
** Event #792504832   t=260019.936788669427   Elapsed: 136.002s (2m 16s)
     Speed:     ev/sec=5.83721e+06   simsec/sec=1918.44   ev/simsec=3042.69
     Messages:  created: 381116662   present: 10   in FES: 2
** Event #804172032   t=263845.203556890413   Elapsed: 138.002s (2m 18s)
     Speed:     ev/sec=5.83357e+06   simsec/sec=1912.62   ev/simsec=3050.04
     Messages:  created: 386727145   present: 9   in FES: 2
** Event #815831552   t=267675.222838817127   Elapsed: 140.002s (2m 20s)
     Speed:     ev/sec=5.82972e+06   simsec/sec=1915   ev/simsec=3044.25
     Messages:  created: 392333181   present: 9   in FES: 2
** Event #827484416   t=271495.86149234347   Elapsed: 142.002s (2m 22s)
     Speed:     ev/sec=5.82638e+06   simsec/sec=1910.3   ev/simsec=3049.98
     Messages:  created: 397937547   present: 9   in FES: 2
** Event #839135488   t=275317.30284109931   Elapsed: 144.002s (2m 24s)
     Speed:     ev/sec=5.82551e+06   simsec/sec=1910.71   ev/simsec=3048.87
     Messages:  created: 403540616   present: 10   in FES: 2
** Event #850781696   t=279140.783340564025   Elapsed: 146.002s (2m 26s)
     Speed:     ev/sec=5.82303e+06   simsec/sec=1911.71   ev/simsec=3045.97
     Messages:  created: 409140694   present: 9   in FES: 2
** Event #862454016   t=282971.292392201148   Elapsed: 148.002s (2m 28s)
     Speed:     ev/sec=5.83604e+06   simsec/sec=1915.21   ev/simsec=3047.2
     Messages:  created: 414753914   present: 10   in FES: 2
** Event #870545147   t=285624.707698513275   Elapsed: 149.389s (2m 29s)
     Speed:     ev/sec=5.8325e+06   simsec/sec=1912.72   ev/simsec=3049.33
     Messages:  created: 418645531   present: 11   in FES: 4

<!> Simulation stopped with endSimulation() -- in module (Sink) CyclicExhaustiveBatchPollingSystem.sink (id=7), at t=285624.707698513275s, event #870545147
undisposed object: (omnetpp::cMessage) CyclicExhaustiveBatchPollingSystem.sink.packet -- check module destructor
