** Event #0   t=0   Elapsed: 2e-06s (0m 00s)
     Speed:     ev/sec=0   simsec/sec=0   ev/simsec=0
     Messages:  created: 9   present: 9   in FES: 3
** Event #5876480   t=3182.550076224826   Elapsed: 2.00007s (0m 02s)
     Speed:     ev/sec=2.93814e+06   simsec/sec=1591.22   ev/simsec=1846.47
     Messages:  created: 2441527   present: 10   in FES: 2
** Event #13835008   t=7489.069057656575   Elapsed: 4.00008s (0m 04s)
     Speed:     ev/sec=3.97925e+06   simsec/sec=2153.25   ev/simsec=1848.02
     Messages:  created: 5750082   present: 10   in FES: 2
** Event #21340672   t=11540.710167637854   Elapsed: 6.0001s (0m 06s)
     Speed:     ev/sec=3.7528e+06   simsec/sec=2025.8   ev/simsec=1852.5
     Messages:  created: 8870699   present: 12   in FES: 3
** Event #28086016   t=15181.690340486901   Elapsed: 8.00021s (0m 08s)
     Speed:     ev/sec=3.37248e+06   simsec/sec=1820.38   ev/simsec=1852.62
     Messages:  created: 11675916   present: 10   in FES: 2
** Event #35707392   t=19300.362715663937   Elapsed: 10.0002s (0m 10s)
     Speed:     ev/sec=3.81066e+06   simsec/sec=2059.32   ev/simsec=1850.44
     Messages:  created: 14843403   present: 9   in FES: 2
** Event #41641472   t=22507.536699770959   Elapsed: 12.0002s (0m 12s)
     Speed:     ev/sec=2.96702e+06   simsec/sec=1603.58   ev/simsec=1850.25
     Messages:  created: 17309827   present: 10   in FES: 3
** Event #49252864   t=26617.007826234177   Elapsed: 14.0003s (0m 14s)
     Speed:     ev/sec=3.80564e+06   simsec/sec=2054.71   ev/simsec=1852.16
     Messages:  created: 20474927   present: 10   in FES: 2
** Event #55042560   t=29741.655823381383   Elapsed: 16.0003s (0m 16s)
     Speed:     ev/sec=2.89478e+06   simsec/sec=1562.28   ev/simsec=1852.91
     Messages:  created: 22882611   present: 10   in FES: 2
** Event #61857536   t=33411.536088126737   Elapsed: 18.0003s (0m 18s)
     Speed:     ev/sec=3.40744e+06   simsec/sec=1834.91   ev/simsec=1857
     Messages:  created: 25719685   present: 9   in FES: 2
** Event #68688128   t=37122.622385687463   Elapsed: 20.0004s (0m 20s)
     Speed:     ev/sec=3.41528e+06   simsec/sec=1855.53   ev/simsec=1840.59
     Messages:  created: 28555733   present: 10   in FES: 2
** Event #76291328   t=41234.425829912843   Elapsed: 22.0004s (0m 22s)
     Speed:     ev/sec=3.80158e+06   simsec/sec=2055.89   ev/simsec=1849.12
     Messages:  created: 31716197   present: 10   in FES: 2
** Event #82167808   t=44411.628008432706   Elapsed: 24.0004s (0m 24s)
     Speed:     ev/sec=2.93819e+06   simsec/sec=1588.57   ev/simsec=1849.58
     Messages:  created: 34156973   present: 10   in FES: 2
** Event #88358912   t=47758.873308578351   Elapsed: 26.0004s (0m 26s)
     Speed:     ev/sec=3.09553e+06   simsec/sec=1673.61   ev/simsec=1849.61
     Messages:  created: 36730039   present: 10   in FES: 2
** Event #94685440   t=51194.786368661188   Elapsed: 28.0005s (0m 28s)
     Speed:     ev/sec=3.16318e+06   simsec/sec=1717.91   ev/simsec=1841.29
     Messages:  created: 39357876   present: 10   in FES: 2
** Event #100723200   t=54445.462502229926   Elapsed: 30.0005s (0m 30s)
     Speed:     ev/sec=3.01882e+06   simsec/sec=1625.3   ev/simsec=1857.39
     Messages:  created: 41869265   present: 10   in FES: 2
** Event #108373760   t=58571.895592274419   Elapsed: 32.0006s (0m 32s)
     Speed:     ev/sec=3.82516e+06   simsec/sec=2063.15   ev/simsec=1854.04
     Messages:  created: 45050597   present: 10   in FES: 2
** Event #111266559   t=60126.450828947092   Elapsed: 32.7215s (0m 32s)
     Speed:     ev/sec=4.01269e+06   simsec/sec=2156.37   ev/simsec=1860.85
     Messages:  created: 46255304   present: 10   in FES: 3

<!> Simulation stopped with endSimulation() -- in module (Sink) CyclicExhaustiveBatchPollingSystem.sink (id=7), at t=60126.450828947092s, event #111266559
undisposed object: (omnetpp::cMessage) CyclicExhaustiveBatchPollingSystem.sink.packet -- check module destructor
