** Event #0   t=0   Elapsed: 2e-06s (0m 00s)
     Speed:     ev/sec=0   simsec/sec=0   ev/simsec=0
     Messages:  created: 9   present: 9   in FES: 3
** Event #12318720   t=3682.260798857516   Elapsed: 2.00002s (0m 02s)
     Speed:     ev/sec=6.1593e+06   simsec/sec=1841.11   ev/simsec=3345.42
     Messages:  created: 6015228   present: 10   in FES: 2
** Event #24563968   t=7353.46650978051   Elapsed: 4.00002s (0m 04s)
     Speed:     ev/sec=6.12262e+06   simsec/sec=1835.6   ev/simsec=3335.48
     Messages:  created: 11992573   present: 10   in FES: 2
** Event #36886784   t=11037.504181006866   Elapsed: 6.00006s (0m 06s)
     Speed:     ev/sec=6.16129e+06   simsec/sec=1841.98   ev/simsec=3344.92
     Messages:  created: 18008550   present: 9   in FES: 2
** Event #48981760   t=14655.000150688662   Elapsed: 8.00008s (0m 08s)
     Speed:     ev/sec=6.04742e+06   simsec/sec=1808.73   ev/simsec=3343.47
     Messages:  created: 23913271   present: 10   in FES: 2
** Event #61320960   t=18344.674294511773   Elapsed: 10.0001s (0m 10s)
     Speed:     ev/sec=6.16948e+06   simsec/sec=1844.8   ev/simsec=3344.25
     Messages:  created: 29937505   present: 10   in FES: 2
** Event #73627136   t=22029.707706084593   Elapsed: 12.0001s (0m 12s)
     Speed:     ev/sec=6.15307e+06   simsec/sec=1842.51   ev/simsec=3339.5
     Messages:  created: 35945689   present: 10   in FES: 2
** Event #85875968   t=25689.725439372711   Elapsed: 14.0002s (0m 14s)
     Speed:     ev/sec=6.12433e+06   simsec/sec=1829.98   ev/simsec=3346.66
     Messages:  created: 41926409   present: 9   in FES: 2
** Event #98202624   t=29377.494628944785   Elapsed: 16.0002s (0m 16s)
     Speed:     ev/sec=6.16329e+06   simsec/sec=1843.87   ev/simsec=3342.58
     Messages:  created: 47943855   present: 10   in FES: 2
** Event #110496768   t=33044.358735058383   Elapsed: 18.0002s (0m 18s)
     Speed:     ev/sec=6.14699e+06   simsec/sec=1833.41   ev/simsec=3352.77
     Messages:  created: 53947095   present: 9   in FES: 2
** Event #122873088   t=36746.617062816454   Elapsed: 20.0002s (0m 20s)
     Speed:     ev/sec=6.18804e+06   simsec/sec=1851.09   ev/simsec=3342.91
     Messages:  created: 59989194   present: 10   in FES: 2
** Event #135254272   t=40448.955417844041   Elapsed: 22.0003s (0m 22s)
     Speed:     ev/sec=6.19054e+06   simsec/sec=1851.15   ev/simsec=3344.15
     Messages:  created: 66033883   present: 10   in FES: 2
** Event #147600384   t=44140.309747921704   Elapsed: 24.0003s (0m 24s)
     Speed:     ev/sec=6.17295e+06   simsec/sec=1845.65   ev/simsec=3344.6
     Messages:  created: 72061287   present: 9   in FES: 2
** Event #159859200   t=47807.952795848716   Elapsed: 26.0003s (0m 26s)
     Speed:     ev/sec=6.12937e+06   simsec/sec=1833.81   ev/simsec=3342.42
     Messages:  created: 78046607   present: 10   in FES: 2
** Event #172028672   t=51448.499794992604   Elapsed: 28.0003s (0m 28s)
     Speed:     ev/sec=6.08462e+06   simsec/sec=1820.24   ev/simsec=3342.76
     Messages:  created: 83988159   present: 9   in FES: 2
** Event #184314112   t=55119.943397780575   Elapsed: 30.0004s (0m 30s)
     Speed:     ev/sec=6.14261e+06   simsec/sec=1835.69   ev/simsec=3346.22
     Messages:  created: 89986403   present: 10   in FES: 2
** Event #196695552   t=58824.283042627569   Elapsed: 32.0004s (0m 32s)
     Speed:     ev/sec=6.19067e+06   simsec/sec=1852.16   ev/simsec=3342.41
     Messages:  created: 96030765   present: 10   in FES: 2
** Event #208929792   t=62481.933400834881   Elapsed: 34.0004s (0m 34s)
     Speed:     ev/sec=6.11711e+06   simsec/sec=1828.82   ev/simsec=3344.84
     Messages:  created: 102003548   present: 10   in FES: 2
** Event #221155072   t=66141.046135954313   Elapsed: 36.0004s (0m 36s)
     Speed:     ev/sec=6.1126e+06   simsec/sec=1829.55   ev/simsec=3341.05
     Messages:  created: 107971540   present: 10   in FES: 2
** Event #233394944   t=69798.580106146947   Elapsed: 38.0004s (0m 38s)
     Speed:     ev/sec=6.11989e+06   simsec/sec=1828.75   ev/simsec=3346.48
     Messages:  created: 113947828   present: 9   in FES: 2
** Event #245645824   t=73461.698511010084   Elapsed: 40.0004s (0m 40s)
     Speed:     ev/sec=6.12536e+06   simsec/sec=1831.54   ev/simsec=3344.39
     Messages:  created: 119929836   present: 10   in FES: 2
** Event #258030848   t=77164.925148794594   Elapsed: 42.0005s (0m 42s)
     Speed:     ev/sec=6.19249e+06   simsec/sec=1851.61   ev/simsec=3344.39
     Messages:  created: 125976313   present: 10   in FES: 2
** Event #270353664   t=80853.429282267323   Elapsed: 44.0005s (0m 44s)
     Speed:     ev/sec=6.16135e+06   simsec/sec=1844.23   ev/simsec=3340.87
     Messages:  created: 131992117   present: 10   in FES: 2
** Event #282644736   t=84538.708755974246   Elapsed: 46.0005s (0m 46s)
     Speed:     ev/sec=6.14549e+06   simsec/sec=1842.62   ev/simsec=3335.18
     Messages:  created: 137993208   present: 9   in FES: 2
** Event #294977792   t=88228.252532615418   Elapsed: 48.0005s (0m 48s)
     Speed:     ev/sec=6.16649e+06   simsec/sec=1844.76   ev/simsec=3342.7
     Messages:  created: 144014842   present: 10   in FES: 2
** Event #307248640   t=91894.691660229864   Elapsed: 50.0005s (0m 50s)
     Speed:     ev/sec=6.1354e+06   simsec/sec=1833.21   ev/simsec=3346.8
     Messages:  created: 150006251   present: 10   in FES: 2
** Event #319423488   t=95546.641718514561   Elapsed: 52.0005s (0m 52s)
     Speed:     ev/sec=6.08736e+06   simsec/sec=1825.96   ev/simsec=3333.79
     Messages:  created: 155950377   present: 10   in FES: 2
** Event #331699200   t=99209.203536771519   Elapsed: 54.0005s (0m 54s)
     Speed:     ev/sec=6.13783e+06   simsec/sec=1831.27   ev/simsec=3351.67
     Messages:  created: 161945145   present: 10   in FES: 2
** Event #343848960   t=102835.058609365772   Elapsed: 56.0005s (0m 56s)
     Speed:     ev/sec=6.07487e+06   simsec/sec=1812.92   ev/simsec=3350.87
     Messages:  created: 167877637   present: 10   in FES: 2
** Event #356042752   t=106478.68168679424   Elapsed: 58.0006s (0m 58s)
     Speed:     ev/sec=6.09686e+06   simsec/sec=1821.8   ev/simsec=3346.61
     Messages:  created: 173831181   present: 10   in FES: 2
** Event #368261632   t=110138.878463623952   Elapsed: 60.0006s (1m 00s)
     Speed:     ev/sec=6.10931e+06   simsec/sec=1830.06   ev/simsec=3338.31
     Messages:  created: 179796447   present: 10   in FES: 2
** Event #380578048   t=113824.082680451926   Elapsed: 62.0006s (1m 02s)
     Speed:     ev/sec=6.1581e+06   simsec/sec=1842.57   ev/simsec=3342.13
     Messages:  created: 185809445   present: 9   in FES: 2
** Event #392729856   t=117449.302888347565   Elapsed: 64.0006s (1m 04s)
     Speed:     ev/sec=6.07589e+06   simsec/sec=1812.6   ev/simsec=3352.02
     Messages:  created: 191743034   present: 9   in FES: 2
** Event #405141504   t=121159.103159088472   Elapsed: 66.0006s (1m 06s)
     Speed:     ev/sec=6.20578e+06   simsec/sec=1854.89   ev/simsec=3345.64
     Messages:  created: 197802529   present: 9   in FES: 2
** Event #417349632   t=124822.267940887064   Elapsed: 68.0007s (1m 08s)
     Speed:     ev/sec=6.10402e+06   simsec/sec=1831.57   ev/simsec=3332.67
     Messages:  created: 203762187   present: 10   in FES: 2
** Event #429735936   t=128523.963557885174   Elapsed: 70.0007s (1m 10s)
     Speed:     ev/sec=6.19309e+06   simsec/sec=1850.83   ev/simsec=3346.12
     Messages:  created: 209809019   present: 9   in FES: 2
** Event #442075648   t=132209.561641142609   Elapsed: 72.0007s (1m 12s)
     Speed:     ev/sec=6.16981e+06   simsec/sec=1842.78   ev/simsec=3348.09
     Messages:  created: 215833240   present: 9   in FES: 2
** Event #454387456   t=135888.021437899004   Elapsed: 74.0007s (1m 14s)
     Speed:     ev/sec=6.1559e+06   simsec/sec=1839.23   ev/simsec=3347
     Messages:  created: 221845091   present: 9   in FES: 2
** Event #466593536   t=139540.473814384831   Elapsed: 76.0007s (1m 16s)
     Speed:     ev/sec=6.10294e+06   simsec/sec=1826.2   ev/simsec=3341.89
     Messages:  created: 227804257   present: 9   in FES: 2
** Event #478953728   t=143238.395845099981   Elapsed: 78.0007s (1m 18s)
     Speed:     ev/sec=6.18007e+06   simsec/sec=1848.95   ev/simsec=3342.47
     Messages:  created: 233838703   present: 10   in FES: 2
** Event #491307776   t=146928.191050659386   Elapsed: 80.0008s (1m 20s)
     Speed:     ev/sec=6.17691e+06   simsec/sec=1844.86   ev/simsec=3348.17
     Messages:  created: 239870481   present: 10   in FES: 2
** Event #503519232   t=150582.786457901543   Elapsed: 82.0008s (1m 22s)
     Speed:     ev/sec=6.10571e+06   simsec/sec=1827.29   ev/simsec=3341.4
     Messages:  created: 245831348   present: 9   in FES: 2
** Event #515865856   t=154279.568001030885   Elapsed: 84.0008s (1m 24s)
     Speed:     ev/sec=6.17325e+06   simsec/sec=1848.37   ev/simsec=3339.83
     Messages:  created: 251859211   present: 9   in FES: 2
** Event #528152064   t=157954.929168982591   Elapsed: 86.0008s (1m 26s)
     Speed:     ev/sec=6.14305e+06   simsec/sec=1837.66   ev/simsec=3342.86
     Messages:  created: 257856839   present: 10   in FES: 2
** Event #540410880   t=161616.855379643537   Elapsed: 88.0009s (1m 28s)
     Speed:     ev/sec=6.12932e+06   simsec/sec=1830.94   ev/simsec=3347.64
     Messages:  created: 263842011   present: 10   in FES: 2
** Event #552687360   t=165290.84331342986   Elapsed: 90.0009s (1m 30s)
     Speed:     ev/sec=6.13823e+06   simsec/sec=1836.99   ev/simsec=3341.46
     Messages:  created: 269835796   present: 10   in FES: 2
** Event #565123328   t=169008.123274071631   Elapsed: 92.0009s (1m 32s)
     Speed:     ev/sec=6.21796e+06   simsec/sec=1858.63   ev/simsec=3345.45
     Messages:  created: 275907941   present: 9   in FES: 2
** Event #577517824   t=172714.787599145461   Elapsed: 94.0009s (1m 34s)
     Speed:     ev/sec=6.19722e+06   simsec/sec=1853.32   ev/simsec=3343.84
     Messages:  created: 281959343   present: 9   in FES: 2
** Event #589781760   t=176379.317834202171   Elapsed: 96.0009s (1m 36s)
     Speed:     ev/sec=6.13187e+06   simsec/sec=1832.23   ev/simsec=3346.66
     Messages:  created: 287946807   present: 11   in FES: 3
** Event #602305024   t=180127.560456401958   Elapsed: 98.0009s (1m 38s)
     Speed:     ev/sec=6.26154e+06   simsec/sec=1874.09   ev/simsec=3341.1
     Messages:  created: 294060900   present: 9   in FES: 2
** Event #614835712   t=183874.127816715243   Elapsed: 100.001s (1m 40s)
     Speed:     ev/sec=6.26532e+06   simsec/sec=1873.28   ev/simsec=3344.58
     Messages:  created: 300178844   present: 10   in FES: 2
** Event #627328768   t=187611.983009666588   Elapsed: 102.001s (1m 42s)
     Speed:     ev/sec=6.2465e+06   simsec/sec=1868.92   ev/simsec=3342.31
     Messages:  created: 306277840   present: 10   in FES: 2
** Event #639581184   t=191267.680520310632   Elapsed: 104.001s (1m 44s)
     Speed:     ev/sec=6.12617e+06   simsec/sec=1827.84   ev/simsec=3351.59
     Messages:  created: 312260448   present: 10   in FES: 2
** Event #651709184   t=194893.796155452896   Elapsed: 106.001s (1m 46s)
     Speed:     ev/sec=6.06388e+06   simsec/sec=1813.02   ev/simsec=3344.63
     Messages:  created: 318182023   present: 9   in FES: 2
** Event #663827968   t=198520.344014273   Elapsed: 108.001s (1m 48s)
     Speed:     ev/sec=6.05932e+06   simsec/sec=1813.25   ev/simsec=3341.69
     Messages:  created: 324098949   present: 10   in FES: 2
** Event #675922176   t=202137.135600226478   Elapsed: 110.001s (1m 50s)
     Speed:     ev/sec=6.04701e+06   simsec/sec=1808.37   ev/simsec=3343.91
     Messages:  created: 330003269   present: 9   in FES: 2
** Event #688003840   t=205753.291787870051   Elapsed: 112.001s (1m 52s)
     Speed:     ev/sec=6.04068e+06   simsec/sec=1808.03   ev/simsec=3341.02
     Messages:  created: 335901772   present: 10   in FES: 2
** Event #700104960   t=209371.139337460407   Elapsed: 114.001s (1m 54s)
     Speed:     ev/sec=6.05054e+06   simsec/sec=1808.92   ev/simsec=3344.84
     Messages:  created: 341810118   present: 10   in FES: 2
** Event #712232448   t=212994.678484824565   Elapsed: 116.001s (1m 56s)
     Speed:     ev/sec=6.06369e+06   simsec/sec=1811.75   ev/simsec=3346.86
     Messages:  created: 347731197   present: 9   in FES: 2
** Event #724337408   t=216607.010844342311   Elapsed: 118.001s (1m 58s)
     Speed:     ev/sec=6.05239e+06   simsec/sec=1806.14   ev/simsec=3351.01
     Messages:  created: 353642260   present: 9   in FES: 2
** Event #736457728   t=220232.030987829361   Elapsed: 120.001s (2m 00s)
     Speed:     ev/sec=6.06014e+06   simsec/sec=1812.5   ev/simsec=3343.52
     Messages:  created: 359559532   present: 9   in FES: 2
** Event #748576512   t=223857.661388265443   Elapsed: 122.001s (2m 02s)
     Speed:     ev/sec=6.05934e+06   simsec/sec=1812.8   ev/simsec=3342.53
     Messages:  created: 365476023   present: 9   in FES: 2
** Event #760703488   t=227477.796122608476   Elapsed: 124.001s (2m 04s)
     Speed:     ev/sec=6.06345e+06   simsec/sec=1810.06   ev/simsec=3349.87
     Messages:  created: 371397754   present: 10   in FES: 2
** Event #772823552   t=231101.941199309187   Elapsed: 126.001s (2m 06s)
     Speed:     ev/sec=6.05996e+06   simsec/sec=1812.05   ev/simsec=3344.25
     Messages:  created: 377315009   present: 9   in FES: 2
** Event #784939776   t=234726.701550974692   Elapsed: 128.001s (2m 08s)
     Speed:     ev/sec=6.05806e+06   simsec/sec=1812.37   ev/simsec=3342.63
     Messages:  created: 383230549   present: 10   in FES: 2
** Event #796992256   t=238329.795684877195   Elapsed: 130.001s (2m 10s)
     Speed:     ev/sec=6.02614e+06   simsec/sec=1801.52   ev/simsec=3345.04
     Messages:  created: 389115267   present: 9   in FES: 2
** Event #809068032   t=241943.947220126652   Elapsed: 132.001s (2m 12s)
     Speed:     ev/sec=6.03776e+06   simsec/sec=1807.04   ev/simsec=3341.25
     Messages:  created: 395010283   present: 10   in FES: 2
** Event #821194240   t=245568.661832588234   Elapsed: 134.001s (2m 14s)
     Speed:     ev/sec=6.06302e+06   simsec/sec=1812.33   ev/simsec=3345.42
     Messages:  created: 400930470   present: 10   in FES: 2
** Event #833282304   t=249186.572595532003   Elapsed: 136.001s (2m 16s)
     Speed:     ev/sec=6.04403e+06   simsec/sec=1808.95   ev/simsec=3341.17
     Messages:  created: 406831426   present: 10   in FES: 2
** Event #845385472   t=252807.197636108975   Elapsed: 138.001s (2m 18s)
     Speed:     ev/sec=6.05157e+06   simsec/sec=1810.31   ev/simsec=3342.84
     Messages:  created: 412740619   present: 9   in FES: 2
** Event #857488896   t=256429.978027614505   Elapsed: 140.001s (2m 20s)
     Speed:     ev/sec=6.0517e+06   simsec/sec=1811.39   ev/simsec=3340.92
     Messages:  created: 418649108   present: 10   in FES: 2
** Event #869621504   t=260057.508771221762   Elapsed: 142.001s (2m 22s)
     Speed:     ev/sec=6.06622e+06   simsec/sec=1813.74   ev/simsec=3344.59
     Messages:  created: 424573234   present: 10   in FES: 2
** Event #881729792   t=263680.998549586986   Elapsed: 144.001s (2m 24s)
     Speed:     ev/sec=6.05412e+06   simsec/sec=1811.74   ev/simsec=3341.61
     Messages:  created: 430484344   present: 10   in FES: 2
** Event #893836032   t=267301.963295014785   Elapsed: 146.001s (2m 26s)
     Speed:     ev/sec=6.05306e+06   simsec/sec=1810.46   ev/simsec=3343.37
     Messages:  created: 436395373   present: 10   in FES: 2
** Event #905889792   t=270899.813653877162   Elapsed: 148.001s (2m 28s)
     Speed:     ev/sec=6.0268e+06   simsec/sec=1798.9   ev/simsec=3350.27
     Messages:  created: 442280682   present: 10   in FES: 2
** Event #918047488   t=274536.610801802788   Elapsed: 150.001s (2m 30s)
     Speed:     ev/sec=6.07883e+06   simsec/sec=1818.39   ev/simsec=3342.97
     Messages:  created: 448216389   present: 9   in FES: 2
** Event #930191104   t=278163.683448634078   Elapsed: 152.001s (2m 32s)
     Speed:     ev/sec=6.0718e+06   simsec/sec=1813.53   ev/simsec=3348.05
     Messages:  created: 454146060   present: 10   in FES: 2
** Event #942312704   t=281787.650903642428   Elapsed: 154.001s (2m 34s)
     Speed:     ev/sec=6.06071e+06   simsec/sec=1811.96   ev/simsec=3344.84
     Messages:  created: 460064208   present: 9   in FES: 2
** Event #954453248   t=285419.568777491327   Elapsed: 156.001s (2m 36s)
     Speed:     ev/sec=6.07024e+06   simsec/sec=1815.95   ev/simsec=3342.74
     Messages:  created: 465991946   present: 9   in FES: 2
** Event #966598912   t=289051.339560708824   Elapsed: 158.002s (2m 38s)
     Speed:     ev/sec=6.07271e+06   simsec/sec=1815.85   ev/simsec=3344.28
     Messages:  created: 471921534   present: 10   in FES: 2
** Event #978723840   t=292678.746734392596   Elapsed: 160.002s (2m 40s)
     Speed:     ev/sec=6.06236e+06   simsec/sec=1813.67   ev/simsec=3342.59
     Messages:  created: 477840922   present: 10   in FES: 2
** Event #990839552   t=296296.236338536884   Elapsed: 162.002s (2m 42s)
     Speed:     ev/sec=6.05777e+06   simsec/sec=1808.72   ev/simsec=3349.2
     Messages:  created: 483755852   present: 9   in FES: 2
** Event #1002959872   t=299922.480407736979   Elapsed: 164.002s (2m 44s)
     Speed:     ev/sec=6.06009e+06   simsec/sec=1813.1   ev/simsec=3342.39
     Messages:  created: 489672947   present: 10   in FES: 2
** Event #1015451904   t=303660.111819974674   Elapsed: 166.002s (2m 46s)
     Speed:     ev/sec=6.24598e+06   simsec/sec=1868.8   ev/simsec=3342.23
     Messages:  created: 495772123   present: 9   in FES: 2
** Event #1027926528   t=307392.567274433921   Elapsed: 168.002s (2m 48s)
     Speed:     ev/sec=6.23725e+06   simsec/sec=1866.21   ev/simsec=3342.2
     Messages:  created: 501862178   present: 9   in FES: 2
** Event #1040500736   t=311154.242529950307   Elapsed: 170.002s (2m 50s)
     Speed:     ev/sec=6.28701e+06   simsec/sec=1880.81   ev/simsec=3342.71
     Messages:  created: 508001458   present: 10   in FES: 2
** Event #1053081344   t=314919.270468552454   Elapsed: 172.002s (2m 52s)
     Speed:     ev/sec=6.29018e+06   simsec/sec=1882.48   ev/simsec=3341.44
     Messages:  created: 514143186   present: 9   in FES: 2
** Event #1065663488   t=318682.827371017215   Elapsed: 174.002s (2m 54s)
     Speed:     ev/sec=6.29106e+06   simsec/sec=1881.77   ev/simsec=3343.15
     Messages:  created: 520285783   present: 10   in FES: 2
** Event #1077830144   t=322320.4725569683   Elapsed: 176.002s (2m 56s)
     Speed:     ev/sec=6.08328e+06   simsec/sec=1818.81   ev/simsec=3344.65
     Messages:  created: 526225924   present: 10   in FES: 2
** Event #1089924096   t=325941.398829873561   Elapsed: 178.002s (2m 58s)
     Speed:     ev/sec=6.04693e+06   simsec/sec=1810.45   ev/simsec=3340.02
     Messages:  created: 532130666   present: 9   in FES: 2
** Event #1102033664   t=329573.575231149888   Elapsed: 180.002s (3m 00s)
     Speed:     ev/sec=6.05474e+06   simsec/sec=1816.08   ev/simsec=3333.97
     Messages:  created: 538041426   present: 11   in FES: 2
** Event #1114139648   t=333194.11017262059   Elapsed: 182.002s (3m 02s)
     Speed:     ev/sec=6.0529e+06   simsec/sec=1810.24   ev/simsec=3343.7
     Messages:  created: 543951242   present: 10   in FES: 2
** Event #1126276608   t=336823.159723804776   Elapsed: 184.002s (3m 04s)
     Speed:     ev/sec=6.06835e+06   simsec/sec=1814.49   ev/simsec=3344.39
     Messages:  created: 549877321   present: 10   in FES: 2
** Event #1138424576   t=340460.373842183548   Elapsed: 186.002s (3m 06s)
     Speed:     ev/sec=6.07391e+06   simsec/sec=1818.59   ev/simsec=3339.91
     Messages:  created: 555807372   present: 10   in FES: 2
** Event #1150563584   t=344090.07930581204   Elapsed: 188.002s (3m 08s)
     Speed:     ev/sec=6.0695e+06   simsec/sec=1814.85   ev/simsec=3344.35
     Messages:  created: 561733354   present: 10   in FES: 2
** Event #1162668032   t=347710.887022830382   Elapsed: 190.002s (3m 10s)
     Speed:     ev/sec=6.05221e+06   simsec/sec=1810.4   ev/simsec=3343.02
     Messages:  created: 567642607   present: 10   in FES: 2
** Event #1174787072   t=351332.522227030296   Elapsed: 192.002s (3m 12s)
     Speed:     ev/sec=6.0595e+06   simsec/sec=1810.81   ev/simsec=3346.29
     Messages:  created: 573559513   present: 9   in FES: 2
** Event #1186930432   t=354966.30120460521   Elapsed: 194.002s (3m 14s)
     Speed:     ev/sec=6.07167e+06   simsec/sec=1816.89   ev/simsec=3341.8
     Messages:  created: 579488035   present: 9   in FES: 2
** Event #1199045120   t=358594.259760256247   Elapsed: 196.002s (3m 16s)
     Speed:     ev/sec=6.05727e+06   simsec/sec=1813.96   ev/simsec=3339.26
     Messages:  created: 585401861   present: 9   in FES: 2
** Event #1211189504   t=362221.102156896137   Elapsed: 198.002s (3m 18s)
     Speed:     ev/sec=6.07217e+06   simsec/sec=1813.41   ev/simsec=3348.47
     Messages:  created: 591332434   present: 10   in FES: 2
** Event #1223297536   t=365838.379785042446   Elapsed: 200.002s (3m 20s)
     Speed:     ev/sec=6.0539e+06   simsec/sec=1808.6   ev/simsec=3347.28
     Messages:  created: 597243852   present: 9   in FES: 2
** Event #1235406080   t=369468.281426373392   Elapsed: 202.002s (3m 22s)
     Speed:     ev/sec=6.05418e+06   simsec/sec=1814.92   ev/simsec=3335.78
     Messages:  created: 603154567   present: 9   in FES: 2
** Event #1247560192   t=373102.638355302352   Elapsed: 204.002s (3m 24s)
     Speed:     ev/sec=6.07696e+06   simsec/sec=1817.15   ev/simsec=3344.23
     Messages:  created: 609088276   present: 10   in FES: 2
** Event #1259644672   t=376724.756918878083   Elapsed: 206.002s (3m 26s)
     Speed:     ev/sec=6.04212e+06   simsec/sec=1811.02   ev/simsec=3336.3
     Messages:  created: 614987126   present: 10   in FES: 2
** Event #1271782656   t=380348.623543117727   Elapsed: 208.002s (3m 28s)
     Speed:     ev/sec=6.06889e+06   simsec/sec=1811.9   ev/simsec=3349.46
     Messages:  created: 620913015   present: 10   in FES: 2
** Event #1283931648   t=383972.56770734352   Elapsed: 210.002s (3m 30s)
     Speed:     ev/sec=6.07444e+06   simsec/sec=1811.95   ev/simsec=3352.42
     Messages:  created: 626845445   present: 9   in FES: 2
** Event #1296024064   t=387580.997039685142   Elapsed: 212.002s (3m 32s)
     Speed:     ev/sec=6.0461e+06   simsec/sec=1804.18   ev/simsec=3351.16
     Messages:  created: 632750065   present: 9   in FES: 2
** Event #1308198144   t=391217.903459366323   Elapsed: 214.002s (3m 34s)
     Speed:     ev/sec=6.08693e+06   simsec/sec=1818.42   ev/simsec=3347.37
     Messages:  created: 638694139   present: 11   in FES: 3
** Event #1320322560   t=394842.833912346982   Elapsed: 216.002s (3m 36s)
     Speed:     ev/sec=6.06218e+06   simsec/sec=1812.46   ev/simsec=3344.73
     Messages:  created: 644614095   present: 9   in FES: 2
** Event #1332475392   t=398475.207260381453   Elapsed: 218.002s (3m 38s)
     Speed:     ev/sec=6.07633e+06   simsec/sec=1816.16   ev/simsec=3345.7
     Messages:  created: 650547503   present: 9   in FES: 2
** Event #1344591872   t=402100.060547434262   Elapsed: 220.002s (3m 40s)
     Speed:     ev/sec=6.05813e+06   simsec/sec=1812.39   ev/simsec=3342.61
     Messages:  created: 656461720   present: 9   in FES: 2
** Event #1356740608   t=405735.65534536625   Elapsed: 222.002s (3m 42s)
     Speed:     ev/sec=6.07424e+06   simsec/sec=1817.76   ev/simsec=3341.61
     Messages:  created: 662392781   present: 10   in FES: 2
** Event #1368860160   t=409357.259521826041   Elapsed: 224.002s (3m 44s)
     Speed:     ev/sec=6.05969e+06   simsec/sec=1810.77   ev/simsec=3346.46
     Messages:  created: 668310629   present: 9   in FES: 2
** Event #1380973568   t=412979.251380048982   Elapsed: 226.002s (3m 46s)
     Speed:     ev/sec=6.05665e+06   simsec/sec=1810.98   ev/simsec=3344.41
     Messages:  created: 674224567   present: 10   in FES: 2
** Event #1393103872   t=416607.304015809363   Elapsed: 228.002s (3m 48s)
     Speed:     ev/sec=6.06515e+06   simsec/sec=1814.03   ev/simsec=3343.48
     Messages:  created: 680146065   present: 10   in FES: 2
** Event #1405205504   t=420222.730638877746   Elapsed: 230.002s (3m 50s)
     Speed:     ev/sec=6.05073e+06   simsec/sec=1807.69   ev/simsec=3347.22
     Messages:  created: 686054794   present: 9   in FES: 2
** Event #1417310208   t=423848.183495152925   Elapsed: 232.002s (3m 52s)
     Speed:     ev/sec=6.05226e+06   simsec/sec=1812.7   ev/simsec=3338.81
     Messages:  created: 691964054   present: 10   in FES: 2
** Event #1429424384   t=427479.058390602957   Elapsed: 234.002s (3m 54s)
     Speed:     ev/sec=6.05699e+06   simsec/sec=1815.41   ev/simsec=3336.43
     Messages:  created: 697877743   present: 10   in FES: 2
** Event #1441518592   t=431094.716347501891   Elapsed: 236.002s (3m 56s)
     Speed:     ev/sec=6.04707e+06   simsec/sec=1807.82   ev/simsec=3344.95
     Messages:  created: 703782928   present: 9   in FES: 2
** Event #1453623296   t=434712.243293997431   Elapsed: 238.002s (3m 58s)
     Speed:     ev/sec=6.0523e+06   simsec/sec=1808.75   ev/simsec=3346.13
     Messages:  created: 709692841   present: 9   in FES: 2
** Event #1465724928   t=438325.898929015614   Elapsed: 240.002s (4m 00s)
     Speed:     ev/sec=6.05078e+06   simsec/sec=1806.82   ev/simsec=3348.86
     Messages:  created: 715601650   present: 9   in FES: 2
** Event #1477847808   t=441944.457624559492   Elapsed: 242.002s (4m 02s)
     Speed:     ev/sec=6.06142e+06   simsec/sec=1809.27   ev/simsec=3350.2
     Messages:  created: 721520852   present: 10   in FES: 2
** Event #1489960192   t=445558.75742707592   Elapsed: 244.002s (4m 04s)
     Speed:     ev/sec=6.05616e+06   simsec/sec=1807.14   ev/simsec=3351.24
     Messages:  created: 727435130   present: 9   in FES: 2
** Event #1502081536   t=449185.203170077905   Elapsed: 246.003s (4m 06s)
     Speed:     ev/sec=6.06056e+06   simsec/sec=1813.19   ev/simsec=3342.49
     Messages:  created: 733353151   present: 9   in FES: 2
** Event #1514210048   t=452812.235324596226   Elapsed: 248.003s (4m 08s)
     Speed:     ev/sec=6.06415e+06   simsec/sec=1813.48   ev/simsec=3343.92
     Messages:  created: 739275383   present: 10   in FES: 2
** Event #1526328064   t=456439.642325342144   Elapsed: 250.003s (4m 10s)
     Speed:     ev/sec=6.05893e+06   simsec/sec=1813.68   ev/simsec=3340.68
     Messages:  created: 745192014   present: 10   in FES: 2
** Event #1538463488   t=460075.008330353911   Elapsed: 252.003s (4m 12s)
     Speed:     ev/sec=6.06763e+06   simsec/sec=1817.66   ev/simsec=3338.16
     Messages:  created: 751116145   present: 10   in FES: 2
** Event #1550598400   t=463706.353188894879   Elapsed: 254.003s (4m 14s)
     Speed:     ev/sec=6.06734e+06   simsec/sec=1815.64   ev/simsec=3341.71
     Messages:  created: 757040171   present: 9   in FES: 2
** Event #1562730496   t=467334.850274694041   Elapsed: 256.003s (4m 16s)
     Speed:     ev/sec=6.06598e+06   simsec/sec=1814.23   ev/simsec=3343.56
     Messages:  created: 762963124   present: 9   in FES: 2
** Event #1574874880   t=470957.147894213921   Elapsed: 258.003s (4m 18s)
     Speed:     ev/sec=6.07211e+06   simsec/sec=1811.13   ev/simsec=3352.67
     Messages:  created: 768893098   present: 10   in FES: 2
** Event #1586965760   t=474572.601198545174   Elapsed: 260.003s (4m 20s)
     Speed:     ev/sec=6.04543e+06   simsec/sec=1807.72   ev/simsec=3344.22
     Messages:  created: 774795922   present: 10   in FES: 2
** Event #1599056896   t=478186.082320025805   Elapsed: 262.003s (4m 22s)
     Speed:     ev/sec=6.04548e+06   simsec/sec=1806.72   ev/simsec=3346.12
     Messages:  created: 780698520   present: 10   in FES: 2
** Event #1611187200   t=481813.709921559486   Elapsed: 264.003s (4m 24s)
     Speed:     ev/sec=6.06514e+06   simsec/sec=1813.81   ev/simsec=3343.87
     Messages:  created: 786620763   present: 10   in FES: 2
** Event #1623328000   t=485438.44328982829   Elapsed: 266.003s (4m 26s)
     Speed:     ev/sec=6.07029e+06   simsec/sec=1812.33   ev/simsec=3349.43
     Messages:  created: 792548733   present: 9   in FES: 2
** Event #1635440896   t=489048.961844692852   Elapsed: 268.003s (4m 28s)
     Speed:     ev/sec=6.05641e+06   simsec/sec=1805.25   ev/simsec=3354.89
     Messages:  created: 798463730   present: 9   in FES: 2
** Event #1647584512   t=492677.811937675722   Elapsed: 270.003s (4m 30s)
     Speed:     ev/sec=6.07172e+06   simsec/sec=1814.4   ev/simsec=3346.41
     Messages:  created: 804393278   present: 10   in FES: 2
** Event #1659681280   t=496295.194061847525   Elapsed: 272.003s (4m 32s)
     Speed:     ev/sec=6.04831e+06   simsec/sec=1808.67   ev/simsec=3344.07
     Messages:  created: 810299284   present: 9   in FES: 2
** Event #1671791360   t=499911.545172420909   Elapsed: 274.003s (4m 34s)
     Speed:     ev/sec=6.05496e+06   simsec/sec=1808.15   ev/simsec=3348.7
     Messages:  created: 816211842   present: 9   in FES: 2
** Event #1683963392   t=503549.255608227414   Elapsed: 276.003s (4m 36s)
     Speed:     ev/sec=6.08595e+06   simsec/sec=1818.83   ev/simsec=3346.07
     Messages:  created: 822155438   present: 9   in FES: 2
** Event #1696114176   t=507184.677583334987   Elapsed: 278.003s (4m 38s)
     Speed:     ev/sec=6.0753e+06   simsec/sec=1817.68   ev/simsec=3342.33
     Messages:  created: 828087440   present: 11   in FES: 3
** Event #1708291840   t=510825.906404268509   Elapsed: 280.003s (4m 40s)
     Speed:     ev/sec=6.08871e+06   simsec/sec=1820.58   ev/simsec=3344.38
     Messages:  created: 834032950   present: 9   in FES: 2
** Event #1720475904   t=514465.51884426365   Elapsed: 282.003s (4m 42s)
     Speed:     ev/sec=6.09195e+06   simsec/sec=1819.78   ev/simsec=3347.63
     Messages:  created: 839982205   present: 9   in FES: 2
** Event #1732649216   t=518110.508378166481   Elapsed: 284.003s (4m 44s)
     Speed:     ev/sec=6.08663e+06   simsec/sec=1822.49   ev/simsec=3339.74
     Messages:  created: 845925010   present: 9   in FES: 2
** Event #1744842240   t=521756.366358252057   Elapsed: 286.003s (4m 46s)
     Speed:     ev/sec=6.0964e+06   simsec/sec=1822.9   ev/simsec=3344.35
     Messages:  created: 851878908   present: 10   in FES: 2
** Event #1757024768   t=525396.993423387402   Elapsed: 288.003s (4m 48s)
     Speed:     ev/sec=6.09122e+06   simsec/sec=1820.3   ev/simsec=3346.27
     Messages:  created: 857826995   present: 9   in FES: 2
** Event #1769221888   t=529045.486650342927   Elapsed: 290.003s (4m 50s)
     Speed:     ev/sec=6.09853e+06   simsec/sec=1824.24   ev/simsec=3343.06
     Messages:  created: 863782579   present: 9   in FES: 2
** Event #1781398528   t=532688.607164644132   Elapsed: 292.003s (4m 52s)
     Speed:     ev/sec=6.08831e+06   simsec/sec=1821.56   ev/simsec=3342.37
     Messages:  created: 869726941   present: 10   in FES: 2
** Event #1793598208   t=536330.324451124349   Elapsed: 294.003s (4m 54s)
     Speed:     ev/sec=6.09974e+06   simsec/sec=1820.83   ev/simsec=3349.98
     Messages:  created: 875684373   present: 10   in FES: 2
** Event #1794932770   t=536731.026024847864   Elapsed: 294.224s (4m 54s)
     Speed:     ev/sec=6.05216e+06   simsec/sec=1817.16   ev/simsec=3330.56
     Messages:  created: 876335483   present: 10   in FES: 3

<!> Simulation stopped with endSimulation() -- in module (Sink) CyclicExhaustiveBatchPollingSystem.sink (id=7), at t=536731.026024847864s, event #1794932770
undisposed object: (omnetpp::cMessage) CyclicExhaustiveBatchPollingSystem.sink.packet -- check module destructor
