** Event #0   t=0   Elapsed: 3e-06s (0m 00s)
     Speed:     ev/sec=0   simsec/sec=0   ev/simsec=0
     Messages:  created: 9   present: 9   in FES: 3
** Event #11764224   t=4222.048032388067   Elapsed: 2.00001s (0m 02s)
     Speed:     ev/sec=5.88209e+06   simsec/sec=2111.02   ev/simsec=2786.38
     Messages:  created: 5559810   present: 11   in FES: 2
** Event #23522816   t=8457.300312510551   Elapsed: 4.00003s (0m 04s)
     Speed:     ev/sec=5.87922e+06   simsec/sec=2117.6   ev/simsec=2776.36
     Messages:  created: 11116065   present: 9   in FES: 2
** Event #35239680   t=12682.51376018789   Elapsed: 6.00008s (0m 06s)
     Speed:     ev/sec=5.85831e+06   simsec/sec=2112.56   ev/simsec=2773.08
     Messages:  created: 16651372   present: 9   in FES: 2
** Event #46992128   t=16915.08208604477   Elapsed: 8.00009s (0m 08s)
     Speed:     ev/sec=5.87618e+06   simsec/sec=2116.27   ev/simsec=2776.67
     Messages:  created: 22204775   present: 11   in FES: 3
** Event #58729728   t=21141.985172524406   Elapsed: 10.0001s (0m 10s)
     Speed:     ev/sec=5.8687e+06   simsec/sec=2113.42   ev/simsec=2776.88
     Messages:  created: 27750001   present: 10   in FES: 2
** Event #70515456   t=25375.754697251301   Elapsed: 12.0001s (0m 12s)
     Speed:     ev/sec=5.89278e+06   simsec/sec=2116.86   ev/simsec=2783.74
     Messages:  created: 33319684   present: 9   in FES: 2
** Event #82286336   t=29612.309395882178   Elapsed: 14.0002s (0m 14s)
     Speed:     ev/sec=5.8854e+06   simsec/sec=2118.26   ev/simsec=2778.41
     Messages:  created: 38882447   present: 10   in FES: 2
** Event #94010368   t=33834.522655032021   Elapsed: 16.0002s (0m 16s)
     Speed:     ev/sec=5.86201e+06   simsec/sec=2111.11   ev/simsec=2776.75
     Messages:  created: 44422000   present: 10   in FES: 2
** Event #105653504   t=38035.69760657481   Elapsed: 18.0002s (0m 18s)
     Speed:     ev/sec=5.82149e+06   simsec/sec=2100.56   ev/simsec=2771.4
     Messages:  created: 49922338   present: 10   in FES: 2
** Event #117325568   t=42234.256524000997   Elapsed: 20.0002s (0m 20s)
     Speed:     ev/sec=5.83593e+06   simsec/sec=2099.24   ev/simsec=2780.02
     Messages:  created: 55437812   present: 10   in FES: 2
** Event #129076736   t=46453.864509404304   Elapsed: 22.0002s (0m 22s)
     Speed:     ev/sec=5.87558e+06   simsec/sec=2109.8   ev/simsec=2784.9
     Messages:  created: 60991770   present: 9   in FES: 2
** Event #140842496   t=50688.147775980407   Elapsed: 24.0002s (0m 24s)
     Speed:     ev/sec=5.88285e+06   simsec/sec=2117.13   ev/simsec=2778.69
     Messages:  created: 66551631   present: 9   in FES: 2
** Event #152635392   t=54938.360596367685   Elapsed: 26.0002s (0m 26s)
     Speed:     ev/sec=5.89644e+06   simsec/sec=2125.1   ev/simsec=2774.66
     Messages:  created: 72123676   present: 9   in FES: 2
** Event #164324352   t=59142.929564771725   Elapsed: 28.0003s (0m 28s)
     Speed:     ev/sec=5.84438e+06   simsec/sec=2102.25   ev/simsec=2780.06
     Messages:  created: 77647176   present: 10   in FES: 2
** Event #176119808   t=63394.239871360331   Elapsed: 30.0003s (0m 30s)
     Speed:     ev/sec=5.89763e+06   simsec/sec=2125.62   ev/simsec=2774.55
     Messages:  created: 83221440   present: 9   in FES: 2
** Event #187918848   t=67651.56437435845   Elapsed: 32.0003s (0m 32s)
     Speed:     ev/sec=5.89949e+06   simsec/sec=2128.65   ev/simsec=2771.47
     Messages:  created: 88795669   present: 10   in FES: 2
** Event #199741440   t=71890.948418479234   Elapsed: 34.0003s (0m 34s)
     Speed:     ev/sec=5.91125e+06   simsec/sec=2119.68   ev/simsec=2788.75
     Messages:  created: 94384780   present: 9   in FES: 2
** Event #211527936   t=76125.487837280776   Elapsed: 36.0004s (0m 36s)
     Speed:     ev/sec=5.89317e+06   simsec/sec=2117.24   ev/simsec=2783.42
     Messages:  created: 99954806   present: 10   in FES: 2
** Event #221942830   t=79869.197022354677   Elapsed: 37.7778s (0m 37s)
     Speed:     ev/sec=5.85953e+06   simsec/sec=2106.25   ev/simsec=2781.97
     Messages:  created: 104876832   present: 11   in FES: 3

<!> Simulation stopped with endSimulation() -- in module (Sink) CyclicExhaustiveBatchPollingSystem.sink (id=7), at t=79869.197022354677s, event #221942830
undisposed object: (omnetpp::cMessage) CyclicExhaustiveBatchPollingSystem.sink.packet -- check module destructor
