** Event #0   t=0   Elapsed: 2e-06s (0m 00s)
     Speed:     ev/sec=0   simsec/sec=0   ev/simsec=0
     Messages:  created: 9   present: 9   in FES: 3
** Event #12041216   t=3603.06849024723   Elapsed: 2.00004s (0m 02s)
     Speed:     ev/sec=6.02051e+06   simsec/sec=1801.5   ev/simsec=3341.93
     Messages:  created: 5878520   present: 10   in FES: 2
** Event #23980544   t=7165.473585496956   Elapsed: 4.00004s (0m 04s)
     Speed:     ev/sec=5.96965e+06   simsec/sec=1781.2   ev/simsec=3351.48
     Messages:  created: 11708444   present: 9   in FES: 2
** Event #35878912   t=10729.854329175892   Elapsed: 6.00007s (0m 06s)
     Speed:     ev/sec=5.94909e+06   simsec/sec=1782.16   ev/simsec=3338.13
     Messages:  created: 17517065   present: 9   in FES: 2
** Event #47794176   t=14291.386135018476   Elapsed: 8.0001s (0m 08s)
     Speed:     ev/sec=5.95756e+06   simsec/sec=1780.74   ev/simsec=3345.54
     Messages:  created: 23334394   present: 9   in FES: 2
** Event #59681792   t=17839.056790255842   Elapsed: 10.0001s (0m 10s)
     Speed:     ev/sec=5.94377e+06   simsec/sec=1773.82   ev/simsec=3350.82
     Messages:  created: 29139494   present: 11   in FES: 3
** Event #71715584   t=21434.937889911885   Elapsed: 12.0002s (0m 12s)
     Speed:     ev/sec=6.01669e+06   simsec/sec=1797.88   ev/simsec=3346.55
     Messages:  created: 35014726   present: 10   in FES: 2
** Event #83750912   t=25041.262192110055   Elapsed: 14.0002s (0m 14s)
     Speed:     ev/sec=6.01756e+06   simsec/sec=1803.13   ev/simsec=3337.28
     Messages:  created: 40889914   present: 9   in FES: 2
** Event #95677440   t=28610.557276648031   Elapsed: 16.0002s (0m 16s)
     Speed:     ev/sec=5.96317e+06   simsec/sec=1784.62   ev/simsec=3341.42
     Messages:  created: 46712496   present: 10   in FES: 2
** Event #106842624   t=31939.571709823554   Elapsed: 18.0003s (0m 18s)
     Speed:     ev/sec=5.58245e+06   simsec/sec=1664.46   ev/simsec=3353.9
     Messages:  created: 52164601   present: 10   in FES: 2
** Event #118399232   t=35397.139244308939   Elapsed: 20.0003s (0m 20s)
     Speed:     ev/sec=5.77821e+06   simsec/sec=1728.76   ev/simsec=3342.41
     Messages:  created: 57806811   present: 10   in FES: 2
** Event #130455808   t=39001.468133962294   Elapsed: 22.0004s (0m 22s)
     Speed:     ev/sec=6.02817e+06   simsec/sec=1802.13   ev/simsec=3345.03
     Messages:  created: 63692998   present: 10   in FES: 2
** Event #142638336   t=42650.697575326121   Elapsed: 24.0004s (0m 24s)
     Speed:     ev/sec=6.09118e+06   simsec/sec=1824.59   ev/simsec=3338.38
     Messages:  created: 69639717   present: 10   in FES: 2
** Event #154627840   t=46235.989118255067   Elapsed: 26.0004s (0m 26s)
     Speed:     ev/sec=5.99475e+06   simsec/sec=1792.64   ev/simsec=3344.08
     Messages:  created: 75493276   present: 10   in FES: 2
** Event #166768384   t=49865.277978404824   Elapsed: 28.0004s (0m 28s)
     Speed:     ev/sec=6.07019e+06   simsec/sec=1814.62   ev/simsec=3345.16
     Messages:  created: 81421325   present: 9   in FES: 2
** Event #178422784   t=53344.099875447768   Elapsed: 30.0004s (0m 30s)
     Speed:     ev/sec=5.82719e+06   simsec/sec=1739.41   ev/simsec=3350.1
     Messages:  created: 87112225   present: 10   in FES: 2
** Event #190478848   t=56947.828127379668   Elapsed: 32.0004s (0m 32s)
     Speed:     ev/sec=6.02797e+06   simsec/sec=1801.85   ev/simsec=3345.44
     Messages:  created: 92999312   present: 10   in FES: 2
** Event #202681344   t=60597.568900437265   Elapsed: 34.0005s (0m 34s)
     Speed:     ev/sec=6.10114e+06   simsec/sec=1824.84   ev/simsec=3343.39
     Messages:  created: 98956789   present: 10   in FES: 2
** Event #214907136   t=64260.26647199389   Elapsed: 36.0005s (0m 36s)
     Speed:     ev/sec=6.11286e+06   simsec/sec=1831.34   ev/simsec=3337.92
     Messages:  created: 104924148   present: 9   in FES: 2
** Event #227175680   t=67926.166171236598   Elapsed: 38.0005s (0m 38s)
     Speed:     ev/sec=6.13422e+06   simsec/sec=1832.93   ev/simsec=3346.67
     Messages:  created: 110914770   present: 10   in FES: 2
** Event #239474432   t=71594.098433390275   Elapsed: 40.0005s (0m 40s)
     Speed:     ev/sec=6.14932e+06   simsec/sec=1833.95   ev/simsec=3353.05
     Messages:  created: 116920349   present: 9   in FES: 2
** Event #251806208   t=75278.114500653555   Elapsed: 42.0006s (0m 42s)
     Speed:     ev/sec=6.16576e+06   simsec/sec=1841.97   ev/simsec=3347.37
     Messages:  created: 122942031   present: 9   in FES: 2
** Event #264113152   t=78958.879544285364   Elapsed: 44.0006s (0m 44s)
     Speed:     ev/sec=6.15335e+06   simsec/sec=1840.35   ev/simsec=3343.58
     Messages:  created: 128951232   present: 10   in FES: 2
** Event #276358656   t=82626.080857127163   Elapsed: 46.0006s (0m 46s)
     Speed:     ev/sec=6.12271e+06   simsec/sec=1833.59   ev/simsec=3339.2
     Messages:  created: 134929696   present: 9   in FES: 2
** Event #288659968   t=86303.375027182922   Elapsed: 48.0006s (0m 48s)
     Speed:     ev/sec=6.15064e+06   simsec/sec=1838.64   ev/simsec=3345.21
     Messages:  created: 140935289   present: 10   in FES: 2
** Event #300923392   t=89966.676169118736   Elapsed: 50.0006s (0m 50s)
     Speed:     ev/sec=6.13167e+06   simsec/sec=1831.64   ev/simsec=3347.64
     Messages:  created: 146922695   present: 10   in FES: 2
** Event #313227520   t=93638.95309899157   Elapsed: 52.0007s (0m 52s)
     Speed:     ev/sec=6.15194e+06   simsec/sec=1836.1   ev/simsec=3350.54
     Messages:  created: 152930632   present: 9   in FES: 2
** Event #325554688   t=97319.648514843481   Elapsed: 54.0007s (0m 54s)
     Speed:     ev/sec=6.16352e+06   simsec/sec=1840.33   ev/simsec=3349.14
     Messages:  created: 158949115   present: 10   in FES: 2
** Event #337818880   t=100982.049418678944   Elapsed: 56.0007s (0m 56s)
     Speed:     ev/sec=6.13205e+06   simsec/sec=1831.19   ev/simsec=3348.68
     Messages:  created: 164938023   present: 10   in FES: 2
** Event #350098432   t=104649.63582171773   Elapsed: 58.0007s (0m 58s)
     Speed:     ev/sec=6.13967e+06   simsec/sec=1833.76   ev/simsec=3348.13
     Messages:  created: 170933255   present: 9   in FES: 2
** Event #362261504   t=108285.242123585122   Elapsed: 60.0008s (1m 00s)
     Speed:     ev/sec=6.08153e+06   simsec/sec=1817.8   ev/simsec=3345.54
     Messages:  created: 176871777   present: 9   in FES: 2
** Event #374555648   t=111957.468595548913   Elapsed: 62.0008s (1m 02s)
     Speed:     ev/sec=6.14702e+06   simsec/sec=1836.1   ev/simsec=3347.87
     Messages:  created: 182874291   present: 10   in FES: 2
** Event #386728448   t=115596.528657463992   Elapsed: 64.0008s (1m 04s)
     Speed:     ev/sec=6.08637e+06   simsec/sec=1819.52   ev/simsec=3345.04
     Messages:  created: 188817934   present: 9   in FES: 2
** Event #399057664   t=119287.866387712623   Elapsed: 66.0008s (1m 06s)
     Speed:     ev/sec=6.16449e+06   simsec/sec=1845.63   ev/simsec=3340.04
     Messages:  created: 194836459   present: 9   in FES: 2
** Event #411345664   t=122950.154153596112   Elapsed: 68.0008s (1m 08s)
     Speed:     ev/sec=6.14393e+06   simsec/sec=1831.12   ev/simsec=3355.28
     Messages:  created: 200836009   present: 9   in FES: 2
** Event #423597824   t=126619.014829982848   Elapsed: 70.0009s (1m 10s)
     Speed:     ev/sec=6.12599e+06   simsec/sec=1834.4   ev/simsec=3339.5
     Messages:  created: 206817612   present: 10   in FES: 2
** Event #435894272   t=130291.700864363818   Elapsed: 72.0009s (1m 12s)
     Speed:     ev/sec=6.1481e+06   simsec/sec=1836.31   ev/simsec=3348.08
     Messages:  created: 212821458   present: 9   in FES: 2
** Event #448109824   t=133944.124204757864   Elapsed: 74.0009s (1m 14s)
     Speed:     ev/sec=6.10774e+06   simsec/sec=1826.2   ev/simsec=3344.51
     Messages:  created: 218785816   present: 9   in FES: 2
** Event #460326144   t=137592.929610829212   Elapsed: 76.0009s (1m 16s)
     Speed:     ev/sec=6.10814e+06   simsec/sec=1824.4   ev/simsec=3348.03
     Messages:  created: 224750401   present: 10   in FES: 2
** Event #472688640   t=141285.322427160094   Elapsed: 78.0009s (1m 18s)
     Speed:     ev/sec=6.18118e+06   simsec/sec=1846.18   ev/simsec=3348.1
     Messages:  created: 230786631   present: 9   in FES: 2
** Event #485110528   t=145001.878986822243   Elapsed: 80.001s (1m 20s)
     Speed:     ev/sec=6.21086e+06   simsec/sec=1858.25   ev/simsec=3342.31
     Messages:  created: 236850875   present: 9   in FES: 2
** Event #497626112   t=148744.592816019634   Elapsed: 82.001s (1m 22s)
     Speed:     ev/sec=6.25774e+06   simsec/sec=1871.34   ev/simsec=3343.99
     Messages:  created: 242961650   present: 10   in FES: 2
** Event #510105600   t=152469.089038965097   Elapsed: 84.001s (1m 24s)
     Speed:     ev/sec=6.23972e+06   simsec/sec=1862.24   ev/simsec=3350.65
     Messages:  created: 249055753   present: 9   in FES: 2
** Event #522417920   t=156146.373694754341   Elapsed: 86.001s (1m 26s)
     Speed:     ev/sec=6.15606e+06   simsec/sec=1838.61   ev/simsec=3348.21
     Messages:  created: 255067950   present: 10   in FES: 2
** Event #534806016   t=159850.969502940367   Elapsed: 88.001s (1m 28s)
     Speed:     ev/sec=6.19404e+06   simsec/sec=1852.29   ev/simsec=3343.98
     Messages:  created: 261115690   present: 10   in FES: 2
** Event #547226880   t=163572.788210023825   Elapsed: 90.0011s (1m 30s)
     Speed:     ev/sec=6.21035e+06   simsec/sec=1860.88   ev/simsec=3337.31
     Messages:  created: 267178884   present: 9   in FES: 2
** Event #559653632   t=167282.813000791446   Elapsed: 92.0011s (1m 32s)
     Speed:     ev/sec=6.2133e+06   simsec/sec=1854.99   ev/simsec=3349.51
     Messages:  created: 273247093   present: 9   in FES: 2
** Event #571998720   t=170982.691611630533   Elapsed: 94.0011s (1m 34s)
     Speed:     ev/sec=6.17252e+06   simsec/sec=1849.93   ev/simsec=3336.62
     Messages:  created: 279273279   present: 11   in FES: 3
** Event #584278784   t=174650.609349347295   Elapsed: 96.0011s (1m 36s)
     Speed:     ev/sec=6.13995e+06   simsec/sec=1833.94   ev/simsec=3347.97
     Messages:  created: 285268962   present: 9   in FES: 2
** Event #596692480   t=178362.596689390077   Elapsed: 98.0011s (1m 38s)
     Speed:     ev/sec=6.20682e+06   simsec/sec=1855.99   ev/simsec=3344.22
     Messages:  created: 291329989   present: 9   in FES: 2
** Event #609016576   t=182049.590233275303   Elapsed: 100.001s (1m 40s)
     Speed:     ev/sec=6.16196e+06   simsec/sec=1843.47   ev/simsec=3342.59
     Messages:  created: 297346721   present: 9   in FES: 2
** Event #621384960   t=185750.224353498529   Elapsed: 102.001s (1m 42s)
     Speed:     ev/sec=6.18417e+06   simsec/sec=1850.31   ev/simsec=3342.23
     Messages:  created: 303385316   present: 11   in FES: 3
** Event #633749504   t=189443.886338801898   Elapsed: 104.001s (1m 44s)
     Speed:     ev/sec=6.18227e+06   simsec/sec=1846.83   ev/simsec=3347.5
     Messages:  created: 309422386   present: 10   in FES: 2
** Event #646211328   t=193166.18616739371   Elapsed: 106.001s (1m 46s)
     Speed:     ev/sec=6.23082e+06   simsec/sec=1861.12   ev/simsec=3347.88
     Messages:  created: 315506800   present: 10   in FES: 2
** Event #658633216   t=196882.103910000987   Elapsed: 108.001s (1m 48s)
     Speed:     ev/sec=6.21092e+06   simsec/sec=1857.95   ev/simsec=3342.89
     Messages:  created: 321571539   present: 9   in FES: 2
** Event #671096832   t=200604.670087738321   Elapsed: 110.001s (1m 50s)
     Speed:     ev/sec=6.23172e+06   simsec/sec=1861.26   ev/simsec=3348.12
     Messages:  created: 327657727   present: 10   in FES: 2
** Event #683565312   t=204329.208854855065   Elapsed: 112.001s (1m 52s)
     Speed:     ev/sec=6.23417e+06   simsec/sec=1862.25   ev/simsec=3347.66
     Messages:  created: 333745524   present: 9   in FES: 2
** Event #695771392   t=207977.089989680586   Elapsed: 114.001s (1m 54s)
     Speed:     ev/sec=6.103e+06   simsec/sec=1823.93   ev/simsec=3346.07
     Messages:  created: 339705237   present: 11   in FES: 2
** Event #708143104   t=211675.648500446812   Elapsed: 116.001s (1m 56s)
     Speed:     ev/sec=6.18583e+06   simsec/sec=1849.27   ev/simsec=3345.01
     Messages:  created: 345744666   present: 10   in FES: 2
** Event #720556288   t=215386.970103542469   Elapsed: 118.001s (1m 58s)
     Speed:     ev/sec=6.20658e+06   simsec/sec=1855.66   ev/simsec=3344.68
     Messages:  created: 351804064   present: 9   in FES: 2
** Event #732947712   t=219085.584664289473   Elapsed: 120.001s (2m 00s)
     Speed:     ev/sec=6.19567e+06   simsec/sec=1849.29   ev/simsec=3350.29
     Messages:  created: 357854710   present: 10   in FES: 2
** Event #745342976   t=222784.913877332095   Elapsed: 122.001s (2m 02s)
     Speed:     ev/sec=6.19754e+06   simsec/sec=1849.64   ev/simsec=3350.68
     Messages:  created: 363906788   present: 10   in FES: 2
** Event #757761792   t=226490.125153922187   Elapsed: 124.001s (2m 04s)
     Speed:     ev/sec=6.20938e+06   simsec/sec=1852.6   ev/simsec=3351.72
     Messages:  created: 369970913   present: 10   in FES: 2
** Event #770097664   t=230182.61173250263   Elapsed: 126.001s (2m 06s)
     Speed:     ev/sec=6.16788e+06   simsec/sec=1846.23   ev/simsec=3340.8
     Messages:  created: 375993445   present: 9   in FES: 2
** Event #782452992   t=233878.37430060848   Elapsed: 128.001s (2m 08s)
     Speed:     ev/sec=6.17754e+06   simsec/sec=1847.84   ev/simsec=3343.11
     Messages:  created: 382025149   present: 9   in FES: 2
** Event #794883584   t=237589.77211486168   Elapsed: 130.001s (2m 10s)
     Speed:     ev/sec=6.21526e+06   simsec/sec=1855.69   ev/simsec=3349.3
     Messages:  created: 388095076   present: 10   in FES: 2
** Event #795246143   t=237698.692620798364   Elapsed: 130.06s (2m 10s)
     Speed:     ev/sec=6.20861e+06   simsec/sec=1865.2   ev/simsec=3328.65
     Messages:  created: 388272073   present: 10   in FES: 3

<!> Simulation stopped with endSimulation() -- in module (Sink) CyclicGatedBatchPollingSystem.sink (id=7), at t=237698.692620798364s, event #795246143
undisposed object: (omnetpp::cMessage) CyclicGatedBatchPollingSystem.sink.packet -- check module destructor
