** Event #0   t=0   Elapsed: 2e-06s (0m 00s)
     Speed:     ev/sec=0   simsec/sec=0   ev/simsec=0
     Messages:  created: 9   present: 9   in FES: 3
** Event #10690816   t=4545.631811404296   Elapsed: 2.00004s (0m 02s)
     Speed:     ev/sec=5.3453e+06   simsec/sec=2272.77   ev/simsec=2351.89
     Messages:  created: 4847134   present: 10   in FES: 2
** Event #21630464   t=9186.604563186083   Elapsed: 4.00005s (0m 04s)
     Speed:     ev/sec=5.46981e+06   simsec/sec=2320.48   ev/simsec=2357.19
     Messages:  created: 9807432   present: 9   in FES: 2
** Event #32540928   t=13821.383883546275   Elapsed: 6.00006s (0m 06s)
     Speed:     ev/sec=5.4552e+06   simsec/sec=2317.37   ev/simsec=2354.04
     Messages:  created: 14754499   present: 10   in FES: 3
** Event #43416832   t=18462.369781194396   Elapsed: 8.0001s (0m 08s)
     Speed:     ev/sec=5.43785e+06   simsec/sec=2320.45   ev/simsec=2343.45
     Messages:  created: 19683549   present: 10   in FES: 2
** Event #54183424   t=23050.993440989357   Elapsed: 10.0001s (0m 10s)
     Speed:     ev/sec=5.38324e+06   simsec/sec=2294.29   ev/simsec=2346.37
     Messages:  created: 24562817   present: 12   in FES: 4
** Event #64853760   t=27588.455110329657   Elapsed: 12.0002s (0m 12s)
     Speed:     ev/sec=5.33503e+06   simsec/sec=2268.67   ev/simsec=2351.61
     Messages:  created: 29400054   present: 10   in FES: 2
** Event #75592448   t=32148.654937708976   Elapsed: 14.0002s (0m 14s)
     Speed:     ev/sec=5.36923e+06   simsec/sec=2280.05   ev/simsec=2354.87
     Messages:  created: 34269576   present: 12   in FES: 3
** Event #86362368   t=36724.700661113614   Elapsed: 16.0002s (0m 16s)
     Speed:     ev/sec=5.38487e+06   simsec/sec=2287.98   ev/simsec=2353.54
     Messages:  created: 39152814   present: 10   in FES: 2
** Event #97063936   t=41284.104368827166   Elapsed: 18.0003s (0m 18s)
     Speed:     ev/sec=5.35061e+06   simsec/sec=2279.63   ev/simsec=2347.14
     Messages:  created: 44002862   present: 10   in FES: 2
** Event #107644928   t=45762.299128191823   Elapsed: 20.0003s (0m 20s)
     Speed:     ev/sec=5.29041e+06   simsec/sec=2239.06   ev/simsec=2362.78
     Messages:  created: 48804108   present: 9   in FES: 2
** Event #118470400   t=50367.209066776747   Elapsed: 22.0004s (0m 22s)
     Speed:     ev/sec=5.41267e+06   simsec/sec=2302.43   ev/simsec=2350.85
     Messages:  created: 53711163   present: 9   in FES: 2
** Event #129382656   t=55030.311815141378   Elapsed: 24.0004s (0m 24s)
     Speed:     ev/sec=5.45611e+06   simsec/sec=2331.54   ev/simsec=2340.13
     Messages:  created: 58654662   present: 10   in FES: 2
** Event #140187136   t=59615.076078804242   Elapsed: 26.0004s (0m 26s)
     Speed:     ev/sec=5.40214e+06   simsec/sec=2292.34   ev/simsec=2356.61
     Messages:  created: 63554964   present: 12   in FES: 3
** Event #151265024   t=64342.058119283285   Elapsed: 28.0004s (0m 28s)
     Speed:     ev/sec=5.53888e+06   simsec/sec=2363.46   ev/simsec=2343.54
     Messages:  created: 68574300   present: 11   in FES: 4
** Event #159620416   t=67906.356169625452   Elapsed: 29.5562s (0m 29s)
     Speed:     ev/sec=5.37075e+06   simsec/sec=2291.09   ev/simsec=2344.19
     Messages:  created: 72359891   present: 12   in FES: 3

<!> Simulation stopped with endSimulation() -- in module (Sink) CyclicGatedBatchPollingSystem.sink (id=7), at t=67906.356169625452s, event #159620416
undisposed object: (omnetpp::cMessage) CyclicGatedBatchPollingSystem.sink.packet -- check module destructor
