** Event #0   t=0   Elapsed: 2e-06s (0m 00s)
     Speed:     ev/sec=0   simsec/sec=0   ev/simsec=0
     Messages:  created: 9   present: 9   in FES: 3
** Event #10106624   t=4985.613142981012   Elapsed: 2.00002s (0m 02s)
     Speed:     ev/sec=5.05327e+06   simsec/sec=2492.78   ev/simsec=2027.16
     Messages:  created: 4353778   present: 13   in FES: 4
** Event #20317696   t=10016.532798096791   Elapsed: 4.00008s (0m 04s)
     Speed:     ev/sec=5.10538e+06   simsec/sec=2515.38   ev/simsec=2029.66
     Messages:  created: 8755445   present: 9   in FES: 2
** Event #30676992   t=15123.646277725549   Elapsed: 6.00011s (0m 06s)
     Speed:     ev/sec=5.17958e+06   simsec/sec=2553.52   ev/simsec=2028.41
     Messages:  created: 13219463   present: 9   in FES: 2
** Event #41070336   t=20243.12038261025   Elapsed: 8.00013s (0m 08s)
     Speed:     ev/sec=5.19661e+06   simsec/sec=2559.71   ev/simsec=2030.16
     Messages:  created: 17698935   present: 9   in FES: 2
** Event #51238400   t=25266.085335080516   Elapsed: 10.0001s (0m 10s)
     Speed:     ev/sec=5.08402e+06   simsec/sec=2511.48   ev/simsec=2024.32
     Messages:  created: 22076805   present: 9   in FES: 2
** Event #61294336   t=30207.225482546952   Elapsed: 12.0001s (0m 12s)
     Speed:     ev/sec=5.02794e+06   simsec/sec=2470.56   ev/simsec=2035.14
     Messages:  created: 26413614   present: 9   in FES: 2
** Event #71514880   t=35248.128948350171   Elapsed: 14.0002s (0m 14s)
     Speed:     ev/sec=5.11017e+06   simsec/sec=2520.4   ev/simsec=2027.52
     Messages:  created: 30817377   present: 9   in FES: 2
** Event #81672960   t=40265.672106145843   Elapsed: 16.0002s (0m 16s)
     Speed:     ev/sec=5.07899e+06   simsec/sec=2508.75   ev/simsec=2024.51
     Messages:  created: 35193180   present: 10   in FES: 2
** Event #91598592   t=45155.503242595626   Elapsed: 18.0002s (0m 18s)
     Speed:     ev/sec=4.96275e+06   simsec/sec=2444.88   ev/simsec=2029.85
     Messages:  created: 39468841   present: 10   in FES: 2
** Event #101680640   t=50123.808705418459   Elapsed: 20.0003s (0m 20s)
     Speed:     ev/sec=5.04097e+06   simsec/sec=2484.13   ev/simsec=2029.27
     Messages:  created: 43811339   present: 10   in FES: 2
** Event #102391336   t=50474.636677375646   Elapsed: 20.1456s (0m 20s)
     Speed:     ev/sec=4.89005e+06   simsec/sec=2413.93   ev/simsec=2025.76
     Messages:  created: 44117528   present: 11   in FES: 3

<!> Simulation stopped with endSimulation() -- in module (Sink) CyclicGatedBatchPollingSystem.sink (id=7), at t=50474.636677375646s, event #102391336
undisposed object: (omnetpp::cMessage) CyclicGatedBatchPollingSystem.sink.packet -- check module destructor
